[INFO ] 11:01:03.970 [main] com.yys.szcp.SzcpApplication - Starting SzcpApplication on LAPTOP-T7DEB7H8 with PID 58984 (E:\MyGithubProject\blog996\szcp\target\classes started by yangys in E:\MyGithubProject\blog996\szcp)
[INFO ] 11:01:03.971 [main] com.yys.szcp.SzcpApplication - The following profiles are active: dev
[INFO ] 11:01:16.217 [main] o.s.b.t.c.SpringBootTestContextBootstrapper - Neither @ContextConfiguration nor @ContextHierarchy found for test class [com.yys.szcp.SzcpApplicationTests], using SpringBootContextLoader
[INFO ] 11:01:16.221 [main] o.s.t.c.s.AbstractContextLoader - Could not detect default resource locations for test class [com.yys.szcp.SzcpApplicationTests]: no resource found for suffixes {-context.xml, Context.groovy}.
[INFO ] 11:01:16.222 [main] o.s.t.c.s.AnnotationConfigContextLoaderUtils - Could not detect default configuration classes for test class [com.yys.szcp.SzcpApplicationTests]: SzcpApplicationTests does not declare any static, non-private, non-final, nested classes annotated with @Configuration.
[INFO ] 11:01:16.310 [main] o.s.b.t.c.SpringBootTestContextBootstrapper - Found @SpringBootConfiguration com.yys.szcp.SzcpApplication for test class com.yys.szcp.SzcpApplicationTests
[INFO ] 11:01:16.397 [main] o.s.b.t.c.SpringBootTestContextBootstrapper - Loaded default TestExecutionListener class names from location [META-INF/spring.factories]: [org.springframework.boot.test.mock.mockito.MockitoTestExecutionListener, org.springframework.boot.test.mock.mockito.ResetMocksTestExecutionListener, org.springframework.boot.test.autoconfigure.restdocs.RestDocsTestExecutionListener, org.springframework.boot.test.autoconfigure.web.client.MockRestServiceServerResetTestExecutionListener, org.springframework.boot.test.autoconfigure.web.servlet.MockMvcPrintOnlyOnFailureTestExecutionListener, org.springframework.boot.test.autoconfigure.web.servlet.WebDriverTestExecutionListener, org.springframework.test.context.web.ServletTestExecutionListener, org.springframework.test.context.support.DirtiesContextBeforeModesTestExecutionListener, org.springframework.test.context.support.DependencyInjectionTestExecutionListener, org.springframework.test.context.support.DirtiesContextTestExecutionListener, org.springframework.test.context.transaction.TransactionalTestExecutionListener, org.springframework.test.context.jdbc.SqlScriptsTestExecutionListener, org.springframework.test.context.event.EventPublishingTestExecutionListener]
[INFO ] 11:01:16.414 [main] o.s.b.t.c.SpringBootTestContextBootstrapper - Using TestExecutionListeners: [org.springframework.test.context.web.ServletTestExecutionListener@420a85c4, org.springframework.test.context.support.DirtiesContextBeforeModesTestExecutionListener@1c39680d, org.springframework.boot.test.mock.mockito.MockitoTestExecutionListener@62833051, org.springframework.boot.test.autoconfigure.SpringBootDependencyInjectionTestExecutionListener@1c852c0f, org.springframework.test.context.support.DirtiesContextTestExecutionListener@a37aefe, org.springframework.test.context.transaction.TransactionalTestExecutionListener@5d99c6b5, org.springframework.test.context.jdbc.SqlScriptsTestExecutionListener@266374ef, org.springframework.test.context.event.EventPublishingTestExecutionListener@13b3d178, org.springframework.boot.test.mock.mockito.ResetMocksTestExecutionListener@24c4ddae, org.springframework.boot.test.autoconfigure.restdocs.RestDocsTestExecutionListener@37fb0bed, org.springframework.boot.test.autoconfigure.web.client.MockRestServiceServerResetTestExecutionListener@a82c5f1, org.springframework.boot.test.autoconfigure.web.servlet.MockMvcPrintOnlyOnFailureTestExecutionListener@7b7fdc8, org.springframework.boot.test.autoconfigure.web.servlet.WebDriverTestExecutionListener@51c693d]
[INFO ] 11:01:16.718 [main] com.yys.szcp.SzcpApplicationTests - Starting SzcpApplicationTests on LAPTOP-T7DEB7H8 with PID 84140 (started by yangys in E:\MyGithubProject\blog996\szcp)
[INFO ] 11:01:16.719 [main] com.yys.szcp.SzcpApplicationTests - The following profiles are active: dev
[INFO ] 11:01:17.872 [main] o.s.d.r.c.RepositoryConfigurationDelegate - Multiple Spring Data modules found, entering strict repository configuration mode!
[INFO ] 11:01:17.874 [main] o.s.d.r.c.RepositoryConfigurationDelegate - Bootstrapping Spring Data Redis repositories in DEFAULT mode.
[INFO ] 11:01:17.904 [main] o.s.d.r.c.RepositoryConfigurationDelegate - Finished Spring Data repository scanning in 11ms. Found 0 Redis repository interfaces.
[INFO ] 11:01:18.361 [main] o.s.c.s.PostProcessorRegistrationDelegate$BeanPostProcessorChecker - Bean 'org.springframework.transaction.annotation.ProxyTransactionManagementConfiguration' of type [org.springframework.transaction.annotation.ProxyTransactionManagementConfiguration] is not eligible for getting processed by all BeanPostProcessors (for example: not eligible for auto-proxying)
[INFO ] 11:01:19.674 [main] c.alibaba.druid.pool.DruidDataSource - {dataSource-1} inited
[INFO ] 11:01:20.632 [main] s.d.s.w.PropertySourcedRequestMappingHandlerMapping - Mapped URL path [/v2/api-docs] onto method [springfox.documentation.swagger2.web.Swagger2Controller#getDocumentation(String, HttpServletRequest)]
[INFO ] 11:01:21.366 [main] o.s.s.c.ThreadPoolTaskExecutor - Initializing ExecutorService 'applicationTaskExecutor'
[INFO ] 11:01:21.872 [main] o.s.s.c.ThreadPoolTaskScheduler - Initializing ExecutorService 'taskScheduler'
[INFO ] 11:01:21.951 [main] s.d.s.w.p.DocumentationPluginsBootstrapper - Context refreshed
[INFO ] 11:01:21.989 [main] s.d.s.w.p.DocumentationPluginsBootstrapper - Found 1 custom documentation plugin(s)
[INFO ] 11:01:22.031 [main] s.d.s.w.s.ApiListingReferenceScanner - Scanning for api listing references
[INFO ] 11:01:22.710 [main] com.yys.szcp.SzcpApplicationTests - Started SzcpApplicationTests in 6.255 seconds (JVM running for 7.209)
[INFO ] 11:01:23.016 [SpringContextShutdownHook] o.s.s.c.ThreadPoolTaskScheduler - Shutting down ExecutorService 'taskScheduler'
[INFO ] 11:01:23.017 [SpringContextShutdownHook] o.s.s.c.ThreadPoolTaskExecutor - Shutting down ExecutorService 'applicationTaskExecutor'
[INFO ] 11:01:23.046 [SpringContextShutdownHook] c.alibaba.druid.pool.DruidDataSource - {dataSource-1} closed
[INFO ] 11:04:01.075 [main] o.s.b.t.c.SpringBootTestContextBootstrapper - Neither @ContextConfiguration nor @ContextHierarchy found for test class [com.yys.szcp.SzcpApplicationTests], using SpringBootContextLoader
[INFO ] 11:04:01.080 [main] o.s.t.c.s.AbstractContextLoader - Could not detect default resource locations for test class [com.yys.szcp.SzcpApplicationTests]: no resource found for suffixes {-context.xml, Context.groovy}.
[INFO ] 11:04:01.081 [main] o.s.t.c.s.AnnotationConfigContextLoaderUtils - Could not detect default configuration classes for test class [com.yys.szcp.SzcpApplicationTests]: SzcpApplicationTests does not declare any static, non-private, non-final, nested classes annotated with @Configuration.
[INFO ] 11:04:01.168 [main] o.s.b.t.c.SpringBootTestContextBootstrapper - Found @SpringBootConfiguration com.yys.szcp.SzcpApplication for test class com.yys.szcp.SzcpApplicationTests
[INFO ] 11:04:01.242 [main] o.s.b.t.c.SpringBootTestContextBootstrapper - Loaded default TestExecutionListener class names from location [META-INF/spring.factories]: [org.springframework.boot.test.mock.mockito.MockitoTestExecutionListener, org.springframework.boot.test.mock.mockito.ResetMocksTestExecutionListener, org.springframework.boot.test.autoconfigure.restdocs.RestDocsTestExecutionListener, org.springframework.boot.test.autoconfigure.web.client.MockRestServiceServerResetTestExecutionListener, org.springframework.boot.test.autoconfigure.web.servlet.MockMvcPrintOnlyOnFailureTestExecutionListener, org.springframework.boot.test.autoconfigure.web.servlet.WebDriverTestExecutionListener, org.springframework.test.context.web.ServletTestExecutionListener, org.springframework.test.context.support.DirtiesContextBeforeModesTestExecutionListener, org.springframework.test.context.support.DependencyInjectionTestExecutionListener, org.springframework.test.context.support.DirtiesContextTestExecutionListener, org.springframework.test.context.transaction.TransactionalTestExecutionListener, org.springframework.test.context.jdbc.SqlScriptsTestExecutionListener, org.springframework.test.context.event.EventPublishingTestExecutionListener]
[INFO ] 11:04:01.256 [main] o.s.b.t.c.SpringBootTestContextBootstrapper - Using TestExecutionListeners: [org.springframework.test.context.web.ServletTestExecutionListener@420a85c4, org.springframework.test.context.support.DirtiesContextBeforeModesTestExecutionListener@1c39680d, org.springframework.boot.test.mock.mockito.MockitoTestExecutionListener@62833051, org.springframework.boot.test.autoconfigure.SpringBootDependencyInjectionTestExecutionListener@1c852c0f, org.springframework.test.context.support.DirtiesContextTestExecutionListener@a37aefe, org.springframework.test.context.transaction.TransactionalTestExecutionListener@5d99c6b5, org.springframework.test.context.jdbc.SqlScriptsTestExecutionListener@266374ef, org.springframework.test.context.event.EventPublishingTestExecutionListener@13b3d178, org.springframework.boot.test.mock.mockito.ResetMocksTestExecutionListener@24c4ddae, org.springframework.boot.test.autoconfigure.restdocs.RestDocsTestExecutionListener@37fb0bed, org.springframework.boot.test.autoconfigure.web.client.MockRestServiceServerResetTestExecutionListener@a82c5f1, org.springframework.boot.test.autoconfigure.web.servlet.MockMvcPrintOnlyOnFailureTestExecutionListener@7b7fdc8, org.springframework.boot.test.autoconfigure.web.servlet.WebDriverTestExecutionListener@51c693d]
[INFO ] 11:04:01.552 [main] com.yys.szcp.SzcpApplicationTests - Starting SzcpApplicationTests on LAPTOP-T7DEB7H8 with PID 60008 (started by yangys in E:\MyGithubProject\blog996\szcp)
[INFO ] 11:04:01.552 [main] com.yys.szcp.SzcpApplicationTests - The following profiles are active: dev
[INFO ] 11:04:02.395 [main] o.s.d.r.c.RepositoryConfigurationDelegate - Multiple Spring Data modules found, entering strict repository configuration mode!
[INFO ] 11:04:02.397 [main] o.s.d.r.c.RepositoryConfigurationDelegate - Bootstrapping Spring Data Redis repositories in DEFAULT mode.
[INFO ] 11:04:02.423 [main] o.s.d.r.c.RepositoryConfigurationDelegate - Finished Spring Data repository scanning in 11ms. Found 0 Redis repository interfaces.
[INFO ] 11:04:02.885 [main] o.s.c.s.PostProcessorRegistrationDelegate$BeanPostProcessorChecker - Bean 'org.springframework.transaction.annotation.ProxyTransactionManagementConfiguration' of type [org.springframework.transaction.annotation.ProxyTransactionManagementConfiguration] is not eligible for getting processed by all BeanPostProcessors (for example: not eligible for auto-proxying)
[INFO ] 11:04:04.151 [main] c.alibaba.druid.pool.DruidDataSource - {dataSource-1} inited
[INFO ] 11:04:05.627 [main] s.d.s.w.PropertySourcedRequestMappingHandlerMapping - Mapped URL path [/v2/api-docs] onto method [springfox.documentation.swagger2.web.Swagger2Controller#getDocumentation(String, HttpServletRequest)]
[INFO ] 11:04:06.638 [main] o.s.s.c.ThreadPoolTaskExecutor - Initializing ExecutorService 'applicationTaskExecutor'
[INFO ] 11:04:07.248 [main] o.s.s.c.ThreadPoolTaskScheduler - Initializing ExecutorService 'taskScheduler'
[INFO ] 11:04:07.348 [main] s.d.s.w.p.DocumentationPluginsBootstrapper - Context refreshed
[INFO ] 11:04:07.388 [main] s.d.s.w.p.DocumentationPluginsBootstrapper - Found 1 custom documentation plugin(s)
[INFO ] 11:04:07.440 [main] s.d.s.w.s.ApiListingReferenceScanner - Scanning for api listing references
[INFO ] 11:04:08.508 [main] com.yys.szcp.SzcpApplicationTests - Started SzcpApplicationTests in 7.22 seconds (JVM running for 8.132)
[INFO ] 11:04:08.777 [SpringContextShutdownHook] o.s.s.c.ThreadPoolTaskScheduler - Shutting down ExecutorService 'taskScheduler'
[INFO ] 11:04:08.778 [SpringContextShutdownHook] o.s.s.c.ThreadPoolTaskExecutor - Shutting down ExecutorService 'applicationTaskExecutor'
[INFO ] 11:04:08.805 [SpringContextShutdownHook] c.alibaba.druid.pool.DruidDataSource - {dataSource-1} closed
[INFO ] 11:35:28.334 [main] o.s.b.t.c.SpringBootTestContextBootstrapper - Neither @ContextConfiguration nor @ContextHierarchy found for test class [com.yys.szcp.SzcpApplicationTests], using SpringBootContextLoader
[INFO ] 11:35:28.339 [main] o.s.t.c.s.AbstractContextLoader - Could not detect default resource locations for test class [com.yys.szcp.SzcpApplicationTests]: no resource found for suffixes {-context.xml, Context.groovy}.
[INFO ] 11:35:28.339 [main] o.s.t.c.s.AnnotationConfigContextLoaderUtils - Could not detect default configuration classes for test class [com.yys.szcp.SzcpApplicationTests]: SzcpApplicationTests does not declare any static, non-private, non-final, nested classes annotated with @Configuration.
[INFO ] 11:35:28.420 [main] o.s.b.t.c.SpringBootTestContextBootstrapper - Found @SpringBootConfiguration com.yys.szcp.SzcpApplication for test class com.yys.szcp.SzcpApplicationTests
[INFO ] 11:35:28.498 [main] o.s.b.t.c.SpringBootTestContextBootstrapper - Loaded default TestExecutionListener class names from location [META-INF/spring.factories]: [org.springframework.boot.test.mock.mockito.MockitoTestExecutionListener, org.springframework.boot.test.mock.mockito.ResetMocksTestExecutionListener, org.springframework.boot.test.autoconfigure.restdocs.RestDocsTestExecutionListener, org.springframework.boot.test.autoconfigure.web.client.MockRestServiceServerResetTestExecutionListener, org.springframework.boot.test.autoconfigure.web.servlet.MockMvcPrintOnlyOnFailureTestExecutionListener, org.springframework.boot.test.autoconfigure.web.servlet.WebDriverTestExecutionListener, org.springframework.test.context.web.ServletTestExecutionListener, org.springframework.test.context.support.DirtiesContextBeforeModesTestExecutionListener, org.springframework.test.context.support.DependencyInjectionTestExecutionListener, org.springframework.test.context.support.DirtiesContextTestExecutionListener, org.springframework.test.context.transaction.TransactionalTestExecutionListener, org.springframework.test.context.jdbc.SqlScriptsTestExecutionListener, org.springframework.test.context.event.EventPublishingTestExecutionListener]
[INFO ] 11:35:28.513 [main] o.s.b.t.c.SpringBootTestContextBootstrapper - Using TestExecutionListeners: [org.springframework.test.context.web.ServletTestExecutionListener@420a85c4, org.springframework.test.context.support.DirtiesContextBeforeModesTestExecutionListener@1c39680d, org.springframework.boot.test.mock.mockito.MockitoTestExecutionListener@62833051, org.springframework.boot.test.autoconfigure.SpringBootDependencyInjectionTestExecutionListener@1c852c0f, org.springframework.test.context.support.DirtiesContextTestExecutionListener@a37aefe, org.springframework.test.context.transaction.TransactionalTestExecutionListener@5d99c6b5, org.springframework.test.context.jdbc.SqlScriptsTestExecutionListener@266374ef, org.springframework.test.context.event.EventPublishingTestExecutionListener@13b3d178, org.springframework.boot.test.mock.mockito.ResetMocksTestExecutionListener@24c4ddae, org.springframework.boot.test.autoconfigure.restdocs.RestDocsTestExecutionListener@37fb0bed, org.springframework.boot.test.autoconfigure.web.client.MockRestServiceServerResetTestExecutionListener@a82c5f1, org.springframework.boot.test.autoconfigure.web.servlet.MockMvcPrintOnlyOnFailureTestExecutionListener@7b7fdc8, org.springframework.boot.test.autoconfigure.web.servlet.WebDriverTestExecutionListener@51c693d]
[INFO ] 11:35:28.827 [main] com.yys.szcp.SzcpApplicationTests - Starting SzcpApplicationTests on LAPTOP-T7DEB7H8 with PID 84904 (started by yangys in E:\MyGithubProject\blog996\szcp)
[INFO ] 11:35:28.828 [main] com.yys.szcp.SzcpApplicationTests - The following profiles are active: dev
[INFO ] 11:35:29.876 [main] o.s.d.r.c.RepositoryConfigurationDelegate - Multiple Spring Data modules found, entering strict repository configuration mode!
[INFO ] 11:35:29.878 [main] o.s.d.r.c.RepositoryConfigurationDelegate - Bootstrapping Spring Data Redis repositories in DEFAULT mode.
[INFO ] 11:35:29.902 [main] o.s.d.r.c.RepositoryConfigurationDelegate - Finished Spring Data repository scanning in 12ms. Found 0 Redis repository interfaces.
[INFO ] 11:35:30.366 [main] o.s.c.s.PostProcessorRegistrationDelegate$BeanPostProcessorChecker - Bean 'org.springframework.transaction.annotation.ProxyTransactionManagementConfiguration' of type [org.springframework.transaction.annotation.ProxyTransactionManagementConfiguration] is not eligible for getting processed by all BeanPostProcessors (for example: not eligible for auto-proxying)
[INFO ] 11:35:32.112 [main] c.alibaba.druid.pool.DruidDataSource - {dataSource-1} inited
[INFO ] 11:35:33.105 [main] s.d.s.w.PropertySourcedRequestMappingHandlerMapping - Mapped URL path [/v2/api-docs] onto method [springfox.documentation.swagger2.web.Swagger2Controller#getDocumentation(String, HttpServletRequest)]
[INFO ] 11:35:33.814 [main] o.s.s.c.ThreadPoolTaskExecutor - Initializing ExecutorService 'applicationTaskExecutor'
[INFO ] 11:35:34.335 [main] o.s.s.c.ThreadPoolTaskScheduler - Initializing ExecutorService 'taskScheduler'
[INFO ] 11:35:34.430 [main] s.d.s.w.p.DocumentationPluginsBootstrapper - Context refreshed
[INFO ] 11:35:34.457 [main] s.d.s.w.p.DocumentationPluginsBootstrapper - Found 1 custom documentation plugin(s)
[INFO ] 11:35:34.496 [main] s.d.s.w.s.ApiListingReferenceScanner - Scanning for api listing references
[INFO ] 11:35:35.286 [main] com.yys.szcp.SzcpApplicationTests - Started SzcpApplicationTests in 6.737 seconds (JVM running for 7.712)
[INFO ] 11:35:35.521 [SpringContextShutdownHook] o.s.s.c.ThreadPoolTaskScheduler - Shutting down ExecutorService 'taskScheduler'
[INFO ] 11:35:35.522 [SpringContextShutdownHook] o.s.s.c.ThreadPoolTaskExecutor - Shutting down ExecutorService 'applicationTaskExecutor'
[INFO ] 11:35:35.550 [SpringContextShutdownHook] c.alibaba.druid.pool.DruidDataSource - {dataSource-1} closed
[INFO ] 12:23:49.577 [main] o.s.b.t.c.SpringBootTestContextBootstrapper - Neither @ContextConfiguration nor @ContextHierarchy found for test class [com.yys.szcp.SzcpApplicationTests], using SpringBootContextLoader
[INFO ] 12:23:49.581 [main] o.s.t.c.s.AbstractContextLoader - Could not detect default resource locations for test class [com.yys.szcp.SzcpApplicationTests]: no resource found for suffixes {-context.xml, Context.groovy}.
[INFO ] 12:23:49.582 [main] o.s.t.c.s.AnnotationConfigContextLoaderUtils - Could not detect default configuration classes for test class [com.yys.szcp.SzcpApplicationTests]: SzcpApplicationTests does not declare any static, non-private, non-final, nested classes annotated with @Configuration.
[INFO ] 12:23:49.659 [main] o.s.b.t.c.SpringBootTestContextBootstrapper - Found @SpringBootConfiguration com.yys.szcp.SzcpApplication for test class com.yys.szcp.SzcpApplicationTests
[INFO ] 12:23:49.735 [main] o.s.b.t.c.SpringBootTestContextBootstrapper - Loaded default TestExecutionListener class names from location [META-INF/spring.factories]: [org.springframework.boot.test.mock.mockito.MockitoTestExecutionListener, org.springframework.boot.test.mock.mockito.ResetMocksTestExecutionListener, org.springframework.boot.test.autoconfigure.restdocs.RestDocsTestExecutionListener, org.springframework.boot.test.autoconfigure.web.client.MockRestServiceServerResetTestExecutionListener, org.springframework.boot.test.autoconfigure.web.servlet.MockMvcPrintOnlyOnFailureTestExecutionListener, org.springframework.boot.test.autoconfigure.web.servlet.WebDriverTestExecutionListener, org.springframework.test.context.web.ServletTestExecutionListener, org.springframework.test.context.support.DirtiesContextBeforeModesTestExecutionListener, org.springframework.test.context.support.DependencyInjectionTestExecutionListener, org.springframework.test.context.support.DirtiesContextTestExecutionListener, org.springframework.test.context.transaction.TransactionalTestExecutionListener, org.springframework.test.context.jdbc.SqlScriptsTestExecutionListener, org.springframework.test.context.event.EventPublishingTestExecutionListener]
[INFO ] 12:23:49.749 [main] o.s.b.t.c.SpringBootTestContextBootstrapper - Using TestExecutionListeners: [org.springframework.test.context.web.ServletTestExecutionListener@420a85c4, org.springframework.test.context.support.DirtiesContextBeforeModesTestExecutionListener@1c39680d, org.springframework.boot.test.mock.mockito.MockitoTestExecutionListener@62833051, org.springframework.boot.test.autoconfigure.SpringBootDependencyInjectionTestExecutionListener@1c852c0f, org.springframework.test.context.support.DirtiesContextTestExecutionListener@a37aefe, org.springframework.test.context.transaction.TransactionalTestExecutionListener@5d99c6b5, org.springframework.test.context.jdbc.SqlScriptsTestExecutionListener@266374ef, org.springframework.test.context.event.EventPublishingTestExecutionListener@13b3d178, org.springframework.boot.test.mock.mockito.ResetMocksTestExecutionListener@24c4ddae, org.springframework.boot.test.autoconfigure.restdocs.RestDocsTestExecutionListener@37fb0bed, org.springframework.boot.test.autoconfigure.web.client.MockRestServiceServerResetTestExecutionListener@a82c5f1, org.springframework.boot.test.autoconfigure.web.servlet.MockMvcPrintOnlyOnFailureTestExecutionListener@7b7fdc8, org.springframework.boot.test.autoconfigure.web.servlet.WebDriverTestExecutionListener@51c693d]
[INFO ] 12:23:50.039 [main] com.yys.szcp.SzcpApplicationTests - Starting SzcpApplicationTests on LAPTOP-T7DEB7H8 with PID 84736 (started by yangys in E:\MyGithubProject\blog996\szcp)
[INFO ] 12:23:50.040 [main] com.yys.szcp.SzcpApplicationTests - The following profiles are active: dev
[INFO ] 12:23:50.821 [main] o.s.d.r.c.RepositoryConfigurationDelegate - Multiple Spring Data modules found, entering strict repository configuration mode!
[INFO ] 12:23:50.824 [main] o.s.d.r.c.RepositoryConfigurationDelegate - Bootstrapping Spring Data Redis repositories in DEFAULT mode.
[INFO ] 12:23:50.850 [main] o.s.d.r.c.RepositoryConfigurationDelegate - Finished Spring Data repository scanning in 11ms. Found 0 Redis repository interfaces.
[INFO ] 12:23:51.277 [main] o.s.c.s.PostProcessorRegistrationDelegate$BeanPostProcessorChecker - Bean 'org.springframework.transaction.annotation.ProxyTransactionManagementConfiguration' of type [org.springframework.transaction.annotation.ProxyTransactionManagementConfiguration] is not eligible for getting processed by all BeanPostProcessors (for example: not eligible for auto-proxying)
[INFO ] 12:23:52.566 [main] c.alibaba.druid.pool.DruidDataSource - {dataSource-1} inited
[INFO ] 12:23:53.474 [main] s.d.s.w.PropertySourcedRequestMappingHandlerMapping - Mapped URL path [/v2/api-docs] onto method [springfox.documentation.swagger2.web.Swagger2Controller#getDocumentation(String, HttpServletRequest)]
[INFO ] 12:23:54.180 [main] o.s.s.c.ThreadPoolTaskExecutor - Initializing ExecutorService 'applicationTaskExecutor'
[INFO ] 12:23:54.627 [main] o.s.s.c.ThreadPoolTaskScheduler - Initializing ExecutorService 'taskScheduler'
[INFO ] 12:23:54.702 [main] s.d.s.w.p.DocumentationPluginsBootstrapper - Context refreshed
[INFO ] 12:23:54.730 [main] s.d.s.w.p.DocumentationPluginsBootstrapper - Found 1 custom documentation plugin(s)
[INFO ] 12:23:54.779 [main] s.d.s.w.s.ApiListingReferenceScanner - Scanning for api listing references
[INFO ] 12:23:55.475 [main] com.yys.szcp.SzcpApplicationTests - Started SzcpApplicationTests in 5.689 seconds (JVM running for 6.549)
[INFO ] 12:23:55.670 [SpringContextShutdownHook] o.s.s.c.ThreadPoolTaskScheduler - Shutting down ExecutorService 'taskScheduler'
[INFO ] 12:23:55.671 [SpringContextShutdownHook] o.s.s.c.ThreadPoolTaskExecutor - Shutting down ExecutorService 'applicationTaskExecutor'
[INFO ] 12:23:55.696 [SpringContextShutdownHook] c.alibaba.druid.pool.DruidDataSource - {dataSource-1} closed
[INFO ] 12:39:29.889 [main] o.s.b.t.c.SpringBootTestContextBootstrapper - Neither @ContextConfiguration nor @ContextHierarchy found for test class [com.yys.szcp.SzcpApplicationTests], using SpringBootContextLoader
[INFO ] 12:39:29.894 [main] o.s.t.c.s.AbstractContextLoader - Could not detect default resource locations for test class [com.yys.szcp.SzcpApplicationTests]: no resource found for suffixes {-context.xml, Context.groovy}.
[INFO ] 12:39:29.894 [main] o.s.t.c.s.AnnotationConfigContextLoaderUtils - Could not detect default configuration classes for test class [com.yys.szcp.SzcpApplicationTests]: SzcpApplicationTests does not declare any static, non-private, non-final, nested classes annotated with @Configuration.
[INFO ] 12:39:29.990 [main] o.s.b.t.c.SpringBootTestContextBootstrapper - Found @SpringBootConfiguration com.yys.szcp.SzcpApplication for test class com.yys.szcp.SzcpApplicationTests
[INFO ] 12:39:30.106 [main] o.s.b.t.c.SpringBootTestContextBootstrapper - Loaded default TestExecutionListener class names from location [META-INF/spring.factories]: [org.springframework.boot.test.mock.mockito.MockitoTestExecutionListener, org.springframework.boot.test.mock.mockito.ResetMocksTestExecutionListener, org.springframework.boot.test.autoconfigure.restdocs.RestDocsTestExecutionListener, org.springframework.boot.test.autoconfigure.web.client.MockRestServiceServerResetTestExecutionListener, org.springframework.boot.test.autoconfigure.web.servlet.MockMvcPrintOnlyOnFailureTestExecutionListener, org.springframework.boot.test.autoconfigure.web.servlet.WebDriverTestExecutionListener, org.springframework.test.context.web.ServletTestExecutionListener, org.springframework.test.context.support.DirtiesContextBeforeModesTestExecutionListener, org.springframework.test.context.support.DependencyInjectionTestExecutionListener, org.springframework.test.context.support.DirtiesContextTestExecutionListener, org.springframework.test.context.transaction.TransactionalTestExecutionListener, org.springframework.test.context.jdbc.SqlScriptsTestExecutionListener, org.springframework.test.context.event.EventPublishingTestExecutionListener]
[INFO ] 12:39:30.132 [main] o.s.b.t.c.SpringBootTestContextBootstrapper - Using TestExecutionListeners: [org.springframework.test.context.web.ServletTestExecutionListener@420a85c4, org.springframework.test.context.support.DirtiesContextBeforeModesTestExecutionListener@1c39680d, org.springframework.boot.test.mock.mockito.MockitoTestExecutionListener@62833051, org.springframework.boot.test.autoconfigure.SpringBootDependencyInjectionTestExecutionListener@1c852c0f, org.springframework.test.context.support.DirtiesContextTestExecutionListener@a37aefe, org.springframework.test.context.transaction.TransactionalTestExecutionListener@5d99c6b5, org.springframework.test.context.jdbc.SqlScriptsTestExecutionListener@266374ef, org.springframework.test.context.event.EventPublishingTestExecutionListener@13b3d178, org.springframework.boot.test.mock.mockito.ResetMocksTestExecutionListener@24c4ddae, org.springframework.boot.test.autoconfigure.restdocs.RestDocsTestExecutionListener@37fb0bed, org.springframework.boot.test.autoconfigure.web.client.MockRestServiceServerResetTestExecutionListener@a82c5f1, org.springframework.boot.test.autoconfigure.web.servlet.MockMvcPrintOnlyOnFailureTestExecutionListener@7b7fdc8, org.springframework.boot.test.autoconfigure.web.servlet.WebDriverTestExecutionListener@51c693d]
[INFO ] 12:39:30.511 [main] com.yys.szcp.SzcpApplicationTests - Starting SzcpApplicationTests on LAPTOP-T7DEB7H8 with PID 56364 (started by yangys in E:\MyGithubProject\blog996\szcp)
[INFO ] 12:39:30.512 [main] com.yys.szcp.SzcpApplicationTests - The following profiles are active: dev
[INFO ] 12:39:31.772 [main] o.s.d.r.c.RepositoryConfigurationDelegate - Multiple Spring Data modules found, entering strict repository configuration mode!
[INFO ] 12:39:31.776 [main] o.s.d.r.c.RepositoryConfigurationDelegate - Bootstrapping Spring Data Redis repositories in DEFAULT mode.
[INFO ] 12:39:31.823 [main] o.s.d.r.c.RepositoryConfigurationDelegate - Finished Spring Data repository scanning in 17ms. Found 0 Redis repository interfaces.
[INFO ] 12:39:32.475 [main] o.s.c.s.PostProcessorRegistrationDelegate$BeanPostProcessorChecker - Bean 'org.springframework.transaction.annotation.ProxyTransactionManagementConfiguration' of type [org.springframework.transaction.annotation.ProxyTransactionManagementConfiguration] is not eligible for getting processed by all BeanPostProcessors (for example: not eligible for auto-proxying)
[INFO ] 12:39:33.943 [main] c.alibaba.druid.pool.DruidDataSource - {dataSource-1} inited
[INFO ] 12:39:35.429 [main] s.d.s.w.PropertySourcedRequestMappingHandlerMapping - Mapped URL path [/v2/api-docs] onto method [springfox.documentation.swagger2.web.Swagger2Controller#getDocumentation(String, HttpServletRequest)]
[INFO ] 12:39:36.874 [main] o.s.s.c.ThreadPoolTaskExecutor - Initializing ExecutorService 'applicationTaskExecutor'
[INFO ] 12:39:38.337 [main] o.s.s.c.ThreadPoolTaskScheduler - Initializing ExecutorService 'taskScheduler'
[INFO ] 12:39:38.442 [main] s.d.s.w.p.DocumentationPluginsBootstrapper - Context refreshed
[INFO ] 12:39:38.515 [main] s.d.s.w.p.DocumentationPluginsBootstrapper - Found 1 custom documentation plugin(s)
[INFO ] 12:39:38.584 [main] s.d.s.w.s.ApiListingReferenceScanner - Scanning for api listing references
[INFO ] 12:39:39.858 [main] com.yys.szcp.SzcpApplicationTests - Started SzcpApplicationTests in 9.679 seconds (JVM running for 10.787)
[INFO ] 12:39:40.500 [SpringContextShutdownHook] o.s.s.c.ThreadPoolTaskScheduler - Shutting down ExecutorService 'taskScheduler'
[INFO ] 12:39:40.502 [SpringContextShutdownHook] o.s.s.c.ThreadPoolTaskExecutor - Shutting down ExecutorService 'applicationTaskExecutor'
[INFO ] 12:39:40.559 [SpringContextShutdownHook] c.alibaba.druid.pool.DruidDataSource - {dataSource-1} closed
