[INFO ] 00:06:39.364 [SpringContextShutdownHook] o.s.s.c.ThreadPoolTaskScheduler - Shutting down ExecutorService 'taskScheduler'
[INFO ] 00:06:39.367 [SpringContextShutdownHook] o.s.s.c.ThreadPoolTaskExecutor - Shutting down ExecutorService 'applicationTaskExecutor'
[INFO ] 00:06:39.388 [SpringContextShutdownHook] c.alibaba.druid.pool.DruidDataSource - {dataSource-1} closed
[INFO ] 00:06:45.022 [main] com.yys.szcp.SzcpApplication - Starting SzcpApplication on LAPTOP-T7DEB7H8 with PID 19732 (E:\MyGithubProject\blog996\szcp\target\classes started by yangys in E:\MyGithubProject\blog996\szcp)
[INFO ] 00:06:45.023 [main] com.yys.szcp.SzcpApplication - The following profiles are active: dev
[INFO ] 00:06:45.838 [main] o.s.d.r.c.RepositoryConfigurationDelegate - Multiple Spring Data modules found, entering strict repository configuration mode!
[INFO ] 00:06:45.846 [main] o.s.d.r.c.RepositoryConfigurationDelegate - Bootstrapping Spring Data Redis repositories in DEFAULT mode.
[INFO ] 00:06:45.880 [main] o.s.d.r.c.RepositoryConfigurationDelegate - Finished Spring Data repository scanning in 16ms. Found 0 Redis repository interfaces.
[INFO ] 00:06:46.205 [main] o.s.c.s.PostProcessorRegistrationDelegate$BeanPostProcessorChecker - Bean 'org.springframework.transaction.annotation.ProxyTransactionManagementConfiguration' of type [org.springframework.transaction.annotation.ProxyTransactionManagementConfiguration] is not eligible for getting processed by all BeanPostProcessors (for example: not eligible for auto-proxying)
[INFO ] 00:06:46.454 [main] o.s.b.w.e.tomcat.TomcatWebServer - Tomcat initialized with port(s): 7071 (http)
[INFO ] 00:06:46.460 [main] o.a.coyote.http11.Http11NioProtocol - Initializing ProtocolHandler ["http-nio-7071"]
[INFO ] 00:06:46.461 [main] o.a.catalina.core.StandardService - Starting service [Tomcat]
[INFO ] 00:06:46.461 [main] o.a.catalina.core.StandardEngine - Starting Servlet engine: [Apache Tomcat/9.0.30]
[INFO ] 00:06:46.570 [main] o.a.c.c.C.[Tomcat].[localhost].[/] - Initializing Spring embedded WebApplicationContext
[INFO ] 00:06:46.570 [main] o.s.web.context.ContextLoader - Root WebApplicationContext: initialization completed in 1514 ms
[INFO ] 00:06:46.641 [main] o.s.b.web.servlet.RegistrationBean - Servlet statViewServlet was not registered (possibly already registered?)
[INFO ] 00:06:46.643 [main] o.s.b.web.servlet.RegistrationBean - Filter webStatFilter was not registered (possibly already registered?)
[INFO ] 00:06:50.429 [main] c.alibaba.druid.pool.DruidDataSource - {dataSource-1} inited
[INFO ] 00:06:50.858 [main] s.d.s.w.PropertySourcedRequestMappingHandlerMapping - Mapped URL path [/v2/api-docs] onto method [springfox.documentation.swagger2.web.Swagger2Controller#getDocumentation(String, HttpServletRequest)]
[INFO ] 00:06:51.151 [main] o.s.s.c.ThreadPoolTaskExecutor - Initializing ExecutorService 'applicationTaskExecutor'
[INFO ] 00:06:51.367 [main] o.s.s.c.ThreadPoolTaskScheduler - Initializing ExecutorService 'taskScheduler'
[INFO ] 00:06:51.400 [main] s.d.s.w.p.DocumentationPluginsBootstrapper - Context refreshed
[INFO ] 00:06:51.413 [main] s.d.s.w.p.DocumentationPluginsBootstrapper - Found 1 custom documentation plugin(s)
[INFO ] 00:06:51.440 [main] s.d.s.w.s.ApiListingReferenceScanner - Scanning for api listing references
[INFO ] 00:06:51.747 [main] o.a.coyote.http11.Http11NioProtocol - Starting ProtocolHandler ["http-nio-7071"]
[INFO ] 00:06:51.770 [main] o.s.b.w.e.tomcat.TomcatWebServer - Tomcat started on port(s): 7071 (http) with context path ''
[INFO ] 00:06:51.772 [main] com.yys.szcp.SzcpApplication - Started SzcpApplication in 7.077 seconds (JVM running for 8.166)
[INFO ] 00:07:09.235 [http-nio-7071-exec-1] o.a.c.c.C.[Tomcat].[localhost].[/] - Initializing Spring DispatcherServlet 'dispatcherServlet'
[INFO ] 00:07:09.235 [http-nio-7071-exec-1] o.s.web.servlet.DispatcherServlet - Initializing Servlet 'dispatcherServlet'
[INFO ] 00:07:09.242 [http-nio-7071-exec-1] o.s.web.servlet.DispatcherServlet - Completed initialization in 7 ms
[INFO ] 00:07:09.256 [http-nio-7071-exec-1] c.yys.szcp.config.jwt.JwtInterceptor - 访问路径:/fund/index
[INFO ] 00:07:12.485 [http-nio-7071-exec-2] c.yys.szcp.config.jwt.JwtInterceptor - 访问路径:/fund/getFundDataListOne
[INFO ] 00:07:13.727 [http-nio-7071-exec-3] c.yys.szcp.config.jwt.JwtInterceptor - 访问路径:/fund/addFundInfoList
[INFO ] 00:08:19.357 [SpringContextShutdownHook] o.s.s.c.ThreadPoolTaskScheduler - Shutting down ExecutorService 'taskScheduler'
[INFO ] 00:08:19.357 [SpringContextShutdownHook] o.s.s.c.ThreadPoolTaskExecutor - Shutting down ExecutorService 'applicationTaskExecutor'
[INFO ] 00:08:19.377 [SpringContextShutdownHook] c.alibaba.druid.pool.DruidDataSource - {dataSource-1} closed
[INFO ] 00:08:24.578 [main] com.yys.szcp.SzcpApplication - Starting SzcpApplication on LAPTOP-T7DEB7H8 with PID 28704 (E:\MyGithubProject\blog996\szcp\target\classes started by yangys in E:\MyGithubProject\blog996\szcp)
[INFO ] 00:08:24.579 [main] com.yys.szcp.SzcpApplication - The following profiles are active: dev
[INFO ] 00:08:25.284 [main] o.s.d.r.c.RepositoryConfigurationDelegate - Multiple Spring Data modules found, entering strict repository configuration mode!
[INFO ] 00:08:25.286 [main] o.s.d.r.c.RepositoryConfigurationDelegate - Bootstrapping Spring Data Redis repositories in DEFAULT mode.
[INFO ] 00:08:25.312 [main] o.s.d.r.c.RepositoryConfigurationDelegate - Finished Spring Data repository scanning in 11ms. Found 0 Redis repository interfaces.
[INFO ] 00:08:25.568 [main] o.s.c.s.PostProcessorRegistrationDelegate$BeanPostProcessorChecker - Bean 'org.springframework.transaction.annotation.ProxyTransactionManagementConfiguration' of type [org.springframework.transaction.annotation.ProxyTransactionManagementConfiguration] is not eligible for getting processed by all BeanPostProcessors (for example: not eligible for auto-proxying)
[INFO ] 00:08:25.797 [main] o.s.b.w.e.tomcat.TomcatWebServer - Tomcat initialized with port(s): 7071 (http)
[INFO ] 00:08:25.804 [main] o.a.coyote.http11.Http11NioProtocol - Initializing ProtocolHandler ["http-nio-7071"]
[INFO ] 00:08:25.805 [main] o.a.catalina.core.StandardService - Starting service [Tomcat]
[INFO ] 00:08:25.805 [main] o.a.catalina.core.StandardEngine - Starting Servlet engine: [Apache Tomcat/9.0.30]
[INFO ] 00:08:25.907 [main] o.a.c.c.C.[Tomcat].[localhost].[/] - Initializing Spring embedded WebApplicationContext
[INFO ] 00:08:25.907 [main] o.s.web.context.ContextLoader - Root WebApplicationContext: initialization completed in 1297 ms
[INFO ] 00:08:25.966 [main] o.s.b.web.servlet.RegistrationBean - Servlet statViewServlet was not registered (possibly already registered?)
[INFO ] 00:08:25.968 [main] o.s.b.web.servlet.RegistrationBean - Filter webStatFilter was not registered (possibly already registered?)
[INFO ] 00:08:29.648 [main] c.alibaba.druid.pool.DruidDataSource - {dataSource-1} inited
[INFO ] 00:08:30.076 [main] s.d.s.w.PropertySourcedRequestMappingHandlerMapping - Mapped URL path [/v2/api-docs] onto method [springfox.documentation.swagger2.web.Swagger2Controller#getDocumentation(String, HttpServletRequest)]
[INFO ] 00:08:30.367 [main] o.s.s.c.ThreadPoolTaskExecutor - Initializing ExecutorService 'applicationTaskExecutor'
[INFO ] 00:08:30.584 [main] o.s.s.c.ThreadPoolTaskScheduler - Initializing ExecutorService 'taskScheduler'
[INFO ] 00:08:30.618 [main] s.d.s.w.p.DocumentationPluginsBootstrapper - Context refreshed
[INFO ] 00:08:30.631 [main] s.d.s.w.p.DocumentationPluginsBootstrapper - Found 1 custom documentation plugin(s)
[INFO ] 00:08:30.660 [main] s.d.s.w.s.ApiListingReferenceScanner - Scanning for api listing references
[INFO ] 00:08:30.964 [main] o.a.coyote.http11.Http11NioProtocol - Starting ProtocolHandler ["http-nio-7071"]
[INFO ] 00:08:30.985 [main] o.s.b.w.e.tomcat.TomcatWebServer - Tomcat started on port(s): 7071 (http) with context path ''
[INFO ] 00:08:30.987 [main] com.yys.szcp.SzcpApplication - Started SzcpApplication in 6.672 seconds (JVM running for 7.628)
[INFO ] 00:08:33.593 [http-nio-7071-exec-1] o.a.c.c.C.[Tomcat].[localhost].[/] - Initializing Spring DispatcherServlet 'dispatcherServlet'
[INFO ] 00:08:33.593 [http-nio-7071-exec-1] o.s.web.servlet.DispatcherServlet - Initializing Servlet 'dispatcherServlet'
[INFO ] 00:08:33.599 [http-nio-7071-exec-1] o.s.web.servlet.DispatcherServlet - Completed initialization in 6 ms
[INFO ] 00:08:33.612 [http-nio-7071-exec-1] c.yys.szcp.config.jwt.JwtInterceptor - 访问路径:/fund/getFundDataListOne
[INFO ] 00:08:34.893 [http-nio-7071-exec-2] c.yys.szcp.config.jwt.JwtInterceptor - 访问路径:/fund/addFundInfoList
[INFO ] 00:11:24.071 [SpringContextShutdownHook] o.s.s.c.ThreadPoolTaskScheduler - Shutting down ExecutorService 'taskScheduler'
[INFO ] 00:11:24.072 [SpringContextShutdownHook] o.s.s.c.ThreadPoolTaskExecutor - Shutting down ExecutorService 'applicationTaskExecutor'
[INFO ] 00:11:24.094 [SpringContextShutdownHook] c.alibaba.druid.pool.DruidDataSource - {dataSource-1} closed
[INFO ] 00:11:29.345 [main] com.yys.szcp.SzcpApplication - Starting SzcpApplication on LAPTOP-T7DEB7H8 with PID 30380 (E:\MyGithubProject\blog996\szcp\target\classes started by yangys in E:\MyGithubProject\blog996\szcp)
[INFO ] 00:11:29.346 [main] com.yys.szcp.SzcpApplication - The following profiles are active: dev
[INFO ] 00:11:30.083 [main] o.s.d.r.c.RepositoryConfigurationDelegate - Multiple Spring Data modules found, entering strict repository configuration mode!
[INFO ] 00:11:30.086 [main] o.s.d.r.c.RepositoryConfigurationDelegate - Bootstrapping Spring Data Redis repositories in DEFAULT mode.
[INFO ] 00:11:30.109 [main] o.s.d.r.c.RepositoryConfigurationDelegate - Finished Spring Data repository scanning in 10ms. Found 0 Redis repository interfaces.
[INFO ] 00:11:30.366 [main] o.s.c.s.PostProcessorRegistrationDelegate$BeanPostProcessorChecker - Bean 'org.springframework.transaction.annotation.ProxyTransactionManagementConfiguration' of type [org.springframework.transaction.annotation.ProxyTransactionManagementConfiguration] is not eligible for getting processed by all BeanPostProcessors (for example: not eligible for auto-proxying)
[INFO ] 00:11:30.589 [main] o.s.b.w.e.tomcat.TomcatWebServer - Tomcat initialized with port(s): 7071 (http)
[INFO ] 00:11:30.596 [main] o.a.coyote.http11.Http11NioProtocol - Initializing ProtocolHandler ["http-nio-7071"]
[INFO ] 00:11:30.597 [main] o.a.catalina.core.StandardService - Starting service [Tomcat]
[INFO ] 00:11:30.597 [main] o.a.catalina.core.StandardEngine - Starting Servlet engine: [Apache Tomcat/9.0.30]
[INFO ] 00:11:30.699 [main] o.a.c.c.C.[Tomcat].[localhost].[/] - Initializing Spring embedded WebApplicationContext
[INFO ] 00:11:30.700 [main] o.s.web.context.ContextLoader - Root WebApplicationContext: initialization completed in 1315 ms
[INFO ] 00:11:30.762 [main] o.s.b.web.servlet.RegistrationBean - Servlet statViewServlet was not registered (possibly already registered?)
[INFO ] 00:11:30.764 [main] o.s.b.web.servlet.RegistrationBean - Filter webStatFilter was not registered (possibly already registered?)
[INFO ] 00:11:34.637 [main] c.alibaba.druid.pool.DruidDataSource - {dataSource-1} inited
[INFO ] 00:11:35.050 [main] s.d.s.w.PropertySourcedRequestMappingHandlerMapping - Mapped URL path [/v2/api-docs] onto method [springfox.documentation.swagger2.web.Swagger2Controller#getDocumentation(String, HttpServletRequest)]
[INFO ] 00:11:35.319 [main] o.s.s.c.ThreadPoolTaskExecutor - Initializing ExecutorService 'applicationTaskExecutor'
[INFO ] 00:11:35.524 [main] o.s.s.c.ThreadPoolTaskScheduler - Initializing ExecutorService 'taskScheduler'
[INFO ] 00:11:35.557 [main] s.d.s.w.p.DocumentationPluginsBootstrapper - Context refreshed
[INFO ] 00:11:35.571 [main] s.d.s.w.p.DocumentationPluginsBootstrapper - Found 1 custom documentation plugin(s)
[INFO ] 00:11:35.599 [main] s.d.s.w.s.ApiListingReferenceScanner - Scanning for api listing references
[INFO ] 00:11:35.893 [main] o.a.coyote.http11.Http11NioProtocol - Starting ProtocolHandler ["http-nio-7071"]
[INFO ] 00:11:35.911 [main] o.s.b.w.e.tomcat.TomcatWebServer - Tomcat started on port(s): 7071 (http) with context path ''
[INFO ] 00:11:35.913 [main] com.yys.szcp.SzcpApplication - Started SzcpApplication in 6.845 seconds (JVM running for 7.808)
[INFO ] 00:12:26.694 [http-nio-7071-exec-1] o.a.c.c.C.[Tomcat].[localhost].[/] - Initializing Spring DispatcherServlet 'dispatcherServlet'
[INFO ] 00:12:26.694 [http-nio-7071-exec-1] o.s.web.servlet.DispatcherServlet - Initializing Servlet 'dispatcherServlet'
[INFO ] 00:12:26.700 [http-nio-7071-exec-1] o.s.web.servlet.DispatcherServlet - Completed initialization in 6 ms
[INFO ] 00:12:26.714 [http-nio-7071-exec-1] c.yys.szcp.config.jwt.JwtInterceptor - 访问路径:/fund/getFundDataListOne
[INFO ] 00:12:27.873 [http-nio-7071-exec-2] c.yys.szcp.config.jwt.JwtInterceptor - 访问路径:/fund/addFundInfoList
[INFO ] 00:13:23.621 [http-nio-7071-exec-4] c.yys.szcp.config.jwt.JwtInterceptor - 访问路径:/fund/getFundDataListOne
[INFO ] 00:13:24.257 [http-nio-7071-exec-3] c.yys.szcp.config.jwt.JwtInterceptor - 访问路径:/fund/addFundInfoList
[INFO ] 00:13:28.086 [http-nio-7071-exec-5] c.yys.szcp.config.jwt.JwtInterceptor - 访问路径:/fund/getFundDataListOne
[INFO ] 00:13:28.419 [http-nio-7071-exec-6] c.yys.szcp.config.jwt.JwtInterceptor - 访问路径:/fund/addFundInfoList
[INFO ] 00:13:30.317 [http-nio-7071-exec-8] c.yys.szcp.config.jwt.JwtInterceptor - 访问路径:/fund/getFundDataListOne
[INFO ] 00:13:30.570 [http-nio-7071-exec-7] c.yys.szcp.config.jwt.JwtInterceptor - 访问路径:/fund/addFundInfoList
[INFO ] 00:13:31.917 [http-nio-7071-exec-9] c.yys.szcp.config.jwt.JwtInterceptor - 访问路径:/fund/getFundDataListOne
[INFO ] 00:13:32.241 [http-nio-7071-exec-10] c.yys.szcp.config.jwt.JwtInterceptor - 访问路径:/fund/addFundInfoList
[INFO ] 00:13:33.428 [http-nio-7071-exec-1] c.yys.szcp.config.jwt.JwtInterceptor - 访问路径:/fund/getFundDataListOne
[INFO ] 00:13:33.825 [http-nio-7071-exec-2] c.yys.szcp.config.jwt.JwtInterceptor - 访问路径:/fund/addFundInfoList
[INFO ] 00:13:35.036 [http-nio-7071-exec-4] c.yys.szcp.config.jwt.JwtInterceptor - 访问路径:/fund/getFundDataListOne
[INFO ] 00:13:35.333 [http-nio-7071-exec-3] c.yys.szcp.config.jwt.JwtInterceptor - 访问路径:/fund/addFundInfoList
[INFO ] 00:13:36.252 [http-nio-7071-exec-5] c.yys.szcp.config.jwt.JwtInterceptor - 访问路径:/fund/getFundDataListOne
[INFO ] 00:13:36.530 [http-nio-7071-exec-6] c.yys.szcp.config.jwt.JwtInterceptor - 访问路径:/fund/addFundInfoList
[INFO ] 00:13:37.859 [http-nio-7071-exec-8] c.yys.szcp.config.jwt.JwtInterceptor - 访问路径:/fund/getFundDataListOne
[INFO ] 00:13:38.190 [http-nio-7071-exec-9] c.yys.szcp.config.jwt.JwtInterceptor - 访问路径:/fund/addFundInfoList
[INFO ] 00:13:39.598 [http-nio-7071-exec-7] c.yys.szcp.config.jwt.JwtInterceptor - 访问路径:/fund/getFundDataListOne
[INFO ] 00:13:39.853 [http-nio-7071-exec-1] c.yys.szcp.config.jwt.JwtInterceptor - 访问路径:/fund/addFundInfoList
[INFO ] 00:13:41.348 [http-nio-7071-exec-10] c.yys.szcp.config.jwt.JwtInterceptor - 访问路径:/fund/getFundDataListOne
[INFO ] 00:13:41.596 [http-nio-7071-exec-4] c.yys.szcp.config.jwt.JwtInterceptor - 访问路径:/fund/addFundInfoList
[INFO ] 00:13:43.645 [http-nio-7071-exec-2] c.yys.szcp.config.jwt.JwtInterceptor - 访问路径:/fund/getFundDataListOne
[INFO ] 00:13:43.863 [http-nio-7071-exec-5] c.yys.szcp.config.jwt.JwtInterceptor - 访问路径:/fund/addFundInfoList
[INFO ] 00:13:45.252 [http-nio-7071-exec-3] c.yys.szcp.config.jwt.JwtInterceptor - 访问路径:/fund/getFundDataListOne
[INFO ] 00:13:45.489 [http-nio-7071-exec-8] c.yys.szcp.config.jwt.JwtInterceptor - 访问路径:/fund/addFundInfoList
[INFO ] 00:13:46.828 [http-nio-7071-exec-6] c.yys.szcp.config.jwt.JwtInterceptor - 访问路径:/fund/getFundDataListOne
[INFO ] 00:13:47.046 [http-nio-7071-exec-7] c.yys.szcp.config.jwt.JwtInterceptor - 访问路径:/fund/addFundInfoList
[INFO ] 00:13:48.156 [http-nio-7071-exec-9] c.yys.szcp.config.jwt.JwtInterceptor - 访问路径:/fund/getFundDataListOne
[INFO ] 00:13:48.457 [http-nio-7071-exec-10] c.yys.szcp.config.jwt.JwtInterceptor - 访问路径:/fund/addFundInfoList
[INFO ] 00:13:49.597 [http-nio-7071-exec-1] c.yys.szcp.config.jwt.JwtInterceptor - 访问路径:/fund/getFundDataListOne
[INFO ] 00:13:49.821 [http-nio-7071-exec-4] c.yys.szcp.config.jwt.JwtInterceptor - 访问路径:/fund/addFundInfoList
[INFO ] 00:13:50.820 [http-nio-7071-exec-2] c.yys.szcp.config.jwt.JwtInterceptor - 访问路径:/fund/getFundDataListOne
[INFO ] 00:13:51.022 [http-nio-7071-exec-3] c.yys.szcp.config.jwt.JwtInterceptor - 访问路径:/fund/addFundInfoList
[INFO ] 00:13:52.022 [http-nio-7071-exec-5] c.yys.szcp.config.jwt.JwtInterceptor - 访问路径:/fund/getFundDataListOne
[INFO ] 00:13:52.325 [http-nio-7071-exec-6] c.yys.szcp.config.jwt.JwtInterceptor - 访问路径:/fund/addFundInfoList
[INFO ] 00:13:53.211 [http-nio-7071-exec-8] c.yys.szcp.config.jwt.JwtInterceptor - 访问路径:/fund/getFundDataListOne
[INFO ] 00:13:53.464 [http-nio-7071-exec-9] c.yys.szcp.config.jwt.JwtInterceptor - 访问路径:/fund/addFundInfoList
[INFO ] 00:13:54.310 [http-nio-7071-exec-7] c.yys.szcp.config.jwt.JwtInterceptor - 访问路径:/fund/getFundDataListOne
[INFO ] 00:13:54.529 [http-nio-7071-exec-1] c.yys.szcp.config.jwt.JwtInterceptor - 访问路径:/fund/addFundInfoList
[INFO ] 00:13:55.411 [http-nio-7071-exec-10] c.yys.szcp.config.jwt.JwtInterceptor - 访问路径:/fund/getFundDataListOne
[INFO ] 00:13:55.733 [http-nio-7071-exec-2] c.yys.szcp.config.jwt.JwtInterceptor - 访问路径:/fund/addFundInfoList
[INFO ] 00:13:56.531 [http-nio-7071-exec-4] c.yys.szcp.config.jwt.JwtInterceptor - 访问路径:/fund/getFundDataListOne
[INFO ] 00:13:56.791 [http-nio-7071-exec-5] c.yys.szcp.config.jwt.JwtInterceptor - 访问路径:/fund/addFundInfoList
[INFO ] 00:13:57.533 [http-nio-7071-exec-3] c.yys.szcp.config.jwt.JwtInterceptor - 访问路径:/fund/getFundDataListOne
[INFO ] 00:13:57.798 [http-nio-7071-exec-8] c.yys.szcp.config.jwt.JwtInterceptor - 访问路径:/fund/addFundInfoList
[INFO ] 00:13:58.684 [http-nio-7071-exec-6] c.yys.szcp.config.jwt.JwtInterceptor - 访问路径:/fund/getFundDataListOne
[INFO ] 00:13:58.981 [http-nio-7071-exec-7] c.yys.szcp.config.jwt.JwtInterceptor - 访问路径:/fund/addFundInfoList
[INFO ] 00:13:59.677 [http-nio-7071-exec-9] c.yys.szcp.config.jwt.JwtInterceptor - 访问路径:/fund/getFundDataListOne
[INFO ] 00:13:59.969 [http-nio-7071-exec-10] c.yys.szcp.config.jwt.JwtInterceptor - 访问路径:/fund/addFundInfoList
[INFO ] 00:14:00.636 [http-nio-7071-exec-1] c.yys.szcp.config.jwt.JwtInterceptor - 访问路径:/fund/getFundDataListOne
[INFO ] 00:14:00.934 [http-nio-7071-exec-4] c.yys.szcp.config.jwt.JwtInterceptor - 访问路径:/fund/addFundInfoList
[INFO ] 00:14:02.267 [http-nio-7071-exec-2] c.yys.szcp.config.jwt.JwtInterceptor - 访问路径:/fund/getFundDataListOne
[INFO ] 00:14:02.583 [http-nio-7071-exec-3] c.yys.szcp.config.jwt.JwtInterceptor - 访问路径:/fund/addFundInfoList
[INFO ] 00:14:03.107 [http-nio-7071-exec-5] c.yys.szcp.config.jwt.JwtInterceptor - 访问路径:/fund/getFundDataListOne
[INFO ] 00:14:03.514 [http-nio-7071-exec-6] c.yys.szcp.config.jwt.JwtInterceptor - 访问路径:/fund/addFundInfoList
[INFO ] 00:14:04.152 [http-nio-7071-exec-8] c.yys.szcp.config.jwt.JwtInterceptor - 访问路径:/fund/getFundDataListOne
[INFO ] 00:14:04.390 [http-nio-7071-exec-9] c.yys.szcp.config.jwt.JwtInterceptor - 访问路径:/fund/addFundInfoList
[INFO ] 00:14:05.043 [http-nio-7071-exec-1] c.yys.szcp.config.jwt.JwtInterceptor - 访问路径:/fund/getFundDataListOne
[INFO ] 00:14:05.438 [http-nio-7071-exec-7] c.yys.szcp.config.jwt.JwtInterceptor - 访问路径:/fund/addFundInfoList
[INFO ] 00:14:05.957 [http-nio-7071-exec-10] c.yys.szcp.config.jwt.JwtInterceptor - 访问路径:/fund/getFundDataListOne
[INFO ] 00:14:06.307 [http-nio-7071-exec-2] c.yys.szcp.config.jwt.JwtInterceptor - 访问路径:/fund/addFundInfoList
[INFO ] 00:14:06.854 [http-nio-7071-exec-4] c.yys.szcp.config.jwt.JwtInterceptor - 访问路径:/fund/getFundDataListOne
[INFO ] 00:14:07.218 [http-nio-7071-exec-5] c.yys.szcp.config.jwt.JwtInterceptor - 访问路径:/fund/addFundInfoList
[INFO ] 00:14:07.764 [http-nio-7071-exec-8] c.yys.szcp.config.jwt.JwtInterceptor - 访问路径:/fund/getFundDataListOne
[INFO ] 00:14:08.142 [http-nio-7071-exec-3] c.yys.szcp.config.jwt.JwtInterceptor - 访问路径:/fund/addFundInfoList
[INFO ] 00:14:08.836 [http-nio-7071-exec-1] c.yys.szcp.config.jwt.JwtInterceptor - 访问路径:/fund/getFundDataListOne
[INFO ] 00:14:09.123 [http-nio-7071-exec-6] c.yys.szcp.config.jwt.JwtInterceptor - 访问路径:/fund/addFundInfoList
[INFO ] 00:14:09.884 [http-nio-7071-exec-10] c.yys.szcp.config.jwt.JwtInterceptor - 访问路径:/fund/getFundDataListOne
[INFO ] 00:14:10.149 [http-nio-7071-exec-9] c.yys.szcp.config.jwt.JwtInterceptor - 访问路径:/fund/addFundInfoList
[INFO ] 00:14:10.931 [http-nio-7071-exec-4] c.yys.szcp.config.jwt.JwtInterceptor - 访问路径:/fund/getFundDataListOne
[INFO ] 00:14:11.184 [http-nio-7071-exec-7] c.yys.szcp.config.jwt.JwtInterceptor - 访问路径:/fund/addFundInfoList
[INFO ] 00:14:37.299 [http-nio-7071-exec-8] c.yys.szcp.config.jwt.JwtInterceptor - 访问路径:/fund/fund
[INFO ] 00:14:39.326 [http-nio-7071-exec-2] c.yys.szcp.config.jwt.JwtInterceptor - 访问路径:/fund/findFundInfoListType
[INFO ] 00:14:39.326 [http-nio-7071-exec-1] c.yys.szcp.config.jwt.JwtInterceptor - 访问路径:/fund/findFundInfoInvestmentList
[INFO ] 00:15:01.789 [http-nio-7071-exec-5] c.yys.szcp.config.jwt.JwtInterceptor - 访问路径:/error
[INFO ] 00:15:01.793 [http-nio-7071-exec-5] c.yys.szcp.config.jwt.JwtInterceptor - ===== 用户未登录, 请先登录:/error
