[ERROR] 08:48:25.525 [http-nio-7071-exec-1] com.yys.szcp.config.jwt.JwtUtils - ===== token过期 =====
[ERROR] 08:48:28.848 [http-nio-7071-exec-4] c.y.szcp.controller.AdminController - 输出error级别的日志.....
[ERROR] 11:08:49.882 [http-nio-7071-exec-3] com.yys.szcp.config.jwt.JwtUtils - ===== token过期 =====
[ERROR] 11:10:35.893 [http-nio-7071-exec-2] c.y.szcp.controller.AdminController - 输出error级别的日志.....
[ERROR] 11:43:04.682 [http-nio-7071-exec-4] c.y.s.controller.FundInfoController - 查询基金信息错误: 
### Error querying database.  Cause: java.sql.SQLIntegrityConstraintViolationException: Column 'delete_status' in where clause is ambiguous
### The error may exist in file [H:\MyGitProject\blog996\szcp\target\classes\mapper\TFundInfoMapper.xml]
### The error may involve com.yys.szcp.mapper.TFundInfoMapper.findFundInfoList-Inline
### The error occurred while setting parameters
### SQL: select tfi.id,         tfi.fund_type_company_id AS fundTypeCompanyId,         tftCompany.title AS companyTitle,         tfi.fund_type_section_id AS fundTypeSectionId,         tftSection.title AS sectionTitle,         tfi.fund_type_type_id AS fundTypeTypeId,         tftType.title AS typeTitle,         tfi.fund_type_purchase_id AS fundTypePurchaseId,         tftPurchase.title AS purchaseTitle,         tfi.fund_name AS fundName,         tfi.fund_code AS fundCode,         tfi.fund_scale AS fundScale,         tfi.holding_yield AS holdingYield,         tfi.principal AS principal,         tfi.profit_loss AS profitLoss,         tfi.recommendation_level AS recommendationLevel,         tfi.remark,         tfi.create_time AS createTime,         tfi.update_time AS updateTime         from t_fund_info tfi         left join t_fund_type tftCompany on tftCompany.id=tfi.fund_type_company_id         left join t_fund_type tftSection on tftSection.id=tfi.fund_type_section_id         left join t_fund_type tftType on tftType.id=tfi.fund_type_type_id         left join t_fund_type tftPurchase on tftPurchase.id=tfi.fund_type_purchase_id          where delete_status = 0                                                                                                              order by create_time DESC                                                   limit ? , ?;
### Cause: java.sql.SQLIntegrityConstraintViolationException: Column 'delete_status' in where clause is ambiguous
; Column 'delete_status' in where clause is ambiguous; nested exception is java.sql.SQLIntegrityConstraintViolationException: Column 'delete_status' in where clause is ambiguous
[ERROR] 11:44:02.984 [http-nio-7071-exec-7] c.y.s.controller.FundInfoController - 查询基金信息错误: 
### Error querying database.  Cause: java.sql.SQLIntegrityConstraintViolationException: Column 'delete_status' in where clause is ambiguous
### The error may exist in file [H:\MyGitProject\blog996\szcp\target\classes\mapper\TFundInfoMapper.xml]
### The error may involve com.yys.szcp.mapper.TFundInfoMapper.findFundInfoList-Inline
### The error occurred while setting parameters
### SQL: select tfi.id,         tfi.fund_type_company_id AS fundTypeCompanyId,         tftCompany.title AS companyTitle,         tfi.fund_type_section_id AS fundTypeSectionId,         tftSection.title AS sectionTitle,         tfi.fund_type_type_id AS fundTypeTypeId,         tftType.title AS typeTitle,         tfi.fund_type_purchase_id AS fundTypePurchaseId,         tftPurchase.title AS purchaseTitle,         tfi.fund_name AS fundName,         tfi.fund_code AS fundCode,         tfi.fund_scale AS fundScale,         tfi.holding_yield AS holdingYield,         tfi.principal AS principal,         tfi.profit_loss AS profitLoss,         tfi.recommendation_level AS recommendationLevel,         tfi.remark,         tfi.create_time AS createTime,         tfi.update_time AS updateTime         from t_fund_info tfi         left join t_fund_type tftCompany on tftCompany.id=tfi.fund_type_company_id         left join t_fund_type tftSection on tftSection.id=tfi.fund_type_section_id         left join t_fund_type tftType on tftType.id=tfi.fund_type_type_id         left join t_fund_type tftPurchase on tftPurchase.id=tfi.fund_type_purchase_id          where delete_status = 0                                                                                                              order by create_time DESC                                                   limit ? , ?;
### Cause: java.sql.SQLIntegrityConstraintViolationException: Column 'delete_status' in where clause is ambiguous
; Column 'delete_status' in where clause is ambiguous; nested exception is java.sql.SQLIntegrityConstraintViolationException: Column 'delete_status' in where clause is ambiguous
[ERROR] 11:44:32.187 [http-nio-7071-exec-5] c.y.s.controller.FundInfoController - 查询基金信息错误: 
### Error querying database.  Cause: java.sql.SQLIntegrityConstraintViolationException: Column 'delete_status' in where clause is ambiguous
### The error may exist in file [H:\MyGitProject\blog996\szcp\target\classes\mapper\TFundInfoMapper.xml]
### The error may involve com.yys.szcp.mapper.TFundInfoMapper.findFundInfoList-Inline
### The error occurred while setting parameters
### SQL: select tfi.id,         tfi.fund_type_company_id AS fundTypeCompanyId,         tftCompany.title AS companyTitle,         tfi.fund_type_section_id AS fundTypeSectionId,         tftSection.title AS sectionTitle,         tfi.fund_type_type_id AS fundTypeTypeId,         tftType.title AS typeTitle,         tfi.fund_type_purchase_id AS fundTypePurchaseId,         tftPurchase.title AS purchaseTitle,         tfi.fund_name AS fundName,         tfi.fund_code AS fundCode,         tfi.fund_scale AS fundScale,         tfi.holding_yield AS holdingYield,         tfi.principal AS principal,         tfi.profit_loss AS profitLoss,         tfi.recommendation_level AS recommendationLevel,         tfi.remark,         tfi.create_time AS createTime,         tfi.update_time AS updateTime         from t_fund_info tfi         left join t_fund_type tftCompany on tftCompany.id=tfi.fund_type_company_id         left join t_fund_type tftSection on tftSection.id=tfi.fund_type_section_id         left join t_fund_type tftType on tftType.id=tfi.fund_type_type_id         left join t_fund_type tftPurchase on tftPurchase.id=tfi.fund_type_purchase_id          where delete_status = 0                                                                                                              order by create_time DESC                                                   limit ? , ?;
### Cause: java.sql.SQLIntegrityConstraintViolationException: Column 'delete_status' in where clause is ambiguous
; Column 'delete_status' in where clause is ambiguous; nested exception is java.sql.SQLIntegrityConstraintViolationException: Column 'delete_status' in where clause is ambiguous
[ERROR] 11:51:41.553 [http-nio-7071-exec-10] c.y.s.controller.FundInfoController - 查询基金信息错误: 
### Error querying database.  Cause: java.sql.SQLIntegrityConstraintViolationException: Column 'create_time' in order clause is ambiguous
### The error may exist in file [H:\MyGitProject\blog996\szcp\target\classes\mapper\TFundInfoMapper.xml]
### The error may involve com.yys.szcp.mapper.TFundInfoMapper.findFundInfoList-Inline
### The error occurred while setting parameters
### SQL: select tfi.id,         tfi.fund_type_company_id AS fundTypeCompanyId,         tftCompany.title AS companyTitle,         tfi.fund_type_section_id AS fundTypeSectionId,         tftSection.title AS sectionTitle,         tfi.fund_type_type_id AS fundTypeTypeId,         tftType.title AS typeTitle,         tfi.fund_type_purchase_id AS fundTypePurchaseId,         tftPurchase.title AS purchaseTitle,         tfi.fund_name AS fundName,         tfi.fund_code AS fundCode,         tfi.fund_scale AS fundScale,         tfi.holding_yield AS holdingYield,         tfi.principal AS principal,         tfi.profit_loss AS profitLoss,         tfi.recommendation_level AS recommendationLevel,         tfi.remark,         tfi.create_time AS createTime,         tfi.update_time AS updateTime         from t_fund_info tfi         left join t_fund_type tftCompany on tftCompany.id=tfi.fund_type_company_id         left join t_fund_type tftSection on tftSection.id=tfi.fund_type_section_id         left join t_fund_type tftType on tftType.id=tfi.fund_type_type_id         left join t_fund_type tftPurchase on tftPurchase.id=tfi.fund_type_purchase_id          where tfi.delete_status = 0                                                                                                              order by create_time DESC                                                   limit ? , ?;
### Cause: java.sql.SQLIntegrityConstraintViolationException: Column 'create_time' in order clause is ambiguous
; Column 'create_time' in order clause is ambiguous; nested exception is java.sql.SQLIntegrityConstraintViolationException: Column 'create_time' in order clause is ambiguous
[ERROR] 12:06:17.627 [http-nio-7071-exec-8] c.y.s.controller.FundInfoController - 查询基金信息错误: null
[ERROR] 12:06:17.659 [http-nio-7071-exec-6] c.y.s.controller.FundInfoController - 查询基金信息错误: null
[ERROR] 12:06:17.665 [http-nio-7071-exec-7] c.y.s.controller.FundInfoController - 查询基金信息错误: null
[ERROR] 12:06:18.086 [http-nio-7071-exec-9] c.y.s.controller.FundInfoController - 查询基金信息错误: null
[ERROR] 12:07:25.878 [http-nio-7071-exec-4] c.y.s.controller.FundTypeController - 查询基金类型错误: 
### Error querying database.  Cause: java.sql.SQLSyntaxErrorException: You have an error in your SQL syntax; check the manual that corresponds to your MariaDB server version for the right syntax to use near 'null , null' at line 13
### The error may exist in file [H:\MyGitProject\blog996\szcp\target\classes\mapper\TFundTypeMapper.xml]
### The error may involve com.yys.szcp.mapper.TFundTypeMapper.findFundTypeListByType-Inline
### The error occurred while setting parameters
### SQL: select id,         title,         type AS type,         sorting,         remark,         create_time AS createTime,         update_time AS updateTime         from t_fund_type         where delete_status = 0                       and type=?                   order by sorting DESC, create_time DESC limit ? , ?;
### Cause: java.sql.SQLSyntaxErrorException: You have an error in your SQL syntax; check the manual that corresponds to your MariaDB server version for the right syntax to use near 'null , null' at line 13
; bad SQL grammar []; nested exception is java.sql.SQLSyntaxErrorException: You have an error in your SQL syntax; check the manual that corresponds to your MariaDB server version for the right syntax to use near 'null , null' at line 13
[ERROR] 12:07:25.895 [http-nio-7071-exec-10] c.y.s.controller.FundTypeController - 查询基金类型错误: 
### Error querying database.  Cause: java.sql.SQLSyntaxErrorException: You have an error in your SQL syntax; check the manual that corresponds to your MariaDB server version for the right syntax to use near 'null , null' at line 13
### The error may exist in file [H:\MyGitProject\blog996\szcp\target\classes\mapper\TFundTypeMapper.xml]
### The error may involve com.yys.szcp.mapper.TFundTypeMapper.findFundTypeListByType-Inline
### The error occurred while setting parameters
### SQL: select id,         title,         type AS type,         sorting,         remark,         create_time AS createTime,         update_time AS updateTime         from t_fund_type         where delete_status = 0                       and type=?                   order by sorting DESC, create_time DESC limit ? , ?;
### Cause: java.sql.SQLSyntaxErrorException: You have an error in your SQL syntax; check the manual that corresponds to your MariaDB server version for the right syntax to use near 'null , null' at line 13
; bad SQL grammar []; nested exception is java.sql.SQLSyntaxErrorException: You have an error in your SQL syntax; check the manual that corresponds to your MariaDB server version for the right syntax to use near 'null , null' at line 13
[ERROR] 12:07:25.897 [http-nio-7071-exec-6] c.y.s.controller.FundTypeController - 查询基金类型错误: 
### Error querying database.  Cause: java.sql.SQLSyntaxErrorException: You have an error in your SQL syntax; check the manual that corresponds to your MariaDB server version for the right syntax to use near 'null , null' at line 13
### The error may exist in file [H:\MyGitProject\blog996\szcp\target\classes\mapper\TFundTypeMapper.xml]
### The error may involve com.yys.szcp.mapper.TFundTypeMapper.findFundTypeListByType-Inline
### The error occurred while setting parameters
### SQL: select id,         title,         type AS type,         sorting,         remark,         create_time AS createTime,         update_time AS updateTime         from t_fund_type         where delete_status = 0                       and type=?                   order by sorting DESC, create_time DESC limit ? , ?;
### Cause: java.sql.SQLSyntaxErrorException: You have an error in your SQL syntax; check the manual that corresponds to your MariaDB server version for the right syntax to use near 'null , null' at line 13
; bad SQL grammar []; nested exception is java.sql.SQLSyntaxErrorException: You have an error in your SQL syntax; check the manual that corresponds to your MariaDB server version for the right syntax to use near 'null , null' at line 13
[ERROR] 12:07:25.902 [http-nio-7071-exec-1] c.y.s.controller.FundTypeController - 查询基金类型错误: 
### Error querying database.  Cause: java.sql.SQLSyntaxErrorException: You have an error in your SQL syntax; check the manual that corresponds to your MariaDB server version for the right syntax to use near 'null , null' at line 13
### The error may exist in file [H:\MyGitProject\blog996\szcp\target\classes\mapper\TFundTypeMapper.xml]
### The error may involve com.yys.szcp.mapper.TFundTypeMapper.findFundTypeListByType-Inline
### The error occurred while setting parameters
### SQL: select id,         title,         type AS type,         sorting,         remark,         create_time AS createTime,         update_time AS updateTime         from t_fund_type         where delete_status = 0                       and type=?                   order by sorting DESC, create_time DESC limit ? , ?;
### Cause: java.sql.SQLSyntaxErrorException: You have an error in your SQL syntax; check the manual that corresponds to your MariaDB server version for the right syntax to use near 'null , null' at line 13
; bad SQL grammar []; nested exception is java.sql.SQLSyntaxErrorException: You have an error in your SQL syntax; check the manual that corresponds to your MariaDB server version for the right syntax to use near 'null , null' at line 13
[ERROR] 16:04:37.328 [http-nio-7071-exec-9] com.yys.szcp.config.jwt.JwtUtils - ===== token过期 =====
[ERROR] 16:05:08.969 [http-nio-7071-exec-10] c.y.szcp.controller.AdminController - 输出error级别的日志.....
