[INFO ] 13:45:15.384 [main] com.yys.szcp.SzcpApplication - Starting SzcpApplication on WINMICR-S3SJB84 with PID 12888 (H:\MyGitProject\blog996\szcp\target\classes started by Administrator in H:\MyGitProject\blog996\szcp)
[INFO ] 13:45:15.388 [main] com.yys.szcp.SzcpApplication - The following profiles are active: dev
[INFO ] 13:45:22.766 [main] o.s.d.r.c.RepositoryConfigurationDelegate - Multiple Spring Data modules found, entering strict repository configuration mode!
[INFO ] 13:45:22.791 [main] o.s.d.r.c.RepositoryConfigurationDelegate - Bootstrapping Spring Data Redis repositories in DEFAULT mode.
[INFO ] 13:45:22.947 [main] o.s.d.r.c.RepositoryConfigurationDelegate - Finished Spring Data repository scanning in 57ms. Found 0 Redis repository interfaces.
[INFO ] 13:45:24.965 [main] o.s.c.s.PostProcessorRegistrationDelegate$BeanPostProcessorChecker - Bean 'org.springframework.transaction.annotation.ProxyTransactionManagementConfiguration' of type [org.springframework.transaction.annotation.ProxyTransactionManagementConfiguration] is not eligible for getting processed by all BeanPostProcessors (for example: not eligible for auto-proxying)
[INFO ] 13:45:26.235 [main] o.s.b.w.e.tomcat.TomcatWebServer - Tomcat initialized with port(s): 7071 (http)
[INFO ] 13:45:26.263 [main] o.a.coyote.http11.Http11NioProtocol - Initializing ProtocolHandler ["http-nio-7071"]
[INFO ] 13:45:26.266 [main] o.a.catalina.core.StandardService - Starting service [Tomcat]
[INFO ] 13:45:26.266 [main] o.a.catalina.core.StandardEngine - Starting Servlet engine: [Apache Tomcat/9.0.30]
[INFO ] 13:45:26.649 [main] o.a.c.c.C.[Tomcat].[localhost].[/] - Initializing Spring embedded WebApplicationContext
[INFO ] 13:45:26.650 [main] o.s.web.context.ContextLoader - Root WebApplicationContext: initialization completed in 10972 ms
[INFO ] 13:45:26.827 [main] o.s.b.web.servlet.RegistrationBean - Servlet statViewServlet was not registered (possibly already registered?)
[INFO ] 13:45:26.840 [main] o.s.b.web.servlet.RegistrationBean - Filter webStatFilter was not registered (possibly already registered?)
[INFO ] 13:45:28.637 [main] c.alibaba.druid.pool.DruidDataSource - {dataSource-1} inited
[INFO ] 13:45:31.381 [main] s.d.s.w.PropertySourcedRequestMappingHandlerMapping - Mapped URL path [/v2/api-docs] onto method [springfox.documentation.swagger2.web.Swagger2Controller#getDocumentation(String, HttpServletRequest)]
[INFO ] 13:45:32.989 [main] o.s.s.c.ThreadPoolTaskExecutor - Initializing ExecutorService 'applicationTaskExecutor'
[INFO ] 13:45:34.311 [main] o.s.s.c.ThreadPoolTaskScheduler - Initializing ExecutorService 'taskScheduler'
[INFO ] 13:45:34.495 [main] s.d.s.w.p.DocumentationPluginsBootstrapper - Context refreshed
[INFO ] 13:45:34.576 [main] s.d.s.w.p.DocumentationPluginsBootstrapper - Found 1 custom documentation plugin(s)
[INFO ] 13:45:34.752 [main] s.d.s.w.s.ApiListingReferenceScanner - Scanning for api listing references
[INFO ] 13:45:36.878 [main] o.a.coyote.http11.Http11NioProtocol - Starting ProtocolHandler ["http-nio-7071"]
[INFO ] 13:45:36.979 [main] o.s.b.w.e.tomcat.TomcatWebServer - Tomcat started on port(s): 7071 (http) with context path ''
[INFO ] 13:45:36.989 [main] com.yys.szcp.SzcpApplication - Started SzcpApplication in 23.886 seconds (JVM running for 30.426)
[INFO ] 15:21:49.043 [SpringContextShutdownHook] o.s.s.c.ThreadPoolTaskScheduler - Shutting down ExecutorService 'taskScheduler'
[INFO ] 15:21:49.053 [SpringContextShutdownHook] o.s.s.c.ThreadPoolTaskExecutor - Shutting down ExecutorService 'applicationTaskExecutor'
[INFO ] 15:21:49.271 [SpringContextShutdownHook] c.alibaba.druid.pool.DruidDataSource - {dataSource-1} closed
