[INFO ] 22:53:54.092 [main] com.yys.szcp.SzcpApplication - Starting SzcpApplication on yangys with PID 18828 (E:\MyGithubProject\blog996\szcp\target\classes started by yangys in E:\MyGithubProject\blog996\szcp)
[INFO ] 22:53:54.093 [main] com.yys.szcp.SzcpApplication - The following profiles are active: dev
[INFO ] 22:53:54.681 [main] o.s.d.r.c.RepositoryConfigurationDelegate - Multiple Spring Data modules found, entering strict repository configuration mode!
[INFO ] 22:53:54.683 [main] o.s.d.r.c.RepositoryConfigurationDelegate - Bootstrapping Spring Data Redis repositories in DEFAULT mode.
[INFO ] 22:53:54.709 [main] o.s.d.r.c.RepositoryConfigurationDelegate - Finished Spring Data repository scanning in 10ms. Found 0 Redis repository interfaces.
[INFO ] 22:53:54.990 [main] o.s.c.s.PostProcessorRegistrationDelegate$BeanPostProcessorChecker - Bean 'org.springframework.transaction.annotation.ProxyTransactionManagementConfiguration' of type [org.springframework.transaction.annotation.ProxyTransactionManagementConfiguration] is not eligible for getting processed by all BeanPostProcessors (for example: not eligible for auto-proxying)
[INFO ] 22:53:55.276 [main] o.s.b.w.e.tomcat.TomcatWebServer - Tomcat initialized with port(s): 7071 (http)
[INFO ] 22:53:55.286 [main] o.a.coyote.http11.Http11NioProtocol - Initializing ProtocolHandler ["http-nio-7071"]
[INFO ] 22:53:55.286 [main] o.a.catalina.core.StandardService - Starting service [Tomcat]
[INFO ] 22:53:55.287 [main] o.a.catalina.core.StandardEngine - Starting Servlet engine: [Apache Tomcat/9.0.30]
[INFO ] 22:53:55.403 [main] o.a.c.c.C.[Tomcat].[localhost].[/] - Initializing Spring embedded WebApplicationContext
[INFO ] 22:53:55.404 [main] o.s.web.context.ContextLoader - Root WebApplicationContext: initialization completed in 1275 ms
[INFO ] 22:53:55.437 [main] o.s.b.web.servlet.RegistrationBean - Servlet statViewServlet was not registered (possibly already registered?)
[INFO ] 22:53:55.440 [main] o.s.b.web.servlet.RegistrationBean - Filter webStatFilter was not registered (possibly already registered?)
[INFO ] 22:53:59.777 [main] c.alibaba.druid.pool.DruidDataSource - {dataSource-1} inited
[INFO ] 22:53:59.782 [main] o.a.catalina.core.StandardService - Stopping service [Tomcat]
[INFO ] 22:57:53.262 [main] com.yys.szcp.SzcpApplication - Starting SzcpApplication on yangys with PID 27576 (E:\MyGithubProject\blog996\szcp\target\classes started by yangys in E:\MyGithubProject\blog996\szcp)
[INFO ] 22:57:53.263 [main] com.yys.szcp.SzcpApplication - The following profiles are active: dev
[INFO ] 22:57:53.826 [main] o.s.d.r.c.RepositoryConfigurationDelegate - Multiple Spring Data modules found, entering strict repository configuration mode!
[INFO ] 22:57:53.827 [main] o.s.d.r.c.RepositoryConfigurationDelegate - Bootstrapping Spring Data Redis repositories in DEFAULT mode.
[INFO ] 22:57:53.849 [main] o.s.d.r.c.RepositoryConfigurationDelegate - Finished Spring Data repository scanning in 9ms. Found 0 Redis repository interfaces.
[INFO ] 22:57:54.077 [main] o.s.c.s.PostProcessorRegistrationDelegate$BeanPostProcessorChecker - Bean 'org.springframework.transaction.annotation.ProxyTransactionManagementConfiguration' of type [org.springframework.transaction.annotation.ProxyTransactionManagementConfiguration] is not eligible for getting processed by all BeanPostProcessors (for example: not eligible for auto-proxying)
[INFO ] 22:57:54.298 [main] o.s.b.w.e.tomcat.TomcatWebServer - Tomcat initialized with port(s): 7071 (http)
[INFO ] 22:57:54.307 [main] o.a.coyote.http11.Http11NioProtocol - Initializing ProtocolHandler ["http-nio-7071"]
[INFO ] 22:57:54.307 [main] o.a.catalina.core.StandardService - Starting service [Tomcat]
[INFO ] 22:57:54.308 [main] o.a.catalina.core.StandardEngine - Starting Servlet engine: [Apache Tomcat/9.0.30]
[INFO ] 22:57:54.411 [main] o.a.c.c.C.[Tomcat].[localhost].[/] - Initializing Spring embedded WebApplicationContext
[INFO ] 22:57:54.411 [main] o.s.web.context.ContextLoader - Root WebApplicationContext: initialization completed in 1118 ms
[INFO ] 22:57:54.440 [main] o.s.b.web.servlet.RegistrationBean - Servlet statViewServlet was not registered (possibly already registered?)
[INFO ] 22:57:54.442 [main] o.s.b.web.servlet.RegistrationBean - Filter webStatFilter was not registered (possibly already registered?)
[INFO ] 22:57:54.786 [main] c.alibaba.druid.pool.DruidDataSource - {dataSource-1} inited
[INFO ] 22:57:55.098 [main] o.s.s.c.ThreadPoolTaskExecutor - Initializing ExecutorService 'applicationTaskExecutor'
[INFO ] 22:57:55.570 [main] o.s.s.c.ThreadPoolTaskScheduler - Initializing ExecutorService 'taskScheduler'
[INFO ] 22:57:55.604 [main] o.a.coyote.http11.Http11NioProtocol - Starting ProtocolHandler ["http-nio-7071"]
[INFO ] 22:57:55.621 [main] o.s.b.w.e.tomcat.TomcatWebServer - Tomcat started on port(s): 7071 (http) with context path ''
[INFO ] 22:57:55.623 [main] com.yys.szcp.SzcpApplication - Started SzcpApplication in 2.652 seconds (JVM running for 3.559)
[INFO ] 23:11:38.827 [http-nio-7071-exec-1] o.a.c.c.C.[Tomcat].[localhost].[/] - Initializing Spring DispatcherServlet 'dispatcherServlet'
[INFO ] 23:11:38.827 [http-nio-7071-exec-1] o.s.web.servlet.DispatcherServlet - Initializing Servlet 'dispatcherServlet'
[INFO ] 23:11:38.832 [http-nio-7071-exec-1] o.s.web.servlet.DispatcherServlet - Completed initialization in 5 ms
[INFO ] 23:11:38.847 [http-nio-7071-exec-1] c.yys.szcp.config.jwt.JwtInterceptor - 访问路径:/sys/admin/findAdminUserInfo
[INFO ] 23:11:38.849 [http-nio-7071-exec-1] c.yys.szcp.config.jwt.JwtInterceptor - ===== 用户未登录, 请先登录:/sys/admin/findAdminUserInfo
[INFO ] 23:11:38.912 [http-nio-7071-exec-2] c.yys.szcp.config.jwt.JwtInterceptor - 访问路径:/sys/admin/findAdminUserInfo
[INFO ] 23:11:38.912 [http-nio-7071-exec-2] c.yys.szcp.config.jwt.JwtInterceptor - ===== token格式异常 =====
[INFO ] 23:11:39.034 [http-nio-7071-exec-3] c.yys.szcp.config.jwt.JwtInterceptor - 访问路径:/sys/articleMenu/findArticleMenuToArticleListForHome
[INFO ] 23:11:39.037 [http-nio-7071-exec-4] c.yys.szcp.config.jwt.JwtInterceptor - 访问路径:/sys/articleMenu/findArticleMenuToArticleListForHome
[INFO ] 23:11:39.512 [http-nio-7071-exec-5] c.yys.szcp.config.jwt.JwtInterceptor - 访问路径:/sys/article/markdown
[INFO ] 23:11:39.514 [http-nio-7071-exec-6] c.yys.szcp.config.jwt.JwtInterceptor - 访问路径:/sys/article/markdown
[INFO ] 23:12:01.955 [http-nio-7071-exec-7] c.yys.szcp.config.jwt.JwtInterceptor - 访问路径:/sys/admin/findAdminUserInfo
[INFO ] 23:12:01.955 [http-nio-7071-exec-7] c.yys.szcp.config.jwt.JwtInterceptor - ===== token格式异常 =====
[INFO ] 23:12:02.106 [http-nio-7071-exec-8] c.yys.szcp.config.jwt.JwtInterceptor - 访问路径:/sys/articleMenu/findArticleMenuToArticleListForHome
[INFO ] 23:12:02.368 [http-nio-7071-exec-9] c.yys.szcp.config.jwt.JwtInterceptor - 访问路径:/sys/article/markdown
[INFO ] 23:12:10.058 [http-nio-7071-exec-10] c.yys.szcp.config.jwt.JwtInterceptor - 访问路径:/sys/article/markdown
[INFO ] 23:12:10.060 [http-nio-7071-exec-1] c.yys.szcp.config.jwt.JwtInterceptor - 访问路径:/sys/article/markdown
[INFO ] 23:12:53.384 [http-nio-7071-exec-3] c.yys.szcp.config.jwt.JwtInterceptor - 访问路径:/sys/admin/findAdminUserInfo
[INFO ] 23:12:53.384 [http-nio-7071-exec-3] c.yys.szcp.config.jwt.JwtInterceptor - ===== token格式异常 =====
[INFO ] 23:12:56.193 [http-nio-7071-exec-4] c.yys.szcp.config.jwt.JwtInterceptor - 访问路径:/sys/admin/login
[INFO ] 23:12:56.193 [http-nio-7071-exec-4] c.yys.szcp.config.jwt.JwtInterceptor - ===== 用户未登录, 请先登录:/sys/admin/login
[INFO ] 23:12:56.196 [http-nio-7071-exec-5] c.yys.szcp.config.jwt.JwtInterceptor - 访问路径:/sys/admin/login
[INFO ] 23:12:56.197 [http-nio-7071-exec-5] c.y.szcp.controller.AdminController - 输出info级别的日志.....
[INFO ] 23:12:56.637 [http-nio-7071-exec-6] c.yys.szcp.config.jwt.JwtInterceptor - 访问路径:/sys/admin/findAdminUserInfo
[INFO ] 23:12:56.637 [http-nio-7071-exec-6] c.yys.szcp.config.jwt.JwtInterceptor - ===== 用户未登录, 请先登录:/sys/admin/findAdminUserInfo
[INFO ] 23:12:56.639 [http-nio-7071-exec-7] c.yys.szcp.config.jwt.JwtInterceptor - 访问路径:/sys/admin/findAdminUserInfo
[INFO ] 23:13:19.367 [http-nio-7071-exec-8] c.yys.szcp.config.jwt.JwtInterceptor - 访问路径:/sys/articleMenu/findArticleMenuToArticleList
[INFO ] 23:13:19.367 [http-nio-7071-exec-8] c.yys.szcp.config.jwt.JwtInterceptor - ===== 用户未登录, 请先登录:/sys/articleMenu/findArticleMenuToArticleList
[INFO ] 23:13:19.369 [http-nio-7071-exec-9] c.yys.szcp.config.jwt.JwtInterceptor - 访问路径:/sys/articleMenu/findArticleMenuToArticleList
[INFO ] 23:13:21.468 [http-nio-7071-exec-10] c.yys.szcp.config.jwt.JwtInterceptor - 访问路径:/sys/article/findArticleList
[INFO ] 23:13:21.468 [http-nio-7071-exec-10] c.yys.szcp.config.jwt.JwtInterceptor - ===== 用户未登录, 请先登录:/sys/article/findArticleList
[INFO ] 23:13:21.470 [http-nio-7071-exec-1] c.yys.szcp.config.jwt.JwtInterceptor - 访问路径:/sys/article/findArticleList
[INFO ] 23:13:25.609 [http-nio-7071-exec-2] c.yys.szcp.config.jwt.JwtInterceptor - 访问路径:/sys/articleMenu/findArticleMenuList
[INFO ] 23:13:25.609 [http-nio-7071-exec-2] c.yys.szcp.config.jwt.JwtInterceptor - ===== 用户未登录, 请先登录:/sys/articleMenu/findArticleMenuList
[INFO ] 23:13:25.611 [http-nio-7071-exec-3] c.yys.szcp.config.jwt.JwtInterceptor - 访问路径:/sys/articleMenu/findArticleMenuList
[INFO ] 23:15:06.797 [http-nio-7071-exec-6] c.yys.szcp.config.jwt.JwtInterceptor - 访问路径:/sys/admin/findAdminUserInfo
[INFO ] 23:15:06.936 [http-nio-7071-exec-7] c.yys.szcp.config.jwt.JwtInterceptor - 访问路径:/sys/articleMenu/findArticleMenuToArticleListForHome
[INFO ] 23:15:06.938 [http-nio-7071-exec-8] c.yys.szcp.config.jwt.JwtInterceptor - 访问路径:/sys/articleMenu/findArticleMenuToArticleListForHome
[INFO ] 23:15:07.125 [http-nio-7071-exec-9] c.yys.szcp.config.jwt.JwtInterceptor - 访问路径:/sys/article/markdown
[INFO ] 23:15:07.127 [http-nio-7071-exec-10] c.yys.szcp.config.jwt.JwtInterceptor - 访问路径:/sys/article/markdown
[INFO ] 23:15:14.113 [http-nio-7071-exec-1] c.yys.szcp.config.jwt.JwtInterceptor - 访问路径:/sys/admin/findAdminUserInfo
[INFO ] 23:15:16.664 [http-nio-7071-exec-2] c.yys.szcp.config.jwt.JwtInterceptor - 访问路径:/sys/articleMenu/findArticleMenuToArticleList
[INFO ] 23:15:17.400 [http-nio-7071-exec-3] c.yys.szcp.config.jwt.JwtInterceptor - 访问路径:/sys/articleMenu/findArticleMenuList
[INFO ] 23:15:19.072 [http-nio-7071-exec-5] c.yys.szcp.config.jwt.JwtInterceptor - 访问路径:/sys/admin/findAdminUserListByOrganId
[INFO ] 23:15:19.072 [http-nio-7071-exec-5] c.yys.szcp.config.jwt.JwtInterceptor - ===== 用户未登录, 请先登录:/sys/admin/findAdminUserListByOrganId
[INFO ] 23:15:19.074 [http-nio-7071-exec-4] c.yys.szcp.config.jwt.JwtInterceptor - 访问路径:/sys/organ/findOrganUserTree
[INFO ] 23:15:19.074 [http-nio-7071-exec-4] c.yys.szcp.config.jwt.JwtInterceptor - ===== 用户未登录, 请先登录:/sys/organ/findOrganUserTree
[INFO ] 23:15:19.076 [http-nio-7071-exec-7] c.yys.szcp.config.jwt.JwtInterceptor - 访问路径:/sys/organ/findOrganUserTree
[INFO ] 23:15:19.083 [http-nio-7071-exec-6] c.yys.szcp.config.jwt.JwtInterceptor - 访问路径:/sys/admin/findAdminUserListByOrganId
[INFO ] 23:15:26.812 [http-nio-7071-exec-8] c.yys.szcp.config.jwt.JwtInterceptor - 访问路径:/sys/menu/findMenuByMyRoleId
[INFO ] 23:15:26.812 [http-nio-7071-exec-8] c.yys.szcp.config.jwt.JwtInterceptor - ===== 用户未登录, 请先登录:/sys/menu/findMenuByMyRoleId
[INFO ] 23:15:26.814 [http-nio-7071-exec-9] c.yys.szcp.config.jwt.JwtInterceptor - 访问路径:/sys/menu/findMenuByMyRoleId
[INFO ] 23:15:27.680 [http-nio-7071-exec-10] c.yys.szcp.config.jwt.JwtInterceptor - 访问路径:/sys/articleMenu/findArticleMenuList
[INFO ] 23:15:40.533 [http-nio-7071-exec-1] c.yys.szcp.config.jwt.JwtInterceptor - 访问路径:/sys/menu/findAllIcon
[INFO ] 23:15:40.533 [http-nio-7071-exec-1] c.yys.szcp.config.jwt.JwtInterceptor - ===== 用户未登录, 请先登录:/sys/menu/findAllIcon
[INFO ] 23:15:40.536 [http-nio-7071-exec-2] c.yys.szcp.config.jwt.JwtInterceptor - 访问路径:/sys/menu/findAllIcon
[INFO ] 23:15:47.261 [http-nio-7071-exec-3] c.yys.szcp.config.jwt.JwtInterceptor - 访问路径:/sys/articleMenu/findArticleMenuList
[INFO ] 23:16:14.633 [http-nio-7071-exec-5] c.yys.szcp.config.jwt.JwtInterceptor - 访问路径:/sys/menu/findAllIcon
[INFO ] 23:16:20.356 [http-nio-7071-exec-7] c.yys.szcp.config.jwt.JwtInterceptor - 访问路径:/sys/articleMenu/findArticleMenuList
[INFO ] 23:18:54.981 [http-nio-7071-exec-9] c.yys.szcp.config.jwt.JwtInterceptor - 访问路径:/sys/articleMenu/findArticleMenuToArticleList
[INFO ] 23:18:56.377 [http-nio-7071-exec-10] c.yys.szcp.config.jwt.JwtInterceptor - 访问路径:/sys/articleMenu/findArticleMenuList
[INFO ] 23:19:10.956 [http-nio-7071-exec-1] c.yys.szcp.config.jwt.JwtInterceptor - 访问路径:/sys/articleMenu/findArticleMenuToArticleList
[INFO ] 23:19:14.887 [http-nio-7071-exec-2] c.yys.szcp.config.jwt.JwtInterceptor - 访问路径:/sys/articleMenu/findArticleMenuList
[INFO ] 23:19:20.464 [http-nio-7071-exec-3] c.yys.szcp.config.jwt.JwtInterceptor - 访问路径:/sys/menu/findAllIcon
[INFO ] 23:19:21.879 [http-nio-7071-exec-5] c.yys.szcp.config.jwt.JwtInterceptor - 访问路径:/sys/articleMenu/findArticleMenuList
[INFO ] 23:22:28.384 [http-nio-7071-exec-7] c.yys.szcp.config.jwt.JwtInterceptor - 访问路径:/sys/organ/findOrganTree
[INFO ] 23:22:28.384 [http-nio-7071-exec-7] c.yys.szcp.config.jwt.JwtInterceptor - ===== 用户未登录, 请先登录:/sys/organ/findOrganTree
[INFO ] 23:22:28.387 [http-nio-7071-exec-6] c.yys.szcp.config.jwt.JwtInterceptor - 访问路径:/sys/organ/findOrganTree
[INFO ] 23:22:41.065 [http-nio-7071-exec-8] c.yys.szcp.config.jwt.JwtInterceptor - 访问路径:/sys/organ/deleteOrgan
[INFO ] 23:22:41.065 [http-nio-7071-exec-8] c.yys.szcp.config.jwt.JwtInterceptor - ===== 用户未登录, 请先登录:/sys/organ/deleteOrgan
[INFO ] 23:22:41.067 [http-nio-7071-exec-9] c.yys.szcp.config.jwt.JwtInterceptor - 访问路径:/sys/organ/deleteOrgan
[INFO ] 23:22:41.105 [http-nio-7071-exec-10] c.yys.szcp.config.jwt.JwtInterceptor - 访问路径:/sys/organ/findOrganTree
[INFO ] 23:22:50.459 [http-nio-7071-exec-1] c.yys.szcp.config.jwt.JwtInterceptor - 访问路径:/sys/organ/deleteOrgan
[INFO ] 23:22:50.459 [http-nio-7071-exec-1] c.yys.szcp.config.jwt.JwtInterceptor - ===== 用户未登录, 请先登录:/sys/organ/deleteOrgan
[INFO ] 23:22:50.461 [http-nio-7071-exec-2] c.yys.szcp.config.jwt.JwtInterceptor - 访问路径:/sys/organ/deleteOrgan
[INFO ] 23:22:50.485 [http-nio-7071-exec-3] c.yys.szcp.config.jwt.JwtInterceptor - 访问路径:/sys/organ/findOrganTree
[INFO ] 23:23:20.737 [http-nio-7071-exec-5] c.yys.szcp.config.jwt.JwtInterceptor - 访问路径:/sys/organ/addOrgan
[INFO ] 23:23:20.737 [http-nio-7071-exec-5] c.yys.szcp.config.jwt.JwtInterceptor - ===== 用户未登录, 请先登录:/sys/organ/addOrgan
[INFO ] 23:23:20.739 [http-nio-7071-exec-4] c.yys.szcp.config.jwt.JwtInterceptor - 访问路径:/sys/organ/addOrgan
[INFO ] 23:23:20.784 [http-nio-7071-exec-7] c.yys.szcp.config.jwt.JwtInterceptor - 访问路径:/sys/organ/findOrganTree
[INFO ] 23:23:36.050 [http-nio-7071-exec-6] c.yys.szcp.config.jwt.JwtInterceptor - 访问路径:/sys/organ/addOrgan
[INFO ] 23:23:36.050 [http-nio-7071-exec-6] c.yys.szcp.config.jwt.JwtInterceptor - ===== 用户未登录, 请先登录:/sys/organ/addOrgan
[INFO ] 23:23:36.052 [http-nio-7071-exec-8] c.yys.szcp.config.jwt.JwtInterceptor - 访问路径:/sys/organ/addOrgan
[INFO ] 23:23:36.081 [http-nio-7071-exec-9] c.yys.szcp.config.jwt.JwtInterceptor - 访问路径:/sys/organ/findOrganTree
[INFO ] 23:23:56.972 [http-nio-7071-exec-10] c.yys.szcp.config.jwt.JwtInterceptor - 访问路径:/sys/organ/deleteOrgan
[INFO ] 23:23:56.972 [http-nio-7071-exec-10] c.yys.szcp.config.jwt.JwtInterceptor - ===== 用户未登录, 请先登录:/sys/organ/deleteOrgan
[INFO ] 23:23:56.975 [http-nio-7071-exec-1] c.yys.szcp.config.jwt.JwtInterceptor - 访问路径:/sys/organ/deleteOrgan
[INFO ] 23:23:57.000 [http-nio-7071-exec-2] c.yys.szcp.config.jwt.JwtInterceptor - 访问路径:/sys/organ/findOrganTree
[INFO ] 23:26:26.617 [http-nio-7071-exec-4] c.yys.szcp.config.jwt.JwtInterceptor - 访问路径:/sys/menu/findAllIcon
[INFO ] 23:26:27.627 [http-nio-7071-exec-7] c.yys.szcp.config.jwt.JwtInterceptor - 访问路径:/sys/role/findRoleList
[INFO ] 23:26:27.627 [http-nio-7071-exec-7] c.yys.szcp.config.jwt.JwtInterceptor - ===== 用户未登录, 请先登录:/sys/role/findRoleList
[INFO ] 23:26:27.631 [http-nio-7071-exec-6] c.yys.szcp.config.jwt.JwtInterceptor - 访问路径:/sys/role/findRoleList
[INFO ] 23:26:27.792 [http-nio-7071-exec-8] c.yys.szcp.config.jwt.JwtInterceptor - 访问路径:/sys/organ/findOrganTree
[INFO ] 23:26:28.835 [http-nio-7071-exec-9] c.yys.szcp.config.jwt.JwtInterceptor - 访问路径:/sys/menu/findMenuByMyRoleId
[INFO ] 23:26:29.410 [http-nio-7071-exec-10] c.yys.szcp.config.jwt.JwtInterceptor - 访问路径:/sys/admin/findAdminUserListByOrganId
[INFO ] 23:26:29.410 [http-nio-7071-exec-1] c.yys.szcp.config.jwt.JwtInterceptor - 访问路径:/sys/organ/findOrganUserTree
[INFO ] 23:26:51.435 [http-nio-7071-exec-2] c.yys.szcp.config.jwt.JwtInterceptor - 访问路径:/sys/organ/findOrganTree
[INFO ] 23:26:59.502 [http-nio-7071-exec-5] c.yys.szcp.config.jwt.JwtInterceptor - 访问路径:/sys/organ/updateOrgan
[INFO ] 23:26:59.502 [http-nio-7071-exec-5] c.yys.szcp.config.jwt.JwtInterceptor - ===== 用户未登录, 请先登录:/sys/organ/updateOrgan
[INFO ] 23:26:59.504 [http-nio-7071-exec-3] c.yys.szcp.config.jwt.JwtInterceptor - 访问路径:/sys/organ/updateOrgan
[INFO ] 23:26:59.537 [http-nio-7071-exec-4] c.yys.szcp.config.jwt.JwtInterceptor - 访问路径:/sys/organ/findOrganTree
[INFO ] 23:27:10.511 [http-nio-7071-exec-7] c.yys.szcp.config.jwt.JwtInterceptor - 访问路径:/sys/menu/findAllIcon
[INFO ] 23:27:11.672 [http-nio-7071-exec-6] c.yys.szcp.config.jwt.JwtInterceptor - 访问路径:/sys/admin/findAdminUserListByOrganId
[INFO ] 23:27:11.672 [http-nio-7071-exec-8] c.yys.szcp.config.jwt.JwtInterceptor - 访问路径:/sys/organ/findOrganUserTree
[INFO ] 23:27:12.743 [http-nio-7071-exec-9] c.yys.szcp.config.jwt.JwtInterceptor - 访问路径:/sys/articleMenu/findArticleMenuToArticleList
[INFO ] 23:27:13.392 [http-nio-7071-exec-1] c.yys.szcp.config.jwt.JwtInterceptor - 访问路径:/sys/articleMenu/findArticleMenuList
[INFO ] 23:40:14.642 [http-nio-7071-exec-5] c.yys.szcp.config.jwt.JwtInterceptor - 访问路径:/sys/admin/findAdminUserInfo
[INFO ] 23:40:14.792 [http-nio-7071-exec-3] c.yys.szcp.config.jwt.JwtInterceptor - 访问路径:/sys/articleMenu/findArticleMenuList
[INFO ] 23:40:19.424 [http-nio-7071-exec-4] c.yys.szcp.config.jwt.JwtInterceptor - 访问路径:/sys/articleMenu/findArticleMenuToArticleList
[INFO ] 23:40:20.857 [http-nio-7071-exec-7] c.yys.szcp.config.jwt.JwtInterceptor - 访问路径:/sys/article/findArticleList
[INFO ] 23:40:20.857 [http-nio-7071-exec-7] c.yys.szcp.config.jwt.JwtInterceptor - ===== 用户未登录, 请先登录:/sys/article/findArticleList
[INFO ] 23:40:20.860 [http-nio-7071-exec-8] c.yys.szcp.config.jwt.JwtInterceptor - 访问路径:/sys/article/findArticleList
[INFO ] 23:40:21.657 [http-nio-7071-exec-6] c.yys.szcp.config.jwt.JwtInterceptor - 访问路径:/sys/article/findArticleList
[INFO ] 23:40:23.058 [http-nio-7071-exec-9] c.yys.szcp.config.jwt.JwtInterceptor - 访问路径:/sys/article/markdown
[INFO ] 23:40:23.060 [http-nio-7071-exec-1] c.yys.szcp.config.jwt.JwtInterceptor - 访问路径:/sys/article/markdown
[INFO ] 23:40:56.973 [SpringContextShutdownHook] o.s.s.c.ThreadPoolTaskScheduler - Shutting down ExecutorService 'taskScheduler'
[INFO ] 23:40:56.993 [SpringContextShutdownHook] o.s.s.c.ThreadPoolTaskExecutor - Shutting down ExecutorService 'applicationTaskExecutor'
[INFO ] 23:40:56.996 [SpringContextShutdownHook] c.alibaba.druid.pool.DruidDataSource - {dataSource-1} closed
[INFO ] 23:40:59.953 [main] com.yys.szcp.SzcpApplication - Starting SzcpApplication on yangys with PID 20020 (E:\MyGithubProject\blog996\szcp\target\classes started by yangys in E:\MyGithubProject\blog996\szcp)
[INFO ] 23:40:59.954 [main] com.yys.szcp.SzcpApplication - The following profiles are active: dev
[INFO ] 23:41:00.486 [main] o.s.d.r.c.RepositoryConfigurationDelegate - Multiple Spring Data modules found, entering strict repository configuration mode!
[INFO ] 23:41:00.488 [main] o.s.d.r.c.RepositoryConfigurationDelegate - Bootstrapping Spring Data Redis repositories in DEFAULT mode.
[INFO ] 23:41:00.511 [main] o.s.d.r.c.RepositoryConfigurationDelegate - Finished Spring Data repository scanning in 9ms. Found 0 Redis repository interfaces.
[INFO ] 23:41:00.757 [main] o.s.c.s.PostProcessorRegistrationDelegate$BeanPostProcessorChecker - Bean 'org.springframework.transaction.annotation.ProxyTransactionManagementConfiguration' of type [org.springframework.transaction.annotation.ProxyTransactionManagementConfiguration] is not eligible for getting processed by all BeanPostProcessors (for example: not eligible for auto-proxying)
[INFO ] 23:41:00.977 [main] o.s.b.w.e.tomcat.TomcatWebServer - Tomcat initialized with port(s): 7071 (http)
[INFO ] 23:41:00.987 [main] o.a.coyote.http11.Http11NioProtocol - Initializing ProtocolHandler ["http-nio-7071"]
[INFO ] 23:41:00.988 [main] o.a.catalina.core.StandardService - Starting service [Tomcat]
[INFO ] 23:41:00.988 [main] o.a.catalina.core.StandardEngine - Starting Servlet engine: [Apache Tomcat/9.0.30]
[INFO ] 23:41:01.091 [main] o.a.c.c.C.[Tomcat].[localhost].[/] - Initializing Spring embedded WebApplicationContext
[INFO ] 23:41:01.092 [main] o.s.web.context.ContextLoader - Root WebApplicationContext: initialization completed in 1075 ms
[INFO ] 23:41:01.120 [main] o.s.b.web.servlet.RegistrationBean - Servlet statViewServlet was not registered (possibly already registered?)
[INFO ] 23:41:01.123 [main] o.s.b.web.servlet.RegistrationBean - Filter webStatFilter was not registered (possibly already registered?)
[INFO ] 23:41:01.411 [main] c.alibaba.druid.pool.DruidDataSource - {dataSource-1} inited
[INFO ] 23:41:01.690 [main] o.s.s.c.ThreadPoolTaskExecutor - Initializing ExecutorService 'applicationTaskExecutor'
[INFO ] 23:41:02.113 [main] o.s.s.c.ThreadPoolTaskScheduler - Initializing ExecutorService 'taskScheduler'
[INFO ] 23:41:02.155 [main] o.a.coyote.http11.Http11NioProtocol - Starting ProtocolHandler ["http-nio-7071"]
[INFO ] 23:41:02.173 [main] o.s.b.w.e.tomcat.TomcatWebServer - Tomcat started on port(s): 7071 (http) with context path ''
[INFO ] 23:41:02.175 [main] com.yys.szcp.SzcpApplication - Started SzcpApplication in 2.501 seconds (JVM running for 3.895)
[INFO ] 23:41:10.087 [http-nio-7071-exec-1] o.a.c.c.C.[Tomcat].[localhost].[/] - Initializing Spring DispatcherServlet 'dispatcherServlet'
[INFO ] 23:41:10.087 [http-nio-7071-exec-1] o.s.web.servlet.DispatcherServlet - Initializing Servlet 'dispatcherServlet'
[INFO ] 23:41:10.094 [http-nio-7071-exec-1] o.s.web.servlet.DispatcherServlet - Completed initialization in 6 ms
[INFO ] 23:41:10.114 [http-nio-7071-exec-1] c.yys.szcp.config.jwt.JwtInterceptor - 访问路径:/sys/admin/findAdminUserInfo
[INFO ] 23:41:10.942 [http-nio-7071-exec-2] c.yys.szcp.config.jwt.JwtInterceptor - 访问路径:/sys/articleMenu/findArticleMenuToArticleList
[INFO ] 23:41:12.958 [http-nio-7071-exec-3] c.yys.szcp.config.jwt.JwtInterceptor - 访问路径:/sys/article/findArticleList
[INFO ] 23:41:13.925 [http-nio-7071-exec-4] c.yys.szcp.config.jwt.JwtInterceptor - 访问路径:/sys/article/markdown
[INFO ] 23:41:38.179 [http-nio-7071-exec-7] c.yys.szcp.config.jwt.JwtInterceptor - 访问路径:/sys/article/markdown
[INFO ] 23:41:38.182 [http-nio-7071-exec-6] c.yys.szcp.config.jwt.JwtInterceptor - 访问路径:/sys/article/markdown
[INFO ] 23:41:47.087 [http-nio-7071-exec-5] c.yys.szcp.config.jwt.JwtInterceptor - 访问路径:/sys/article/markdown
[INFO ] 23:41:47.090 [http-nio-7071-exec-10] c.yys.szcp.config.jwt.JwtInterceptor - 访问路径:/sys/article/markdown
[INFO ] 23:47:58.957 [SpringContextShutdownHook] o.s.s.c.ThreadPoolTaskScheduler - Shutting down ExecutorService 'taskScheduler'
[INFO ] 23:47:58.976 [SpringContextShutdownHook] o.s.s.c.ThreadPoolTaskExecutor - Shutting down ExecutorService 'applicationTaskExecutor'
[INFO ] 23:47:58.993 [SpringContextShutdownHook] c.alibaba.druid.pool.DruidDataSource - {dataSource-1} closed
[INFO ] 23:48:03.402 [main] com.yys.szcp.SzcpApplication - Starting SzcpApplication on yangys with PID 11644 (E:\MyGithubProject\blog996\szcp\target\classes started by yangys in E:\MyGithubProject\blog996\szcp)
[INFO ] 23:48:03.403 [main] com.yys.szcp.SzcpApplication - The following profiles are active: dev
[INFO ] 23:48:04.159 [main] o.s.d.r.c.RepositoryConfigurationDelegate - Multiple Spring Data modules found, entering strict repository configuration mode!
[INFO ] 23:48:04.163 [main] o.s.d.r.c.RepositoryConfigurationDelegate - Bootstrapping Spring Data Redis repositories in DEFAULT mode.
[INFO ] 23:48:04.194 [main] o.s.d.r.c.RepositoryConfigurationDelegate - Finished Spring Data repository scanning in 12ms. Found 0 Redis repository interfaces.
[INFO ] 23:48:04.526 [main] o.s.c.s.PostProcessorRegistrationDelegate$BeanPostProcessorChecker - Bean 'org.springframework.transaction.annotation.ProxyTransactionManagementConfiguration' of type [org.springframework.transaction.annotation.ProxyTransactionManagementConfiguration] is not eligible for getting processed by all BeanPostProcessors (for example: not eligible for auto-proxying)
[INFO ] 23:48:04.801 [main] o.s.b.w.e.tomcat.TomcatWebServer - Tomcat initialized with port(s): 7071 (http)
[INFO ] 23:48:04.809 [main] o.a.coyote.http11.Http11NioProtocol - Initializing ProtocolHandler ["http-nio-7071"]
[INFO ] 23:48:04.809 [main] o.a.catalina.core.StandardService - Starting service [Tomcat]
[INFO ] 23:48:04.809 [main] o.a.catalina.core.StandardEngine - Starting Servlet engine: [Apache Tomcat/9.0.30]
[INFO ] 23:48:04.955 [main] o.a.c.c.C.[Tomcat].[localhost].[/] - Initializing Spring embedded WebApplicationContext
[INFO ] 23:48:04.955 [main] o.s.web.context.ContextLoader - Root WebApplicationContext: initialization completed in 1520 ms
[INFO ] 23:48:04.997 [main] o.s.b.web.servlet.RegistrationBean - Servlet statViewServlet was not registered (possibly already registered?)
[INFO ] 23:48:05.000 [main] o.s.b.web.servlet.RegistrationBean - Filter webStatFilter was not registered (possibly already registered?)
[INFO ] 23:48:05.336 [main] c.alibaba.druid.pool.DruidDataSource - {dataSource-1} inited
[INFO ] 23:48:05.652 [main] o.s.s.c.ThreadPoolTaskExecutor - Initializing ExecutorService 'applicationTaskExecutor'
[INFO ] 23:48:06.145 [main] o.s.s.c.ThreadPoolTaskScheduler - Initializing ExecutorService 'taskScheduler'
[INFO ] 23:48:06.183 [main] o.a.coyote.http11.Http11NioProtocol - Starting ProtocolHandler ["http-nio-7071"]
[INFO ] 23:48:06.202 [main] o.s.b.w.e.tomcat.TomcatWebServer - Tomcat started on port(s): 7071 (http) with context path ''
[INFO ] 23:48:06.205 [main] com.yys.szcp.SzcpApplication - Started SzcpApplication in 3.094 seconds (JVM running for 4.36)
[INFO ] 23:48:13.495 [SpringContextShutdownHook] o.s.s.c.ThreadPoolTaskScheduler - Shutting down ExecutorService 'taskScheduler'
[INFO ] 23:48:13.541 [SpringContextShutdownHook] o.s.s.c.ThreadPoolTaskExecutor - Shutting down ExecutorService 'applicationTaskExecutor'
[INFO ] 23:48:13.547 [SpringContextShutdownHook] c.alibaba.druid.pool.DruidDataSource - {dataSource-1} closed
[INFO ] 23:49:46.701 [main] com.yys.szcp.SzcpApplication - Starting SzcpApplication on yangys with PID 9300 (E:\MyGithubProject\blog996\szcp\target\classes started by yangys in E:\MyGithubProject\blog996\szcp)
[INFO ] 23:49:46.702 [main] com.yys.szcp.SzcpApplication - The following profiles are active: dev
[INFO ] 23:49:47.262 [main] o.s.d.r.c.RepositoryConfigurationDelegate - Multiple Spring Data modules found, entering strict repository configuration mode!
[INFO ] 23:49:47.263 [main] o.s.d.r.c.RepositoryConfigurationDelegate - Bootstrapping Spring Data Redis repositories in DEFAULT mode.
[INFO ] 23:49:47.284 [main] o.s.d.r.c.RepositoryConfigurationDelegate - Finished Spring Data repository scanning in 8ms. Found 0 Redis repository interfaces.
[INFO ] 23:49:47.507 [main] o.s.c.s.PostProcessorRegistrationDelegate$BeanPostProcessorChecker - Bean 'org.springframework.transaction.annotation.ProxyTransactionManagementConfiguration' of type [org.springframework.transaction.annotation.ProxyTransactionManagementConfiguration] is not eligible for getting processed by all BeanPostProcessors (for example: not eligible for auto-proxying)
[INFO ] 23:49:47.743 [main] o.s.b.w.e.tomcat.TomcatWebServer - Tomcat initialized with port(s): 7071 (http)
[INFO ] 23:49:47.752 [main] o.a.coyote.http11.Http11NioProtocol - Initializing ProtocolHandler ["http-nio-7071"]
[INFO ] 23:49:47.752 [main] o.a.catalina.core.StandardService - Starting service [Tomcat]
[INFO ] 23:49:47.752 [main] o.a.catalina.core.StandardEngine - Starting Servlet engine: [Apache Tomcat/9.0.30]
[INFO ] 23:49:47.850 [main] o.a.c.c.C.[Tomcat].[localhost].[/] - Initializing Spring embedded WebApplicationContext
[INFO ] 23:49:47.850 [main] o.s.web.context.ContextLoader - Root WebApplicationContext: initialization completed in 1112 ms
[INFO ] 23:49:47.883 [main] o.s.b.web.servlet.RegistrationBean - Servlet statViewServlet was not registered (possibly already registered?)
[INFO ] 23:49:47.885 [main] o.s.b.web.servlet.RegistrationBean - Filter webStatFilter was not registered (possibly already registered?)
[INFO ] 23:49:48.191 [main] c.alibaba.druid.pool.DruidDataSource - {dataSource-1} inited
[INFO ] 23:49:48.467 [main] o.s.s.c.ThreadPoolTaskExecutor - Initializing ExecutorService 'applicationTaskExecutor'
[INFO ] 23:49:48.895 [main] o.s.s.c.ThreadPoolTaskScheduler - Initializing ExecutorService 'taskScheduler'
[INFO ] 23:49:48.942 [main] o.a.coyote.http11.Http11NioProtocol - Starting ProtocolHandler ["http-nio-7071"]
[INFO ] 23:49:48.961 [main] o.s.b.w.e.tomcat.TomcatWebServer - Tomcat started on port(s): 7071 (http) with context path ''
[INFO ] 23:49:48.963 [main] com.yys.szcp.SzcpApplication - Started SzcpApplication in 2.531 seconds (JVM running for 3.538)
[INFO ] 23:50:32.372 [SpringContextShutdownHook] o.s.s.c.ThreadPoolTaskScheduler - Shutting down ExecutorService 'taskScheduler'
[INFO ] 23:50:32.391 [SpringContextShutdownHook] o.s.s.c.ThreadPoolTaskExecutor - Shutting down ExecutorService 'applicationTaskExecutor'
[INFO ] 23:50:32.396 [SpringContextShutdownHook] c.alibaba.druid.pool.DruidDataSource - {dataSource-1} closed
[INFO ] 23:53:40.037 [main] com.yys.szcp.SzcpApplication - Starting SzcpApplication on yangys with PID 29708 (E:\MyGithubProject\blog996\szcp\target\classes started by yangys in E:\MyGithubProject\blog996\szcp)
[INFO ] 23:53:40.038 [main] com.yys.szcp.SzcpApplication - The following profiles are active: dev
[INFO ] 23:53:40.567 [main] o.s.d.r.c.RepositoryConfigurationDelegate - Multiple Spring Data modules found, entering strict repository configuration mode!
[INFO ] 23:53:40.568 [main] o.s.d.r.c.RepositoryConfigurationDelegate - Bootstrapping Spring Data Redis repositories in DEFAULT mode.
[INFO ] 23:53:40.589 [main] o.s.d.r.c.RepositoryConfigurationDelegate - Finished Spring Data repository scanning in 9ms. Found 0 Redis repository interfaces.
[INFO ] 23:53:40.809 [main] o.s.c.s.PostProcessorRegistrationDelegate$BeanPostProcessorChecker - Bean 'org.springframework.transaction.annotation.ProxyTransactionManagementConfiguration' of type [org.springframework.transaction.annotation.ProxyTransactionManagementConfiguration] is not eligible for getting processed by all BeanPostProcessors (for example: not eligible for auto-proxying)
[INFO ] 23:53:41.018 [main] o.s.b.w.e.tomcat.TomcatWebServer - Tomcat initialized with port(s): 7071 (http)
[INFO ] 23:53:41.026 [main] o.a.coyote.http11.Http11NioProtocol - Initializing ProtocolHandler ["http-nio-7071"]
[INFO ] 23:53:41.026 [main] o.a.catalina.core.StandardService - Starting service [Tomcat]
[INFO ] 23:53:41.026 [main] o.a.catalina.core.StandardEngine - Starting Servlet engine: [Apache Tomcat/9.0.30]
[INFO ] 23:53:41.127 [main] o.a.c.c.C.[Tomcat].[localhost].[/] - Initializing Spring embedded WebApplicationContext
[INFO ] 23:53:41.127 [main] o.s.web.context.ContextLoader - Root WebApplicationContext: initialization completed in 1053 ms
[INFO ] 23:53:41.155 [main] o.s.b.web.servlet.RegistrationBean - Servlet statViewServlet was not registered (possibly already registered?)
[INFO ] 23:53:41.157 [main] o.s.b.web.servlet.RegistrationBean - Filter webStatFilter was not registered (possibly already registered?)
[INFO ] 23:53:41.426 [main] c.alibaba.druid.pool.DruidDataSource - {dataSource-1} inited
[INFO ] 23:53:41.691 [main] o.s.s.c.ThreadPoolTaskExecutor - Initializing ExecutorService 'applicationTaskExecutor'
[INFO ] 23:53:42.115 [main] o.s.s.c.ThreadPoolTaskScheduler - Initializing ExecutorService 'taskScheduler'
[INFO ] 23:53:42.154 [main] o.a.coyote.http11.Http11NioProtocol - Starting ProtocolHandler ["http-nio-7071"]
[INFO ] 23:53:42.172 [main] o.s.b.w.e.tomcat.TomcatWebServer - Tomcat started on port(s): 7071 (http) with context path ''
[INFO ] 23:53:42.174 [main] com.yys.szcp.SzcpApplication - Started SzcpApplication in 2.403 seconds (JVM running for 3.335)
[INFO ] 23:53:53.891 [http-nio-7071-exec-1] o.a.c.c.C.[Tomcat].[localhost].[/] - Initializing Spring DispatcherServlet 'dispatcherServlet'
[INFO ] 23:53:53.892 [http-nio-7071-exec-1] o.s.web.servlet.DispatcherServlet - Initializing Servlet 'dispatcherServlet'
[INFO ] 23:53:53.897 [http-nio-7071-exec-1] o.s.web.servlet.DispatcherServlet - Completed initialization in 5 ms
[INFO ] 23:53:53.915 [http-nio-7071-exec-1] c.yys.szcp.config.jwt.JwtInterceptor - 访问路径:/sys/admin/findAdminUserInfo
[INFO ] 23:53:54.622 [http-nio-7071-exec-2] c.yys.szcp.config.jwt.JwtInterceptor - 访问路径:/sys/articleMenu/findArticleMenuToArticleListForHome
[INFO ] 23:53:54.854 [http-nio-7071-exec-3] c.yys.szcp.config.jwt.JwtInterceptor - 访问路径:/sys/article/markdown
[INFO ] 23:54:10.651 [http-nio-7071-exec-4] c.yys.szcp.config.jwt.JwtInterceptor - 访问路径:/sys/article/markdown
[INFO ] 23:54:10.656 [http-nio-7071-exec-5] c.yys.szcp.config.jwt.JwtInterceptor - 访问路径:/sys/article/markdown
[INFO ] 23:54:20.755 [http-nio-7071-exec-6] c.yys.szcp.config.jwt.JwtInterceptor - 访问路径:/sys/article/markdown
[INFO ] 23:54:20.757 [http-nio-7071-exec-7] c.yys.szcp.config.jwt.JwtInterceptor - 访问路径:/sys/article/markdown
[INFO ] 23:54:24.613 [http-nio-7071-exec-8] c.yys.szcp.config.jwt.JwtInterceptor - 访问路径:/sys/article/markdown
[INFO ] 23:54:24.615 [http-nio-7071-exec-9] c.yys.szcp.config.jwt.JwtInterceptor - 访问路径:/sys/article/markdown
[INFO ] 23:55:17.710 [SpringContextShutdownHook] o.s.s.c.ThreadPoolTaskScheduler - Shutting down ExecutorService 'taskScheduler'
[INFO ] 23:55:17.726 [SpringContextShutdownHook] o.s.s.c.ThreadPoolTaskExecutor - Shutting down ExecutorService 'applicationTaskExecutor'
[INFO ] 23:55:17.731 [SpringContextShutdownHook] c.alibaba.druid.pool.DruidDataSource - {dataSource-1} closed
