[INFO ] 10:10:26.986 [main] com.yys.szcp.SzcpApplication - Starting SzcpApplication on LAPTOP-T7DEB7H8 with PID 23808 (E:\MyGithubProject\blog996\szcp\target\classes started by yangys in E:\MyGithubProject\blog996\szcp)
[INFO ] 10:10:26.987 [main] com.yys.szcp.SzcpApplication - The following profiles are active: dev
[INFO ] 10:10:27.853 [main] o.s.d.r.c.RepositoryConfigurationDelegate - Multiple Spring Data modules found, entering strict repository configuration mode!
[INFO ] 10:10:27.853 [main] o.s.d.r.c.RepositoryConfigurationDelegate - Bootstrapping Spring Data Redis repositories in DEFAULT mode.
[INFO ] 10:10:27.884 [main] o.s.d.r.c.RepositoryConfigurationDelegate - Finished Spring Data repository scanning in 13ms. Found 0 Redis repository interfaces.
[INFO ] 10:10:28.244 [main] o.s.c.s.PostProcessorRegistrationDelegate$BeanPostProcessorChecker - Bean 'org.springframework.transaction.annotation.ProxyTransactionManagementConfiguration' of type [org.springframework.transaction.annotation.ProxyTransactionManagementConfiguration] is not eligible for getting processed by all BeanPostProcessors (for example: not eligible for auto-proxying)
[INFO ] 10:10:28.510 [main] o.s.b.w.e.tomcat.TomcatWebServer - Tomcat initialized with port(s): 7071 (http)
[INFO ] 10:10:28.510 [main] o.a.coyote.http11.Http11NioProtocol - Initializing ProtocolHandler ["http-nio-7071"]
[INFO ] 10:10:28.510 [main] o.a.catalina.core.StandardService - Starting service [Tomcat]
[INFO ] 10:10:28.510 [main] o.a.catalina.core.StandardEngine - Starting Servlet engine: [Apache Tomcat/9.0.30]
[INFO ] 10:10:28.626 [main] o.a.c.c.C.[Tomcat].[localhost].[/] - Initializing Spring embedded WebApplicationContext
[INFO ] 10:10:28.626 [main] o.s.web.context.ContextLoader - Root WebApplicationContext: initialization completed in 1606 ms
[INFO ] 10:10:28.704 [main] o.s.b.web.servlet.RegistrationBean - Servlet statViewServlet was not registered (possibly already registered?)
[INFO ] 10:10:28.720 [main] o.s.b.web.servlet.RegistrationBean - Filter webStatFilter was not registered (possibly already registered?)
[INFO ] 10:10:29.861 [main] c.alibaba.druid.pool.DruidDataSource - {dataSource-1} inited
[INFO ] 10:10:30.456 [main] s.d.s.w.PropertySourcedRequestMappingHandlerMapping - Mapped URL path [/v2/api-docs] onto method [springfox.documentation.swagger2.web.Swagger2Controller#getDocumentation(String, HttpServletRequest)]
[INFO ] 10:10:30.803 [main] o.s.s.c.ThreadPoolTaskExecutor - Initializing ExecutorService 'applicationTaskExecutor'
[INFO ] 10:10:31.060 [main] o.s.s.c.ThreadPoolTaskScheduler - Initializing ExecutorService 'taskScheduler'
[INFO ] 10:10:31.107 [main] s.d.s.w.p.DocumentationPluginsBootstrapper - Context refreshed
[INFO ] 10:10:31.138 [main] s.d.s.w.p.DocumentationPluginsBootstrapper - Found 1 custom documentation plugin(s)
[INFO ] 10:10:31.170 [main] s.d.s.w.s.ApiListingReferenceScanner - Scanning for api listing references
[INFO ] 10:10:31.492 [main] o.a.coyote.http11.Http11NioProtocol - Starting ProtocolHandler ["http-nio-7071"]
[INFO ] 10:10:31.508 [main] o.s.b.w.e.tomcat.TomcatWebServer - Tomcat started on port(s): 7071 (http) with context path ''
[INFO ] 10:10:31.508 [main] com.yys.szcp.SzcpApplication - Started SzcpApplication in 4.815 seconds (JVM running for 6.265)
[INFO ] 10:11:01.776 [http-nio-7071-exec-1] o.a.c.c.C.[Tomcat].[localhost].[/] - Initializing Spring DispatcherServlet 'dispatcherServlet'
[INFO ] 10:11:01.776 [http-nio-7071-exec-1] o.s.web.servlet.DispatcherServlet - Initializing Servlet 'dispatcherServlet'
[INFO ] 10:11:01.782 [http-nio-7071-exec-1] o.s.web.servlet.DispatcherServlet - Completed initialization in 6 ms
[INFO ] 10:11:01.799 [http-nio-7071-exec-1] c.yys.szcp.config.jwt.JwtInterceptor - 访问路径:/fund/index
[INFO ] 10:11:05.606 [http-nio-7071-exec-2] c.yys.szcp.config.jwt.JwtInterceptor - 访问路径:/fund/getFundDataListOne
[INFO ] 10:11:06.261 [http-nio-7071-exec-4] c.yys.szcp.config.jwt.JwtInterceptor - 访问路径:/fund/addFundInfoList
[INFO ] 10:11:09.118 [http-nio-7071-exec-3] c.yys.szcp.config.jwt.JwtInterceptor - 访问路径:/fund/getFundDataListOne
[INFO ] 10:11:09.277 [http-nio-7071-exec-5] c.yys.szcp.config.jwt.JwtInterceptor - 访问路径:/fund/addFundInfoList
[INFO ] 10:11:10.390 [http-nio-7071-exec-6] c.yys.szcp.config.jwt.JwtInterceptor - 访问路径:/fund/getFundDataListOne
[INFO ] 10:11:10.545 [http-nio-7071-exec-7] c.yys.szcp.config.jwt.JwtInterceptor - 访问路径:/fund/addFundInfoList
[INFO ] 10:11:11.434 [http-nio-7071-exec-8] c.yys.szcp.config.jwt.JwtInterceptor - 访问路径:/fund/getFundDataListOne
[INFO ] 10:11:11.521 [http-nio-7071-exec-9] c.yys.szcp.config.jwt.JwtInterceptor - 访问路径:/fund/addFundInfoList
[INFO ] 10:11:12.342 [http-nio-7071-exec-10] c.yys.szcp.config.jwt.JwtInterceptor - 访问路径:/fund/getFundDataListOne
[INFO ] 10:11:12.486 [http-nio-7071-exec-1] c.yys.szcp.config.jwt.JwtInterceptor - 访问路径:/fund/addFundInfoList
[INFO ] 10:11:13.358 [http-nio-7071-exec-2] c.yys.szcp.config.jwt.JwtInterceptor - 访问路径:/fund/getFundDataListOne
[INFO ] 10:11:13.560 [http-nio-7071-exec-4] c.yys.szcp.config.jwt.JwtInterceptor - 访问路径:/fund/addFundInfoList
[INFO ] 10:11:14.151 [http-nio-7071-exec-3] c.yys.szcp.config.jwt.JwtInterceptor - 访问路径:/fund/getFundDataListOne
[INFO ] 10:11:14.323 [http-nio-7071-exec-5] c.yys.szcp.config.jwt.JwtInterceptor - 访问路径:/fund/addFundInfoList
[INFO ] 10:11:30.482 [http-nio-7071-exec-6] c.yys.szcp.config.jwt.JwtInterceptor - 访问路径:/fund/fund
[INFO ] 10:11:30.761 [http-nio-7071-exec-7] c.yys.szcp.config.jwt.JwtInterceptor - 访问路径:/fund/findFundInfoListType
[INFO ] 10:11:30.761 [http-nio-7071-exec-8] c.yys.szcp.config.jwt.JwtInterceptor - 访问路径:/fund/findFundInfoInvestmentList
[INFO ] 10:11:31.257 [http-nio-7071-exec-9] c.yys.szcp.config.jwt.JwtInterceptor - 访问路径:/error
[INFO ] 10:11:31.261 [http-nio-7071-exec-9] c.yys.szcp.config.jwt.JwtInterceptor - ===== 用户未登录, 请先登录:/error
[INFO ] 10:12:27.841 [http-nio-7071-exec-10] c.yys.szcp.config.jwt.JwtInterceptor - 访问路径:/fund/index
[INFO ] 10:12:30.051 [http-nio-7071-exec-1] c.yys.szcp.config.jwt.JwtInterceptor - 访问路径:/fund/getFundDataListOne
[INFO ] 10:12:30.300 [http-nio-7071-exec-2] c.yys.szcp.config.jwt.JwtInterceptor - 访问路径:/fund/addFundInfoList
[INFO ] 10:12:30.671 [http-nio-7071-exec-4] c.yys.szcp.config.jwt.JwtInterceptor - 访问路径:/fund/getFundDataListOne
[INFO ] 10:12:30.815 [http-nio-7071-exec-3] c.yys.szcp.config.jwt.JwtInterceptor - 访问路径:/fund/addFundInfoList
[INFO ] 10:12:31.311 [http-nio-7071-exec-5] c.yys.szcp.config.jwt.JwtInterceptor - 访问路径:/fund/getFundDataListOne
[INFO ] 10:12:31.659 [http-nio-7071-exec-6] c.yys.szcp.config.jwt.JwtInterceptor - 访问路径:/fund/addFundInfoList
[INFO ] 10:12:31.967 [http-nio-7071-exec-7] c.yys.szcp.config.jwt.JwtInterceptor - 访问路径:/fund/getFundDataListOne
[INFO ] 10:12:32.165 [http-nio-7071-exec-8] c.yys.szcp.config.jwt.JwtInterceptor - 访问路径:/fund/addFundInfoList
[INFO ] 10:12:32.727 [http-nio-7071-exec-9] c.yys.szcp.config.jwt.JwtInterceptor - 访问路径:/fund/getFundDataListOne
[INFO ] 10:12:32.879 [http-nio-7071-exec-10] c.yys.szcp.config.jwt.JwtInterceptor - 访问路径:/fund/addFundInfoList
[INFO ] 10:12:34.303 [http-nio-7071-exec-1] c.yys.szcp.config.jwt.JwtInterceptor - 访问路径:/fund/getFundDataListOne
[INFO ] 10:12:34.475 [http-nio-7071-exec-2] c.yys.szcp.config.jwt.JwtInterceptor - 访问路径:/fund/addFundInfoList
[INFO ] 10:12:34.926 [http-nio-7071-exec-4] c.yys.szcp.config.jwt.JwtInterceptor - 访问路径:/fund/getFundDataListOne
[INFO ] 10:12:35.037 [http-nio-7071-exec-3] c.yys.szcp.config.jwt.JwtInterceptor - 访问路径:/fund/addFundInfoList
[INFO ] 10:12:35.638 [http-nio-7071-exec-5] c.yys.szcp.config.jwt.JwtInterceptor - 访问路径:/fund/getFundDataListOne
[INFO ] 10:12:35.729 [http-nio-7071-exec-6] c.yys.szcp.config.jwt.JwtInterceptor - 访问路径:/fund/addFundInfoList
[INFO ] 10:12:36.754 [http-nio-7071-exec-7] c.yys.szcp.config.jwt.JwtInterceptor - 访问路径:/fund/getFundDataListOne
[INFO ] 10:12:36.861 [http-nio-7071-exec-8] c.yys.szcp.config.jwt.JwtInterceptor - 访问路径:/fund/addFundInfoList
[INFO ] 10:12:37.794 [http-nio-7071-exec-9] c.yys.szcp.config.jwt.JwtInterceptor - 访问路径:/fund/getFundDataListOne
[INFO ] 10:12:37.892 [http-nio-7071-exec-10] c.yys.szcp.config.jwt.JwtInterceptor - 访问路径:/fund/addFundInfoList
[INFO ] 10:12:38.846 [http-nio-7071-exec-1] c.yys.szcp.config.jwt.JwtInterceptor - 访问路径:/fund/getFundDataListOne
[INFO ] 10:12:38.976 [http-nio-7071-exec-2] c.yys.szcp.config.jwt.JwtInterceptor - 访问路径:/fund/addFundInfoList
[INFO ] 10:12:40.150 [http-nio-7071-exec-4] c.yys.szcp.config.jwt.JwtInterceptor - 访问路径:/fund/getFundDataListOne
[INFO ] 10:12:40.268 [http-nio-7071-exec-3] c.yys.szcp.config.jwt.JwtInterceptor - 访问路径:/fund/addFundInfoList
[INFO ] 10:12:42.723 [http-nio-7071-exec-5] c.yys.szcp.config.jwt.JwtInterceptor - 访问路径:/fund/getFundDataListOne
[INFO ] 10:12:42.812 [http-nio-7071-exec-6] c.yys.szcp.config.jwt.JwtInterceptor - 访问路径:/fund/addFundInfoList
[INFO ] 10:12:45.142 [http-nio-7071-exec-7] c.yys.szcp.config.jwt.JwtInterceptor - 访问路径:/fund/getFundDataListOne
[INFO ] 10:12:45.252 [http-nio-7071-exec-8] c.yys.szcp.config.jwt.JwtInterceptor - 访问路径:/fund/addFundInfoList
[INFO ] 10:12:46.823 [http-nio-7071-exec-9] c.yys.szcp.config.jwt.JwtInterceptor - 访问路径:/fund/getFundDataListOne
[INFO ] 10:12:46.930 [http-nio-7071-exec-10] c.yys.szcp.config.jwt.JwtInterceptor - 访问路径:/fund/addFundInfoList
[INFO ] 10:12:49.823 [http-nio-7071-exec-1] c.yys.szcp.config.jwt.JwtInterceptor - 访问路径:/fund/getFundDataListOne
[INFO ] 10:12:49.926 [http-nio-7071-exec-2] c.yys.szcp.config.jwt.JwtInterceptor - 访问路径:/fund/addFundInfoList
[INFO ] 10:12:51.256 [http-nio-7071-exec-4] c.yys.szcp.config.jwt.JwtInterceptor - 访问路径:/fund/getFundDataListOne
[INFO ] 10:12:51.370 [http-nio-7071-exec-3] c.yys.szcp.config.jwt.JwtInterceptor - 访问路径:/fund/addFundInfoList
[INFO ] 10:12:52.586 [http-nio-7071-exec-5] c.yys.szcp.config.jwt.JwtInterceptor - 访问路径:/fund/getFundDataListOne
[INFO ] 10:12:52.719 [http-nio-7071-exec-6] c.yys.szcp.config.jwt.JwtInterceptor - 访问路径:/fund/addFundInfoList
[INFO ] 10:12:54.141 [http-nio-7071-exec-7] c.yys.szcp.config.jwt.JwtInterceptor - 访问路径:/fund/getFundDataListOne
[INFO ] 10:12:54.301 [http-nio-7071-exec-8] c.yys.szcp.config.jwt.JwtInterceptor - 访问路径:/fund/addFundInfoList
[INFO ] 10:12:56.771 [http-nio-7071-exec-9] c.yys.szcp.config.jwt.JwtInterceptor - 访问路径:/fund/getFundDataListOne
[INFO ] 10:12:56.866 [http-nio-7071-exec-10] c.yys.szcp.config.jwt.JwtInterceptor - 访问路径:/fund/addFundInfoList
[INFO ] 10:12:58.495 [http-nio-7071-exec-1] c.yys.szcp.config.jwt.JwtInterceptor - 访问路径:/fund/getFundDataListOne
[INFO ] 10:12:58.635 [http-nio-7071-exec-2] c.yys.szcp.config.jwt.JwtInterceptor - 访问路径:/fund/addFundInfoList
[INFO ] 10:13:00.084 [http-nio-7071-exec-4] c.yys.szcp.config.jwt.JwtInterceptor - 访问路径:/fund/getFundDataListOne
[INFO ] 10:13:00.214 [http-nio-7071-exec-3] c.yys.szcp.config.jwt.JwtInterceptor - 访问路径:/fund/addFundInfoList
[INFO ] 10:13:01.652 [http-nio-7071-exec-5] c.yys.szcp.config.jwt.JwtInterceptor - 访问路径:/fund/getFundDataListOne
[INFO ] 10:13:01.809 [http-nio-7071-exec-6] c.yys.szcp.config.jwt.JwtInterceptor - 访问路径:/fund/addFundInfoList
[INFO ] 10:13:03.083 [http-nio-7071-exec-7] c.yys.szcp.config.jwt.JwtInterceptor - 访问路径:/fund/getFundDataListOne
[INFO ] 10:13:03.200 [http-nio-7071-exec-8] c.yys.szcp.config.jwt.JwtInterceptor - 访问路径:/fund/addFundInfoList
[INFO ] 10:13:04.573 [http-nio-7071-exec-9] c.yys.szcp.config.jwt.JwtInterceptor - 访问路径:/fund/getFundDataListOne
[INFO ] 10:13:04.730 [http-nio-7071-exec-10] c.yys.szcp.config.jwt.JwtInterceptor - 访问路径:/fund/addFundInfoList
[INFO ] 10:13:06.394 [http-nio-7071-exec-1] c.yys.szcp.config.jwt.JwtInterceptor - 访问路径:/fund/getFundDataListOne
[INFO ] 10:13:06.595 [http-nio-7071-exec-2] c.yys.szcp.config.jwt.JwtInterceptor - 访问路径:/fund/addFundInfoList
[INFO ] 10:13:08.274 [http-nio-7071-exec-4] c.yys.szcp.config.jwt.JwtInterceptor - 访问路径:/fund/getFundDataListOne
[INFO ] 10:13:08.395 [http-nio-7071-exec-3] c.yys.szcp.config.jwt.JwtInterceptor - 访问路径:/fund/addFundInfoList
[INFO ] 10:13:10.675 [http-nio-7071-exec-5] c.yys.szcp.config.jwt.JwtInterceptor - 访问路径:/fund/getFundDataListOne
[INFO ] 10:13:10.811 [http-nio-7071-exec-6] c.yys.szcp.config.jwt.JwtInterceptor - 访问路径:/fund/addFundInfoList
[INFO ] 10:13:12.396 [http-nio-7071-exec-7] c.yys.szcp.config.jwt.JwtInterceptor - 访问路径:/fund/getFundDataListOne
[INFO ] 10:13:12.556 [http-nio-7071-exec-8] c.yys.szcp.config.jwt.JwtInterceptor - 访问路径:/fund/addFundInfoList
[INFO ] 10:13:14.127 [http-nio-7071-exec-9] c.yys.szcp.config.jwt.JwtInterceptor - 访问路径:/fund/getFundDataListOne
[INFO ] 10:13:14.385 [http-nio-7071-exec-10] c.yys.szcp.config.jwt.JwtInterceptor - 访问路径:/fund/addFundInfoList
[INFO ] 10:13:16.048 [http-nio-7071-exec-1] c.yys.szcp.config.jwt.JwtInterceptor - 访问路径:/fund/getFundDataListOne
[INFO ] 10:13:16.224 [http-nio-7071-exec-2] c.yys.szcp.config.jwt.JwtInterceptor - 访问路径:/fund/addFundInfoList
[INFO ] 10:13:17.768 [http-nio-7071-exec-4] c.yys.szcp.config.jwt.JwtInterceptor - 访问路径:/fund/getFundDataListOne
[INFO ] 10:13:17.938 [http-nio-7071-exec-3] c.yys.szcp.config.jwt.JwtInterceptor - 访问路径:/fund/addFundInfoList
[INFO ] 10:13:19.624 [http-nio-7071-exec-5] c.yys.szcp.config.jwt.JwtInterceptor - 访问路径:/fund/getFundDataListOne
[INFO ] 10:13:19.814 [http-nio-7071-exec-6] c.yys.szcp.config.jwt.JwtInterceptor - 访问路径:/fund/addFundInfoList
[INFO ] 10:13:26.003 [http-nio-7071-exec-7] c.yys.szcp.config.jwt.JwtInterceptor - 访问路径:/fund/fund
[INFO ] 10:13:26.276 [http-nio-7071-exec-8] c.yys.szcp.config.jwt.JwtInterceptor - 访问路径:/fund/findFundInfoListType
[INFO ] 10:13:26.276 [http-nio-7071-exec-9] c.yys.szcp.config.jwt.JwtInterceptor - 访问路径:/fund/findFundInfoInvestmentList
[INFO ] 10:13:26.804 [http-nio-7071-exec-10] c.yys.szcp.config.jwt.JwtInterceptor - 访问路径:/error
[INFO ] 10:13:26.804 [http-nio-7071-exec-10] c.yys.szcp.config.jwt.JwtInterceptor - ===== 用户未登录, 请先登录:/error
[INFO ] 10:13:39.297 [http-nio-7071-exec-1] c.yys.szcp.config.jwt.JwtInterceptor - 访问路径:/fund/index
[INFO ] 10:13:42.090 [http-nio-7071-exec-2] c.yys.szcp.config.jwt.JwtInterceptor - 访问路径:/fund/getFundDataListOne
[INFO ] 10:13:42.243 [http-nio-7071-exec-4] c.yys.szcp.config.jwt.JwtInterceptor - 访问路径:/fund/addFundInfoList
[INFO ] 10:17:56.034 [http-nio-7071-exec-6] c.yys.szcp.config.jwt.JwtInterceptor - 访问路径:/fund/fund
[INFO ] 10:17:56.372 [http-nio-7071-exec-7] c.yys.szcp.config.jwt.JwtInterceptor - 访问路径:/fund/findFundInfoListType
[INFO ] 10:17:56.372 [http-nio-7071-exec-8] c.yys.szcp.config.jwt.JwtInterceptor - 访问路径:/fund/findFundInfoInvestmentList
[INFO ] 10:17:56.985 [http-nio-7071-exec-9] c.yys.szcp.config.jwt.JwtInterceptor - 访问路径:/error
[INFO ] 10:17:56.985 [http-nio-7071-exec-9] c.yys.szcp.config.jwt.JwtInterceptor - ===== 用户未登录, 请先登录:/error
[INFO ] 10:32:27.724 [http-nio-7071-exec-4] c.yys.szcp.config.jwt.JwtInterceptor - 访问路径:/fund/fund
[INFO ] 10:32:28.313 [http-nio-7071-exec-3] c.yys.szcp.config.jwt.JwtInterceptor - 访问路径:/fund/findFundInfoListType
[INFO ] 10:32:28.313 [http-nio-7071-exec-5] c.yys.szcp.config.jwt.JwtInterceptor - 访问路径:/fund/findFundInfoInvestmentList
[INFO ] 10:32:28.812 [http-nio-7071-exec-6] c.yys.szcp.config.jwt.JwtInterceptor - 访问路径:/error
[INFO ] 10:32:28.812 [http-nio-7071-exec-6] c.yys.szcp.config.jwt.JwtInterceptor - ===== 用户未登录, 请先登录:/error
[INFO ] 10:34:43.748 [http-nio-7071-exec-10] c.yys.szcp.config.jwt.JwtInterceptor - 访问路径:/fund/index
[INFO ] 10:34:45.073 [http-nio-7071-exec-1] c.yys.szcp.config.jwt.JwtInterceptor - 访问路径:/fund/getFundDataListOne
[INFO ] 10:34:45.328 [http-nio-7071-exec-2] c.yys.szcp.config.jwt.JwtInterceptor - 访问路径:/fund/addFundInfoList
[INFO ] 10:34:48.327 [http-nio-7071-exec-4] c.yys.szcp.config.jwt.JwtInterceptor - 访问路径:/fund/fund
[INFO ] 10:34:48.626 [http-nio-7071-exec-6] c.yys.szcp.config.jwt.JwtInterceptor - 访问路径:/fund/findFundInfoListType
[INFO ] 10:34:48.626 [http-nio-7071-exec-3] c.yys.szcp.config.jwt.JwtInterceptor - 访问路径:/fund/findFundInfoInvestmentList
[INFO ] 10:34:49.339 [http-nio-7071-exec-5] c.yys.szcp.config.jwt.JwtInterceptor - 访问路径:/error
[INFO ] 10:34:49.339 [http-nio-7071-exec-5] c.yys.szcp.config.jwt.JwtInterceptor - ===== 用户未登录, 请先登录:/error
[INFO ] 11:04:46.206 [http-nio-7071-exec-7] c.yys.szcp.config.jwt.JwtInterceptor - 访问路径:/fund/fund
[INFO ] 11:04:46.821 [http-nio-7071-exec-10] c.yys.szcp.config.jwt.JwtInterceptor - 访问路径:/fund/findFundInfoListType
[INFO ] 11:04:46.821 [http-nio-7071-exec-1] c.yys.szcp.config.jwt.JwtInterceptor - 访问路径:/fund/findFundInfoInvestmentList
[INFO ] 11:04:47.719 [http-nio-7071-exec-2] c.yys.szcp.config.jwt.JwtInterceptor - 访问路径:/error
[INFO ] 11:04:47.720 [http-nio-7071-exec-2] c.yys.szcp.config.jwt.JwtInterceptor - ===== 用户未登录, 请先登录:/error
[INFO ] 11:20:47.595 [http-nio-7071-exec-5] c.yys.szcp.config.jwt.JwtInterceptor - 访问路径:/fund/index
[INFO ] 11:20:49.668 [http-nio-7071-exec-9] c.yys.szcp.config.jwt.JwtInterceptor - 访问路径:/fund/getFundDataListOne
[INFO ] 11:20:49.903 [http-nio-7071-exec-8] c.yys.szcp.config.jwt.JwtInterceptor - 访问路径:/fund/addFundInfoList
[INFO ] 11:23:16.445 [SpringContextShutdownHook] o.s.s.c.ThreadPoolTaskScheduler - Shutting down ExecutorService 'taskScheduler'
[INFO ] 11:23:16.445 [SpringContextShutdownHook] o.s.s.c.ThreadPoolTaskExecutor - Shutting down ExecutorService 'applicationTaskExecutor'
[INFO ] 11:23:16.477 [SpringContextShutdownHook] c.alibaba.druid.pool.DruidDataSource - {dataSource-1} closed
[INFO ] 15:46:09.290 [main] com.yys.szcp.SzcpApplication - Starting SzcpApplication on LAPTOP-T7DEB7H8 with PID 20392 (E:\MyGithubProject\blog996\szcp\target\classes started by yangys in E:\MyGithubProject\blog996\szcp)
[INFO ] 15:46:09.292 [main] com.yys.szcp.SzcpApplication - The following profiles are active: dev
[INFO ] 15:46:10.145 [main] o.s.d.r.c.RepositoryConfigurationDelegate - Multiple Spring Data modules found, entering strict repository configuration mode!
[INFO ] 15:46:10.148 [main] o.s.d.r.c.RepositoryConfigurationDelegate - Bootstrapping Spring Data Redis repositories in DEFAULT mode.
[INFO ] 15:46:10.177 [main] o.s.d.r.c.RepositoryConfigurationDelegate - Finished Spring Data repository scanning in 11ms. Found 0 Redis repository interfaces.
[INFO ] 15:46:10.477 [main] o.s.c.s.PostProcessorRegistrationDelegate$BeanPostProcessorChecker - Bean 'org.springframework.transaction.annotation.ProxyTransactionManagementConfiguration' of type [org.springframework.transaction.annotation.ProxyTransactionManagementConfiguration] is not eligible for getting processed by all BeanPostProcessors (for example: not eligible for auto-proxying)
[INFO ] 15:46:10.735 [main] o.s.b.w.e.tomcat.TomcatWebServer - Tomcat initialized with port(s): 7071 (http)
[INFO ] 15:46:10.747 [main] o.a.coyote.http11.Http11NioProtocol - Initializing ProtocolHandler ["http-nio-7071"]
[INFO ] 15:46:10.747 [main] o.a.catalina.core.StandardService - Starting service [Tomcat]
[INFO ] 15:46:10.748 [main] o.a.catalina.core.StandardEngine - Starting Servlet engine: [Apache Tomcat/9.0.30]
[INFO ] 15:46:10.874 [main] o.a.c.c.C.[Tomcat].[localhost].[/] - Initializing Spring embedded WebApplicationContext
[INFO ] 15:46:10.874 [main] o.s.web.context.ContextLoader - Root WebApplicationContext: initialization completed in 1547 ms
[INFO ] 15:46:10.935 [main] o.s.b.web.servlet.RegistrationBean - Servlet statViewServlet was not registered (possibly already registered?)
[INFO ] 15:46:10.937 [main] o.s.b.web.servlet.RegistrationBean - Filter webStatFilter was not registered (possibly already registered?)
[INFO ] 15:46:11.884 [main] c.alibaba.druid.pool.DruidDataSource - {dataSource-1} inited
[INFO ] 15:46:12.397 [main] s.d.s.w.PropertySourcedRequestMappingHandlerMapping - Mapped URL path [/v2/api-docs] onto method [springfox.documentation.swagger2.web.Swagger2Controller#getDocumentation(String, HttpServletRequest)]
[INFO ] 15:46:12.731 [main] o.s.s.c.ThreadPoolTaskExecutor - Initializing ExecutorService 'applicationTaskExecutor'
[INFO ] 15:46:12.968 [main] o.s.s.c.ThreadPoolTaskScheduler - Initializing ExecutorService 'taskScheduler'
[INFO ] 15:46:13.023 [main] s.d.s.w.p.DocumentationPluginsBootstrapper - Context refreshed
[INFO ] 15:46:13.039 [main] s.d.s.w.p.DocumentationPluginsBootstrapper - Found 1 custom documentation plugin(s)
[INFO ] 15:46:13.070 [main] s.d.s.w.s.ApiListingReferenceScanner - Scanning for api listing references
[INFO ] 15:46:13.399 [main] o.a.coyote.http11.Http11NioProtocol - Starting ProtocolHandler ["http-nio-7071"]
[INFO ] 15:46:13.423 [main] o.s.b.w.e.tomcat.TomcatWebServer - Tomcat started on port(s): 7071 (http) with context path ''
[INFO ] 15:46:13.428 [main] com.yys.szcp.SzcpApplication - Started SzcpApplication in 4.465 seconds (JVM running for 5.594)
[INFO ] 15:53:50.587 [http-nio-7071-exec-1] o.a.c.c.C.[Tomcat].[localhost].[/] - Initializing Spring DispatcherServlet 'dispatcherServlet'
[INFO ] 15:53:50.588 [http-nio-7071-exec-1] o.s.web.servlet.DispatcherServlet - Initializing Servlet 'dispatcherServlet'
[INFO ] 15:53:50.593 [http-nio-7071-exec-1] o.s.web.servlet.DispatcherServlet - Completed initialization in 5 ms
[INFO ] 15:53:50.610 [http-nio-7071-exec-1] c.yys.szcp.config.jwt.JwtInterceptor - 访问路径:/fund/index
[INFO ] 16:00:52.508 [http-nio-7071-exec-4] c.yys.szcp.config.jwt.JwtInterceptor - 访问路径:/fund/getFundDataListOne
[INFO ] 16:00:53.199 [http-nio-7071-exec-5] c.yys.szcp.config.jwt.JwtInterceptor - 访问路径:/fund/getFundDataListOne
[INFO ] 16:00:53.265 [http-nio-7071-exec-6] c.yys.szcp.config.jwt.JwtInterceptor - 访问路径:/fund/addFundInfoList
[INFO ] 16:00:53.455 [http-nio-7071-exec-7] c.yys.szcp.config.jwt.JwtInterceptor - 访问路径:/fund/addFundInfoList
[INFO ] 16:00:53.592 [http-nio-7071-exec-9] c.yys.szcp.config.jwt.JwtInterceptor - 访问路径:/fund/getFundDataListOne
[INFO ] 16:00:53.737 [http-nio-7071-exec-8] c.yys.szcp.config.jwt.JwtInterceptor - 访问路径:/fund/addFundInfoList
[INFO ] 16:00:53.999 [http-nio-7071-exec-10] c.yys.szcp.config.jwt.JwtInterceptor - 访问路径:/fund/getFundDataListOne
[INFO ] 16:00:54.124 [http-nio-7071-exec-1] c.yys.szcp.config.jwt.JwtInterceptor - 访问路径:/fund/addFundInfoList
[INFO ] 16:00:54.435 [http-nio-7071-exec-2] c.yys.szcp.config.jwt.JwtInterceptor - 访问路径:/fund/getFundDataListOne
[INFO ] 16:00:54.727 [http-nio-7071-exec-3] c.yys.szcp.config.jwt.JwtInterceptor - 访问路径:/fund/addFundInfoList
[INFO ] 16:00:54.862 [http-nio-7071-exec-4] c.yys.szcp.config.jwt.JwtInterceptor - 访问路径:/fund/getFundDataListOne
[INFO ] 16:00:55.086 [http-nio-7071-exec-5] c.yys.szcp.config.jwt.JwtInterceptor - 访问路径:/fund/addFundInfoList
[INFO ] 16:00:55.456 [http-nio-7071-exec-9] c.yys.szcp.config.jwt.JwtInterceptor - 访问路径:/fund/getFundDataListOne
[INFO ] 16:00:55.597 [http-nio-7071-exec-10] c.yys.szcp.config.jwt.JwtInterceptor - 访问路径:/fund/addFundInfoList
[INFO ] 16:00:55.662 [http-nio-7071-exec-2] c.yys.szcp.config.jwt.JwtInterceptor - 访问路径:/fund/getFundDataListOne
[INFO ] 16:00:55.840 [http-nio-7071-exec-4] c.yys.szcp.config.jwt.JwtInterceptor - 访问路径:/fund/addFundInfoList
[INFO ] 16:00:56.085 [http-nio-7071-exec-8] c.yys.szcp.config.jwt.JwtInterceptor - 访问路径:/fund/getFundDataListOne
[INFO ] 16:00:56.256 [http-nio-7071-exec-7] c.yys.szcp.config.jwt.JwtInterceptor - 访问路径:/fund/addFundInfoList
[INFO ] 16:00:56.809 [http-nio-7071-exec-3] c.yys.szcp.config.jwt.JwtInterceptor - 访问路径:/fund/getFundDataListOne
[INFO ] 16:00:56.939 [http-nio-7071-exec-9] c.yys.szcp.config.jwt.JwtInterceptor - 访问路径:/fund/addFundInfoList
[INFO ] 16:00:57.370 [http-nio-7071-exec-1] c.yys.szcp.config.jwt.JwtInterceptor - 访问路径:/fund/getFundDataListOne
[INFO ] 16:00:57.552 [http-nio-7071-exec-5] c.yys.szcp.config.jwt.JwtInterceptor - 访问路径:/fund/addFundInfoList
[INFO ] 16:00:57.805 [http-nio-7071-exec-6] c.yys.szcp.config.jwt.JwtInterceptor - 访问路径:/fund/getFundDataListOne
[INFO ] 16:00:57.903 [http-nio-7071-exec-2] c.yys.szcp.config.jwt.JwtInterceptor - 访问路径:/fund/addFundInfoList
[INFO ] 16:00:58.135 [http-nio-7071-exec-10] c.yys.szcp.config.jwt.JwtInterceptor - 访问路径:/fund/getFundDataListOne
[INFO ] 16:00:58.251 [http-nio-7071-exec-8] c.yys.szcp.config.jwt.JwtInterceptor - 访问路径:/fund/addFundInfoList
[INFO ] 16:00:58.480 [http-nio-7071-exec-4] c.yys.szcp.config.jwt.JwtInterceptor - 访问路径:/fund/getFundDataListOne
[INFO ] 16:00:58.613 [http-nio-7071-exec-7] c.yys.szcp.config.jwt.JwtInterceptor - 访问路径:/fund/addFundInfoList
[INFO ] 16:00:58.845 [http-nio-7071-exec-3] c.yys.szcp.config.jwt.JwtInterceptor - 访问路径:/fund/getFundDataListOne
[INFO ] 16:00:58.996 [http-nio-7071-exec-9] c.yys.szcp.config.jwt.JwtInterceptor - 访问路径:/fund/addFundInfoList
[INFO ] 16:00:59.181 [http-nio-7071-exec-1] c.yys.szcp.config.jwt.JwtInterceptor - 访问路径:/fund/getFundDataListOne
[INFO ] 16:00:59.315 [http-nio-7071-exec-6] c.yys.szcp.config.jwt.JwtInterceptor - 访问路径:/fund/addFundInfoList
[INFO ] 16:00:59.551 [http-nio-7071-exec-5] c.yys.szcp.config.jwt.JwtInterceptor - 访问路径:/fund/getFundDataListOne
[INFO ] 16:00:59.704 [http-nio-7071-exec-10] c.yys.szcp.config.jwt.JwtInterceptor - 访问路径:/fund/addFundInfoList
[INFO ] 16:00:59.945 [http-nio-7071-exec-2] c.yys.szcp.config.jwt.JwtInterceptor - 访问路径:/fund/getFundDataListOne
[INFO ] 16:01:00.065 [http-nio-7071-exec-4] c.yys.szcp.config.jwt.JwtInterceptor - 访问路径:/fund/addFundInfoList
[INFO ] 16:01:00.261 [http-nio-7071-exec-8] c.yys.szcp.config.jwt.JwtInterceptor - 访问路径:/fund/getFundDataListOne
[INFO ] 16:01:00.396 [http-nio-7071-exec-3] c.yys.szcp.config.jwt.JwtInterceptor - 访问路径:/fund/addFundInfoList
[INFO ] 16:01:00.634 [http-nio-7071-exec-7] c.yys.szcp.config.jwt.JwtInterceptor - 访问路径:/fund/getFundDataListOne
[INFO ] 16:01:00.739 [http-nio-7071-exec-1] c.yys.szcp.config.jwt.JwtInterceptor - 访问路径:/fund/addFundInfoList
[INFO ] 16:01:00.983 [http-nio-7071-exec-9] c.yys.szcp.config.jwt.JwtInterceptor - 访问路径:/fund/getFundDataListOne
[INFO ] 16:01:01.104 [http-nio-7071-exec-5] c.yys.szcp.config.jwt.JwtInterceptor - 访问路径:/fund/addFundInfoList
[INFO ] 16:01:01.380 [http-nio-7071-exec-6] c.yys.szcp.config.jwt.JwtInterceptor - 访问路径:/fund/getFundDataListOne
[INFO ] 16:01:01.868 [http-nio-7071-exec-2] c.yys.szcp.config.jwt.JwtInterceptor - 访问路径:/fund/addFundInfoList
[INFO ] 16:01:01.957 [http-nio-7071-exec-10] c.yys.szcp.config.jwt.JwtInterceptor - 访问路径:/fund/getFundDataListOne
[INFO ] 16:01:02.100 [http-nio-7071-exec-8] c.yys.szcp.config.jwt.JwtInterceptor - 访问路径:/fund/addFundInfoList
[INFO ] 16:01:02.380 [http-nio-7071-exec-4] c.yys.szcp.config.jwt.JwtInterceptor - 访问路径:/fund/getFundDataListOne
[INFO ] 16:01:02.475 [http-nio-7071-exec-7] c.yys.szcp.config.jwt.JwtInterceptor - 访问路径:/fund/addFundInfoList
[INFO ] 16:01:02.820 [http-nio-7071-exec-3] c.yys.szcp.config.jwt.JwtInterceptor - 访问路径:/fund/getFundDataListOne
[INFO ] 16:01:02.959 [http-nio-7071-exec-9] c.yys.szcp.config.jwt.JwtInterceptor - 访问路径:/fund/addFundInfoList
[INFO ] 16:01:03.198 [http-nio-7071-exec-1] c.yys.szcp.config.jwt.JwtInterceptor - 访问路径:/fund/getFundDataListOne
[INFO ] 16:01:03.373 [http-nio-7071-exec-5] c.yys.szcp.config.jwt.JwtInterceptor - 访问路径:/fund/addFundInfoList
[INFO ] 16:01:03.501 [http-nio-7071-exec-6] c.yys.szcp.config.jwt.JwtInterceptor - 访问路径:/fund/getFundDataListOne
[INFO ] 16:01:03.683 [http-nio-7071-exec-10] c.yys.szcp.config.jwt.JwtInterceptor - 访问路径:/fund/addFundInfoList
[INFO ] 16:01:04.323 [http-nio-7071-exec-2] c.yys.szcp.config.jwt.JwtInterceptor - 访问路径:/fund/getFundDataListOne
[INFO ] 16:01:04.477 [http-nio-7071-exec-4] c.yys.szcp.config.jwt.JwtInterceptor - 访问路径:/fund/addFundInfoList
[INFO ] 16:01:04.705 [http-nio-7071-exec-8] c.yys.szcp.config.jwt.JwtInterceptor - 访问路径:/fund/getFundDataListOne
[INFO ] 16:01:04.877 [http-nio-7071-exec-7] c.yys.szcp.config.jwt.JwtInterceptor - 访问路径:/fund/addFundInfoList
[INFO ] 16:01:05.038 [http-nio-7071-exec-3] c.yys.szcp.config.jwt.JwtInterceptor - 访问路径:/fund/getFundDataListOne
[INFO ] 16:01:05.204 [http-nio-7071-exec-9] c.yys.szcp.config.jwt.JwtInterceptor - 访问路径:/fund/addFundInfoList
[INFO ] 16:01:05.423 [http-nio-7071-exec-1] c.yys.szcp.config.jwt.JwtInterceptor - 访问路径:/fund/getFundDataListOne
[INFO ] 16:01:05.642 [http-nio-7071-exec-6] c.yys.szcp.config.jwt.JwtInterceptor - 访问路径:/fund/addFundInfoList
[INFO ] 16:01:05.798 [http-nio-7071-exec-5] c.yys.szcp.config.jwt.JwtInterceptor - 访问路径:/fund/getFundDataListOne
[INFO ] 16:01:05.995 [http-nio-7071-exec-10] c.yys.szcp.config.jwt.JwtInterceptor - 访问路径:/fund/addFundInfoList
[INFO ] 16:01:06.212 [http-nio-7071-exec-2] c.yys.szcp.config.jwt.JwtInterceptor - 访问路径:/fund/getFundDataListOne
[INFO ] 16:01:06.349 [http-nio-7071-exec-8] c.yys.szcp.config.jwt.JwtInterceptor - 访问路径:/fund/addFundInfoList
[INFO ] 16:01:06.617 [http-nio-7071-exec-4] c.yys.szcp.config.jwt.JwtInterceptor - 访问路径:/fund/getFundDataListOne
[INFO ] 16:01:06.741 [http-nio-7071-exec-3] c.yys.szcp.config.jwt.JwtInterceptor - 访问路径:/fund/addFundInfoList
[INFO ] 16:01:06.964 [http-nio-7071-exec-7] c.yys.szcp.config.jwt.JwtInterceptor - 访问路径:/fund/getFundDataListOne
[INFO ] 16:01:07.089 [http-nio-7071-exec-1] c.yys.szcp.config.jwt.JwtInterceptor - 访问路径:/fund/addFundInfoList
[INFO ] 16:01:07.337 [http-nio-7071-exec-9] c.yys.szcp.config.jwt.JwtInterceptor - 访问路径:/fund/getFundDataListOne
[INFO ] 16:01:07.463 [http-nio-7071-exec-5] c.yys.szcp.config.jwt.JwtInterceptor - 访问路径:/fund/addFundInfoList
[INFO ] 16:01:07.710 [http-nio-7071-exec-6] c.yys.szcp.config.jwt.JwtInterceptor - 访问路径:/fund/getFundDataListOne
[INFO ] 16:01:07.866 [http-nio-7071-exec-2] c.yys.szcp.config.jwt.JwtInterceptor - 访问路径:/fund/addFundInfoList
[INFO ] 16:01:15.950 [http-nio-7071-exec-10] c.yys.szcp.config.jwt.JwtInterceptor - 访问路径:/fund/getFundDataListOne
[INFO ] 16:01:16.296 [http-nio-7071-exec-4] c.yys.szcp.config.jwt.JwtInterceptor - 访问路径:/fund/addFundInfoList
[INFO ] 16:01:24.412 [http-nio-7071-exec-8] c.yys.szcp.config.jwt.JwtInterceptor - 访问路径:/fund/fund
[INFO ] 16:01:26.619 [http-nio-7071-exec-7] c.yys.szcp.config.jwt.JwtInterceptor - 访问路径:/error
[INFO ] 16:01:26.624 [http-nio-7071-exec-7] c.yys.szcp.config.jwt.JwtInterceptor - ===== 用户未登录, 请先登录:/error
[INFO ] 16:01:38.462 [http-nio-7071-exec-3] c.yys.szcp.config.jwt.JwtInterceptor - 访问路径:/fund/fund
[INFO ] 16:01:39.370 [http-nio-7071-exec-9] c.yys.szcp.config.jwt.JwtInterceptor - 访问路径:/error
[INFO ] 16:01:39.370 [http-nio-7071-exec-9] c.yys.szcp.config.jwt.JwtInterceptor - ===== 用户未登录, 请先登录:/error
[INFO ] 16:02:03.098 [http-nio-7071-exec-10] c.yys.szcp.config.jwt.JwtInterceptor - 访问路径:/fund/fund
[INFO ] 16:02:04.433 [http-nio-7071-exec-4] c.yys.szcp.config.jwt.JwtInterceptor - 访问路径:/error
[INFO ] 16:02:04.433 [http-nio-7071-exec-4] c.yys.szcp.config.jwt.JwtInterceptor - ===== 用户未登录, 请先登录:/error
[INFO ] 16:05:30.224 [http-nio-7071-exec-3] c.yys.szcp.config.jwt.JwtInterceptor - 访问路径:/fund/fund
[INFO ] 16:05:30.967 [http-nio-7071-exec-9] c.yys.szcp.config.jwt.JwtInterceptor - 访问路径:/error
[INFO ] 16:05:30.967 [http-nio-7071-exec-9] c.yys.szcp.config.jwt.JwtInterceptor - ===== 用户未登录, 请先登录:/error
[INFO ] 16:05:37.858 [http-nio-7071-exec-1] c.yys.szcp.config.jwt.JwtInterceptor - 访问路径:/fund/fund
[INFO ] 16:05:38.926 [http-nio-7071-exec-6] c.yys.szcp.config.jwt.JwtInterceptor - 访问路径:/error
[INFO ] 16:05:38.926 [http-nio-7071-exec-6] c.yys.szcp.config.jwt.JwtInterceptor - ===== 用户未登录, 请先登录:/error
[INFO ] 16:08:23.911 [http-nio-7071-exec-10] c.yys.szcp.config.jwt.JwtInterceptor - 访问路径:/fund/fund
[INFO ] 16:08:25.228 [http-nio-7071-exec-4] c.yys.szcp.config.jwt.JwtInterceptor - 访问路径:/error
[INFO ] 16:08:25.228 [http-nio-7071-exec-4] c.yys.szcp.config.jwt.JwtInterceptor - ===== 用户未登录, 请先登录:/error
[INFO ] 16:10:06.056 [http-nio-7071-exec-3] c.yys.szcp.config.jwt.JwtInterceptor - 访问路径:/fund/fund
[INFO ] 16:10:06.884 [http-nio-7071-exec-9] c.yys.szcp.config.jwt.JwtInterceptor - 访问路径:/fund/findFundInfoInvestmentList
[INFO ] 16:10:06.884 [http-nio-7071-exec-1] c.yys.szcp.config.jwt.JwtInterceptor - 访问路径:/fund/findFundInfoListType
[INFO ] 16:10:07.314 [http-nio-7071-exec-6] c.yys.szcp.config.jwt.JwtInterceptor - 访问路径:/error
[INFO ] 16:10:07.314 [http-nio-7071-exec-6] c.yys.szcp.config.jwt.JwtInterceptor - ===== 用户未登录, 请先登录:/error
[INFO ] 20:20:04.893 [SpringContextShutdownHook] o.s.s.c.ThreadPoolTaskScheduler - Shutting down ExecutorService 'taskScheduler'
[INFO ] 20:20:04.894 [SpringContextShutdownHook] o.s.s.c.ThreadPoolTaskExecutor - Shutting down ExecutorService 'applicationTaskExecutor'
[INFO ] 20:20:04.916 [SpringContextShutdownHook] c.alibaba.druid.pool.DruidDataSource - {dataSource-1} closed
[INFO ] 20:20:10.727 [main] com.yys.szcp.SzcpApplication - Starting SzcpApplication on LAPTOP-T7DEB7H8 with PID 21212 (E:\MyGithubProject\blog996\szcp\target\classes started by yangys in E:\MyGithubProject\blog996\szcp)
[INFO ] 20:20:10.728 [main] com.yys.szcp.SzcpApplication - The following profiles are active: dev
[INFO ] 20:20:11.461 [main] o.s.d.r.c.RepositoryConfigurationDelegate - Multiple Spring Data modules found, entering strict repository configuration mode!
[INFO ] 20:20:11.463 [main] o.s.d.r.c.RepositoryConfigurationDelegate - Bootstrapping Spring Data Redis repositories in DEFAULT mode.
[INFO ] 20:20:11.490 [main] o.s.d.r.c.RepositoryConfigurationDelegate - Finished Spring Data repository scanning in 11ms. Found 0 Redis repository interfaces.
[INFO ] 20:20:11.816 [main] o.s.c.s.PostProcessorRegistrationDelegate$BeanPostProcessorChecker - Bean 'org.springframework.transaction.annotation.ProxyTransactionManagementConfiguration' of type [org.springframework.transaction.annotation.ProxyTransactionManagementConfiguration] is not eligible for getting processed by all BeanPostProcessors (for example: not eligible for auto-proxying)
[INFO ] 20:20:12.066 [main] o.s.b.w.e.tomcat.TomcatWebServer - Tomcat initialized with port(s): 7071 (http)
[INFO ] 20:20:12.073 [main] o.a.coyote.http11.Http11NioProtocol - Initializing ProtocolHandler ["http-nio-7071"]
[INFO ] 20:20:12.074 [main] o.a.catalina.core.StandardService - Starting service [Tomcat]
[INFO ] 20:20:12.074 [main] o.a.catalina.core.StandardEngine - Starting Servlet engine: [Apache Tomcat/9.0.30]
[INFO ] 20:20:12.179 [main] o.a.c.c.C.[Tomcat].[localhost].[/] - Initializing Spring embedded WebApplicationContext
[INFO ] 20:20:12.179 [main] o.s.web.context.ContextLoader - Root WebApplicationContext: initialization completed in 1419 ms
[INFO ] 20:20:12.252 [main] o.s.b.web.servlet.RegistrationBean - Servlet statViewServlet was not registered (possibly already registered?)
[INFO ] 20:20:12.254 [main] o.s.b.web.servlet.RegistrationBean - Filter webStatFilter was not registered (possibly already registered?)
[INFO ] 20:20:13.232 [main] c.alibaba.druid.pool.DruidDataSource - {dataSource-1} inited
[INFO ] 20:20:13.650 [main] s.d.s.w.PropertySourcedRequestMappingHandlerMapping - Mapped URL path [/v2/api-docs] onto method [springfox.documentation.swagger2.web.Swagger2Controller#getDocumentation(String, HttpServletRequest)]
[INFO ] 20:20:13.937 [main] o.s.s.c.ThreadPoolTaskExecutor - Initializing ExecutorService 'applicationTaskExecutor'
[INFO ] 20:20:14.149 [main] o.s.s.c.ThreadPoolTaskScheduler - Initializing ExecutorService 'taskScheduler'
[INFO ] 20:20:14.201 [main] s.d.s.w.p.DocumentationPluginsBootstrapper - Context refreshed
[INFO ] 20:20:14.217 [main] s.d.s.w.p.DocumentationPluginsBootstrapper - Found 1 custom documentation plugin(s)
[INFO ] 20:20:14.246 [main] s.d.s.w.s.ApiListingReferenceScanner - Scanning for api listing references
[INFO ] 20:20:14.556 [main] o.a.coyote.http11.Http11NioProtocol - Starting ProtocolHandler ["http-nio-7071"]
[INFO ] 20:20:14.577 [main] o.s.b.w.e.tomcat.TomcatWebServer - Tomcat started on port(s): 7071 (http) with context path ''
[INFO ] 20:20:14.579 [main] com.yys.szcp.SzcpApplication - Started SzcpApplication in 4.126 seconds (JVM running for 5.12)
[INFO ] 20:20:18.770 [http-nio-7071-exec-1] o.a.c.c.C.[Tomcat].[localhost].[/] - Initializing Spring DispatcherServlet 'dispatcherServlet'
[INFO ] 20:20:18.770 [http-nio-7071-exec-1] o.s.web.servlet.DispatcherServlet - Initializing Servlet 'dispatcherServlet'
[INFO ] 20:20:18.776 [http-nio-7071-exec-1] o.s.web.servlet.DispatcherServlet - Completed initialization in 6 ms
[INFO ] 20:20:18.793 [http-nio-7071-exec-1] c.yys.szcp.config.jwt.JwtInterceptor - 访问路径:/fund/fund
[INFO ] 20:20:19.338 [http-nio-7071-exec-3] c.yys.szcp.config.jwt.JwtInterceptor - 访问路径:/fund/findFundInfoListType
[INFO ] 20:20:19.338 [http-nio-7071-exec-4] c.yys.szcp.config.jwt.JwtInterceptor - 访问路径:/fund/findFundInfoInvestmentList
[INFO ] 20:20:20.269 [http-nio-7071-exec-2] c.yys.szcp.config.jwt.JwtInterceptor - 访问路径:/error
[INFO ] 20:20:20.272 [http-nio-7071-exec-2] c.yys.szcp.config.jwt.JwtInterceptor - ===== 用户未登录, 请先登录:/error
[INFO ] 21:19:36.119 [SpringContextShutdownHook] o.s.s.c.ThreadPoolTaskScheduler - Shutting down ExecutorService 'taskScheduler'
[INFO ] 21:19:36.120 [SpringContextShutdownHook] o.s.s.c.ThreadPoolTaskExecutor - Shutting down ExecutorService 'applicationTaskExecutor'
[INFO ] 21:19:36.142 [SpringContextShutdownHook] c.alibaba.druid.pool.DruidDataSource - {dataSource-1} closed
[INFO ] 21:19:42.311 [main] com.yys.szcp.SzcpApplication - Starting SzcpApplication on LAPTOP-T7DEB7H8 with PID 30436 (E:\MyGithubProject\blog996\szcp\target\classes started by yangys in E:\MyGithubProject\blog996\szcp)
[INFO ] 21:19:42.312 [main] com.yys.szcp.SzcpApplication - The following profiles are active: dev
[INFO ] 21:19:43.077 [main] o.s.d.r.c.RepositoryConfigurationDelegate - Multiple Spring Data modules found, entering strict repository configuration mode!
[INFO ] 21:19:43.080 [main] o.s.d.r.c.RepositoryConfigurationDelegate - Bootstrapping Spring Data Redis repositories in DEFAULT mode.
[INFO ] 21:19:43.111 [main] o.s.d.r.c.RepositoryConfigurationDelegate - Finished Spring Data repository scanning in 13ms. Found 0 Redis repository interfaces.
[INFO ] 21:19:43.402 [main] o.s.c.s.PostProcessorRegistrationDelegate$BeanPostProcessorChecker - Bean 'org.springframework.transaction.annotation.ProxyTransactionManagementConfiguration' of type [org.springframework.transaction.annotation.ProxyTransactionManagementConfiguration] is not eligible for getting processed by all BeanPostProcessors (for example: not eligible for auto-proxying)
[INFO ] 21:19:43.638 [main] o.s.b.w.e.tomcat.TomcatWebServer - Tomcat initialized with port(s): 7071 (http)
[INFO ] 21:19:43.644 [main] o.a.coyote.http11.Http11NioProtocol - Initializing ProtocolHandler ["http-nio-7071"]
[INFO ] 21:19:43.645 [main] o.a.catalina.core.StandardService - Starting service [Tomcat]
[INFO ] 21:19:43.645 [main] o.a.catalina.core.StandardEngine - Starting Servlet engine: [Apache Tomcat/9.0.30]
[INFO ] 21:19:43.749 [main] o.a.c.c.C.[Tomcat].[localhost].[/] - Initializing Spring embedded WebApplicationContext
[INFO ] 21:19:43.749 [main] o.s.web.context.ContextLoader - Root WebApplicationContext: initialization completed in 1401 ms
[INFO ] 21:19:43.779 [main] o.s.b.web.servlet.RegistrationBean - Servlet statViewServlet was not registered (possibly already registered?)
[INFO ] 21:19:43.782 [main] o.s.b.web.servlet.RegistrationBean - Filter webStatFilter was not registered (possibly already registered?)
[INFO ] 21:19:44.852 [main] c.alibaba.druid.pool.DruidDataSource - {dataSource-1} inited
[INFO ] 21:19:45.285 [main] s.d.s.w.PropertySourcedRequestMappingHandlerMapping - Mapped URL path [/v2/api-docs] onto method [springfox.documentation.swagger2.web.Swagger2Controller#getDocumentation(String, HttpServletRequest)]
[INFO ] 21:19:45.568 [main] o.s.s.c.ThreadPoolTaskExecutor - Initializing ExecutorService 'applicationTaskExecutor'
[INFO ] 21:19:45.804 [main] o.s.s.c.ThreadPoolTaskScheduler - Initializing ExecutorService 'taskScheduler'
[INFO ] 21:19:45.845 [main] s.d.s.w.p.DocumentationPluginsBootstrapper - Context refreshed
[INFO ] 21:19:45.862 [main] s.d.s.w.p.DocumentationPluginsBootstrapper - Found 1 custom documentation plugin(s)
[INFO ] 21:19:45.893 [main] s.d.s.w.s.ApiListingReferenceScanner - Scanning for api listing references
[INFO ] 21:19:46.230 [main] o.a.coyote.http11.Http11NioProtocol - Starting ProtocolHandler ["http-nio-7071"]
[INFO ] 21:19:46.248 [main] o.s.b.w.e.tomcat.TomcatWebServer - Tomcat started on port(s): 7071 (http) with context path ''
[INFO ] 21:19:46.250 [main] com.yys.szcp.SzcpApplication - Started SzcpApplication in 4.235 seconds (JVM running for 5.21)
[INFO ] 21:20:12.015 [http-nio-7071-exec-1] o.a.c.c.C.[Tomcat].[localhost].[/] - Initializing Spring DispatcherServlet 'dispatcherServlet'
[INFO ] 21:20:12.015 [http-nio-7071-exec-1] o.s.web.servlet.DispatcherServlet - Initializing Servlet 'dispatcherServlet'
[INFO ] 21:20:12.020 [http-nio-7071-exec-1] o.s.web.servlet.DispatcherServlet - Completed initialization in 5 ms
[INFO ] 21:20:12.036 [http-nio-7071-exec-1] c.yys.szcp.config.jwt.JwtInterceptor - 访问路径:/fund/fund
[INFO ] 21:20:12.608 [http-nio-7071-exec-2] c.yys.szcp.config.jwt.JwtInterceptor - 访问路径:/fund/findFundInfoListType
[INFO ] 21:20:12.609 [http-nio-7071-exec-3] c.yys.szcp.config.jwt.JwtInterceptor - 访问路径:/fund/findFundInfoInvestmentList
[INFO ] 21:20:12.980 [http-nio-7071-exec-4] c.yys.szcp.config.jwt.JwtInterceptor - 访问路径:/error
[INFO ] 21:20:12.983 [http-nio-7071-exec-4] c.yys.szcp.config.jwt.JwtInterceptor - ===== 用户未登录, 请先登录:/error
[INFO ] 21:20:56.098 [SpringContextShutdownHook] o.s.s.c.ThreadPoolTaskScheduler - Shutting down ExecutorService 'taskScheduler'
[INFO ] 21:20:56.099 [SpringContextShutdownHook] o.s.s.c.ThreadPoolTaskExecutor - Shutting down ExecutorService 'applicationTaskExecutor'
[INFO ] 21:20:56.117 [SpringContextShutdownHook] c.alibaba.druid.pool.DruidDataSource - {dataSource-1} closed
[INFO ] 21:21:00.274 [main] com.yys.szcp.SzcpApplication - Starting SzcpApplication on LAPTOP-T7DEB7H8 with PID 4644 (E:\MyGithubProject\blog996\szcp\target\classes started by yangys in E:\MyGithubProject\blog996\szcp)
[INFO ] 21:21:00.275 [main] com.yys.szcp.SzcpApplication - The following profiles are active: dev
[INFO ] 21:21:01.041 [main] o.s.d.r.c.RepositoryConfigurationDelegate - Multiple Spring Data modules found, entering strict repository configuration mode!
[INFO ] 21:21:01.047 [main] o.s.d.r.c.RepositoryConfigurationDelegate - Bootstrapping Spring Data Redis repositories in DEFAULT mode.
[INFO ] 21:21:01.086 [main] o.s.d.r.c.RepositoryConfigurationDelegate - Finished Spring Data repository scanning in 15ms. Found 0 Redis repository interfaces.
[INFO ] 21:21:01.427 [main] o.s.c.s.PostProcessorRegistrationDelegate$BeanPostProcessorChecker - Bean 'org.springframework.transaction.annotation.ProxyTransactionManagementConfiguration' of type [org.springframework.transaction.annotation.ProxyTransactionManagementConfiguration] is not eligible for getting processed by all BeanPostProcessors (for example: not eligible for auto-proxying)
[INFO ] 21:21:01.673 [main] o.s.b.w.e.tomcat.TomcatWebServer - Tomcat initialized with port(s): 7071 (http)
[INFO ] 21:21:01.680 [main] o.a.coyote.http11.Http11NioProtocol - Initializing ProtocolHandler ["http-nio-7071"]
[INFO ] 21:21:01.680 [main] o.a.catalina.core.StandardService - Starting service [Tomcat]
[INFO ] 21:21:01.680 [main] o.a.catalina.core.StandardEngine - Starting Servlet engine: [Apache Tomcat/9.0.30]
[INFO ] 21:21:01.803 [main] o.a.c.c.C.[Tomcat].[localhost].[/] - Initializing Spring embedded WebApplicationContext
[INFO ] 21:21:01.803 [main] o.s.web.context.ContextLoader - Root WebApplicationContext: initialization completed in 1496 ms
[INFO ] 21:21:01.875 [main] o.s.b.web.servlet.RegistrationBean - Servlet statViewServlet was not registered (possibly already registered?)
[INFO ] 21:21:01.878 [main] o.s.b.web.servlet.RegistrationBean - Filter webStatFilter was not registered (possibly already registered?)
[INFO ] 21:21:02.801 [main] c.alibaba.druid.pool.DruidDataSource - {dataSource-1} inited
[INFO ] 21:21:03.451 [main] s.d.s.w.PropertySourcedRequestMappingHandlerMapping - Mapped URL path [/v2/api-docs] onto method [springfox.documentation.swagger2.web.Swagger2Controller#getDocumentation(String, HttpServletRequest)]
[INFO ] 21:21:03.748 [main] o.s.s.c.ThreadPoolTaskExecutor - Initializing ExecutorService 'applicationTaskExecutor'
[INFO ] 21:21:04.003 [main] o.s.s.c.ThreadPoolTaskScheduler - Initializing ExecutorService 'taskScheduler'
[INFO ] 21:21:04.068 [main] s.d.s.w.p.DocumentationPluginsBootstrapper - Context refreshed
[INFO ] 21:21:04.082 [main] s.d.s.w.p.DocumentationPluginsBootstrapper - Found 1 custom documentation plugin(s)
[INFO ] 21:21:04.118 [main] s.d.s.w.s.ApiListingReferenceScanner - Scanning for api listing references
[INFO ] 21:21:04.437 [main] o.a.coyote.http11.Http11NioProtocol - Starting ProtocolHandler ["http-nio-7071"]
[INFO ] 21:21:04.461 [main] o.s.b.w.e.tomcat.TomcatWebServer - Tomcat started on port(s): 7071 (http) with context path ''
[INFO ] 21:21:04.464 [main] com.yys.szcp.SzcpApplication - Started SzcpApplication in 4.464 seconds (JVM running for 5.464)
[INFO ] 21:34:23.003 [http-nio-7071-exec-1] o.a.c.c.C.[Tomcat].[localhost].[/] - Initializing Spring DispatcherServlet 'dispatcherServlet'
[INFO ] 21:34:23.003 [http-nio-7071-exec-1] o.s.web.servlet.DispatcherServlet - Initializing Servlet 'dispatcherServlet'
[INFO ] 21:34:23.009 [http-nio-7071-exec-1] o.s.web.servlet.DispatcherServlet - Completed initialization in 6 ms
[INFO ] 21:34:23.024 [http-nio-7071-exec-1] c.yys.szcp.config.jwt.JwtInterceptor - 访问路径:/fund/fund
[INFO ] 21:34:24.025 [http-nio-7071-exec-2] c.yys.szcp.config.jwt.JwtInterceptor - 访问路径:/fund/findFundInfoListType
[INFO ] 21:34:24.026 [http-nio-7071-exec-3] c.yys.szcp.config.jwt.JwtInterceptor - 访问路径:/fund/findFundInfoInvestmentList
[INFO ] 21:34:24.913 [http-nio-7071-exec-4] c.yys.szcp.config.jwt.JwtInterceptor - 访问路径:/error
[INFO ] 21:34:24.917 [http-nio-7071-exec-4] c.yys.szcp.config.jwt.JwtInterceptor - ===== 用户未登录, 请先登录:/error
[INFO ] 22:36:23.998 [SpringContextShutdownHook] o.s.s.c.ThreadPoolTaskScheduler - Shutting down ExecutorService 'taskScheduler'
[INFO ] 22:36:23.999 [SpringContextShutdownHook] o.s.s.c.ThreadPoolTaskExecutor - Shutting down ExecutorService 'applicationTaskExecutor'
[INFO ] 22:36:24.037 [SpringContextShutdownHook] c.alibaba.druid.pool.DruidDataSource - {dataSource-1} closed
[INFO ] 22:36:57.986 [main] o.s.b.t.c.SpringBootTestContextBootstrapper - Neither @ContextConfiguration nor @ContextHierarchy found for test class [com.yys.szcp.SzcpApplicationTests], using SpringBootContextLoader
[INFO ] 22:36:57.991 [main] o.s.t.c.s.AbstractContextLoader - Could not detect default resource locations for test class [com.yys.szcp.SzcpApplicationTests]: no resource found for suffixes {-context.xml, Context.groovy}.
[INFO ] 22:36:57.992 [main] o.s.t.c.s.AnnotationConfigContextLoaderUtils - Could not detect default configuration classes for test class [com.yys.szcp.SzcpApplicationTests]: SzcpApplicationTests does not declare any static, non-private, non-final, nested classes annotated with @Configuration.
[INFO ] 22:36:58.095 [main] o.s.b.t.c.SpringBootTestContextBootstrapper - Found @SpringBootConfiguration com.yys.szcp.SzcpApplication for test class com.yys.szcp.SzcpApplicationTests
[INFO ] 22:36:58.196 [main] o.s.b.t.c.SpringBootTestContextBootstrapper - Loaded default TestExecutionListener class names from location [META-INF/spring.factories]: [org.springframework.boot.test.mock.mockito.MockitoTestExecutionListener, org.springframework.boot.test.mock.mockito.ResetMocksTestExecutionListener, org.springframework.boot.test.autoconfigure.restdocs.RestDocsTestExecutionListener, org.springframework.boot.test.autoconfigure.web.client.MockRestServiceServerResetTestExecutionListener, org.springframework.boot.test.autoconfigure.web.servlet.MockMvcPrintOnlyOnFailureTestExecutionListener, org.springframework.boot.test.autoconfigure.web.servlet.WebDriverTestExecutionListener, org.springframework.test.context.web.ServletTestExecutionListener, org.springframework.test.context.support.DirtiesContextBeforeModesTestExecutionListener, org.springframework.test.context.support.DependencyInjectionTestExecutionListener, org.springframework.test.context.support.DirtiesContextTestExecutionListener, org.springframework.test.context.transaction.TransactionalTestExecutionListener, org.springframework.test.context.jdbc.SqlScriptsTestExecutionListener, org.springframework.test.context.event.EventPublishingTestExecutionListener]
[INFO ] 22:36:58.219 [main] o.s.b.t.c.SpringBootTestContextBootstrapper - Using TestExecutionListeners: [org.springframework.test.context.web.ServletTestExecutionListener@420a85c4, org.springframework.test.context.support.DirtiesContextBeforeModesTestExecutionListener@1c39680d, org.springframework.boot.test.mock.mockito.MockitoTestExecutionListener@62833051, org.springframework.boot.test.autoconfigure.SpringBootDependencyInjectionTestExecutionListener@1c852c0f, org.springframework.test.context.support.DirtiesContextTestExecutionListener@a37aefe, org.springframework.test.context.transaction.TransactionalTestExecutionListener@5d99c6b5, org.springframework.test.context.jdbc.SqlScriptsTestExecutionListener@266374ef, org.springframework.test.context.event.EventPublishingTestExecutionListener@13b3d178, org.springframework.boot.test.mock.mockito.ResetMocksTestExecutionListener@24c4ddae, org.springframework.boot.test.autoconfigure.restdocs.RestDocsTestExecutionListener@37fb0bed, org.springframework.boot.test.autoconfigure.web.client.MockRestServiceServerResetTestExecutionListener@a82c5f1, org.springframework.boot.test.autoconfigure.web.servlet.MockMvcPrintOnlyOnFailureTestExecutionListener@7b7fdc8, org.springframework.boot.test.autoconfigure.web.servlet.WebDriverTestExecutionListener@51c693d]
[INFO ] 22:36:58.586 [main] com.yys.szcp.SzcpApplicationTests - Starting SzcpApplicationTests on LAPTOP-T7DEB7H8 with PID 33876 (started by yangys in E:\MyGithubProject\blog996\szcp)
[INFO ] 22:36:58.587 [main] com.yys.szcp.SzcpApplicationTests - The following profiles are active: dev
[INFO ] 22:36:59.761 [main] o.s.d.r.c.RepositoryConfigurationDelegate - Multiple Spring Data modules found, entering strict repository configuration mode!
[INFO ] 22:36:59.764 [main] o.s.d.r.c.RepositoryConfigurationDelegate - Bootstrapping Spring Data Redis repositories in DEFAULT mode.
[INFO ] 22:36:59.801 [main] o.s.d.r.c.RepositoryConfigurationDelegate - Finished Spring Data repository scanning in 16ms. Found 0 Redis repository interfaces.
[INFO ] 22:37:00.439 [main] o.s.c.s.PostProcessorRegistrationDelegate$BeanPostProcessorChecker - Bean 'org.springframework.transaction.annotation.ProxyTransactionManagementConfiguration' of type [org.springframework.transaction.annotation.ProxyTransactionManagementConfiguration] is not eligible for getting processed by all BeanPostProcessors (for example: not eligible for auto-proxying)
[INFO ] 22:37:01.933 [main] c.alibaba.druid.pool.DruidDataSource - {dataSource-1} inited
[INFO ] 22:37:03.239 [main] s.d.s.w.PropertySourcedRequestMappingHandlerMapping - Mapped URL path [/v2/api-docs] onto method [springfox.documentation.swagger2.web.Swagger2Controller#getDocumentation(String, HttpServletRequest)]
[INFO ] 22:37:04.374 [main] o.s.s.c.ThreadPoolTaskExecutor - Initializing ExecutorService 'applicationTaskExecutor'
[INFO ] 22:37:05.158 [main] o.s.s.c.ThreadPoolTaskScheduler - Initializing ExecutorService 'taskScheduler'
[INFO ] 22:37:05.283 [main] s.d.s.w.p.DocumentationPluginsBootstrapper - Context refreshed
[INFO ] 22:37:05.343 [main] s.d.s.w.p.DocumentationPluginsBootstrapper - Found 1 custom documentation plugin(s)
[INFO ] 22:37:05.426 [main] s.d.s.w.s.ApiListingReferenceScanner - Scanning for api listing references
[INFO ] 22:37:06.774 [main] com.yys.szcp.SzcpApplicationTests - Started SzcpApplicationTests in 8.507 seconds (JVM running for 9.665)
[INFO ] 22:37:07.225 [SpringContextShutdownHook] o.s.s.c.ThreadPoolTaskScheduler - Shutting down ExecutorService 'taskScheduler'
[INFO ] 22:37:07.226 [SpringContextShutdownHook] o.s.s.c.ThreadPoolTaskExecutor - Shutting down ExecutorService 'applicationTaskExecutor'
[INFO ] 22:37:07.267 [SpringContextShutdownHook] c.alibaba.druid.pool.DruidDataSource - {dataSource-1} closed
[INFO ] 22:58:26.937 [main] com.yys.szcp.SzcpApplication - Starting SzcpApplication on LAPTOP-T7DEB7H8 with PID 34872 (E:\MyGithubProject\blog996\szcp\target\classes started by yangys in E:\MyGithubProject\blog996\szcp)
[INFO ] 22:58:26.939 [main] com.yys.szcp.SzcpApplication - The following profiles are active: dev
[INFO ] 22:58:27.939 [main] o.s.d.r.c.RepositoryConfigurationDelegate - Multiple Spring Data modules found, entering strict repository configuration mode!
[INFO ] 22:58:27.941 [main] o.s.d.r.c.RepositoryConfigurationDelegate - Bootstrapping Spring Data Redis repositories in DEFAULT mode.
[INFO ] 22:58:27.970 [main] o.s.d.r.c.RepositoryConfigurationDelegate - Finished Spring Data repository scanning in 12ms. Found 0 Redis repository interfaces.
[INFO ] 22:58:28.322 [main] o.s.c.s.PostProcessorRegistrationDelegate$BeanPostProcessorChecker - Bean 'org.springframework.transaction.annotation.ProxyTransactionManagementConfiguration' of type [org.springframework.transaction.annotation.ProxyTransactionManagementConfiguration] is not eligible for getting processed by all BeanPostProcessors (for example: not eligible for auto-proxying)
[INFO ] 22:58:28.625 [main] o.s.b.w.e.tomcat.TomcatWebServer - Tomcat initialized with port(s): 7071 (http)
[INFO ] 22:58:28.636 [main] o.a.coyote.http11.Http11NioProtocol - Initializing ProtocolHandler ["http-nio-7071"]
[INFO ] 22:58:28.637 [main] o.a.catalina.core.StandardService - Starting service [Tomcat]
[INFO ] 22:58:28.637 [main] o.a.catalina.core.StandardEngine - Starting Servlet engine: [Apache Tomcat/9.0.30]
[INFO ] 22:58:28.786 [main] o.a.c.c.C.[Tomcat].[localhost].[/] - Initializing Spring embedded WebApplicationContext
[INFO ] 22:58:28.787 [main] o.s.web.context.ContextLoader - Root WebApplicationContext: initialization completed in 1756 ms
[INFO ] 22:58:28.903 [main] o.s.b.web.servlet.RegistrationBean - Servlet statViewServlet was not registered (possibly already registered?)
[INFO ] 22:58:28.908 [main] o.s.b.web.servlet.RegistrationBean - Filter webStatFilter was not registered (possibly already registered?)
[INFO ] 22:58:30.046 [main] c.alibaba.druid.pool.DruidDataSource - {dataSource-1} inited
[INFO ] 22:58:30.608 [main] s.d.s.w.PropertySourcedRequestMappingHandlerMapping - Mapped URL path [/v2/api-docs] onto method [springfox.documentation.swagger2.web.Swagger2Controller#getDocumentation(String, HttpServletRequest)]
[INFO ] 22:58:30.981 [main] o.s.s.c.ThreadPoolTaskExecutor - Initializing ExecutorService 'applicationTaskExecutor'
[INFO ] 22:58:31.240 [main] o.s.s.c.ThreadPoolTaskScheduler - Initializing ExecutorService 'taskScheduler'
[INFO ] 22:58:31.297 [main] s.d.s.w.p.DocumentationPluginsBootstrapper - Context refreshed
[INFO ] 22:58:31.315 [main] s.d.s.w.p.DocumentationPluginsBootstrapper - Found 1 custom documentation plugin(s)
[INFO ] 22:58:31.356 [main] s.d.s.w.s.ApiListingReferenceScanner - Scanning for api listing references
[INFO ] 22:58:31.741 [main] o.a.coyote.http11.Http11NioProtocol - Starting ProtocolHandler ["http-nio-7071"]
[INFO ] 22:58:31.763 [main] o.s.b.w.e.tomcat.TomcatWebServer - Tomcat started on port(s): 7071 (http) with context path ''
[INFO ] 22:58:31.765 [main] com.yys.szcp.SzcpApplication - Started SzcpApplication in 5.305 seconds (JVM running for 6.989)
[INFO ] 23:17:06.508 [http-nio-7071-exec-1] o.a.c.c.C.[Tomcat].[localhost].[/] - Initializing Spring DispatcherServlet 'dispatcherServlet'
[INFO ] 23:17:06.509 [http-nio-7071-exec-1] o.s.web.servlet.DispatcherServlet - Initializing Servlet 'dispatcherServlet'
[INFO ] 23:17:06.519 [http-nio-7071-exec-1] o.s.web.servlet.DispatcherServlet - Completed initialization in 10 ms
[INFO ] 23:17:06.540 [http-nio-7071-exec-1] c.yys.szcp.config.jwt.JwtInterceptor - 访问路径:/fund/index
[INFO ] 23:17:09.980 [http-nio-7071-exec-2] c.yys.szcp.config.jwt.JwtInterceptor - 访问路径:/fund/fund
[INFO ] 23:17:10.321 [http-nio-7071-exec-3] c.yys.szcp.config.jwt.JwtInterceptor - 访问路径:/fund/findFundInfoListType
[INFO ] 23:17:10.322 [http-nio-7071-exec-4] c.yys.szcp.config.jwt.JwtInterceptor - 访问路径:/fund/findFundInfoInvestmentList
[INFO ] 23:17:10.738 [http-nio-7071-exec-5] c.yys.szcp.config.jwt.JwtInterceptor - 访问路径:/error
[INFO ] 23:17:10.744 [http-nio-7071-exec-5] c.yys.szcp.config.jwt.JwtInterceptor - ===== 用户未登录, 请先登录:/error
[INFO ] 23:19:33.682 [SpringContextShutdownHook] o.s.s.c.ThreadPoolTaskScheduler - Shutting down ExecutorService 'taskScheduler'
[INFO ] 23:19:33.683 [SpringContextShutdownHook] o.s.s.c.ThreadPoolTaskExecutor - Shutting down ExecutorService 'applicationTaskExecutor'
[INFO ] 23:19:33.713 [SpringContextShutdownHook] c.alibaba.druid.pool.DruidDataSource - {dataSource-1} closed
[INFO ] 23:19:39.270 [main] com.yys.szcp.SzcpApplication - Starting SzcpApplication on LAPTOP-T7DEB7H8 with PID 8044 (E:\MyGithubProject\blog996\szcp\target\classes started by yangys in E:\MyGithubProject\blog996\szcp)
[INFO ] 23:19:39.272 [main] com.yys.szcp.SzcpApplication - The following profiles are active: dev
[INFO ] 23:19:40.638 [main] o.s.d.r.c.RepositoryConfigurationDelegate - Multiple Spring Data modules found, entering strict repository configuration mode!
[INFO ] 23:19:40.642 [main] o.s.d.r.c.RepositoryConfigurationDelegate - Bootstrapping Spring Data Redis repositories in DEFAULT mode.
[INFO ] 23:19:40.681 [main] o.s.d.r.c.RepositoryConfigurationDelegate - Finished Spring Data repository scanning in 17ms. Found 0 Redis repository interfaces.
[INFO ] 23:19:41.175 [main] o.s.c.s.PostProcessorRegistrationDelegate$BeanPostProcessorChecker - Bean 'org.springframework.transaction.annotation.ProxyTransactionManagementConfiguration' of type [org.springframework.transaction.annotation.ProxyTransactionManagementConfiguration] is not eligible for getting processed by all BeanPostProcessors (for example: not eligible for auto-proxying)
[INFO ] 23:19:41.587 [main] o.s.b.w.e.tomcat.TomcatWebServer - Tomcat initialized with port(s): 7071 (http)
[INFO ] 23:19:41.598 [main] o.a.coyote.http11.Http11NioProtocol - Initializing ProtocolHandler ["http-nio-7071"]
[INFO ] 23:19:41.598 [main] o.a.catalina.core.StandardService - Starting service [Tomcat]
[INFO ] 23:19:41.599 [main] o.a.catalina.core.StandardEngine - Starting Servlet engine: [Apache Tomcat/9.0.30]
[INFO ] 23:19:41.787 [main] o.a.c.c.C.[Tomcat].[localhost].[/] - Initializing Spring embedded WebApplicationContext
[INFO ] 23:19:41.788 [main] o.s.web.context.ContextLoader - Root WebApplicationContext: initialization completed in 2403 ms
[INFO ] 23:19:41.878 [main] o.s.b.web.servlet.RegistrationBean - Servlet statViewServlet was not registered (possibly already registered?)
[INFO ] 23:19:41.882 [main] o.s.b.web.servlet.RegistrationBean - Filter webStatFilter was not registered (possibly already registered?)
[INFO ] 23:19:42.977 [main] c.alibaba.druid.pool.DruidDataSource - {dataSource-1} inited
[INFO ] 23:19:43.565 [main] s.d.s.w.PropertySourcedRequestMappingHandlerMapping - Mapped URL path [/v2/api-docs] onto method [springfox.documentation.swagger2.web.Swagger2Controller#getDocumentation(String, HttpServletRequest)]
[INFO ] 23:19:43.979 [main] o.s.s.c.ThreadPoolTaskExecutor - Initializing ExecutorService 'applicationTaskExecutor'
[INFO ] 23:19:44.262 [main] o.s.s.c.ThreadPoolTaskScheduler - Initializing ExecutorService 'taskScheduler'
[INFO ] 23:19:44.328 [main] s.d.s.w.p.DocumentationPluginsBootstrapper - Context refreshed
[INFO ] 23:19:44.350 [main] s.d.s.w.p.DocumentationPluginsBootstrapper - Found 1 custom documentation plugin(s)
[INFO ] 23:19:44.396 [main] s.d.s.w.s.ApiListingReferenceScanner - Scanning for api listing references
[INFO ] 23:19:44.851 [main] o.a.coyote.http11.Http11NioProtocol - Starting ProtocolHandler ["http-nio-7071"]
[INFO ] 23:19:44.877 [main] o.s.b.w.e.tomcat.TomcatWebServer - Tomcat started on port(s): 7071 (http) with context path ''
[INFO ] 23:19:44.880 [main] com.yys.szcp.SzcpApplication - Started SzcpApplication in 6.127 seconds (JVM running for 7.545)
[INFO ] 23:20:54.933 [http-nio-7071-exec-1] o.a.c.c.C.[Tomcat].[localhost].[/] - Initializing Spring DispatcherServlet 'dispatcherServlet'
[INFO ] 23:20:54.934 [http-nio-7071-exec-1] o.s.web.servlet.DispatcherServlet - Initializing Servlet 'dispatcherServlet'
[INFO ] 23:20:54.940 [http-nio-7071-exec-1] o.s.web.servlet.DispatcherServlet - Completed initialization in 6 ms
[INFO ] 23:20:54.954 [http-nio-7071-exec-1] c.yys.szcp.config.jwt.JwtInterceptor - 访问路径:/fund/fund
[INFO ] 23:20:55.654 [http-nio-7071-exec-2] c.yys.szcp.config.jwt.JwtInterceptor - 访问路径:/fund/findFundInfoListType
[INFO ] 23:20:55.654 [http-nio-7071-exec-3] c.yys.szcp.config.jwt.JwtInterceptor - 访问路径:/fund/findFundInfoInvestmentList
[INFO ] 23:20:56.352 [http-nio-7071-exec-6] c.yys.szcp.config.jwt.JwtInterceptor - 访问路径:/error
[INFO ] 23:20:56.355 [http-nio-7071-exec-6] c.yys.szcp.config.jwt.JwtInterceptor - ===== 用户未登录, 请先登录:/error
[INFO ] 23:40:18.515 [http-nio-7071-exec-7] c.yys.szcp.config.jwt.JwtInterceptor - 访问路径:/fund/index
[INFO ] 23:40:24.300 [http-nio-7071-exec-8] c.yys.szcp.config.jwt.JwtInterceptor - 访问路径:/fund/getFundDataListOne
[INFO ] 23:40:25.339 [http-nio-7071-exec-9] c.yys.szcp.config.jwt.JwtInterceptor - 访问路径:/fund/addFundInfoList
[INFO ] 23:40:26.229 [http-nio-7071-exec-10] c.yys.szcp.config.jwt.JwtInterceptor - 访问路径:/fund/getFundDataListOne
[INFO ] 23:40:26.405 [http-nio-7071-exec-1] c.yys.szcp.config.jwt.JwtInterceptor - 访问路径:/fund/addFundInfoList
[INFO ] 23:40:27.253 [http-nio-7071-exec-2] c.yys.szcp.config.jwt.JwtInterceptor - 访问路径:/fund/getFundDataListOne
[INFO ] 23:40:27.392 [http-nio-7071-exec-6] c.yys.szcp.config.jwt.JwtInterceptor - 访问路径:/fund/addFundInfoList
[INFO ] 23:40:28.229 [http-nio-7071-exec-3] c.yys.szcp.config.jwt.JwtInterceptor - 访问路径:/fund/getFundDataListOne
[INFO ] 23:40:28.337 [http-nio-7071-exec-5] c.yys.szcp.config.jwt.JwtInterceptor - 访问路径:/fund/addFundInfoList
[INFO ] 23:40:29.086 [http-nio-7071-exec-4] c.yys.szcp.config.jwt.JwtInterceptor - 访问路径:/fund/getFundDataListOne
[INFO ] 23:40:29.239 [http-nio-7071-exec-7] c.yys.szcp.config.jwt.JwtInterceptor - 访问路径:/fund/addFundInfoList
[INFO ] 23:40:29.940 [http-nio-7071-exec-8] c.yys.szcp.config.jwt.JwtInterceptor - 访问路径:/fund/getFundDataListOne
[INFO ] 23:40:30.165 [http-nio-7071-exec-10] c.yys.szcp.config.jwt.JwtInterceptor - 访问路径:/fund/addFundInfoList
[INFO ] 23:40:30.972 [http-nio-7071-exec-2] c.yys.szcp.config.jwt.JwtInterceptor - 访问路径:/fund/getFundDataListOne
[INFO ] 23:40:31.127 [http-nio-7071-exec-9] c.yys.szcp.config.jwt.JwtInterceptor - 访问路径:/fund/addFundInfoList
[INFO ] 23:40:31.885 [http-nio-7071-exec-3] c.yys.szcp.config.jwt.JwtInterceptor - 访问路径:/fund/getFundDataListOne
[INFO ] 23:40:32.018 [http-nio-7071-exec-5] c.yys.szcp.config.jwt.JwtInterceptor - 访问路径:/fund/addFundInfoList
[INFO ] 23:40:32.685 [http-nio-7071-exec-6] c.yys.szcp.config.jwt.JwtInterceptor - 访问路径:/fund/getFundDataListOne
[INFO ] 23:40:32.835 [http-nio-7071-exec-1] c.yys.szcp.config.jwt.JwtInterceptor - 访问路径:/fund/addFundInfoList
[INFO ] 23:40:33.502 [http-nio-7071-exec-4] c.yys.szcp.config.jwt.JwtInterceptor - 访问路径:/fund/getFundDataListOne
[INFO ] 23:40:33.651 [http-nio-7071-exec-7] c.yys.szcp.config.jwt.JwtInterceptor - 访问路径:/fund/addFundInfoList
[INFO ] 23:40:34.364 [http-nio-7071-exec-8] c.yys.szcp.config.jwt.JwtInterceptor - 访问路径:/fund/getFundDataListOne
[INFO ] 23:40:34.557 [http-nio-7071-exec-10] c.yys.szcp.config.jwt.JwtInterceptor - 访问路径:/fund/addFundInfoList
[INFO ] 23:40:35.099 [http-nio-7071-exec-2] c.yys.szcp.config.jwt.JwtInterceptor - 访问路径:/fund/getFundDataListOne
[INFO ] 23:40:35.226 [http-nio-7071-exec-9] c.yys.szcp.config.jwt.JwtInterceptor - 访问路径:/fund/addFundInfoList
[INFO ] 23:40:35.837 [http-nio-7071-exec-3] c.yys.szcp.config.jwt.JwtInterceptor - 访问路径:/fund/getFundDataListOne
[INFO ] 23:40:35.931 [http-nio-7071-exec-5] c.yys.szcp.config.jwt.JwtInterceptor - 访问路径:/fund/addFundInfoList
[INFO ] 23:40:36.516 [http-nio-7071-exec-6] c.yys.szcp.config.jwt.JwtInterceptor - 访问路径:/fund/getFundDataListOne
[INFO ] 23:40:36.647 [http-nio-7071-exec-1] c.yys.szcp.config.jwt.JwtInterceptor - 访问路径:/fund/addFundInfoList
[INFO ] 23:40:37.116 [http-nio-7071-exec-4] c.yys.szcp.config.jwt.JwtInterceptor - 访问路径:/fund/getFundDataListOne
[INFO ] 23:40:37.234 [http-nio-7071-exec-7] c.yys.szcp.config.jwt.JwtInterceptor - 访问路径:/fund/addFundInfoList
[INFO ] 23:40:37.757 [http-nio-7071-exec-8] c.yys.szcp.config.jwt.JwtInterceptor - 访问路径:/fund/getFundDataListOne
[INFO ] 23:40:37.871 [http-nio-7071-exec-10] c.yys.szcp.config.jwt.JwtInterceptor - 访问路径:/fund/addFundInfoList
[INFO ] 23:40:38.299 [http-nio-7071-exec-2] c.yys.szcp.config.jwt.JwtInterceptor - 访问路径:/fund/getFundDataListOne
[INFO ] 23:40:38.383 [http-nio-7071-exec-9] c.yys.szcp.config.jwt.JwtInterceptor - 访问路径:/fund/addFundInfoList
[INFO ] 23:40:38.867 [http-nio-7071-exec-3] c.yys.szcp.config.jwt.JwtInterceptor - 访问路径:/fund/getFundDataListOne
[INFO ] 23:40:39.032 [http-nio-7071-exec-5] c.yys.szcp.config.jwt.JwtInterceptor - 访问路径:/fund/addFundInfoList
[INFO ] 23:40:39.532 [http-nio-7071-exec-6] c.yys.szcp.config.jwt.JwtInterceptor - 访问路径:/fund/getFundDataListOne
[INFO ] 23:40:39.650 [http-nio-7071-exec-1] c.yys.szcp.config.jwt.JwtInterceptor - 访问路径:/fund/addFundInfoList
[INFO ] 23:40:40.069 [http-nio-7071-exec-4] c.yys.szcp.config.jwt.JwtInterceptor - 访问路径:/fund/getFundDataListOne
[INFO ] 23:40:40.194 [http-nio-7071-exec-7] c.yys.szcp.config.jwt.JwtInterceptor - 访问路径:/fund/addFundInfoList
[INFO ] 23:40:40.645 [http-nio-7071-exec-8] c.yys.szcp.config.jwt.JwtInterceptor - 访问路径:/fund/getFundDataListOne
[INFO ] 23:40:40.789 [http-nio-7071-exec-10] c.yys.szcp.config.jwt.JwtInterceptor - 访问路径:/fund/addFundInfoList
[INFO ] 23:40:41.179 [http-nio-7071-exec-2] c.yys.szcp.config.jwt.JwtInterceptor - 访问路径:/fund/getFundDataListOne
[INFO ] 23:40:41.333 [http-nio-7071-exec-9] c.yys.szcp.config.jwt.JwtInterceptor - 访问路径:/fund/addFundInfoList
[INFO ] 23:40:41.796 [http-nio-7071-exec-3] c.yys.szcp.config.jwt.JwtInterceptor - 访问路径:/fund/getFundDataListOne
[INFO ] 23:40:41.897 [http-nio-7071-exec-5] c.yys.szcp.config.jwt.JwtInterceptor - 访问路径:/fund/addFundInfoList
[INFO ] 23:40:42.479 [http-nio-7071-exec-6] c.yys.szcp.config.jwt.JwtInterceptor - 访问路径:/fund/getFundDataListOne
[INFO ] 23:40:42.621 [http-nio-7071-exec-1] c.yys.szcp.config.jwt.JwtInterceptor - 访问路径:/fund/addFundInfoList
[INFO ] 23:40:43.091 [http-nio-7071-exec-4] c.yys.szcp.config.jwt.JwtInterceptor - 访问路径:/fund/getFundDataListOne
[INFO ] 23:40:43.267 [http-nio-7071-exec-7] c.yys.szcp.config.jwt.JwtInterceptor - 访问路径:/fund/addFundInfoList
[INFO ] 23:40:43.643 [http-nio-7071-exec-8] c.yys.szcp.config.jwt.JwtInterceptor - 访问路径:/fund/getFundDataListOne
[INFO ] 23:40:43.783 [http-nio-7071-exec-10] c.yys.szcp.config.jwt.JwtInterceptor - 访问路径:/fund/addFundInfoList
[INFO ] 23:40:44.332 [http-nio-7071-exec-2] c.yys.szcp.config.jwt.JwtInterceptor - 访问路径:/fund/getFundDataListOne
[INFO ] 23:40:44.505 [http-nio-7071-exec-9] c.yys.szcp.config.jwt.JwtInterceptor - 访问路径:/fund/addFundInfoList
[INFO ] 23:40:44.940 [http-nio-7071-exec-3] c.yys.szcp.config.jwt.JwtInterceptor - 访问路径:/fund/getFundDataListOne
[INFO ] 23:40:45.153 [http-nio-7071-exec-5] c.yys.szcp.config.jwt.JwtInterceptor - 访问路径:/fund/addFundInfoList
[INFO ] 23:40:45.499 [http-nio-7071-exec-6] c.yys.szcp.config.jwt.JwtInterceptor - 访问路径:/fund/getFundDataListOne
[INFO ] 23:40:45.646 [http-nio-7071-exec-1] c.yys.szcp.config.jwt.JwtInterceptor - 访问路径:/fund/addFundInfoList
[INFO ] 23:40:46.108 [http-nio-7071-exec-4] c.yys.szcp.config.jwt.JwtInterceptor - 访问路径:/fund/getFundDataListOne
[INFO ] 23:40:46.309 [http-nio-7071-exec-7] c.yys.szcp.config.jwt.JwtInterceptor - 访问路径:/fund/addFundInfoList
[INFO ] 23:40:46.668 [http-nio-7071-exec-8] c.yys.szcp.config.jwt.JwtInterceptor - 访问路径:/fund/getFundDataListOne
[INFO ] 23:40:46.888 [http-nio-7071-exec-10] c.yys.szcp.config.jwt.JwtInterceptor - 访问路径:/fund/addFundInfoList
[INFO ] 23:40:47.235 [http-nio-7071-exec-2] c.yys.szcp.config.jwt.JwtInterceptor - 访问路径:/fund/getFundDataListOne
[INFO ] 23:40:47.375 [http-nio-7071-exec-9] c.yys.szcp.config.jwt.JwtInterceptor - 访问路径:/fund/addFundInfoList
[INFO ] 23:40:47.795 [http-nio-7071-exec-3] c.yys.szcp.config.jwt.JwtInterceptor - 访问路径:/fund/getFundDataListOne
[INFO ] 23:40:47.912 [http-nio-7071-exec-5] c.yys.szcp.config.jwt.JwtInterceptor - 访问路径:/fund/addFundInfoList
[INFO ] 23:40:48.379 [http-nio-7071-exec-6] c.yys.szcp.config.jwt.JwtInterceptor - 访问路径:/fund/getFundDataListOne
[INFO ] 23:40:48.541 [http-nio-7071-exec-1] c.yys.szcp.config.jwt.JwtInterceptor - 访问路径:/fund/addFundInfoList
[INFO ] 23:40:48.932 [http-nio-7071-exec-4] c.yys.szcp.config.jwt.JwtInterceptor - 访问路径:/fund/getFundDataListOne
[INFO ] 23:40:49.083 [http-nio-7071-exec-7] c.yys.szcp.config.jwt.JwtInterceptor - 访问路径:/fund/addFundInfoList
[INFO ] 23:40:49.507 [http-nio-7071-exec-8] c.yys.szcp.config.jwt.JwtInterceptor - 访问路径:/fund/getFundDataListOne
[INFO ] 23:40:49.597 [http-nio-7071-exec-10] c.yys.szcp.config.jwt.JwtInterceptor - 访问路径:/fund/addFundInfoList
[INFO ] 23:40:52.980 [http-nio-7071-exec-2] c.yys.szcp.config.jwt.JwtInterceptor - 访问路径:/fund/fund
[INFO ] 23:40:53.581 [http-nio-7071-exec-9] c.yys.szcp.config.jwt.JwtInterceptor - 访问路径:/fund/findFundInfoListType
[INFO ] 23:40:53.581 [http-nio-7071-exec-3] c.yys.szcp.config.jwt.JwtInterceptor - 访问路径:/fund/findFundInfoInvestmentList
[INFO ] 23:40:54.199 [http-nio-7071-exec-5] c.yys.szcp.config.jwt.JwtInterceptor - 访问路径:/error
[INFO ] 23:40:54.199 [http-nio-7071-exec-5] c.yys.szcp.config.jwt.JwtInterceptor - ===== 用户未登录, 请先登录:/error
[INFO ] 23:46:24.902 [http-nio-7071-exec-7] c.yys.szcp.config.jwt.JwtInterceptor - 访问路径:/fund/fund
[INFO ] 23:46:25.480 [http-nio-7071-exec-8] c.yys.szcp.config.jwt.JwtInterceptor - 访问路径:/fund/findFundInfoListType
[INFO ] 23:46:25.480 [http-nio-7071-exec-10] c.yys.szcp.config.jwt.JwtInterceptor - 访问路径:/fund/findFundInfoInvestmentList
[INFO ] 23:46:26.159 [http-nio-7071-exec-2] c.yys.szcp.config.jwt.JwtInterceptor - 访问路径:/error
[INFO ] 23:46:26.159 [http-nio-7071-exec-2] c.yys.szcp.config.jwt.JwtInterceptor - ===== 用户未登录, 请先登录:/error
[INFO ] 23:46:26.543 [http-nio-7071-exec-9] c.yys.szcp.config.jwt.JwtInterceptor - 访问路径:/fund/index
[INFO ] 23:46:29.444 [http-nio-7071-exec-5] c.yys.szcp.config.jwt.JwtInterceptor - 访问路径:/fund/getFundDataListOne
[INFO ] 23:46:29.668 [http-nio-7071-exec-3] c.yys.szcp.config.jwt.JwtInterceptor - 访问路径:/fund/addFundInfoList
[INFO ] 23:46:32.848 [http-nio-7071-exec-6] c.yys.szcp.config.jwt.JwtInterceptor - 访问路径:/fund/fund
[INFO ] 23:46:33.960 [http-nio-7071-exec-1] c.yys.szcp.config.jwt.JwtInterceptor - 访问路径:/fund/findFundInfoListType
[INFO ] 23:46:33.961 [http-nio-7071-exec-4] c.yys.szcp.config.jwt.JwtInterceptor - 访问路径:/fund/findFundInfoInvestmentList
[INFO ] 23:46:34.326 [http-nio-7071-exec-7] c.yys.szcp.config.jwt.JwtInterceptor - 访问路径:/error
[INFO ] 23:46:34.326 [http-nio-7071-exec-7] c.yys.szcp.config.jwt.JwtInterceptor - ===== 用户未登录, 请先登录:/error
[INFO ] 23:56:02.476 [http-nio-7071-exec-10] c.yys.szcp.config.jwt.JwtInterceptor - 访问路径:/fund/index
[INFO ] 23:56:05.899 [http-nio-7071-exec-5] c.yys.szcp.config.jwt.JwtInterceptor - 访问路径:/fund/getFundDataListOne
[INFO ] 23:56:06.221 [http-nio-7071-exec-3] c.yys.szcp.config.jwt.JwtInterceptor - 访问路径:/fund/addFundInfoList
[INFO ] 23:56:06.748 [http-nio-7071-exec-6] c.yys.szcp.config.jwt.JwtInterceptor - 访问路径:/fund/getFundDataListOne
[INFO ] 23:56:06.906 [http-nio-7071-exec-1] c.yys.szcp.config.jwt.JwtInterceptor - 访问路径:/fund/addFundInfoList
[INFO ] 23:56:07.243 [http-nio-7071-exec-7] c.yys.szcp.config.jwt.JwtInterceptor - 访问路径:/fund/getFundDataListOne
[INFO ] 23:56:07.442 [http-nio-7071-exec-4] c.yys.szcp.config.jwt.JwtInterceptor - 访问路径:/fund/addFundInfoList
[INFO ] 23:56:07.739 [http-nio-7071-exec-2] c.yys.szcp.config.jwt.JwtInterceptor - 访问路径:/fund/getFundDataListOne
[INFO ] 23:56:07.839 [http-nio-7071-exec-9] c.yys.szcp.config.jwt.JwtInterceptor - 访问路径:/fund/addFundInfoList
[INFO ] 23:56:08.178 [http-nio-7071-exec-8] c.yys.szcp.config.jwt.JwtInterceptor - 访问路径:/fund/getFundDataListOne
[INFO ] 23:56:08.349 [http-nio-7071-exec-10] c.yys.szcp.config.jwt.JwtInterceptor - 访问路径:/fund/addFundInfoList
[INFO ] 23:56:08.611 [http-nio-7071-exec-5] c.yys.szcp.config.jwt.JwtInterceptor - 访问路径:/fund/getFundDataListOne
[INFO ] 23:56:08.861 [http-nio-7071-exec-6] c.yys.szcp.config.jwt.JwtInterceptor - 访问路径:/fund/addFundInfoList
[INFO ] 23:56:09.068 [http-nio-7071-exec-7] c.yys.szcp.config.jwt.JwtInterceptor - 访问路径:/fund/getFundDataListOne
[INFO ] 23:56:09.217 [http-nio-7071-exec-3] c.yys.szcp.config.jwt.JwtInterceptor - 访问路径:/fund/addFundInfoList
[INFO ] 23:56:09.492 [http-nio-7071-exec-2] c.yys.szcp.config.jwt.JwtInterceptor - 访问路径:/fund/getFundDataListOne
[INFO ] 23:56:09.647 [http-nio-7071-exec-4] c.yys.szcp.config.jwt.JwtInterceptor - 访问路径:/fund/addFundInfoList
[INFO ] 23:56:09.947 [http-nio-7071-exec-9] c.yys.szcp.config.jwt.JwtInterceptor - 访问路径:/fund/getFundDataListOne
[INFO ] 23:56:10.150 [http-nio-7071-exec-1] c.yys.szcp.config.jwt.JwtInterceptor - 访问路径:/fund/addFundInfoList
[INFO ] 23:56:10.675 [http-nio-7071-exec-8] c.yys.szcp.config.jwt.JwtInterceptor - 访问路径:/fund/getFundDataListOne
[INFO ] 23:56:10.833 [http-nio-7071-exec-10] c.yys.szcp.config.jwt.JwtInterceptor - 访问路径:/fund/addFundInfoList
[INFO ] 23:56:11.163 [http-nio-7071-exec-5] c.yys.szcp.config.jwt.JwtInterceptor - 访问路径:/fund/getFundDataListOne
[INFO ] 23:56:11.325 [http-nio-7071-exec-7] c.yys.szcp.config.jwt.JwtInterceptor - 访问路径:/fund/addFundInfoList
[INFO ] 23:56:11.595 [http-nio-7071-exec-6] c.yys.szcp.config.jwt.JwtInterceptor - 访问路径:/fund/getFundDataListOne
[INFO ] 23:56:11.732 [http-nio-7071-exec-3] c.yys.szcp.config.jwt.JwtInterceptor - 访问路径:/fund/addFundInfoList
[INFO ] 23:56:11.989 [http-nio-7071-exec-2] c.yys.szcp.config.jwt.JwtInterceptor - 访问路径:/fund/getFundDataListOne
[INFO ] 23:56:12.084 [http-nio-7071-exec-4] c.yys.szcp.config.jwt.JwtInterceptor - 访问路径:/fund/addFundInfoList
[INFO ] 23:56:12.419 [http-nio-7071-exec-9] c.yys.szcp.config.jwt.JwtInterceptor - 访问路径:/fund/getFundDataListOne
[INFO ] 23:56:12.548 [http-nio-7071-exec-1] c.yys.szcp.config.jwt.JwtInterceptor - 访问路径:/fund/addFundInfoList
[INFO ] 23:56:12.866 [http-nio-7071-exec-8] c.yys.szcp.config.jwt.JwtInterceptor - 访问路径:/fund/getFundDataListOne
[INFO ] 23:56:13.015 [http-nio-7071-exec-10] c.yys.szcp.config.jwt.JwtInterceptor - 访问路径:/fund/addFundInfoList
[INFO ] 23:56:13.340 [http-nio-7071-exec-5] c.yys.szcp.config.jwt.JwtInterceptor - 访问路径:/fund/getFundDataListOne
[INFO ] 23:56:13.482 [http-nio-7071-exec-7] c.yys.szcp.config.jwt.JwtInterceptor - 访问路径:/fund/addFundInfoList
[INFO ] 23:56:13.787 [http-nio-7071-exec-6] c.yys.szcp.config.jwt.JwtInterceptor - 访问路径:/fund/getFundDataListOne
[INFO ] 23:56:13.927 [http-nio-7071-exec-2] c.yys.szcp.config.jwt.JwtInterceptor - 访问路径:/fund/addFundInfoList
[INFO ] 23:56:14.219 [http-nio-7071-exec-3] c.yys.szcp.config.jwt.JwtInterceptor - 访问路径:/fund/getFundDataListOne
[INFO ] 23:56:14.377 [http-nio-7071-exec-4] c.yys.szcp.config.jwt.JwtInterceptor - 访问路径:/fund/addFundInfoList
[INFO ] 23:56:14.731 [http-nio-7071-exec-9] c.yys.szcp.config.jwt.JwtInterceptor - 访问路径:/fund/getFundDataListOne
[INFO ] 23:56:14.847 [http-nio-7071-exec-1] c.yys.szcp.config.jwt.JwtInterceptor - 访问路径:/fund/addFundInfoList
[INFO ] 23:56:15.147 [http-nio-7071-exec-8] c.yys.szcp.config.jwt.JwtInterceptor - 访问路径:/fund/getFundDataListOne
[INFO ] 23:56:15.282 [http-nio-7071-exec-10] c.yys.szcp.config.jwt.JwtInterceptor - 访问路径:/fund/addFundInfoList
[INFO ] 23:56:15.611 [http-nio-7071-exec-5] c.yys.szcp.config.jwt.JwtInterceptor - 访问路径:/fund/getFundDataListOne
[INFO ] 23:56:15.732 [http-nio-7071-exec-7] c.yys.szcp.config.jwt.JwtInterceptor - 访问路径:/fund/addFundInfoList
[INFO ] 23:56:16.027 [http-nio-7071-exec-6] c.yys.szcp.config.jwt.JwtInterceptor - 访问路径:/fund/getFundDataListOne
[INFO ] 23:56:16.127 [http-nio-7071-exec-2] c.yys.szcp.config.jwt.JwtInterceptor - 访问路径:/fund/addFundInfoList
[INFO ] 23:56:16.421 [http-nio-7071-exec-3] c.yys.szcp.config.jwt.JwtInterceptor - 访问路径:/fund/getFundDataListOne
[INFO ] 23:56:16.530 [http-nio-7071-exec-4] c.yys.szcp.config.jwt.JwtInterceptor - 访问路径:/fund/addFundInfoList
[INFO ] 23:56:16.882 [http-nio-7071-exec-9] c.yys.szcp.config.jwt.JwtInterceptor - 访问路径:/fund/getFundDataListOne
[INFO ] 23:56:17.001 [http-nio-7071-exec-1] c.yys.szcp.config.jwt.JwtInterceptor - 访问路径:/fund/addFundInfoList
[INFO ] 23:56:17.339 [http-nio-7071-exec-8] c.yys.szcp.config.jwt.JwtInterceptor - 访问路径:/fund/getFundDataListOne
[INFO ] 23:56:17.459 [http-nio-7071-exec-10] c.yys.szcp.config.jwt.JwtInterceptor - 访问路径:/fund/addFundInfoList
[INFO ] 23:56:17.723 [http-nio-7071-exec-5] c.yys.szcp.config.jwt.JwtInterceptor - 访问路径:/fund/getFundDataListOne
[INFO ] 23:56:17.862 [http-nio-7071-exec-7] c.yys.szcp.config.jwt.JwtInterceptor - 访问路径:/fund/addFundInfoList
[INFO ] 23:56:18.315 [http-nio-7071-exec-6] c.yys.szcp.config.jwt.JwtInterceptor - 访问路径:/fund/getFundDataListOne
[INFO ] 23:56:18.458 [http-nio-7071-exec-2] c.yys.szcp.config.jwt.JwtInterceptor - 访问路径:/fund/addFundInfoList
[INFO ] 23:56:18.691 [http-nio-7071-exec-3] c.yys.szcp.config.jwt.JwtInterceptor - 访问路径:/fund/getFundDataListOne
[INFO ] 23:56:18.876 [http-nio-7071-exec-4] c.yys.szcp.config.jwt.JwtInterceptor - 访问路径:/fund/addFundInfoList
[INFO ] 23:56:19.107 [http-nio-7071-exec-9] c.yys.szcp.config.jwt.JwtInterceptor - 访问路径:/fund/getFundDataListOne
[INFO ] 23:56:19.233 [http-nio-7071-exec-1] c.yys.szcp.config.jwt.JwtInterceptor - 访问路径:/fund/addFundInfoList
[INFO ] 23:56:19.532 [http-nio-7071-exec-8] c.yys.szcp.config.jwt.JwtInterceptor - 访问路径:/fund/getFundDataListOne
[INFO ] 23:56:19.700 [http-nio-7071-exec-10] c.yys.szcp.config.jwt.JwtInterceptor - 访问路径:/fund/addFundInfoList
[INFO ] 23:56:20.043 [http-nio-7071-exec-5] c.yys.szcp.config.jwt.JwtInterceptor - 访问路径:/fund/getFundDataListOne
[INFO ] 23:56:20.209 [http-nio-7071-exec-7] c.yys.szcp.config.jwt.JwtInterceptor - 访问路径:/fund/addFundInfoList
[INFO ] 23:56:20.548 [http-nio-7071-exec-6] c.yys.szcp.config.jwt.JwtInterceptor - 访问路径:/fund/getFundDataListOne
[INFO ] 23:56:20.721 [http-nio-7071-exec-2] c.yys.szcp.config.jwt.JwtInterceptor - 访问路径:/fund/addFundInfoList
[INFO ] 23:56:20.987 [http-nio-7071-exec-3] c.yys.szcp.config.jwt.JwtInterceptor - 访问路径:/fund/getFundDataListOne
[INFO ] 23:56:21.096 [http-nio-7071-exec-9] c.yys.szcp.config.jwt.JwtInterceptor - 访问路径:/fund/addFundInfoList
[INFO ] 23:56:21.427 [http-nio-7071-exec-4] c.yys.szcp.config.jwt.JwtInterceptor - 访问路径:/fund/getFundDataListOne
[INFO ] 23:56:21.594 [http-nio-7071-exec-1] c.yys.szcp.config.jwt.JwtInterceptor - 访问路径:/fund/addFundInfoList
[INFO ] 23:56:21.884 [http-nio-7071-exec-8] c.yys.szcp.config.jwt.JwtInterceptor - 访问路径:/fund/getFundDataListOne
[INFO ] 23:56:22.024 [http-nio-7071-exec-10] c.yys.szcp.config.jwt.JwtInterceptor - 访问路径:/fund/addFundInfoList
[INFO ] 23:56:22.275 [http-nio-7071-exec-5] c.yys.szcp.config.jwt.JwtInterceptor - 访问路径:/fund/getFundDataListOne
[INFO ] 23:56:22.406 [http-nio-7071-exec-7] c.yys.szcp.config.jwt.JwtInterceptor - 访问路径:/fund/addFundInfoList
[INFO ] 23:56:24.675 [http-nio-7071-exec-6] c.yys.szcp.config.jwt.JwtInterceptor - 访问路径:/fund/fund
[INFO ] 23:56:25.025 [http-nio-7071-exec-3] c.yys.szcp.config.jwt.JwtInterceptor - 访问路径:/fund/findFundInfoListType
[INFO ] 23:56:25.026 [http-nio-7071-exec-2] c.yys.szcp.config.jwt.JwtInterceptor - 访问路径:/fund/findFundInfoInvestmentList
[INFO ] 23:56:25.428 [http-nio-7071-exec-9] c.yys.szcp.config.jwt.JwtInterceptor - 访问路径:/error
[INFO ] 23:56:25.428 [http-nio-7071-exec-9] c.yys.szcp.config.jwt.JwtInterceptor - ===== 用户未登录, 请先登录:/error
