[INFO ] 12:20:15.764 [main] com.yys.szcp.SzcpApplication - Starting SzcpApplication on LAPTOP-T7DEB7H8 with PID 37796 (E:\MyGithubProject\blog996\szcp\target\classes started by yangys in E:\MyGithubProject\blog996\szcp)
[INFO ] 12:20:15.765 [main] com.yys.szcp.SzcpApplication - The following profiles are active: dev
[INFO ] 12:20:17.019 [main] o.s.d.r.c.RepositoryConfigurationDelegate - Multiple Spring Data modules found, entering strict repository configuration mode!
[INFO ] 12:20:17.022 [main] o.s.d.r.c.RepositoryConfigurationDelegate - Bootstrapping Spring Data Redis repositories in DEFAULT mode.
[INFO ] 12:20:17.055 [main] o.s.d.r.c.RepositoryConfigurationDelegate - Finished Spring Data repository scanning in 13ms. Found 0 Redis repository interfaces.
[INFO ] 12:20:17.431 [main] o.s.c.s.PostProcessorRegistrationDelegate$BeanPostProcessorChecker - Bean 'org.springframework.transaction.annotation.ProxyTransactionManagementConfiguration' of type [org.springframework.transaction.annotation.ProxyTransactionManagementConfiguration] is not eligible for getting processed by all BeanPostProcessors (for example: not eligible for auto-proxying)
[INFO ] 12:20:17.704 [main] o.s.b.w.e.tomcat.TomcatWebServer - Tomcat initialized with port(s): 7071 (http)
[INFO ] 12:20:17.711 [main] o.a.coyote.http11.Http11NioProtocol - Initializing ProtocolHandler ["http-nio-7071"]
[INFO ] 12:20:17.711 [main] o.a.catalina.core.StandardService - Starting service [Tomcat]
[INFO ] 12:20:17.711 [main] o.a.catalina.core.StandardEngine - Starting Servlet engine: [Apache Tomcat/9.0.30]
[INFO ] 12:20:17.839 [main] o.a.c.c.C.[Tomcat].[localhost].[/] - Initializing Spring embedded WebApplicationContext
[INFO ] 12:20:17.839 [main] o.s.web.context.ContextLoader - Root WebApplicationContext: initialization completed in 2036 ms
[INFO ] 12:20:17.905 [main] o.s.b.web.servlet.RegistrationBean - Servlet statViewServlet was not registered (possibly already registered?)
[INFO ] 12:20:17.907 [main] o.s.b.web.servlet.RegistrationBean - Filter webStatFilter was not registered (possibly already registered?)
[INFO ] 12:20:20.662 [main] c.alibaba.druid.pool.DruidDataSource - {dataSource-1} inited
[INFO ] 12:20:21.150 [main] s.d.s.w.PropertySourcedRequestMappingHandlerMapping - Mapped URL path [/v2/api-docs] onto method [springfox.documentation.swagger2.web.Swagger2Controller#getDocumentation(String, HttpServletRequest)]
[INFO ] 12:20:21.482 [main] o.s.s.c.ThreadPoolTaskExecutor - Initializing ExecutorService 'applicationTaskExecutor'
[INFO ] 12:20:21.723 [main] o.s.s.c.ThreadPoolTaskScheduler - Initializing ExecutorService 'taskScheduler'
[INFO ] 12:20:21.763 [main] s.d.s.w.p.DocumentationPluginsBootstrapper - Context refreshed
[INFO ] 12:20:21.781 [main] s.d.s.w.p.DocumentationPluginsBootstrapper - Found 1 custom documentation plugin(s)
[INFO ] 12:20:21.824 [main] s.d.s.w.s.ApiListingReferenceScanner - Scanning for api listing references
[INFO ] 12:20:22.163 [main] o.a.coyote.http11.Http11NioProtocol - Starting ProtocolHandler ["http-nio-7071"]
[INFO ] 12:20:22.187 [main] o.s.b.w.e.tomcat.TomcatWebServer - Tomcat started on port(s): 7071 (http) with context path ''
[INFO ] 12:20:22.190 [main] com.yys.szcp.SzcpApplication - Started SzcpApplication in 6.801 seconds (JVM running for 8.377)
[INFO ] 12:20:49.311 [http-nio-7071-exec-1] o.a.tomcat.util.http.parser.Cookie - A cookie header was received [1644941556; Hm_lvt_ecc8b50a3122e6d5e09be7a9e5383e07=1645432522,1645497192; _ga=GA1.1.608742612.1646022904; Hm_lvt_1cd9bcbaae133f03a6eb19da6579aaba=1643593382,1646120931; Hm_lvt_b393d153aeb26b46e9431fabaf0f6190=1646558510; SECKEY_ABVK=X+EAIQtDa8PGDUMeD7taDl9vYgPbha/a5DNhcFv6HUU%3D; BMAP_SECKEY=wJRHONlXg71aEWNk5Invwt3P8T5oyAT1UjTJ3nKKcjQwtdLtw1v88W4qIho-W7q22I8pZ-4Htl5vIlA8x9SlREhAOi8Tk1QzXMvHErZJ_KBzEvYmhSgMe7DJU7km5XKeoxTxiBhCI7OLv8uAUxq8v9Britt9l3aRAIuc2YSyC8IajcgQvdfpi-gBd7WbVj5j] that contained an invalid cookie. That cookie will be ignored.
 Note: further occurrences of this error will be logged at DEBUG level.
[INFO ] 12:20:49.317 [http-nio-7071-exec-1] o.a.c.c.C.[Tomcat].[localhost].[/] - Initializing Spring DispatcherServlet 'dispatcherServlet'
[INFO ] 12:20:49.317 [http-nio-7071-exec-1] o.s.web.servlet.DispatcherServlet - Initializing Servlet 'dispatcherServlet'
[INFO ] 12:20:49.325 [http-nio-7071-exec-1] o.s.web.servlet.DispatcherServlet - Completed initialization in 8 ms
[INFO ] 12:20:49.342 [http-nio-7071-exec-1] c.yys.szcp.config.jwt.JwtInterceptor - 访问路径:/fund/index
[INFO ] 12:20:56.160 [http-nio-7071-exec-2] c.yys.szcp.config.jwt.JwtInterceptor - 访问路径:/fund/getFundDataListOne
[INFO ] 12:20:57.963 [http-nio-7071-exec-3] c.yys.szcp.config.jwt.JwtInterceptor - 访问路径:/fund/addFundInfoList
[INFO ] 12:21:52.872 [http-nio-7071-exec-5] c.yys.szcp.config.jwt.JwtInterceptor - 访问路径:/fund/getFundDataListOne
[INFO ] 12:21:53.639 [http-nio-7071-exec-6] c.yys.szcp.config.jwt.JwtInterceptor - 访问路径:/fund/addFundInfoList
[INFO ] 12:22:27.039 [http-nio-7071-exec-7] c.yys.szcp.config.jwt.JwtInterceptor - 访问路径:/fund/getFundDataListOne
[INFO ] 12:22:28.055 [http-nio-7071-exec-8] c.yys.szcp.config.jwt.JwtInterceptor - 访问路径:/fund/addFundInfoList
[INFO ] 12:22:38.340 [http-nio-7071-exec-9] c.yys.szcp.config.jwt.JwtInterceptor - 访问路径:/fund/getFundDataListOne
[INFO ] 12:22:39.082 [http-nio-7071-exec-10] c.yys.szcp.config.jwt.JwtInterceptor - 访问路径:/fund/addFundInfoList
[INFO ] 12:22:42.356 [http-nio-7071-exec-1] c.yys.szcp.config.jwt.JwtInterceptor - 访问路径:/fund/getFundDataListOne
[INFO ] 12:22:43.071 [http-nio-7071-exec-2] c.yys.szcp.config.jwt.JwtInterceptor - 访问路径:/fund/addFundInfoList
[INFO ] 12:22:53.268 [http-nio-7071-exec-3] c.yys.szcp.config.jwt.JwtInterceptor - 访问路径:/fund/getFundDataListOne
[INFO ] 12:22:54.884 [http-nio-7071-exec-4] c.yys.szcp.config.jwt.JwtInterceptor - 访问路径:/fund/addFundInfoList
[INFO ] 12:22:57.971 [http-nio-7071-exec-5] c.yys.szcp.config.jwt.JwtInterceptor - 访问路径:/fund/getFundDataListOne
[INFO ] 12:22:58.175 [http-nio-7071-exec-6] c.yys.szcp.config.jwt.JwtInterceptor - 访问路径:/fund/addFundInfoList
[INFO ] 12:23:07.323 [http-nio-7071-exec-7] c.yys.szcp.config.jwt.JwtInterceptor - 访问路径:/fund/getFundDataListOne
[INFO ] 12:23:08.321 [http-nio-7071-exec-8] c.yys.szcp.config.jwt.JwtInterceptor - 访问路径:/fund/addFundInfoList
[INFO ] 12:23:11.123 [http-nio-7071-exec-9] c.yys.szcp.config.jwt.JwtInterceptor - 访问路径:/fund/getFundDataListOne
[INFO ] 12:23:11.450 [http-nio-7071-exec-10] c.yys.szcp.config.jwt.JwtInterceptor - 访问路径:/fund/addFundInfoList
[INFO ] 12:23:14.011 [http-nio-7071-exec-1] c.yys.szcp.config.jwt.JwtInterceptor - 访问路径:/fund/getFundDataListOne
[INFO ] 12:23:14.285 [http-nio-7071-exec-2] c.yys.szcp.config.jwt.JwtInterceptor - 访问路径:/fund/addFundInfoList
[INFO ] 12:23:17.045 [http-nio-7071-exec-3] c.yys.szcp.config.jwt.JwtInterceptor - 访问路径:/fund/getFundDataListOne
[INFO ] 12:23:19.024 [http-nio-7071-exec-4] c.yys.szcp.config.jwt.JwtInterceptor - 访问路径:/fund/addFundInfoList
[INFO ] 12:23:31.733 [http-nio-7071-exec-5] c.yys.szcp.config.jwt.JwtInterceptor - 访问路径:/fund/getFundDataListOne
[INFO ] 12:23:33.688 [http-nio-7071-exec-6] c.yys.szcp.config.jwt.JwtInterceptor - 访问路径:/fund/addFundInfoList
[INFO ] 12:23:33.759 [http-nio-7071-exec-7] c.yys.szcp.config.jwt.JwtInterceptor - 访问路径:/fund/getFundDataListOne
[INFO ] 12:23:35.468 [http-nio-7071-exec-8] c.yys.szcp.config.jwt.JwtInterceptor - 访问路径:/fund/addFundInfoList
[INFO ] 12:23:40.483 [http-nio-7071-exec-9] c.yys.szcp.config.jwt.JwtInterceptor - 访问路径:/fund/getFundDataListOne
[INFO ] 12:23:41.305 [http-nio-7071-exec-10] c.yys.szcp.config.jwt.JwtInterceptor - 访问路径:/fund/addFundInfoList
[INFO ] 12:23:47.011 [http-nio-7071-exec-1] c.yys.szcp.config.jwt.JwtInterceptor - 访问路径:/fund/getFundDataListOne
[INFO ] 12:23:48.821 [http-nio-7071-exec-2] c.yys.szcp.config.jwt.JwtInterceptor - 访问路径:/fund/addFundInfoList
[INFO ] 12:23:52.979 [http-nio-7071-exec-3] c.yys.szcp.config.jwt.JwtInterceptor - 访问路径:/fund/getFundDataListOne
[INFO ] 12:23:53.252 [http-nio-7071-exec-4] c.yys.szcp.config.jwt.JwtInterceptor - 访问路径:/fund/addFundInfoList
[INFO ] 12:25:20.384 [http-nio-7071-exec-6] c.yys.szcp.config.jwt.JwtInterceptor - 访问路径:/fund/index
[INFO ] 12:25:22.428 [http-nio-7071-exec-8] c.yys.szcp.config.jwt.JwtInterceptor - 访问路径:/fund/getFundDataListOne
[INFO ] 12:25:25.812 [http-nio-7071-exec-9] c.yys.szcp.config.jwt.JwtInterceptor - 访问路径:/fund/addFundInfoList
[INFO ] 12:25:44.068 [http-nio-7071-exec-10] c.yys.szcp.config.jwt.JwtInterceptor - 访问路径:/fund/getFundDataListOne
[INFO ] 12:25:45.538 [http-nio-7071-exec-1] c.yys.szcp.config.jwt.JwtInterceptor - 访问路径:/fund/addFundInfoList
[INFO ] 12:25:49.182 [http-nio-7071-exec-2] c.yys.szcp.config.jwt.JwtInterceptor - 访问路径:/fund/getFundDataListOne
[INFO ] 12:25:50.036 [http-nio-7071-exec-3] c.yys.szcp.config.jwt.JwtInterceptor - 访问路径:/fund/addFundInfoList
[INFO ] 12:25:55.083 [http-nio-7071-exec-4] c.yys.szcp.config.jwt.JwtInterceptor - 访问路径:/fund/fund
[INFO ] 12:25:55.173 [http-nio-7071-exec-5] c.yys.szcp.config.jwt.JwtInterceptor - 访问路径:/fund/getFundDataListOne
[INFO ] 12:25:55.383 [http-nio-7071-exec-7] c.yys.szcp.config.jwt.JwtInterceptor - 访问路径:/fund/findFundInfoListType
[INFO ] 12:25:55.383 [http-nio-7071-exec-6] c.yys.szcp.config.jwt.JwtInterceptor - 访问路径:/fund/findFundInfoInvestmentList
[INFO ] 12:25:56.799 [http-nio-7071-exec-8] c.yys.szcp.config.jwt.JwtInterceptor - 访问路径:/fund/addFundInfoList
[INFO ] 12:25:58.510 [http-nio-7071-exec-9] c.yys.szcp.config.jwt.JwtInterceptor - 访问路径:/error
[INFO ] 12:25:58.513 [http-nio-7071-exec-9] c.yys.szcp.config.jwt.JwtInterceptor - ===== 用户未登录, 请先登录:/error
[INFO ] 12:26:01.184 [http-nio-7071-exec-10] c.yys.szcp.config.jwt.JwtInterceptor - 访问路径:/fund/getFundDataListOne
[INFO ] 12:26:01.703 [http-nio-7071-exec-1] c.yys.szcp.config.jwt.JwtInterceptor - 访问路径:/fund/addFundInfoList
[INFO ] 12:26:07.186 [http-nio-7071-exec-2] c.yys.szcp.config.jwt.JwtInterceptor - 访问路径:/fund/getFundDataListOne
[INFO ] 12:26:08.262 [http-nio-7071-exec-3] c.yys.szcp.config.jwt.JwtInterceptor - 访问路径:/fund/addFundInfoList
[INFO ] 12:26:13.177 [http-nio-7071-exec-4] c.yys.szcp.config.jwt.JwtInterceptor - 访问路径:/fund/getFundDataListOne
[INFO ] 12:26:16.698 [http-nio-7071-exec-5] c.yys.szcp.config.jwt.JwtInterceptor - 访问路径:/fund/addFundInfoList
[INFO ] 12:26:18.177 [http-nio-7071-exec-7] c.yys.szcp.config.jwt.JwtInterceptor - 访问路径:/fund/getFundDataListOne
[INFO ] 12:26:18.928 [http-nio-7071-exec-8] c.yys.szcp.config.jwt.JwtInterceptor - 访问路径:/fund/addFundInfoList
[INFO ] 12:26:23.194 [http-nio-7071-exec-9] c.yys.szcp.config.jwt.JwtInterceptor - 访问路径:/fund/getFundDataListOne
[INFO ] 12:26:24.001 [http-nio-7071-exec-10] c.yys.szcp.config.jwt.JwtInterceptor - 访问路径:/fund/addFundInfoList
[INFO ] 12:26:29.172 [http-nio-7071-exec-1] c.yys.szcp.config.jwt.JwtInterceptor - 访问路径:/fund/getFundDataListOne
[INFO ] 12:26:32.584 [http-nio-7071-exec-2] c.yys.szcp.config.jwt.JwtInterceptor - 访问路径:/fund/addFundInfoList
[INFO ] 12:26:34.189 [http-nio-7071-exec-3] c.yys.szcp.config.jwt.JwtInterceptor - 访问路径:/fund/getFundDataListOne
[INFO ] 12:26:35.326 [http-nio-7071-exec-6] c.yys.szcp.config.jwt.JwtInterceptor - 访问路径:/fund/addFundInfoList
[INFO ] 12:26:40.177 [http-nio-7071-exec-4] c.yys.szcp.config.jwt.JwtInterceptor - 访问路径:/fund/getFundDataListOne
[INFO ] 12:26:41.007 [http-nio-7071-exec-7] c.yys.szcp.config.jwt.JwtInterceptor - 访问路径:/fund/addFundInfoList
[INFO ] 12:26:45.185 [http-nio-7071-exec-5] c.yys.szcp.config.jwt.JwtInterceptor - 访问路径:/fund/getFundDataListOne
[INFO ] 12:26:45.745 [http-nio-7071-exec-8] c.yys.szcp.config.jwt.JwtInterceptor - 访问路径:/fund/addFundInfoList
[INFO ] 12:26:51.186 [http-nio-7071-exec-9] c.yys.szcp.config.jwt.JwtInterceptor - 访问路径:/fund/getFundDataListOne
[INFO ] 12:26:51.778 [http-nio-7071-exec-10] c.yys.szcp.config.jwt.JwtInterceptor - 访问路径:/fund/addFundInfoList
[INFO ] 12:26:57.174 [http-nio-7071-exec-1] c.yys.szcp.config.jwt.JwtInterceptor - 访问路径:/fund/getFundDataListOne
[INFO ] 12:26:57.673 [http-nio-7071-exec-3] c.yys.szcp.config.jwt.JwtInterceptor - 访问路径:/fund/addFundInfoList
[INFO ] 12:27:02.186 [http-nio-7071-exec-6] c.yys.szcp.config.jwt.JwtInterceptor - 访问路径:/fund/getFundDataListOne
[INFO ] 12:27:02.761 [http-nio-7071-exec-4] c.yys.szcp.config.jwt.JwtInterceptor - 访问路径:/fund/addFundInfoList
[INFO ] 12:27:08.172 [http-nio-7071-exec-7] c.yys.szcp.config.jwt.JwtInterceptor - 访问路径:/fund/getFundDataListOne
[INFO ] 12:27:08.730 [http-nio-7071-exec-5] c.yys.szcp.config.jwt.JwtInterceptor - 访问路径:/fund/addFundInfoList
[INFO ] 12:27:13.179 [http-nio-7071-exec-8] c.yys.szcp.config.jwt.JwtInterceptor - 访问路径:/fund/getFundDataListOne
[INFO ] 12:27:14.321 [http-nio-7071-exec-9] c.yys.szcp.config.jwt.JwtInterceptor - 访问路径:/fund/addFundInfoList
[INFO ] 12:27:19.184 [http-nio-7071-exec-10] c.yys.szcp.config.jwt.JwtInterceptor - 访问路径:/fund/getFundDataListOne
[INFO ] 12:27:19.686 [http-nio-7071-exec-2] c.yys.szcp.config.jwt.JwtInterceptor - 访问路径:/fund/addFundInfoList
[INFO ] 12:27:25.178 [http-nio-7071-exec-3] c.yys.szcp.config.jwt.JwtInterceptor - 访问路径:/fund/getFundDataListOne
[INFO ] 12:27:25.820 [http-nio-7071-exec-6] c.yys.szcp.config.jwt.JwtInterceptor - 访问路径:/fund/addFundInfoList
[INFO ] 12:27:30.180 [http-nio-7071-exec-4] c.yys.szcp.config.jwt.JwtInterceptor - 访问路径:/fund/getFundDataListOne
[INFO ] 12:27:31.222 [http-nio-7071-exec-7] c.yys.szcp.config.jwt.JwtInterceptor - 访问路径:/fund/addFundInfoList
[INFO ] 12:27:36.189 [http-nio-7071-exec-5] c.yys.szcp.config.jwt.JwtInterceptor - 访问路径:/fund/getFundDataListOne
[INFO ] 12:27:37.036 [http-nio-7071-exec-8] c.yys.szcp.config.jwt.JwtInterceptor - 访问路径:/fund/addFundInfoList
[INFO ] 12:27:42.174 [http-nio-7071-exec-9] c.yys.szcp.config.jwt.JwtInterceptor - 访问路径:/fund/getFundDataListOne
[INFO ] 12:27:42.981 [http-nio-7071-exec-10] c.yys.szcp.config.jwt.JwtInterceptor - 访问路径:/fund/addFundInfoList
[INFO ] 12:27:47.187 [http-nio-7071-exec-1] c.yys.szcp.config.jwt.JwtInterceptor - 访问路径:/fund/getFundDataListOne
[INFO ] 12:27:47.832 [http-nio-7071-exec-2] c.yys.szcp.config.jwt.JwtInterceptor - 访问路径:/fund/addFundInfoList
[INFO ] 12:27:53.180 [http-nio-7071-exec-3] c.yys.szcp.config.jwt.JwtInterceptor - 访问路径:/fund/getFundDataListOne
[INFO ] 12:27:53.839 [http-nio-7071-exec-6] c.yys.szcp.config.jwt.JwtInterceptor - 访问路径:/fund/addFundInfoList
[INFO ] 12:27:59.184 [http-nio-7071-exec-4] c.yys.szcp.config.jwt.JwtInterceptor - 访问路径:/fund/getFundDataListOne
[INFO ] 12:28:00.068 [http-nio-7071-exec-7] c.yys.szcp.config.jwt.JwtInterceptor - 访问路径:/fund/addFundInfoList
[INFO ] 12:28:05.185 [http-nio-7071-exec-5] c.yys.szcp.config.jwt.JwtInterceptor - 访问路径:/fund/getFundDataListOne
[INFO ] 12:28:07.902 [http-nio-7071-exec-8] c.yys.szcp.config.jwt.JwtInterceptor - 访问路径:/fund/addFundInfoList
[INFO ] 12:28:11.183 [http-nio-7071-exec-9] c.yys.szcp.config.jwt.JwtInterceptor - 访问路径:/fund/getFundDataListOne
[INFO ] 12:28:13.408 [http-nio-7071-exec-10] c.yys.szcp.config.jwt.JwtInterceptor - 访问路径:/fund/addFundInfoList
[INFO ] 12:28:16.195 [http-nio-7071-exec-1] c.yys.szcp.config.jwt.JwtInterceptor - 访问路径:/fund/getFundDataListOne
[INFO ] 12:28:18.325 [http-nio-7071-exec-2] c.yys.szcp.config.jwt.JwtInterceptor - 访问路径:/fund/addFundInfoList
[INFO ] 12:28:22.186 [http-nio-7071-exec-3] c.yys.szcp.config.jwt.JwtInterceptor - 访问路径:/fund/getFundDataListOne
[INFO ] 12:28:24.356 [http-nio-7071-exec-6] c.yys.szcp.config.jwt.JwtInterceptor - 访问路径:/fund/addFundInfoList
[INFO ] 12:28:28.174 [http-nio-7071-exec-4] c.yys.szcp.config.jwt.JwtInterceptor - 访问路径:/fund/getFundDataListOne
[INFO ] 12:28:29.775 [http-nio-7071-exec-7] c.yys.szcp.config.jwt.JwtInterceptor - 访问路径:/fund/addFundInfoList
[INFO ] 12:28:33.179 [http-nio-7071-exec-5] c.yys.szcp.config.jwt.JwtInterceptor - 访问路径:/fund/getFundDataListOne
[INFO ] 12:28:33.584 [http-nio-7071-exec-8] c.yys.szcp.config.jwt.JwtInterceptor - 访问路径:/fund/addFundInfoList
[INFO ] 12:28:38.187 [http-nio-7071-exec-9] c.yys.szcp.config.jwt.JwtInterceptor - 访问路径:/fund/getFundDataListOne
[INFO ] 12:28:38.620 [http-nio-7071-exec-10] c.yys.szcp.config.jwt.JwtInterceptor - 访问路径:/fund/addFundInfoList
[INFO ] 12:28:44.176 [http-nio-7071-exec-1] c.yys.szcp.config.jwt.JwtInterceptor - 访问路径:/fund/getFundDataListOne
[INFO ] 12:28:45.459 [http-nio-7071-exec-2] c.yys.szcp.config.jwt.JwtInterceptor - 访问路径:/fund/addFundInfoList
[INFO ] 12:28:49.183 [http-nio-7071-exec-3] c.yys.szcp.config.jwt.JwtInterceptor - 访问路径:/fund/getFundDataListOne
[INFO ] 12:28:49.547 [http-nio-7071-exec-6] c.yys.szcp.config.jwt.JwtInterceptor - 访问路径:/fund/addFundInfoList
[INFO ] 12:28:55.175 [http-nio-7071-exec-4] c.yys.szcp.config.jwt.JwtInterceptor - 访问路径:/fund/getFundDataListOne
[INFO ] 12:28:55.683 [http-nio-7071-exec-7] c.yys.szcp.config.jwt.JwtInterceptor - 访问路径:/fund/addFundInfoList
[INFO ] 12:29:00.187 [http-nio-7071-exec-5] c.yys.szcp.config.jwt.JwtInterceptor - 访问路径:/fund/getFundDataListOne
[INFO ] 12:29:01.958 [http-nio-7071-exec-8] c.yys.szcp.config.jwt.JwtInterceptor - 访问路径:/fund/addFundInfoList
[INFO ] 12:29:06.173 [http-nio-7071-exec-9] c.yys.szcp.config.jwt.JwtInterceptor - 访问路径:/fund/getFundDataListOne
[INFO ] 12:29:07.312 [http-nio-7071-exec-10] c.yys.szcp.config.jwt.JwtInterceptor - 访问路径:/fund/addFundInfoList
[INFO ] 12:29:11.184 [http-nio-7071-exec-1] c.yys.szcp.config.jwt.JwtInterceptor - 访问路径:/fund/getFundDataListOne
[INFO ] 12:29:11.907 [http-nio-7071-exec-2] c.yys.szcp.config.jwt.JwtInterceptor - 访问路径:/fund/addFundInfoList
[INFO ] 12:29:16.197 [http-nio-7071-exec-3] c.yys.szcp.config.jwt.JwtInterceptor - 访问路径:/fund/getFundDataListOne
[INFO ] 12:29:16.544 [http-nio-7071-exec-6] c.yys.szcp.config.jwt.JwtInterceptor - 访问路径:/fund/addFundInfoList
[INFO ] 12:29:22.179 [http-nio-7071-exec-4] c.yys.szcp.config.jwt.JwtInterceptor - 访问路径:/fund/getFundDataListOne
[INFO ] 12:29:24.689 [http-nio-7071-exec-7] c.yys.szcp.config.jwt.JwtInterceptor - 访问路径:/fund/addFundInfoList
[INFO ] 12:29:27.191 [http-nio-7071-exec-5] c.yys.szcp.config.jwt.JwtInterceptor - 访问路径:/fund/getFundDataListOne
[INFO ] 12:29:28.296 [http-nio-7071-exec-8] c.yys.szcp.config.jwt.JwtInterceptor - 访问路径:/fund/addFundInfoList
[INFO ] 12:29:33.181 [http-nio-7071-exec-9] c.yys.szcp.config.jwt.JwtInterceptor - 访问路径:/fund/getFundDataListOne
[INFO ] 12:29:33.504 [http-nio-7071-exec-10] c.yys.szcp.config.jwt.JwtInterceptor - 访问路径:/fund/addFundInfoList
[INFO ] 12:29:38.190 [http-nio-7071-exec-1] c.yys.szcp.config.jwt.JwtInterceptor - 访问路径:/fund/getFundDataListOne
[INFO ] 12:29:38.555 [http-nio-7071-exec-2] c.yys.szcp.config.jwt.JwtInterceptor - 访问路径:/fund/addFundInfoList
[INFO ] 12:29:44.180 [http-nio-7071-exec-3] c.yys.szcp.config.jwt.JwtInterceptor - 访问路径:/fund/getFundDataListOne
[INFO ] 12:29:44.770 [http-nio-7071-exec-6] c.yys.szcp.config.jwt.JwtInterceptor - 访问路径:/fund/addFundInfoList
[INFO ] 12:29:49.180 [http-nio-7071-exec-4] c.yys.szcp.config.jwt.JwtInterceptor - 访问路径:/fund/getFundDataListOne
[INFO ] 12:29:49.438 [http-nio-7071-exec-7] c.yys.szcp.config.jwt.JwtInterceptor - 访问路径:/fund/addFundInfoList
[INFO ] 12:29:55.186 [http-nio-7071-exec-5] c.yys.szcp.config.jwt.JwtInterceptor - 访问路径:/fund/getFundDataListOne
[INFO ] 12:29:56.308 [http-nio-7071-exec-8] c.yys.szcp.config.jwt.JwtInterceptor - 访问路径:/fund/addFundInfoList
[INFO ] 12:30:01.174 [http-nio-7071-exec-9] c.yys.szcp.config.jwt.JwtInterceptor - 访问路径:/fund/getFundDataListOne
[INFO ] 12:30:02.572 [http-nio-7071-exec-10] c.yys.szcp.config.jwt.JwtInterceptor - 访问路径:/fund/addFundInfoList
[INFO ] 12:30:06.177 [http-nio-7071-exec-1] c.yys.szcp.config.jwt.JwtInterceptor - 访问路径:/fund/getFundDataListOne
[INFO ] 12:30:06.400 [http-nio-7071-exec-2] c.yys.szcp.config.jwt.JwtInterceptor - 访问路径:/fund/addFundInfoList
[INFO ] 12:30:11.186 [http-nio-7071-exec-3] c.yys.szcp.config.jwt.JwtInterceptor - 访问路径:/fund/getFundDataListOne
[INFO ] 12:30:11.678 [http-nio-7071-exec-6] c.yys.szcp.config.jwt.JwtInterceptor - 访问路径:/fund/addFundInfoList
[INFO ] 12:30:16.199 [http-nio-7071-exec-4] c.yys.szcp.config.jwt.JwtInterceptor - 访问路径:/fund/getFundDataListOne
[INFO ] 12:30:16.434 [http-nio-7071-exec-7] c.yys.szcp.config.jwt.JwtInterceptor - 访问路径:/fund/addFundInfoList
[INFO ] 12:30:22.181 [http-nio-7071-exec-5] c.yys.szcp.config.jwt.JwtInterceptor - 访问路径:/fund/getFundDataListOne
[INFO ] 12:30:22.731 [http-nio-7071-exec-8] c.yys.szcp.config.jwt.JwtInterceptor - 访问路径:/fund/addFundInfoList
[INFO ] 12:30:28.172 [http-nio-7071-exec-9] c.yys.szcp.config.jwt.JwtInterceptor - 访问路径:/fund/getFundDataListOne
[INFO ] 12:30:29.318 [http-nio-7071-exec-10] c.yys.szcp.config.jwt.JwtInterceptor - 访问路径:/fund/addFundInfoList
[INFO ] 12:30:33.187 [http-nio-7071-exec-1] c.yys.szcp.config.jwt.JwtInterceptor - 访问路径:/fund/getFundDataListOne
[INFO ] 12:30:33.522 [http-nio-7071-exec-2] c.yys.szcp.config.jwt.JwtInterceptor - 访问路径:/fund/addFundInfoList
[INFO ] 12:30:38.200 [http-nio-7071-exec-3] c.yys.szcp.config.jwt.JwtInterceptor - 访问路径:/fund/getFundDataListOne
[INFO ] 12:30:38.891 [http-nio-7071-exec-6] c.yys.szcp.config.jwt.JwtInterceptor - 访问路径:/fund/addFundInfoList
[INFO ] 12:30:44.175 [http-nio-7071-exec-4] c.yys.szcp.config.jwt.JwtInterceptor - 访问路径:/fund/getFundDataListOne
[INFO ] 12:30:44.633 [http-nio-7071-exec-7] c.yys.szcp.config.jwt.JwtInterceptor - 访问路径:/fund/addFundInfoList
[INFO ] 13:16:49.086 [http-nio-7071-exec-8] c.yys.szcp.config.jwt.JwtInterceptor - 访问路径:/fund/getFundDataListOne
[INFO ] 13:16:49.656 [http-nio-7071-exec-9] c.yys.szcp.config.jwt.JwtInterceptor - 访问路径:/fund/addFundInfoList
[INFO ] 13:18:43.748 [http-nio-7071-exec-1] c.yys.szcp.config.jwt.JwtInterceptor - 访问路径:/fund/fund
[INFO ] 13:18:44.963 [http-nio-7071-exec-3] c.yys.szcp.config.jwt.JwtInterceptor - 访问路径:/fund/findFundInfoInvestmentList
[INFO ] 13:18:44.964 [http-nio-7071-exec-2] c.yys.szcp.config.jwt.JwtInterceptor - 访问路径:/fund/findFundInfoListType
[INFO ] 13:18:46.516 [http-nio-7071-exec-6] c.yys.szcp.config.jwt.JwtInterceptor - 访问路径:/error
[INFO ] 13:18:46.516 [http-nio-7071-exec-6] c.yys.szcp.config.jwt.JwtInterceptor - ===== 用户未登录, 请先登录:/error
[INFO ] 13:20:12.426 [http-nio-7071-exec-5] c.yys.szcp.config.jwt.JwtInterceptor - 访问路径:/fund/fund
[INFO ] 13:20:19.645 [http-nio-7071-exec-9] c.yys.szcp.config.jwt.JwtInterceptor - 访问路径:/fund/findFundInfoInvestmentList
[INFO ] 13:20:19.645 [http-nio-7071-exec-8] c.yys.szcp.config.jwt.JwtInterceptor - 访问路径:/fund/findFundInfoListType
[INFO ] 13:20:20.061 [http-nio-7071-exec-10] c.yys.szcp.config.jwt.JwtInterceptor - 访问路径:/error
[INFO ] 13:20:20.061 [http-nio-7071-exec-10] c.yys.szcp.config.jwt.JwtInterceptor - ===== 用户未登录, 请先登录:/error
[INFO ] 13:23:09.123 [http-nio-7071-exec-6] c.yys.szcp.config.jwt.JwtInterceptor - 访问路径:/fund/index
[INFO ] 13:25:02.903 [http-nio-7071-exec-7] c.yys.szcp.config.jwt.JwtInterceptor - 访问路径:/fund/getFundDataListOne
[INFO ] 13:25:03.711 [http-nio-7071-exec-5] c.yys.szcp.config.jwt.JwtInterceptor - 访问路径:/fund/addFundInfoList
[INFO ] 13:25:07.916 [http-nio-7071-exec-8] c.yys.szcp.config.jwt.JwtInterceptor - 访问路径:/fund/getFundDataListOne
[INFO ] 13:25:08.107 [http-nio-7071-exec-10] c.yys.szcp.config.jwt.JwtInterceptor - 访问路径:/fund/addFundInfoList
[INFO ] 13:25:13.174 [http-nio-7071-exec-9] c.yys.szcp.config.jwt.JwtInterceptor - 访问路径:/fund/getFundDataListOne
[INFO ] 13:25:13.364 [http-nio-7071-exec-1] c.yys.szcp.config.jwt.JwtInterceptor - 访问路径:/fund/addFundInfoList
[INFO ] 13:25:19.180 [http-nio-7071-exec-2] c.yys.szcp.config.jwt.JwtInterceptor - 访问路径:/fund/getFundDataListOne
[INFO ] 13:25:19.344 [http-nio-7071-exec-6] c.yys.szcp.config.jwt.JwtInterceptor - 访问路径:/fund/addFundInfoList
[INFO ] 13:25:24.183 [http-nio-7071-exec-3] c.yys.szcp.config.jwt.JwtInterceptor - 访问路径:/fund/getFundDataListOne
[INFO ] 13:25:24.384 [http-nio-7071-exec-4] c.yys.szcp.config.jwt.JwtInterceptor - 访问路径:/fund/addFundInfoList
[INFO ] 13:25:29.189 [http-nio-7071-exec-7] c.yys.szcp.config.jwt.JwtInterceptor - 访问路径:/fund/getFundDataListOne
[INFO ] 13:25:29.442 [http-nio-7071-exec-5] c.yys.szcp.config.jwt.JwtInterceptor - 访问路径:/fund/addFundInfoList
[INFO ] 13:25:35.175 [http-nio-7071-exec-8] c.yys.szcp.config.jwt.JwtInterceptor - 访问路径:/fund/getFundDataListOne
[INFO ] 13:25:35.366 [http-nio-7071-exec-10] c.yys.szcp.config.jwt.JwtInterceptor - 访问路径:/fund/addFundInfoList
[INFO ] 13:25:40.186 [http-nio-7071-exec-9] c.yys.szcp.config.jwt.JwtInterceptor - 访问路径:/fund/getFundDataListOne
[INFO ] 13:25:40.373 [http-nio-7071-exec-1] c.yys.szcp.config.jwt.JwtInterceptor - 访问路径:/fund/addFundInfoList
[INFO ] 13:25:46.181 [http-nio-7071-exec-2] c.yys.szcp.config.jwt.JwtInterceptor - 访问路径:/fund/getFundDataListOne
[INFO ] 13:25:46.463 [http-nio-7071-exec-6] c.yys.szcp.config.jwt.JwtInterceptor - 访问路径:/fund/addFundInfoList
[INFO ] 13:25:51.187 [http-nio-7071-exec-3] c.yys.szcp.config.jwt.JwtInterceptor - 访问路径:/fund/getFundDataListOne
[INFO ] 13:25:51.388 [http-nio-7071-exec-4] c.yys.szcp.config.jwt.JwtInterceptor - 访问路径:/fund/addFundInfoList
[INFO ] 13:25:57.182 [http-nio-7071-exec-7] c.yys.szcp.config.jwt.JwtInterceptor - 访问路径:/fund/getFundDataListOne
[INFO ] 13:25:57.340 [http-nio-7071-exec-5] c.yys.szcp.config.jwt.JwtInterceptor - 访问路径:/fund/addFundInfoList
[INFO ] 13:26:02.196 [http-nio-7071-exec-8] c.yys.szcp.config.jwt.JwtInterceptor - 访问路径:/fund/getFundDataListOne
[INFO ] 13:26:02.398 [http-nio-7071-exec-10] c.yys.szcp.config.jwt.JwtInterceptor - 访问路径:/fund/addFundInfoList
[INFO ] 13:26:07.203 [http-nio-7071-exec-9] c.yys.szcp.config.jwt.JwtInterceptor - 访问路径:/fund/getFundDataListOne
[INFO ] 13:26:07.316 [http-nio-7071-exec-1] c.yys.szcp.config.jwt.JwtInterceptor - 访问路径:/fund/addFundInfoList
[INFO ] 13:26:12.220 [http-nio-7071-exec-2] c.yys.szcp.config.jwt.JwtInterceptor - 访问路径:/fund/getFundDataListOne
[INFO ] 13:26:12.352 [http-nio-7071-exec-6] c.yys.szcp.config.jwt.JwtInterceptor - 访问路径:/fund/addFundInfoList
[INFO ] 13:26:17.228 [http-nio-7071-exec-3] c.yys.szcp.config.jwt.JwtInterceptor - 访问路径:/fund/getFundDataListOne
[INFO ] 13:26:17.398 [http-nio-7071-exec-4] c.yys.szcp.config.jwt.JwtInterceptor - 访问路径:/fund/addFundInfoList
[INFO ] 13:26:22.229 [http-nio-7071-exec-7] c.yys.szcp.config.jwt.JwtInterceptor - 访问路径:/fund/getFundDataListOne
[INFO ] 13:26:22.412 [http-nio-7071-exec-5] c.yys.szcp.config.jwt.JwtInterceptor - 访问路径:/fund/addFundInfoList
[INFO ] 13:26:27.234 [http-nio-7071-exec-8] c.yys.szcp.config.jwt.JwtInterceptor - 访问路径:/fund/getFundDataListOne
[INFO ] 13:26:27.420 [http-nio-7071-exec-10] c.yys.szcp.config.jwt.JwtInterceptor - 访问路径:/fund/addFundInfoList
[INFO ] 13:26:32.246 [http-nio-7071-exec-9] c.yys.szcp.config.jwt.JwtInterceptor - 访问路径:/fund/getFundDataListOne
[INFO ] 13:26:32.407 [http-nio-7071-exec-1] c.yys.szcp.config.jwt.JwtInterceptor - 访问路径:/fund/addFundInfoList
[INFO ] 13:26:37.254 [http-nio-7071-exec-2] c.yys.szcp.config.jwt.JwtInterceptor - 访问路径:/fund/getFundDataListOne
[INFO ] 13:26:37.382 [http-nio-7071-exec-6] c.yys.szcp.config.jwt.JwtInterceptor - 访问路径:/fund/addFundInfoList
[INFO ] 13:26:43.176 [http-nio-7071-exec-3] c.yys.szcp.config.jwt.JwtInterceptor - 访问路径:/fund/getFundDataListOne
[INFO ] 13:26:43.619 [http-nio-7071-exec-4] c.yys.szcp.config.jwt.JwtInterceptor - 访问路径:/fund/addFundInfoList
[INFO ] 13:26:48.191 [http-nio-7071-exec-7] c.yys.szcp.config.jwt.JwtInterceptor - 访问路径:/fund/getFundDataListOne
[INFO ] 13:26:48.336 [http-nio-7071-exec-5] c.yys.szcp.config.jwt.JwtInterceptor - 访问路径:/fund/addFundInfoList
[INFO ] 13:26:53.200 [http-nio-7071-exec-8] c.yys.szcp.config.jwt.JwtInterceptor - 访问路径:/fund/getFundDataListOne
[INFO ] 13:26:53.342 [http-nio-7071-exec-10] c.yys.szcp.config.jwt.JwtInterceptor - 访问路径:/fund/addFundInfoList
[INFO ] 13:26:58.213 [http-nio-7071-exec-9] c.yys.szcp.config.jwt.JwtInterceptor - 访问路径:/fund/getFundDataListOne
[INFO ] 13:26:58.397 [http-nio-7071-exec-1] c.yys.szcp.config.jwt.JwtInterceptor - 访问路径:/fund/addFundInfoList
[INFO ] 13:27:03.227 [http-nio-7071-exec-2] c.yys.szcp.config.jwt.JwtInterceptor - 访问路径:/fund/getFundDataListOne
[INFO ] 13:27:03.475 [http-nio-7071-exec-6] c.yys.szcp.config.jwt.JwtInterceptor - 访问路径:/fund/addFundInfoList
[INFO ] 13:27:08.237 [http-nio-7071-exec-3] c.yys.szcp.config.jwt.JwtInterceptor - 访问路径:/fund/getFundDataListOne
[INFO ] 13:27:08.379 [http-nio-7071-exec-4] c.yys.szcp.config.jwt.JwtInterceptor - 访问路径:/fund/addFundInfoList
[INFO ] 13:27:13.240 [http-nio-7071-exec-7] c.yys.szcp.config.jwt.JwtInterceptor - 访问路径:/fund/getFundDataListOne
[INFO ] 13:27:13.406 [http-nio-7071-exec-5] c.yys.szcp.config.jwt.JwtInterceptor - 访问路径:/fund/addFundInfoList
[INFO ] 13:27:18.252 [http-nio-7071-exec-8] c.yys.szcp.config.jwt.JwtInterceptor - 访问路径:/fund/getFundDataListOne
[INFO ] 13:27:18.427 [http-nio-7071-exec-10] c.yys.szcp.config.jwt.JwtInterceptor - 访问路径:/fund/addFundInfoList
[INFO ] 13:27:23.260 [http-nio-7071-exec-9] c.yys.szcp.config.jwt.JwtInterceptor - 访问路径:/fund/getFundDataListOne
[INFO ] 13:27:23.432 [http-nio-7071-exec-1] c.yys.szcp.config.jwt.JwtInterceptor - 访问路径:/fund/addFundInfoList
[INFO ] 13:27:28.273 [http-nio-7071-exec-2] c.yys.szcp.config.jwt.JwtInterceptor - 访问路径:/fund/getFundDataListOne
[INFO ] 13:27:28.443 [http-nio-7071-exec-6] c.yys.szcp.config.jwt.JwtInterceptor - 访问路径:/fund/addFundInfoList
[INFO ] 13:27:33.281 [http-nio-7071-exec-3] c.yys.szcp.config.jwt.JwtInterceptor - 访问路径:/fund/getFundDataListOne
[INFO ] 13:27:33.461 [http-nio-7071-exec-4] c.yys.szcp.config.jwt.JwtInterceptor - 访问路径:/fund/addFundInfoList
[INFO ] 13:27:38.287 [http-nio-7071-exec-7] c.yys.szcp.config.jwt.JwtInterceptor - 访问路径:/fund/getFundDataListOne
[INFO ] 13:27:38.462 [http-nio-7071-exec-5] c.yys.szcp.config.jwt.JwtInterceptor - 访问路径:/fund/addFundInfoList
[INFO ] 13:27:43.285 [http-nio-7071-exec-8] c.yys.szcp.config.jwt.JwtInterceptor - 访问路径:/fund/getFundDataListOne
[INFO ] 13:27:43.458 [http-nio-7071-exec-10] c.yys.szcp.config.jwt.JwtInterceptor - 访问路径:/fund/addFundInfoList
[INFO ] 13:27:48.296 [http-nio-7071-exec-9] c.yys.szcp.config.jwt.JwtInterceptor - 访问路径:/fund/getFundDataListOne
[INFO ] 13:27:48.452 [http-nio-7071-exec-1] c.yys.szcp.config.jwt.JwtInterceptor - 访问路径:/fund/addFundInfoList
[INFO ] 13:27:53.299 [http-nio-7071-exec-2] c.yys.szcp.config.jwt.JwtInterceptor - 访问路径:/fund/getFundDataListOne
[INFO ] 13:27:53.468 [http-nio-7071-exec-6] c.yys.szcp.config.jwt.JwtInterceptor - 访问路径:/fund/addFundInfoList
[INFO ] 13:27:59.186 [http-nio-7071-exec-3] c.yys.szcp.config.jwt.JwtInterceptor - 访问路径:/fund/getFundDataListOne
[INFO ] 13:27:59.527 [http-nio-7071-exec-4] c.yys.szcp.config.jwt.JwtInterceptor - 访问路径:/fund/addFundInfoList
[INFO ] 13:28:05.186 [http-nio-7071-exec-7] c.yys.szcp.config.jwt.JwtInterceptor - 访问路径:/fund/getFundDataListOne
[INFO ] 13:28:05.513 [http-nio-7071-exec-5] c.yys.szcp.config.jwt.JwtInterceptor - 访问路径:/fund/addFundInfoList
[INFO ] 13:28:10.198 [http-nio-7071-exec-8] c.yys.szcp.config.jwt.JwtInterceptor - 访问路径:/fund/getFundDataListOne
[INFO ] 13:28:10.622 [http-nio-7071-exec-10] c.yys.szcp.config.jwt.JwtInterceptor - 访问路径:/fund/addFundInfoList
[INFO ] 13:28:16.187 [http-nio-7071-exec-9] c.yys.szcp.config.jwt.JwtInterceptor - 访问路径:/fund/getFundDataListOne
[INFO ] 13:28:17.033 [http-nio-7071-exec-1] c.yys.szcp.config.jwt.JwtInterceptor - 访问路径:/fund/addFundInfoList
[INFO ] 13:28:22.176 [http-nio-7071-exec-2] c.yys.szcp.config.jwt.JwtInterceptor - 访问路径:/fund/getFundDataListOne
[INFO ] 13:28:22.355 [http-nio-7071-exec-6] c.yys.szcp.config.jwt.JwtInterceptor - 访问路径:/fund/addFundInfoList
[INFO ] 13:28:28.186 [http-nio-7071-exec-3] c.yys.szcp.config.jwt.JwtInterceptor - 访问路径:/fund/getFundDataListOne
[INFO ] 13:28:28.415 [http-nio-7071-exec-4] c.yys.szcp.config.jwt.JwtInterceptor - 访问路径:/fund/addFundInfoList
[INFO ] 13:28:33.201 [http-nio-7071-exec-7] c.yys.szcp.config.jwt.JwtInterceptor - 访问路径:/fund/getFundDataListOne
[INFO ] 13:28:33.412 [http-nio-7071-exec-5] c.yys.szcp.config.jwt.JwtInterceptor - 访问路径:/fund/addFundInfoList
[INFO ] 13:28:39.183 [http-nio-7071-exec-8] c.yys.szcp.config.jwt.JwtInterceptor - 访问路径:/fund/getFundDataListOne
[INFO ] 13:28:39.367 [http-nio-7071-exec-10] c.yys.szcp.config.jwt.JwtInterceptor - 访问路径:/fund/addFundInfoList
[INFO ] 13:28:44.186 [http-nio-7071-exec-9] c.yys.szcp.config.jwt.JwtInterceptor - 访问路径:/fund/getFundDataListOne
[INFO ] 13:28:44.622 [http-nio-7071-exec-1] c.yys.szcp.config.jwt.JwtInterceptor - 访问路径:/fund/addFundInfoList
[INFO ] 13:28:50.175 [http-nio-7071-exec-2] c.yys.szcp.config.jwt.JwtInterceptor - 访问路径:/fund/getFundDataListOne
[INFO ] 13:28:50.466 [http-nio-7071-exec-6] c.yys.szcp.config.jwt.JwtInterceptor - 访问路径:/fund/addFundInfoList
[INFO ] 13:28:55.189 [http-nio-7071-exec-3] c.yys.szcp.config.jwt.JwtInterceptor - 访问路径:/fund/getFundDataListOne
[INFO ] 13:28:55.432 [http-nio-7071-exec-4] c.yys.szcp.config.jwt.JwtInterceptor - 访问路径:/fund/addFundInfoList
[INFO ] 13:29:01.182 [http-nio-7071-exec-7] c.yys.szcp.config.jwt.JwtInterceptor - 访问路径:/fund/getFundDataListOne
[INFO ] 13:29:01.523 [http-nio-7071-exec-5] c.yys.szcp.config.jwt.JwtInterceptor - 访问路径:/fund/addFundInfoList
[INFO ] 13:29:07.180 [http-nio-7071-exec-8] c.yys.szcp.config.jwt.JwtInterceptor - 访问路径:/fund/getFundDataListOne
[INFO ] 13:29:07.382 [http-nio-7071-exec-10] c.yys.szcp.config.jwt.JwtInterceptor - 访问路径:/fund/addFundInfoList
[INFO ] 13:29:12.180 [http-nio-7071-exec-9] c.yys.szcp.config.jwt.JwtInterceptor - 访问路径:/fund/getFundDataListOne
[INFO ] 13:29:12.294 [http-nio-7071-exec-1] c.yys.szcp.config.jwt.JwtInterceptor - 访问路径:/fund/addFundInfoList
[INFO ] 13:29:17.192 [http-nio-7071-exec-2] c.yys.szcp.config.jwt.JwtInterceptor - 访问路径:/fund/getFundDataListOne
[INFO ] 13:29:17.347 [http-nio-7071-exec-6] c.yys.szcp.config.jwt.JwtInterceptor - 访问路径:/fund/addFundInfoList
[INFO ] 13:29:23.182 [http-nio-7071-exec-3] c.yys.szcp.config.jwt.JwtInterceptor - 访问路径:/fund/getFundDataListOne
[INFO ] 13:29:23.508 [http-nio-7071-exec-4] c.yys.szcp.config.jwt.JwtInterceptor - 访问路径:/fund/addFundInfoList
[INFO ] 13:29:29.183 [http-nio-7071-exec-7] c.yys.szcp.config.jwt.JwtInterceptor - 访问路径:/fund/getFundDataListOne
[INFO ] 13:29:29.358 [http-nio-7071-exec-5] c.yys.szcp.config.jwt.JwtInterceptor - 访问路径:/fund/addFundInfoList
[INFO ] 13:29:34.196 [http-nio-7071-exec-8] c.yys.szcp.config.jwt.JwtInterceptor - 访问路径:/fund/getFundDataListOne
[INFO ] 13:29:34.402 [http-nio-7071-exec-10] c.yys.szcp.config.jwt.JwtInterceptor - 访问路径:/fund/addFundInfoList
[INFO ] 13:29:40.176 [http-nio-7071-exec-9] c.yys.szcp.config.jwt.JwtInterceptor - 访问路径:/fund/getFundDataListOne
[INFO ] 13:29:40.340 [http-nio-7071-exec-1] c.yys.szcp.config.jwt.JwtInterceptor - 访问路径:/fund/addFundInfoList
[INFO ] 13:29:45.180 [http-nio-7071-exec-2] c.yys.szcp.config.jwt.JwtInterceptor - 访问路径:/fund/getFundDataListOne
[INFO ] 13:29:45.361 [http-nio-7071-exec-6] c.yys.szcp.config.jwt.JwtInterceptor - 访问路径:/fund/addFundInfoList
[INFO ] 13:29:50.180 [http-nio-7071-exec-3] c.yys.szcp.config.jwt.JwtInterceptor - 访问路径:/fund/getFundDataListOne
[INFO ] 13:29:50.312 [http-nio-7071-exec-4] c.yys.szcp.config.jwt.JwtInterceptor - 访问路径:/fund/addFundInfoList
[INFO ] 13:54:40.596 [http-nio-7071-exec-5] c.yys.szcp.config.jwt.JwtInterceptor - 访问路径:/fund/getFundDataListOne
[INFO ] 13:54:42.843 [http-nio-7071-exec-8] c.yys.szcp.config.jwt.JwtInterceptor - 访问路径:/fund/addFundInfoList
[INFO ] 13:54:45.607 [http-nio-7071-exec-10] c.yys.szcp.config.jwt.JwtInterceptor - 访问路径:/fund/getFundDataListOne
[INFO ] 13:54:47.213 [http-nio-7071-exec-9] c.yys.szcp.config.jwt.JwtInterceptor - 访问路径:/fund/addFundInfoList
[INFO ] 13:54:50.618 [http-nio-7071-exec-1] c.yys.szcp.config.jwt.JwtInterceptor - 访问路径:/fund/getFundDataListOne
[INFO ] 13:54:51.188 [http-nio-7071-exec-2] c.yys.szcp.config.jwt.JwtInterceptor - 访问路径:/fund/addFundInfoList
[INFO ] 13:54:55.621 [http-nio-7071-exec-6] c.yys.szcp.config.jwt.JwtInterceptor - 访问路径:/fund/getFundDataListOne
[INFO ] 13:54:55.791 [http-nio-7071-exec-3] c.yys.szcp.config.jwt.JwtInterceptor - 访问路径:/fund/addFundInfoList
[INFO ] 13:55:00.624 [http-nio-7071-exec-4] c.yys.szcp.config.jwt.JwtInterceptor - 访问路径:/fund/getFundDataListOne
[INFO ] 13:55:00.983 [http-nio-7071-exec-7] c.yys.szcp.config.jwt.JwtInterceptor - 访问路径:/fund/addFundInfoList
[INFO ] 13:55:05.633 [http-nio-7071-exec-5] c.yys.szcp.config.jwt.JwtInterceptor - 访问路径:/fund/getFundDataListOne
[INFO ] 13:55:07.647 [http-nio-7071-exec-8] c.yys.szcp.config.jwt.JwtInterceptor - 访问路径:/fund/addFundInfoList
[INFO ] 13:55:10.635 [http-nio-7071-exec-10] c.yys.szcp.config.jwt.JwtInterceptor - 访问路径:/fund/getFundDataListOne
[INFO ] 13:55:11.221 [http-nio-7071-exec-9] c.yys.szcp.config.jwt.JwtInterceptor - 访问路径:/fund/addFundInfoList
[INFO ] 13:55:15.648 [http-nio-7071-exec-1] c.yys.szcp.config.jwt.JwtInterceptor - 访问路径:/fund/getFundDataListOne
[INFO ] 13:55:16.133 [http-nio-7071-exec-2] c.yys.szcp.config.jwt.JwtInterceptor - 访问路径:/fund/addFundInfoList
[INFO ] 13:55:20.652 [http-nio-7071-exec-6] c.yys.szcp.config.jwt.JwtInterceptor - 访问路径:/fund/getFundDataListOne
[INFO ] 13:55:21.927 [http-nio-7071-exec-3] c.yys.szcp.config.jwt.JwtInterceptor - 访问路径:/fund/addFundInfoList
[INFO ] 13:55:25.660 [http-nio-7071-exec-4] c.yys.szcp.config.jwt.JwtInterceptor - 访问路径:/fund/getFundDataListOne
[INFO ] 13:55:26.529 [http-nio-7071-exec-7] c.yys.szcp.config.jwt.JwtInterceptor - 访问路径:/fund/addFundInfoList
[INFO ] 13:55:30.673 [http-nio-7071-exec-5] c.yys.szcp.config.jwt.JwtInterceptor - 访问路径:/fund/getFundDataListOne
[INFO ] 13:55:30.991 [http-nio-7071-exec-8] c.yys.szcp.config.jwt.JwtInterceptor - 访问路径:/fund/addFundInfoList
[INFO ] 13:55:35.682 [http-nio-7071-exec-10] c.yys.szcp.config.jwt.JwtInterceptor - 访问路径:/fund/getFundDataListOne
[INFO ] 13:55:35.976 [http-nio-7071-exec-9] c.yys.szcp.config.jwt.JwtInterceptor - 访问路径:/fund/addFundInfoList
[INFO ] 13:55:40.686 [http-nio-7071-exec-1] c.yys.szcp.config.jwt.JwtInterceptor - 访问路径:/fund/getFundDataListOne
[INFO ] 13:55:40.886 [http-nio-7071-exec-2] c.yys.szcp.config.jwt.JwtInterceptor - 访问路径:/fund/addFundInfoList
[INFO ] 13:55:45.694 [http-nio-7071-exec-6] c.yys.szcp.config.jwt.JwtInterceptor - 访问路径:/fund/getFundDataListOne
[INFO ] 13:55:45.962 [http-nio-7071-exec-3] c.yys.szcp.config.jwt.JwtInterceptor - 访问路径:/fund/addFundInfoList
[INFO ] 13:55:50.702 [http-nio-7071-exec-4] c.yys.szcp.config.jwt.JwtInterceptor - 访问路径:/fund/getFundDataListOne
[INFO ] 13:55:51.101 [http-nio-7071-exec-7] c.yys.szcp.config.jwt.JwtInterceptor - 访问路径:/fund/addFundInfoList
[INFO ] 13:55:56.173 [http-nio-7071-exec-5] c.yys.szcp.config.jwt.JwtInterceptor - 访问路径:/fund/getFundDataListOne
[INFO ] 13:55:56.772 [http-nio-7071-exec-8] c.yys.szcp.config.jwt.JwtInterceptor - 访问路径:/fund/fund
[INFO ] 13:55:56.972 [http-nio-7071-exec-10] c.yys.szcp.config.jwt.JwtInterceptor - 访问路径:/fund/addFundInfoList
[INFO ] 13:55:57.744 [http-nio-7071-exec-9] c.yys.szcp.config.jwt.JwtInterceptor - 访问路径:/fund/findFundInfoListType
[INFO ] 13:55:57.745 [http-nio-7071-exec-1] c.yys.szcp.config.jwt.JwtInterceptor - 访问路径:/fund/findFundInfoInvestmentList
[INFO ] 13:55:59.643 [http-nio-7071-exec-2] c.yys.szcp.config.jwt.JwtInterceptor - 访问路径:/error
[INFO ] 13:55:59.643 [http-nio-7071-exec-2] c.yys.szcp.config.jwt.JwtInterceptor - ===== 用户未登录, 请先登录:/error
[INFO ] 13:56:01.176 [http-nio-7071-exec-6] c.yys.szcp.config.jwt.JwtInterceptor - 访问路径:/fund/getFundDataListOne
[INFO ] 13:56:01.829 [http-nio-7071-exec-3] c.yys.szcp.config.jwt.JwtInterceptor - 访问路径:/fund/addFundInfoList
[INFO ] 13:56:06.181 [http-nio-7071-exec-4] c.yys.szcp.config.jwt.JwtInterceptor - 访问路径:/fund/getFundDataListOne
[INFO ] 13:56:06.494 [http-nio-7071-exec-7] c.yys.szcp.config.jwt.JwtInterceptor - 访问路径:/fund/addFundInfoList
[INFO ] 13:56:12.186 [http-nio-7071-exec-5] c.yys.szcp.config.jwt.JwtInterceptor - 访问路径:/fund/getFundDataListOne
[INFO ] 13:56:13.186 [http-nio-7071-exec-8] c.yys.szcp.config.jwt.JwtInterceptor - 访问路径:/fund/addFundInfoList
[INFO ] 13:56:18.178 [http-nio-7071-exec-9] c.yys.szcp.config.jwt.JwtInterceptor - 访问路径:/fund/getFundDataListOne
[INFO ] 13:56:18.996 [http-nio-7071-exec-10] c.yys.szcp.config.jwt.JwtInterceptor - 访问路径:/fund/addFundInfoList
[INFO ] 13:56:23.186 [http-nio-7071-exec-2] c.yys.szcp.config.jwt.JwtInterceptor - 访问路径:/fund/getFundDataListOne
[INFO ] 13:56:23.435 [http-nio-7071-exec-6] c.yys.szcp.config.jwt.JwtInterceptor - 访问路径:/fund/addFundInfoList
[INFO ] 13:56:28.198 [http-nio-7071-exec-3] c.yys.szcp.config.jwt.JwtInterceptor - 访问路径:/fund/getFundDataListOne
[INFO ] 13:56:28.388 [http-nio-7071-exec-4] c.yys.szcp.config.jwt.JwtInterceptor - 访问路径:/fund/addFundInfoList
[INFO ] 13:56:34.182 [http-nio-7071-exec-7] c.yys.szcp.config.jwt.JwtInterceptor - 访问路径:/fund/getFundDataListOne
[INFO ] 13:56:34.675 [http-nio-7071-exec-5] c.yys.szcp.config.jwt.JwtInterceptor - 访问路径:/fund/addFundInfoList
[INFO ] 13:56:40.181 [http-nio-7071-exec-8] c.yys.szcp.config.jwt.JwtInterceptor - 访问路径:/fund/getFundDataListOne
[INFO ] 13:56:40.903 [http-nio-7071-exec-1] c.yys.szcp.config.jwt.JwtInterceptor - 访问路径:/fund/addFundInfoList
[INFO ] 13:56:46.172 [http-nio-7071-exec-9] c.yys.szcp.config.jwt.JwtInterceptor - 访问路径:/fund/getFundDataListOne
[INFO ] 13:56:46.757 [http-nio-7071-exec-10] c.yys.szcp.config.jwt.JwtInterceptor - 访问路径:/fund/addFundInfoList
[INFO ] 13:56:51.186 [http-nio-7071-exec-2] c.yys.szcp.config.jwt.JwtInterceptor - 访问路径:/fund/getFundDataListOne
[INFO ] 13:56:51.574 [http-nio-7071-exec-6] c.yys.szcp.config.jwt.JwtInterceptor - 访问路径:/fund/addFundInfoList
[INFO ] 13:56:57.179 [http-nio-7071-exec-3] c.yys.szcp.config.jwt.JwtInterceptor - 访问路径:/fund/getFundDataListOne
[INFO ] 13:56:57.741 [http-nio-7071-exec-4] c.yys.szcp.config.jwt.JwtInterceptor - 访问路径:/fund/addFundInfoList
[INFO ] 13:57:03.185 [http-nio-7071-exec-5] c.yys.szcp.config.jwt.JwtInterceptor - 访问路径:/fund/getFundDataListOne
[INFO ] 13:57:03.870 [http-nio-7071-exec-8] c.yys.szcp.config.jwt.JwtInterceptor - 访问路径:/fund/addFundInfoList
[INFO ] 13:57:09.177 [http-nio-7071-exec-1] c.yys.szcp.config.jwt.JwtInterceptor - 访问路径:/fund/getFundDataListOne
[INFO ] 13:57:09.887 [http-nio-7071-exec-9] c.yys.szcp.config.jwt.JwtInterceptor - 访问路径:/fund/addFundInfoList
[INFO ] 13:57:14.180 [http-nio-7071-exec-10] c.yys.szcp.config.jwt.JwtInterceptor - 访问路径:/fund/getFundDataListOne
[INFO ] 13:57:14.654 [http-nio-7071-exec-2] c.yys.szcp.config.jwt.JwtInterceptor - 访问路径:/fund/addFundInfoList
[INFO ] 13:57:19.184 [http-nio-7071-exec-3] c.yys.szcp.config.jwt.JwtInterceptor - 访问路径:/fund/getFundDataListOne
[INFO ] 13:57:19.372 [http-nio-7071-exec-4] c.yys.szcp.config.jwt.JwtInterceptor - 访问路径:/fund/addFundInfoList
[INFO ] 13:57:24.199 [http-nio-7071-exec-7] c.yys.szcp.config.jwt.JwtInterceptor - 访问路径:/fund/getFundDataListOne
[INFO ] 13:57:24.466 [http-nio-7071-exec-5] c.yys.szcp.config.jwt.JwtInterceptor - 访问路径:/fund/addFundInfoList
[INFO ] 13:57:30.180 [http-nio-7071-exec-8] c.yys.szcp.config.jwt.JwtInterceptor - 访问路径:/fund/getFundDataListOne
[INFO ] 13:57:30.834 [http-nio-7071-exec-1] c.yys.szcp.config.jwt.JwtInterceptor - 访问路径:/fund/addFundInfoList
[INFO ] 13:57:35.196 [http-nio-7071-exec-9] c.yys.szcp.config.jwt.JwtInterceptor - 访问路径:/fund/getFundDataListOne
[INFO ] 13:57:35.482 [http-nio-7071-exec-10] c.yys.szcp.config.jwt.JwtInterceptor - 访问路径:/fund/addFundInfoList
[INFO ] 13:57:41.184 [http-nio-7071-exec-6] c.yys.szcp.config.jwt.JwtInterceptor - 访问路径:/fund/getFundDataListOne
[INFO ] 13:57:41.421 [http-nio-7071-exec-2] c.yys.szcp.config.jwt.JwtInterceptor - 访问路径:/fund/addFundInfoList
[INFO ] 13:57:47.173 [http-nio-7071-exec-3] c.yys.szcp.config.jwt.JwtInterceptor - 访问路径:/fund/getFundDataListOne
[INFO ] 13:57:48.483 [http-nio-7071-exec-4] c.yys.szcp.config.jwt.JwtInterceptor - 访问路径:/fund/addFundInfoList
[INFO ] 13:57:52.181 [http-nio-7071-exec-7] c.yys.szcp.config.jwt.JwtInterceptor - 访问路径:/fund/getFundDataListOne
[INFO ] 13:57:53.000 [http-nio-7071-exec-5] c.yys.szcp.config.jwt.JwtInterceptor - 访问路径:/fund/addFundInfoList
[INFO ] 13:57:58.184 [http-nio-7071-exec-8] c.yys.szcp.config.jwt.JwtInterceptor - 访问路径:/fund/getFundDataListOne
[INFO ] 13:57:58.755 [http-nio-7071-exec-1] c.yys.szcp.config.jwt.JwtInterceptor - 访问路径:/fund/addFundInfoList
[INFO ] 13:58:04.186 [http-nio-7071-exec-9] c.yys.szcp.config.jwt.JwtInterceptor - 访问路径:/fund/getFundDataListOne
[INFO ] 13:58:04.516 [http-nio-7071-exec-10] c.yys.szcp.config.jwt.JwtInterceptor - 访问路径:/fund/addFundInfoList
[INFO ] 13:58:10.178 [http-nio-7071-exec-6] c.yys.szcp.config.jwt.JwtInterceptor - 访问路径:/fund/getFundDataListOne
[INFO ] 13:58:10.889 [http-nio-7071-exec-2] c.yys.szcp.config.jwt.JwtInterceptor - 访问路径:/fund/addFundInfoList
[INFO ] 13:58:15.185 [http-nio-7071-exec-3] c.yys.szcp.config.jwt.JwtInterceptor - 访问路径:/fund/getFundDataListOne
[INFO ] 13:58:15.440 [http-nio-7071-exec-4] c.yys.szcp.config.jwt.JwtInterceptor - 访问路径:/fund/addFundInfoList
[INFO ] 13:58:21.183 [http-nio-7071-exec-7] c.yys.szcp.config.jwt.JwtInterceptor - 访问路径:/fund/getFundDataListOne
[INFO ] 13:58:21.560 [http-nio-7071-exec-5] c.yys.szcp.config.jwt.JwtInterceptor - 访问路径:/fund/addFundInfoList
[INFO ] 13:58:26.197 [http-nio-7071-exec-8] c.yys.szcp.config.jwt.JwtInterceptor - 访问路径:/fund/getFundDataListOne
[INFO ] 13:58:26.432 [http-nio-7071-exec-1] c.yys.szcp.config.jwt.JwtInterceptor - 访问路径:/fund/addFundInfoList
[INFO ] 13:58:32.184 [http-nio-7071-exec-9] c.yys.szcp.config.jwt.JwtInterceptor - 访问路径:/fund/getFundDataListOne
[INFO ] 13:58:32.438 [http-nio-7071-exec-10] c.yys.szcp.config.jwt.JwtInterceptor - 访问路径:/fund/addFundInfoList
[INFO ] 13:58:37.187 [http-nio-7071-exec-6] c.yys.szcp.config.jwt.JwtInterceptor - 访问路径:/fund/getFundDataListOne
[INFO ] 13:58:37.546 [http-nio-7071-exec-2] c.yys.szcp.config.jwt.JwtInterceptor - 访问路径:/fund/addFundInfoList
[INFO ] 13:58:43.173 [http-nio-7071-exec-3] c.yys.szcp.config.jwt.JwtInterceptor - 访问路径:/fund/getFundDataListOne
[INFO ] 13:58:43.740 [http-nio-7071-exec-4] c.yys.szcp.config.jwt.JwtInterceptor - 访问路径:/fund/addFundInfoList
[INFO ] 13:58:48.188 [http-nio-7071-exec-7] c.yys.szcp.config.jwt.JwtInterceptor - 访问路径:/fund/getFundDataListOne
[INFO ] 13:58:49.459 [http-nio-7071-exec-5] c.yys.szcp.config.jwt.JwtInterceptor - 访问路径:/fund/addFundInfoList
[INFO ] 13:58:54.190 [http-nio-7071-exec-8] c.yys.szcp.config.jwt.JwtInterceptor - 访问路径:/fund/getFundDataListOne
[INFO ] 13:58:54.363 [http-nio-7071-exec-1] c.yys.szcp.config.jwt.JwtInterceptor - 访问路径:/fund/addFundInfoList
[INFO ] 13:58:59.203 [http-nio-7071-exec-9] c.yys.szcp.config.jwt.JwtInterceptor - 访问路径:/fund/getFundDataListOne
[INFO ] 13:58:59.892 [http-nio-7071-exec-10] c.yys.szcp.config.jwt.JwtInterceptor - 访问路径:/fund/addFundInfoList
[INFO ] 13:59:05.175 [http-nio-7071-exec-6] c.yys.szcp.config.jwt.JwtInterceptor - 访问路径:/fund/getFundDataListOne
[INFO ] 13:59:05.560 [http-nio-7071-exec-2] c.yys.szcp.config.jwt.JwtInterceptor - 访问路径:/fund/addFundInfoList
[INFO ] 13:59:10.177 [http-nio-7071-exec-3] c.yys.szcp.config.jwt.JwtInterceptor - 访问路径:/fund/getFundDataListOne
[INFO ] 13:59:10.461 [http-nio-7071-exec-4] c.yys.szcp.config.jwt.JwtInterceptor - 访问路径:/fund/addFundInfoList
[INFO ] 13:59:15.191 [http-nio-7071-exec-7] c.yys.szcp.config.jwt.JwtInterceptor - 访问路径:/fund/getFundDataListOne
[INFO ] 13:59:16.420 [http-nio-7071-exec-5] c.yys.szcp.config.jwt.JwtInterceptor - 访问路径:/fund/addFundInfoList
[INFO ] 13:59:21.172 [http-nio-7071-exec-8] c.yys.szcp.config.jwt.JwtInterceptor - 访问路径:/fund/getFundDataListOne
[INFO ] 13:59:21.616 [http-nio-7071-exec-1] c.yys.szcp.config.jwt.JwtInterceptor - 访问路径:/fund/addFundInfoList
[INFO ] 13:59:26.186 [http-nio-7071-exec-9] c.yys.szcp.config.jwt.JwtInterceptor - 访问路径:/fund/getFundDataListOne
[INFO ] 13:59:26.719 [http-nio-7071-exec-10] c.yys.szcp.config.jwt.JwtInterceptor - 访问路径:/fund/addFundInfoList
[INFO ] 13:59:31.201 [http-nio-7071-exec-6] c.yys.szcp.config.jwt.JwtInterceptor - 访问路径:/fund/getFundDataListOne
[INFO ] 13:59:31.430 [http-nio-7071-exec-2] c.yys.szcp.config.jwt.JwtInterceptor - 访问路径:/fund/addFundInfoList
[INFO ] 14:10:57.732 [http-nio-7071-exec-4] c.yys.szcp.config.jwt.JwtInterceptor - 访问路径:/fund/index
[INFO ] 14:20:54.254 [http-nio-7071-exec-8] c.yys.szcp.config.jwt.JwtInterceptor - 访问路径:/fund/index
[INFO ] 14:21:01.766 [http-nio-7071-exec-1] c.yys.szcp.config.jwt.JwtInterceptor - 访问路径:/fund/getFundDataListOne
[INFO ] 14:21:03.239 [http-nio-7071-exec-9] c.yys.szcp.config.jwt.JwtInterceptor - 访问路径:/fund/addFundInfoList
[INFO ] 14:21:06.767 [http-nio-7071-exec-10] c.yys.szcp.config.jwt.JwtInterceptor - 访问路径:/fund/getFundDataListOne
[INFO ] 14:21:07.750 [http-nio-7071-exec-6] c.yys.szcp.config.jwt.JwtInterceptor - 访问路径:/fund/addFundInfoList
[INFO ] 14:21:08.534 [http-nio-7071-exec-2] c.yys.szcp.config.jwt.JwtInterceptor - 访问路径:/fund/fund
[INFO ] 14:21:08.883 [http-nio-7071-exec-4] c.yys.szcp.config.jwt.JwtInterceptor - 访问路径:/fund/findFundInfoInvestmentList
[INFO ] 14:21:08.883 [http-nio-7071-exec-3] c.yys.szcp.config.jwt.JwtInterceptor - 访问路径:/fund/findFundInfoListType
[INFO ] 14:21:09.573 [http-nio-7071-exec-5] c.yys.szcp.config.jwt.JwtInterceptor - 访问路径:/error
[INFO ] 14:21:09.573 [http-nio-7071-exec-5] c.yys.szcp.config.jwt.JwtInterceptor - ===== 用户未登录, 请先登录:/error
[INFO ] 14:21:12.185 [http-nio-7071-exec-7] c.yys.szcp.config.jwt.JwtInterceptor - 访问路径:/fund/getFundDataListOne
[INFO ] 14:21:12.512 [http-nio-7071-exec-8] c.yys.szcp.config.jwt.JwtInterceptor - 访问路径:/fund/addFundInfoList
[INFO ] 14:21:18.184 [http-nio-7071-exec-1] c.yys.szcp.config.jwt.JwtInterceptor - 访问路径:/fund/getFundDataListOne
[INFO ] 14:21:18.397 [http-nio-7071-exec-9] c.yys.szcp.config.jwt.JwtInterceptor - 访问路径:/fund/addFundInfoList
[INFO ] 14:21:23.185 [http-nio-7071-exec-10] c.yys.szcp.config.jwt.JwtInterceptor - 访问路径:/fund/getFundDataListOne
[INFO ] 14:21:23.545 [http-nio-7071-exec-2] c.yys.szcp.config.jwt.JwtInterceptor - 访问路径:/fund/addFundInfoList
[INFO ] 14:21:29.180 [http-nio-7071-exec-6] c.yys.szcp.config.jwt.JwtInterceptor - 访问路径:/fund/getFundDataListOne
[INFO ] 14:21:29.555 [http-nio-7071-exec-3] c.yys.szcp.config.jwt.JwtInterceptor - 访问路径:/fund/addFundInfoList
[INFO ] 14:21:34.191 [http-nio-7071-exec-5] c.yys.szcp.config.jwt.JwtInterceptor - 访问路径:/fund/getFundDataListOne
[INFO ] 14:21:34.357 [http-nio-7071-exec-7] c.yys.szcp.config.jwt.JwtInterceptor - 访问路径:/fund/addFundInfoList
[INFO ] 14:21:40.186 [http-nio-7071-exec-8] c.yys.szcp.config.jwt.JwtInterceptor - 访问路径:/fund/getFundDataListOne
[INFO ] 14:21:40.588 [http-nio-7071-exec-1] c.yys.szcp.config.jwt.JwtInterceptor - 访问路径:/fund/addFundInfoList
[INFO ] 14:21:46.185 [http-nio-7071-exec-9] c.yys.szcp.config.jwt.JwtInterceptor - 访问路径:/fund/getFundDataListOne
[INFO ] 14:21:46.640 [http-nio-7071-exec-4] c.yys.szcp.config.jwt.JwtInterceptor - 访问路径:/fund/addFundInfoList
[INFO ] 14:21:52.187 [http-nio-7071-exec-10] c.yys.szcp.config.jwt.JwtInterceptor - 访问路径:/fund/getFundDataListOne
[INFO ] 14:21:52.766 [http-nio-7071-exec-2] c.yys.szcp.config.jwt.JwtInterceptor - 访问路径:/fund/addFundInfoList
[INFO ] 14:21:57.199 [http-nio-7071-exec-6] c.yys.szcp.config.jwt.JwtInterceptor - 访问路径:/fund/getFundDataListOne
[INFO ] 14:21:57.343 [http-nio-7071-exec-3] c.yys.szcp.config.jwt.JwtInterceptor - 访问路径:/fund/addFundInfoList
[INFO ] 14:22:03.185 [http-nio-7071-exec-5] c.yys.szcp.config.jwt.JwtInterceptor - 访问路径:/fund/getFundDataListOne
[INFO ] 14:22:03.375 [http-nio-7071-exec-7] c.yys.szcp.config.jwt.JwtInterceptor - 访问路径:/fund/addFundInfoList
[INFO ] 14:22:08.200 [http-nio-7071-exec-8] c.yys.szcp.config.jwt.JwtInterceptor - 访问路径:/fund/getFundDataListOne
[INFO ] 14:22:08.360 [http-nio-7071-exec-1] c.yys.szcp.config.jwt.JwtInterceptor - 访问路径:/fund/addFundInfoList
[INFO ] 14:22:14.174 [http-nio-7071-exec-9] c.yys.szcp.config.jwt.JwtInterceptor - 访问路径:/fund/getFundDataListOne
[INFO ] 14:22:14.549 [http-nio-7071-exec-4] c.yys.szcp.config.jwt.JwtInterceptor - 访问路径:/fund/addFundInfoList
[INFO ] 14:22:19.186 [http-nio-7071-exec-10] c.yys.szcp.config.jwt.JwtInterceptor - 访问路径:/fund/getFundDataListOne
[INFO ] 14:22:19.480 [http-nio-7071-exec-6] c.yys.szcp.config.jwt.JwtInterceptor - 访问路径:/fund/addFundInfoList
[INFO ] 14:22:25.185 [http-nio-7071-exec-3] c.yys.szcp.config.jwt.JwtInterceptor - 访问路径:/fund/getFundDataListOne
[INFO ] 14:22:25.506 [http-nio-7071-exec-5] c.yys.szcp.config.jwt.JwtInterceptor - 访问路径:/fund/addFundInfoList
[INFO ] 14:22:30.186 [http-nio-7071-exec-7] c.yys.szcp.config.jwt.JwtInterceptor - 访问路径:/fund/getFundDataListOne
[INFO ] 14:22:30.527 [http-nio-7071-exec-8] c.yys.szcp.config.jwt.JwtInterceptor - 访问路径:/fund/addFundInfoList
[INFO ] 14:22:36.174 [http-nio-7071-exec-1] c.yys.szcp.config.jwt.JwtInterceptor - 访问路径:/fund/getFundDataListOne
[INFO ] 14:22:36.507 [http-nio-7071-exec-9] c.yys.szcp.config.jwt.JwtInterceptor - 访问路径:/fund/addFundInfoList
[INFO ] 14:22:41.181 [http-nio-7071-exec-4] c.yys.szcp.config.jwt.JwtInterceptor - 访问路径:/fund/getFundDataListOne
[INFO ] 14:22:41.557 [http-nio-7071-exec-10] c.yys.szcp.config.jwt.JwtInterceptor - 访问路径:/fund/addFundInfoList
[INFO ] 14:22:47.175 [http-nio-7071-exec-2] c.yys.szcp.config.jwt.JwtInterceptor - 访问路径:/fund/getFundDataListOne
[INFO ] 14:22:47.678 [http-nio-7071-exec-6] c.yys.szcp.config.jwt.JwtInterceptor - 访问路径:/fund/addFundInfoList
[INFO ] 14:22:52.177 [http-nio-7071-exec-3] c.yys.szcp.config.jwt.JwtInterceptor - 访问路径:/fund/getFundDataListOne
[INFO ] 14:22:52.390 [http-nio-7071-exec-5] c.yys.szcp.config.jwt.JwtInterceptor - 访问路径:/fund/addFundInfoList
[INFO ] 14:22:57.183 [http-nio-7071-exec-7] c.yys.szcp.config.jwt.JwtInterceptor - 访问路径:/fund/getFundDataListOne
[INFO ] 14:22:57.369 [http-nio-7071-exec-8] c.yys.szcp.config.jwt.JwtInterceptor - 访问路径:/fund/addFundInfoList
[INFO ] 14:23:02.195 [http-nio-7071-exec-1] c.yys.szcp.config.jwt.JwtInterceptor - 访问路径:/fund/getFundDataListOne
[INFO ] 14:23:02.398 [http-nio-7071-exec-9] c.yys.szcp.config.jwt.JwtInterceptor - 访问路径:/fund/addFundInfoList
[INFO ] 14:23:08.188 [http-nio-7071-exec-4] c.yys.szcp.config.jwt.JwtInterceptor - 访问路径:/fund/getFundDataListOne
[INFO ] 14:23:09.126 [http-nio-7071-exec-10] c.yys.szcp.config.jwt.JwtInterceptor - 访问路径:/fund/addFundInfoList
[INFO ] 14:23:14.174 [http-nio-7071-exec-2] c.yys.szcp.config.jwt.JwtInterceptor - 访问路径:/fund/getFundDataListOne
[INFO ] 14:23:14.829 [http-nio-7071-exec-6] c.yys.szcp.config.jwt.JwtInterceptor - 访问路径:/fund/addFundInfoList
[INFO ] 14:23:19.188 [http-nio-7071-exec-3] c.yys.szcp.config.jwt.JwtInterceptor - 访问路径:/fund/getFundDataListOne
[INFO ] 14:23:19.786 [http-nio-7071-exec-5] c.yys.szcp.config.jwt.JwtInterceptor - 访问路径:/fund/addFundInfoList
[INFO ] 14:23:25.178 [http-nio-7071-exec-7] c.yys.szcp.config.jwt.JwtInterceptor - 访问路径:/fund/getFundDataListOne
[INFO ] 14:23:26.921 [http-nio-7071-exec-8] c.yys.szcp.config.jwt.JwtInterceptor - 访问路径:/fund/addFundInfoList
[INFO ] 14:23:30.176 [http-nio-7071-exec-1] c.yys.szcp.config.jwt.JwtInterceptor - 访问路径:/fund/getFundDataListOne
[INFO ] 14:23:31.077 [http-nio-7071-exec-9] c.yys.szcp.config.jwt.JwtInterceptor - 访问路径:/fund/addFundInfoList
[INFO ] 14:23:35.184 [http-nio-7071-exec-4] c.yys.szcp.config.jwt.JwtInterceptor - 访问路径:/fund/getFundDataListOne
[INFO ] 14:23:36.116 [http-nio-7071-exec-10] c.yys.szcp.config.jwt.JwtInterceptor - 访问路径:/fund/addFundInfoList
[INFO ] 14:23:40.196 [http-nio-7071-exec-2] c.yys.szcp.config.jwt.JwtInterceptor - 访问路径:/fund/getFundDataListOne
[INFO ] 14:23:40.759 [http-nio-7071-exec-6] c.yys.szcp.config.jwt.JwtInterceptor - 访问路径:/fund/addFundInfoList
[INFO ] 14:23:46.180 [http-nio-7071-exec-3] c.yys.szcp.config.jwt.JwtInterceptor - 访问路径:/fund/getFundDataListOne
[INFO ] 14:23:46.505 [http-nio-7071-exec-5] c.yys.szcp.config.jwt.JwtInterceptor - 访问路径:/fund/addFundInfoList
[INFO ] 14:23:51.180 [http-nio-7071-exec-7] c.yys.szcp.config.jwt.JwtInterceptor - 访问路径:/fund/getFundDataListOne
[INFO ] 14:23:51.509 [http-nio-7071-exec-8] c.yys.szcp.config.jwt.JwtInterceptor - 访问路径:/fund/addFundInfoList
[INFO ] 14:23:57.173 [http-nio-7071-exec-1] c.yys.szcp.config.jwt.JwtInterceptor - 访问路径:/fund/getFundDataListOne
[INFO ] 14:23:57.946 [http-nio-7071-exec-9] c.yys.szcp.config.jwt.JwtInterceptor - 访问路径:/fund/addFundInfoList
[INFO ] 14:24:02.184 [http-nio-7071-exec-4] c.yys.szcp.config.jwt.JwtInterceptor - 访问路径:/fund/getFundDataListOne
[INFO ] 14:24:02.355 [http-nio-7071-exec-10] c.yys.szcp.config.jwt.JwtInterceptor - 访问路径:/fund/addFundInfoList
[INFO ] 14:24:08.188 [http-nio-7071-exec-2] c.yys.szcp.config.jwt.JwtInterceptor - 访问路径:/fund/getFundDataListOne
[INFO ] 14:24:08.381 [http-nio-7071-exec-6] c.yys.szcp.config.jwt.JwtInterceptor - 访问路径:/fund/addFundInfoList
[INFO ] 14:24:14.180 [http-nio-7071-exec-3] c.yys.szcp.config.jwt.JwtInterceptor - 访问路径:/fund/getFundDataListOne
[INFO ] 14:24:15.068 [http-nio-7071-exec-5] c.yys.szcp.config.jwt.JwtInterceptor - 访问路径:/fund/addFundInfoList
[INFO ] 14:24:19.181 [http-nio-7071-exec-7] c.yys.szcp.config.jwt.JwtInterceptor - 访问路径:/fund/getFundDataListOne
[INFO ] 14:24:19.967 [http-nio-7071-exec-8] c.yys.szcp.config.jwt.JwtInterceptor - 访问路径:/fund/addFundInfoList
[INFO ] 14:24:24.196 [http-nio-7071-exec-1] c.yys.szcp.config.jwt.JwtInterceptor - 访问路径:/fund/getFundDataListOne
[INFO ] 14:24:24.816 [http-nio-7071-exec-9] c.yys.szcp.config.jwt.JwtInterceptor - 访问路径:/fund/addFundInfoList
[INFO ] 14:24:30.179 [http-nio-7071-exec-4] c.yys.szcp.config.jwt.JwtInterceptor - 访问路径:/fund/getFundDataListOne
[INFO ] 14:24:30.645 [http-nio-7071-exec-10] c.yys.szcp.config.jwt.JwtInterceptor - 访问路径:/fund/addFundInfoList
[INFO ] 14:24:35.184 [http-nio-7071-exec-2] c.yys.szcp.config.jwt.JwtInterceptor - 访问路径:/fund/getFundDataListOne
[INFO ] 14:24:36.008 [http-nio-7071-exec-6] c.yys.szcp.config.jwt.JwtInterceptor - 访问路径:/fund/addFundInfoList
[INFO ] 14:24:41.181 [http-nio-7071-exec-3] c.yys.szcp.config.jwt.JwtInterceptor - 访问路径:/fund/getFundDataListOne
[INFO ] 14:24:41.957 [http-nio-7071-exec-5] c.yys.szcp.config.jwt.JwtInterceptor - 访问路径:/fund/addFundInfoList
[INFO ] 14:24:46.187 [http-nio-7071-exec-7] c.yys.szcp.config.jwt.JwtInterceptor - 访问路径:/fund/getFundDataListOne
[INFO ] 14:24:46.388 [http-nio-7071-exec-8] c.yys.szcp.config.jwt.JwtInterceptor - 访问路径:/fund/addFundInfoList
[INFO ] 14:24:52.176 [http-nio-7071-exec-1] c.yys.szcp.config.jwt.JwtInterceptor - 访问路径:/fund/getFundDataListOne
[INFO ] 14:24:52.870 [http-nio-7071-exec-9] c.yys.szcp.config.jwt.JwtInterceptor - 访问路径:/fund/addFundInfoList
[INFO ] 14:24:58.185 [http-nio-7071-exec-4] c.yys.szcp.config.jwt.JwtInterceptor - 访问路径:/fund/getFundDataListOne
[INFO ] 14:24:58.584 [http-nio-7071-exec-10] c.yys.szcp.config.jwt.JwtInterceptor - 访问路径:/fund/addFundInfoList
[INFO ] 14:25:04.182 [http-nio-7071-exec-2] c.yys.szcp.config.jwt.JwtInterceptor - 访问路径:/fund/getFundDataListOne
[INFO ] 14:25:04.488 [http-nio-7071-exec-6] c.yys.szcp.config.jwt.JwtInterceptor - 访问路径:/fund/addFundInfoList
[INFO ] 14:25:09.184 [http-nio-7071-exec-3] c.yys.szcp.config.jwt.JwtInterceptor - 访问路径:/fund/getFundDataListOne
[INFO ] 14:25:09.543 [http-nio-7071-exec-5] c.yys.szcp.config.jwt.JwtInterceptor - 访问路径:/fund/addFundInfoList
[INFO ] 14:25:15.182 [http-nio-7071-exec-7] c.yys.szcp.config.jwt.JwtInterceptor - 访问路径:/fund/getFundDataListOne
[INFO ] 14:25:16.152 [http-nio-7071-exec-8] c.yys.szcp.config.jwt.JwtInterceptor - 访问路径:/fund/addFundInfoList
[INFO ] 14:25:21.186 [http-nio-7071-exec-1] c.yys.szcp.config.jwt.JwtInterceptor - 访问路径:/fund/getFundDataListOne
[INFO ] 14:25:21.443 [http-nio-7071-exec-9] c.yys.szcp.config.jwt.JwtInterceptor - 访问路径:/fund/addFundInfoList
[INFO ] 14:25:27.172 [http-nio-7071-exec-4] c.yys.szcp.config.jwt.JwtInterceptor - 访问路径:/fund/getFundDataListOne
[INFO ] 14:25:27.523 [http-nio-7071-exec-10] c.yys.szcp.config.jwt.JwtInterceptor - 访问路径:/fund/addFundInfoList
[INFO ] 14:25:32.181 [http-nio-7071-exec-2] c.yys.szcp.config.jwt.JwtInterceptor - 访问路径:/fund/getFundDataListOne
[INFO ] 14:25:32.355 [http-nio-7071-exec-6] c.yys.szcp.config.jwt.JwtInterceptor - 访问路径:/fund/addFundInfoList
[INFO ] 14:25:37.196 [http-nio-7071-exec-3] c.yys.szcp.config.jwt.JwtInterceptor - 访问路径:/fund/getFundDataListOne
[INFO ] 14:25:37.344 [http-nio-7071-exec-5] c.yys.szcp.config.jwt.JwtInterceptor - 访问路径:/fund/addFundInfoList
[INFO ] 14:25:43.180 [http-nio-7071-exec-7] c.yys.szcp.config.jwt.JwtInterceptor - 访问路径:/fund/getFundDataListOne
[INFO ] 14:25:43.657 [http-nio-7071-exec-8] c.yys.szcp.config.jwt.JwtInterceptor - 访问路径:/fund/addFundInfoList
[INFO ] 14:25:49.187 [http-nio-7071-exec-1] c.yys.szcp.config.jwt.JwtInterceptor - 访问路径:/fund/getFundDataListOne
[INFO ] 14:25:49.468 [http-nio-7071-exec-9] c.yys.szcp.config.jwt.JwtInterceptor - 访问路径:/fund/addFundInfoList
[INFO ] 14:25:55.176 [http-nio-7071-exec-4] c.yys.szcp.config.jwt.JwtInterceptor - 访问路径:/fund/getFundDataListOne
[INFO ] 14:25:55.767 [http-nio-7071-exec-10] c.yys.szcp.config.jwt.JwtInterceptor - 访问路径:/fund/addFundInfoList
[INFO ] 14:26:00.187 [http-nio-7071-exec-2] c.yys.szcp.config.jwt.JwtInterceptor - 访问路径:/fund/getFundDataListOne
[INFO ] 14:26:00.345 [http-nio-7071-exec-6] c.yys.szcp.config.jwt.JwtInterceptor - 访问路径:/fund/addFundInfoList
[INFO ] 14:29:31.237 [http-nio-7071-exec-5] c.yys.szcp.config.jwt.JwtInterceptor - 访问路径:/fund/fund
[INFO ] 14:29:32.096 [http-nio-7071-exec-8] c.yys.szcp.config.jwt.JwtInterceptor - 访问路径:/fund/findFundInfoInvestmentList
[INFO ] 14:29:32.096 [http-nio-7071-exec-7] c.yys.szcp.config.jwt.JwtInterceptor - 访问路径:/fund/findFundInfoListType
[INFO ] 14:29:32.817 [http-nio-7071-exec-1] c.yys.szcp.config.jwt.JwtInterceptor - 访问路径:/error
[INFO ] 14:29:32.817 [http-nio-7071-exec-1] c.yys.szcp.config.jwt.JwtInterceptor - ===== 用户未登录, 请先登录:/error
[INFO ] 14:40:46.419 [http-nio-7071-exec-10] c.yys.szcp.config.jwt.JwtInterceptor - 访问路径:/fund/index
[INFO ] 14:40:54.784 [http-nio-7071-exec-2] c.yys.szcp.config.jwt.JwtInterceptor - 访问路径:/fund/fund
[INFO ] 14:40:55.063 [http-nio-7071-exec-6] c.yys.szcp.config.jwt.JwtInterceptor - 访问路径:/fund/findFundInfoListType
[INFO ] 14:40:55.063 [http-nio-7071-exec-3] c.yys.szcp.config.jwt.JwtInterceptor - 访问路径:/fund/findFundInfoInvestmentList
[INFO ] 14:40:55.461 [http-nio-7071-exec-5] c.yys.szcp.config.jwt.JwtInterceptor - 访问路径:/error
[INFO ] 14:40:55.461 [http-nio-7071-exec-5] c.yys.szcp.config.jwt.JwtInterceptor - ===== 用户未登录, 请先登录:/error
[INFO ] 14:40:58.176 [http-nio-7071-exec-7] c.yys.szcp.config.jwt.JwtInterceptor - 访问路径:/fund/getFundDataListOne
[INFO ] 14:40:59.253 [http-nio-7071-exec-1] c.yys.szcp.config.jwt.JwtInterceptor - 访问路径:/fund/addFundInfoList
[INFO ] 14:41:04.188 [http-nio-7071-exec-8] c.yys.szcp.config.jwt.JwtInterceptor - 访问路径:/fund/getFundDataListOne
[INFO ] 14:41:04.614 [http-nio-7071-exec-9] c.yys.szcp.config.jwt.JwtInterceptor - 访问路径:/fund/addFundInfoList
[INFO ] 14:41:10.186 [http-nio-7071-exec-4] c.yys.szcp.config.jwt.JwtInterceptor - 访问路径:/fund/getFundDataListOne
[INFO ] 14:41:10.910 [http-nio-7071-exec-10] c.yys.szcp.config.jwt.JwtInterceptor - 访问路径:/fund/addFundInfoList
[INFO ] 14:41:16.186 [http-nio-7071-exec-2] c.yys.szcp.config.jwt.JwtInterceptor - 访问路径:/fund/getFundDataListOne
[INFO ] 14:41:16.391 [http-nio-7071-exec-6] c.yys.szcp.config.jwt.JwtInterceptor - 访问路径:/fund/addFundInfoList
[INFO ] 14:41:22.179 [http-nio-7071-exec-5] c.yys.szcp.config.jwt.JwtInterceptor - 访问路径:/fund/getFundDataListOne
[INFO ] 14:41:22.995 [http-nio-7071-exec-7] c.yys.szcp.config.jwt.JwtInterceptor - 访问路径:/fund/addFundInfoList
[INFO ] 14:41:28.174 [http-nio-7071-exec-1] c.yys.szcp.config.jwt.JwtInterceptor - 访问路径:/fund/getFundDataListOne
[INFO ] 14:41:29.006 [http-nio-7071-exec-8] c.yys.szcp.config.jwt.JwtInterceptor - 访问路径:/fund/addFundInfoList
[INFO ] 14:41:33.179 [http-nio-7071-exec-3] c.yys.szcp.config.jwt.JwtInterceptor - 访问路径:/fund/getFundDataListOne
[INFO ] 14:41:33.372 [http-nio-7071-exec-9] c.yys.szcp.config.jwt.JwtInterceptor - 访问路径:/fund/addFundInfoList
[INFO ] 14:41:39.184 [http-nio-7071-exec-4] c.yys.szcp.config.jwt.JwtInterceptor - 访问路径:/fund/getFundDataListOne
[INFO ] 14:41:39.534 [http-nio-7071-exec-10] c.yys.szcp.config.jwt.JwtInterceptor - 访问路径:/fund/addFundInfoList
[INFO ] 14:41:45.186 [http-nio-7071-exec-2] c.yys.szcp.config.jwt.JwtInterceptor - 访问路径:/fund/getFundDataListOne
[INFO ] 14:41:45.587 [http-nio-7071-exec-6] c.yys.szcp.config.jwt.JwtInterceptor - 访问路径:/fund/addFundInfoList
[INFO ] 14:41:51.184 [http-nio-7071-exec-5] c.yys.szcp.config.jwt.JwtInterceptor - 访问路径:/fund/getFundDataListOne
[INFO ] 14:41:51.630 [http-nio-7071-exec-7] c.yys.szcp.config.jwt.JwtInterceptor - 访问路径:/fund/addFundInfoList
[INFO ] 14:41:57.186 [http-nio-7071-exec-1] c.yys.szcp.config.jwt.JwtInterceptor - 访问路径:/fund/getFundDataListOne
[INFO ] 14:41:57.303 [http-nio-7071-exec-8] c.yys.szcp.config.jwt.JwtInterceptor - 访问路径:/fund/addFundInfoList
[INFO ] 14:42:03.187 [http-nio-7071-exec-3] c.yys.szcp.config.jwt.JwtInterceptor - 访问路径:/fund/getFundDataListOne
[INFO ] 14:42:03.341 [http-nio-7071-exec-9] c.yys.szcp.config.jwt.JwtInterceptor - 访问路径:/fund/addFundInfoList
[INFO ] 14:42:08.202 [http-nio-7071-exec-10] c.yys.szcp.config.jwt.JwtInterceptor - 访问路径:/fund/getFundDataListOne
[INFO ] 14:42:08.305 [http-nio-7071-exec-2] c.yys.szcp.config.jwt.JwtInterceptor - 访问路径:/fund/addFundInfoList
[INFO ] 14:42:14.181 [http-nio-7071-exec-6] c.yys.szcp.config.jwt.JwtInterceptor - 访问路径:/fund/getFundDataListOne
[INFO ] 14:42:14.398 [http-nio-7071-exec-5] c.yys.szcp.config.jwt.JwtInterceptor - 访问路径:/fund/addFundInfoList
[INFO ] 14:42:20.180 [http-nio-7071-exec-7] c.yys.szcp.config.jwt.JwtInterceptor - 访问路径:/fund/getFundDataListOne
[INFO ] 14:42:20.484 [http-nio-7071-exec-1] c.yys.szcp.config.jwt.JwtInterceptor - 访问路径:/fund/addFundInfoList
[INFO ] 14:42:25.184 [http-nio-7071-exec-8] c.yys.szcp.config.jwt.JwtInterceptor - 访问路径:/fund/getFundDataListOne
[INFO ] 14:42:25.311 [http-nio-7071-exec-3] c.yys.szcp.config.jwt.JwtInterceptor - 访问路径:/fund/addFundInfoList
[INFO ] 14:42:30.187 [http-nio-7071-exec-9] c.yys.szcp.config.jwt.JwtInterceptor - 访问路径:/fund/getFundDataListOne
[INFO ] 14:42:30.357 [http-nio-7071-exec-4] c.yys.szcp.config.jwt.JwtInterceptor - 访问路径:/fund/addFundInfoList
[INFO ] 14:42:36.180 [http-nio-7071-exec-10] c.yys.szcp.config.jwt.JwtInterceptor - 访问路径:/fund/getFundDataListOne
[INFO ] 14:42:36.409 [http-nio-7071-exec-2] c.yys.szcp.config.jwt.JwtInterceptor - 访问路径:/fund/addFundInfoList
[INFO ] 14:42:41.184 [http-nio-7071-exec-6] c.yys.szcp.config.jwt.JwtInterceptor - 访问路径:/fund/getFundDataListOne
[INFO ] 14:42:41.359 [http-nio-7071-exec-5] c.yys.szcp.config.jwt.JwtInterceptor - 访问路径:/fund/addFundInfoList
[INFO ] 14:42:46.198 [http-nio-7071-exec-7] c.yys.szcp.config.jwt.JwtInterceptor - 访问路径:/fund/getFundDataListOne
[INFO ] 14:42:46.465 [http-nio-7071-exec-1] c.yys.szcp.config.jwt.JwtInterceptor - 访问路径:/fund/addFundInfoList
[INFO ] 14:42:52.181 [http-nio-7071-exec-8] c.yys.szcp.config.jwt.JwtInterceptor - 访问路径:/fund/getFundDataListOne
[INFO ] 14:42:52.488 [http-nio-7071-exec-3] c.yys.szcp.config.jwt.JwtInterceptor - 访问路径:/fund/addFundInfoList
[INFO ] 14:42:57.185 [http-nio-7071-exec-9] c.yys.szcp.config.jwt.JwtInterceptor - 访问路径:/fund/getFundDataListOne
[INFO ] 14:42:57.359 [http-nio-7071-exec-4] c.yys.szcp.config.jwt.JwtInterceptor - 访问路径:/fund/addFundInfoList
[INFO ] 14:43:03.177 [http-nio-7071-exec-10] c.yys.szcp.config.jwt.JwtInterceptor - 访问路径:/fund/getFundDataListOne
[INFO ] 14:43:03.565 [http-nio-7071-exec-2] c.yys.szcp.config.jwt.JwtInterceptor - 访问路径:/fund/addFundInfoList
[INFO ] 14:43:09.184 [http-nio-7071-exec-6] c.yys.szcp.config.jwt.JwtInterceptor - 访问路径:/fund/getFundDataListOne
[INFO ] 14:43:09.456 [http-nio-7071-exec-5] c.yys.szcp.config.jwt.JwtInterceptor - 访问路径:/fund/addFundInfoList
[INFO ] 14:43:14.189 [http-nio-7071-exec-7] c.yys.szcp.config.jwt.JwtInterceptor - 访问路径:/fund/getFundDataListOne
[INFO ] 14:43:14.393 [http-nio-7071-exec-1] c.yys.szcp.config.jwt.JwtInterceptor - 访问路径:/fund/addFundInfoList
[INFO ] 14:43:20.187 [http-nio-7071-exec-8] c.yys.szcp.config.jwt.JwtInterceptor - 访问路径:/fund/getFundDataListOne
[INFO ] 14:43:20.440 [http-nio-7071-exec-3] c.yys.szcp.config.jwt.JwtInterceptor - 访问路径:/fund/addFundInfoList
[INFO ] 14:43:26.179 [http-nio-7071-exec-9] c.yys.szcp.config.jwt.JwtInterceptor - 访问路径:/fund/getFundDataListOne
[INFO ] 14:43:26.543 [http-nio-7071-exec-4] c.yys.szcp.config.jwt.JwtInterceptor - 访问路径:/fund/addFundInfoList
[INFO ] 14:43:31.195 [http-nio-7071-exec-10] c.yys.szcp.config.jwt.JwtInterceptor - 访问路径:/fund/getFundDataListOne
[INFO ] 14:43:31.458 [http-nio-7071-exec-2] c.yys.szcp.config.jwt.JwtInterceptor - 访问路径:/fund/addFundInfoList
[INFO ] 14:43:37.185 [http-nio-7071-exec-6] c.yys.szcp.config.jwt.JwtInterceptor - 访问路径:/fund/getFundDataListOne
[INFO ] 14:43:37.480 [http-nio-7071-exec-5] c.yys.szcp.config.jwt.JwtInterceptor - 访问路径:/fund/addFundInfoList
[INFO ] 14:43:43.187 [http-nio-7071-exec-7] c.yys.szcp.config.jwt.JwtInterceptor - 访问路径:/fund/getFundDataListOne
[INFO ] 14:43:43.620 [http-nio-7071-exec-1] c.yys.szcp.config.jwt.JwtInterceptor - 访问路径:/fund/addFundInfoList
[INFO ] 14:43:49.173 [http-nio-7071-exec-8] c.yys.szcp.config.jwt.JwtInterceptor - 访问路径:/fund/getFundDataListOne
[INFO ] 14:43:49.397 [http-nio-7071-exec-3] c.yys.szcp.config.jwt.JwtInterceptor - 访问路径:/fund/addFundInfoList
[INFO ] 14:43:54.174 [http-nio-7071-exec-9] c.yys.szcp.config.jwt.JwtInterceptor - 访问路径:/fund/getFundDataListOne
[INFO ] 14:43:54.342 [http-nio-7071-exec-4] c.yys.szcp.config.jwt.JwtInterceptor - 访问路径:/fund/addFundInfoList
[INFO ] 14:44:00.180 [http-nio-7071-exec-10] c.yys.szcp.config.jwt.JwtInterceptor - 访问路径:/fund/getFundDataListOne
[INFO ] 14:44:00.443 [http-nio-7071-exec-2] c.yys.szcp.config.jwt.JwtInterceptor - 访问路径:/fund/addFundInfoList
[INFO ] 14:44:06.184 [http-nio-7071-exec-6] c.yys.szcp.config.jwt.JwtInterceptor - 访问路径:/fund/getFundDataListOne
[INFO ] 14:44:06.389 [http-nio-7071-exec-5] c.yys.szcp.config.jwt.JwtInterceptor - 访问路径:/fund/addFundInfoList
[INFO ] 14:44:12.178 [http-nio-7071-exec-7] c.yys.szcp.config.jwt.JwtInterceptor - 访问路径:/fund/getFundDataListOne
[INFO ] 14:44:12.363 [http-nio-7071-exec-1] c.yys.szcp.config.jwt.JwtInterceptor - 访问路径:/fund/addFundInfoList
[INFO ] 14:44:14.122 [http-nio-7071-exec-8] c.yys.szcp.config.jwt.JwtInterceptor - 访问路径:/fund/fund
[INFO ] 14:44:14.422 [http-nio-7071-exec-3] c.yys.szcp.config.jwt.JwtInterceptor - 访问路径:/fund/findFundInfoListType
[INFO ] 14:44:14.422 [http-nio-7071-exec-9] c.yys.szcp.config.jwt.JwtInterceptor - 访问路径:/fund/findFundInfoInvestmentList
[INFO ] 14:44:14.955 [http-nio-7071-exec-4] c.yys.szcp.config.jwt.JwtInterceptor - 访问路径:/error
[INFO ] 14:44:14.955 [http-nio-7071-exec-4] c.yys.szcp.config.jwt.JwtInterceptor - ===== 用户未登录, 请先登录:/error
[INFO ] 14:44:18.187 [http-nio-7071-exec-10] c.yys.szcp.config.jwt.JwtInterceptor - 访问路径:/fund/getFundDataListOne
[INFO ] 14:44:18.515 [http-nio-7071-exec-2] c.yys.szcp.config.jwt.JwtInterceptor - 访问路径:/fund/addFundInfoList
[INFO ] 14:44:23.192 [http-nio-7071-exec-6] c.yys.szcp.config.jwt.JwtInterceptor - 访问路径:/fund/getFundDataListOne
[INFO ] 14:44:23.441 [http-nio-7071-exec-5] c.yys.szcp.config.jwt.JwtInterceptor - 访问路径:/fund/addFundInfoList
[INFO ] 14:44:28.207 [http-nio-7071-exec-7] c.yys.szcp.config.jwt.JwtInterceptor - 访问路径:/fund/getFundDataListOne
[INFO ] 14:44:28.456 [http-nio-7071-exec-1] c.yys.szcp.config.jwt.JwtInterceptor - 访问路径:/fund/addFundInfoList
[INFO ] 14:44:33.211 [http-nio-7071-exec-8] c.yys.szcp.config.jwt.JwtInterceptor - 访问路径:/fund/getFundDataListOne
[INFO ] 14:44:33.364 [http-nio-7071-exec-3] c.yys.szcp.config.jwt.JwtInterceptor - 访问路径:/fund/addFundInfoList
[INFO ] 14:44:38.220 [http-nio-7071-exec-4] c.yys.szcp.config.jwt.JwtInterceptor - 访问路径:/fund/getFundDataListOne
[INFO ] 14:44:38.442 [http-nio-7071-exec-10] c.yys.szcp.config.jwt.JwtInterceptor - 访问路径:/fund/addFundInfoList
[INFO ] 14:44:43.236 [http-nio-7071-exec-2] c.yys.szcp.config.jwt.JwtInterceptor - 访问路径:/fund/getFundDataListOne
[INFO ] 14:44:43.447 [http-nio-7071-exec-9] c.yys.szcp.config.jwt.JwtInterceptor - 访问路径:/fund/addFundInfoList
[INFO ] 14:44:48.238 [http-nio-7071-exec-6] c.yys.szcp.config.jwt.JwtInterceptor - 访问路径:/fund/getFundDataListOne
[INFO ] 14:44:48.357 [http-nio-7071-exec-5] c.yys.szcp.config.jwt.JwtInterceptor - 访问路径:/fund/addFundInfoList
[INFO ] 14:44:53.254 [http-nio-7071-exec-7] c.yys.szcp.config.jwt.JwtInterceptor - 访问路径:/fund/getFundDataListOne
[INFO ] 14:44:53.443 [http-nio-7071-exec-1] c.yys.szcp.config.jwt.JwtInterceptor - 访问路径:/fund/addFundInfoList
[INFO ] 14:44:58.258 [http-nio-7071-exec-8] c.yys.szcp.config.jwt.JwtInterceptor - 访问路径:/fund/getFundDataListOne
[INFO ] 14:44:58.457 [http-nio-7071-exec-3] c.yys.szcp.config.jwt.JwtInterceptor - 访问路径:/fund/addFundInfoList
[INFO ] 14:45:03.273 [http-nio-7071-exec-4] c.yys.szcp.config.jwt.JwtInterceptor - 访问路径:/fund/getFundDataListOne
[INFO ] 14:45:03.388 [http-nio-7071-exec-10] c.yys.szcp.config.jwt.JwtInterceptor - 访问路径:/fund/addFundInfoList
[INFO ] 14:45:08.289 [http-nio-7071-exec-2] c.yys.szcp.config.jwt.JwtInterceptor - 访问路径:/fund/getFundDataListOne
[INFO ] 14:45:08.515 [http-nio-7071-exec-9] c.yys.szcp.config.jwt.JwtInterceptor - 访问路径:/fund/addFundInfoList
[INFO ] 14:45:13.301 [http-nio-7071-exec-6] c.yys.szcp.config.jwt.JwtInterceptor - 访问路径:/fund/getFundDataListOne
[INFO ] 14:45:13.693 [http-nio-7071-exec-5] c.yys.szcp.config.jwt.JwtInterceptor - 访问路径:/fund/addFundInfoList
[INFO ] 14:45:18.317 [http-nio-7071-exec-7] c.yys.szcp.config.jwt.JwtInterceptor - 访问路径:/fund/getFundDataListOne
[INFO ] 14:45:18.455 [http-nio-7071-exec-1] c.yys.szcp.config.jwt.JwtInterceptor - 访问路径:/fund/addFundInfoList
[INFO ] 14:45:23.336 [http-nio-7071-exec-3] c.yys.szcp.config.jwt.JwtInterceptor - 访问路径:/fund/getFundDataListOne
[INFO ] 14:45:23.547 [http-nio-7071-exec-4] c.yys.szcp.config.jwt.JwtInterceptor - 访问路径:/fund/addFundInfoList
[INFO ] 14:45:28.335 [http-nio-7071-exec-10] c.yys.szcp.config.jwt.JwtInterceptor - 访问路径:/fund/getFundDataListOne
[INFO ] 14:45:28.468 [http-nio-7071-exec-2] c.yys.szcp.config.jwt.JwtInterceptor - 访问路径:/fund/addFundInfoList
[INFO ] 14:45:33.348 [http-nio-7071-exec-9] c.yys.szcp.config.jwt.JwtInterceptor - 访问路径:/fund/getFundDataListOne
[INFO ] 14:45:33.519 [http-nio-7071-exec-6] c.yys.szcp.config.jwt.JwtInterceptor - 访问路径:/fund/addFundInfoList
[INFO ] 14:45:38.353 [http-nio-7071-exec-5] c.yys.szcp.config.jwt.JwtInterceptor - 访问路径:/fund/getFundDataListOne
[INFO ] 14:45:38.681 [http-nio-7071-exec-7] c.yys.szcp.config.jwt.JwtInterceptor - 访问路径:/fund/addFundInfoList
[INFO ] 14:45:43.359 [http-nio-7071-exec-1] c.yys.szcp.config.jwt.JwtInterceptor - 访问路径:/fund/getFundDataListOne
[INFO ] 14:45:43.484 [http-nio-7071-exec-8] c.yys.szcp.config.jwt.JwtInterceptor - 访问路径:/fund/addFundInfoList
[INFO ] 14:45:48.369 [http-nio-7071-exec-3] c.yys.szcp.config.jwt.JwtInterceptor - 访问路径:/fund/getFundDataListOne
[INFO ] 14:45:48.531 [http-nio-7071-exec-4] c.yys.szcp.config.jwt.JwtInterceptor - 访问路径:/fund/addFundInfoList
[INFO ] 14:45:53.385 [http-nio-7071-exec-10] c.yys.szcp.config.jwt.JwtInterceptor - 访问路径:/fund/getFundDataListOne
[INFO ] 14:45:53.495 [http-nio-7071-exec-2] c.yys.szcp.config.jwt.JwtInterceptor - 访问路径:/fund/addFundInfoList
[INFO ] 14:50:58.699 [http-nio-7071-exec-6] c.yys.szcp.config.jwt.JwtInterceptor - 访问路径:/fund/fund
[INFO ] 14:50:59.529 [http-nio-7071-exec-5] c.yys.szcp.config.jwt.JwtInterceptor - 访问路径:/fund/findFundInfoListType
[INFO ] 14:50:59.529 [http-nio-7071-exec-7] c.yys.szcp.config.jwt.JwtInterceptor - 访问路径:/fund/findFundInfoInvestmentList
[INFO ] 14:51:00.258 [http-nio-7071-exec-1] c.yys.szcp.config.jwt.JwtInterceptor - 访问路径:/error
[INFO ] 14:51:00.258 [http-nio-7071-exec-1] c.yys.szcp.config.jwt.JwtInterceptor - ===== 用户未登录, 请先登录:/error
[INFO ] 14:52:42.364 [http-nio-7071-exec-4] c.yys.szcp.config.jwt.JwtInterceptor - 访问路径:/fund/index
[INFO ] 14:52:48.706 [http-nio-7071-exec-10] c.yys.szcp.config.jwt.JwtInterceptor - 访问路径:/fund/getFundDataListOne
[INFO ] 14:52:49.629 [http-nio-7071-exec-2] c.yys.szcp.config.jwt.JwtInterceptor - 访问路径:/fund/addFundInfoList
[INFO ] 14:52:53.716 [http-nio-7071-exec-9] c.yys.szcp.config.jwt.JwtInterceptor - 访问路径:/fund/getFundDataListOne
[INFO ] 14:52:54.219 [http-nio-7071-exec-6] c.yys.szcp.config.jwt.JwtInterceptor - 访问路径:/fund/addFundInfoList
[INFO ] 14:52:58.728 [http-nio-7071-exec-5] c.yys.szcp.config.jwt.JwtInterceptor - 访问路径:/fund/getFundDataListOne
[INFO ] 14:52:59.038 [http-nio-7071-exec-1] c.yys.szcp.config.jwt.JwtInterceptor - 访问路径:/fund/addFundInfoList
[INFO ] 14:53:02.554 [http-nio-7071-exec-7] c.yys.szcp.config.jwt.JwtInterceptor - 访问路径:/fund/index
[INFO ] 14:53:04.173 [http-nio-7071-exec-8] c.yys.szcp.config.jwt.JwtInterceptor - 访问路径:/fund/getFundDataListOne
[INFO ] 14:53:04.428 [http-nio-7071-exec-3] c.yys.szcp.config.jwt.JwtInterceptor - 访问路径:/fund/addFundInfoList
[INFO ] 14:53:09.181 [http-nio-7071-exec-4] c.yys.szcp.config.jwt.JwtInterceptor - 访问路径:/fund/getFundDataListOne
[INFO ] 14:53:09.519 [http-nio-7071-exec-10] c.yys.szcp.config.jwt.JwtInterceptor - 访问路径:/fund/addFundInfoList
[INFO ] 14:53:13.868 [http-nio-7071-exec-2] c.yys.szcp.config.jwt.JwtInterceptor - 访问路径:/fund/getFundDataListOne
[INFO ] 14:53:14.070 [http-nio-7071-exec-9] c.yys.szcp.config.jwt.JwtInterceptor - 访问路径:/fund/addFundInfoList
[INFO ] 14:53:14.187 [http-nio-7071-exec-6] c.yys.szcp.config.jwt.JwtInterceptor - 访问路径:/fund/getFundDataListOne
[INFO ] 14:53:15.082 [http-nio-7071-exec-5] c.yys.szcp.config.jwt.JwtInterceptor - 访问路径:/fund/addFundInfoList
[INFO ] 14:53:16.476 [http-nio-7071-exec-1] c.yys.szcp.config.jwt.JwtInterceptor - 访问路径:/fund/fund
[INFO ] 14:53:16.797 [http-nio-7071-exec-8] c.yys.szcp.config.jwt.JwtInterceptor - 访问路径:/fund/findFundInfoInvestmentList
[INFO ] 14:53:16.797 [http-nio-7071-exec-7] c.yys.szcp.config.jwt.JwtInterceptor - 访问路径:/fund/findFundInfoListType
[INFO ] 14:53:17.318 [http-nio-7071-exec-3] c.yys.szcp.config.jwt.JwtInterceptor - 访问路径:/error
[INFO ] 14:53:17.318 [http-nio-7071-exec-3] c.yys.szcp.config.jwt.JwtInterceptor - ===== 用户未登录, 请先登录:/error
[INFO ] 14:53:19.201 [http-nio-7071-exec-4] c.yys.szcp.config.jwt.JwtInterceptor - 访问路径:/fund/getFundDataListOne
[INFO ] 14:53:19.462 [http-nio-7071-exec-10] c.yys.szcp.config.jwt.JwtInterceptor - 访问路径:/fund/addFundInfoList
[INFO ] 14:53:25.180 [http-nio-7071-exec-2] c.yys.szcp.config.jwt.JwtInterceptor - 访问路径:/fund/getFundDataListOne
[INFO ] 14:53:25.692 [http-nio-7071-exec-6] c.yys.szcp.config.jwt.JwtInterceptor - 访问路径:/fund/addFundInfoList
[INFO ] 14:53:31.181 [http-nio-7071-exec-9] c.yys.szcp.config.jwt.JwtInterceptor - 访问路径:/fund/getFundDataListOne
[INFO ] 14:53:31.995 [http-nio-7071-exec-5] c.yys.szcp.config.jwt.JwtInterceptor - 访问路径:/fund/addFundInfoList
[INFO ] 14:53:37.182 [http-nio-7071-exec-1] c.yys.szcp.config.jwt.JwtInterceptor - 访问路径:/fund/getFundDataListOne
[INFO ] 14:53:37.697 [http-nio-7071-exec-7] c.yys.szcp.config.jwt.JwtInterceptor - 访问路径:/fund/addFundInfoList
[INFO ] 14:53:43.176 [http-nio-7071-exec-3] c.yys.szcp.config.jwt.JwtInterceptor - 访问路径:/fund/getFundDataListOne
[INFO ] 14:53:43.440 [http-nio-7071-exec-4] c.yys.szcp.config.jwt.JwtInterceptor - 访问路径:/fund/addFundInfoList
[INFO ] 14:53:48.179 [http-nio-7071-exec-10] c.yys.szcp.config.jwt.JwtInterceptor - 访问路径:/fund/getFundDataListOne
[INFO ] 14:53:48.395 [http-nio-7071-exec-2] c.yys.szcp.config.jwt.JwtInterceptor - 访问路径:/fund/addFundInfoList
[INFO ] 14:53:54.185 [http-nio-7071-exec-6] c.yys.szcp.config.jwt.JwtInterceptor - 访问路径:/fund/getFundDataListOne
[INFO ] 14:53:54.439 [http-nio-7071-exec-8] c.yys.szcp.config.jwt.JwtInterceptor - 访问路径:/fund/addFundInfoList
[INFO ] 14:53:59.200 [http-nio-7071-exec-9] c.yys.szcp.config.jwt.JwtInterceptor - 访问路径:/fund/getFundDataListOne
[INFO ] 14:53:59.397 [http-nio-7071-exec-5] c.yys.szcp.config.jwt.JwtInterceptor - 访问路径:/fund/addFundInfoList
[INFO ] 14:54:05.185 [http-nio-7071-exec-1] c.yys.szcp.config.jwt.JwtInterceptor - 访问路径:/fund/getFundDataListOne
[INFO ] 14:54:05.701 [http-nio-7071-exec-7] c.yys.szcp.config.jwt.JwtInterceptor - 访问路径:/fund/addFundInfoList
[INFO ] 14:54:10.184 [http-nio-7071-exec-3] c.yys.szcp.config.jwt.JwtInterceptor - 访问路径:/fund/getFundDataListOne
[INFO ] 14:54:10.399 [http-nio-7071-exec-4] c.yys.szcp.config.jwt.JwtInterceptor - 访问路径:/fund/addFundInfoList
[INFO ] 14:54:16.188 [http-nio-7071-exec-10] c.yys.szcp.config.jwt.JwtInterceptor - 访问路径:/fund/getFundDataListOne
[INFO ] 14:54:16.535 [http-nio-7071-exec-2] c.yys.szcp.config.jwt.JwtInterceptor - 访问路径:/fund/addFundInfoList
[INFO ] 14:54:22.178 [http-nio-7071-exec-6] c.yys.szcp.config.jwt.JwtInterceptor - 访问路径:/fund/getFundDataListOne
[INFO ] 14:54:22.468 [http-nio-7071-exec-8] c.yys.szcp.config.jwt.JwtInterceptor - 访问路径:/fund/addFundInfoList
[INFO ] 14:54:27.195 [http-nio-7071-exec-5] c.yys.szcp.config.jwt.JwtInterceptor - 访问路径:/fund/getFundDataListOne
[INFO ] 14:54:27.422 [http-nio-7071-exec-1] c.yys.szcp.config.jwt.JwtInterceptor - 访问路径:/fund/addFundInfoList
[INFO ] 14:54:33.178 [http-nio-7071-exec-7] c.yys.szcp.config.jwt.JwtInterceptor - 访问路径:/fund/getFundDataListOne
[INFO ] 14:54:33.834 [http-nio-7071-exec-3] c.yys.szcp.config.jwt.JwtInterceptor - 访问路径:/fund/addFundInfoList
[INFO ] 14:54:38.183 [http-nio-7071-exec-4] c.yys.szcp.config.jwt.JwtInterceptor - 访问路径:/fund/getFundDataListOne
[INFO ] 14:54:38.349 [http-nio-7071-exec-10] c.yys.szcp.config.jwt.JwtInterceptor - 访问路径:/fund/addFundInfoList
[INFO ] 14:54:44.173 [http-nio-7071-exec-2] c.yys.szcp.config.jwt.JwtInterceptor - 访问路径:/fund/getFundDataListOne
[INFO ] 14:54:44.368 [http-nio-7071-exec-6] c.yys.szcp.config.jwt.JwtInterceptor - 访问路径:/fund/addFundInfoList
[INFO ] 14:54:49.180 [http-nio-7071-exec-8] c.yys.szcp.config.jwt.JwtInterceptor - 访问路径:/fund/getFundDataListOne
[INFO ] 14:54:49.503 [http-nio-7071-exec-9] c.yys.szcp.config.jwt.JwtInterceptor - 访问路径:/fund/addFundInfoList
[INFO ] 14:54:54.180 [http-nio-7071-exec-5] c.yys.szcp.config.jwt.JwtInterceptor - 访问路径:/fund/getFundDataListOne
[INFO ] 14:54:54.407 [http-nio-7071-exec-1] c.yys.szcp.config.jwt.JwtInterceptor - 访问路径:/fund/addFundInfoList
[INFO ] 14:54:59.195 [http-nio-7071-exec-7] c.yys.szcp.config.jwt.JwtInterceptor - 访问路径:/fund/getFundDataListOne
[INFO ] 14:54:59.801 [http-nio-7071-exec-3] c.yys.szcp.config.jwt.JwtInterceptor - 访问路径:/fund/addFundInfoList
[INFO ] 14:55:05.186 [http-nio-7071-exec-4] c.yys.szcp.config.jwt.JwtInterceptor - 访问路径:/fund/getFundDataListOne
[INFO ] 14:55:05.587 [http-nio-7071-exec-10] c.yys.szcp.config.jwt.JwtInterceptor - 访问路径:/fund/addFundInfoList
[INFO ] 14:55:10.199 [http-nio-7071-exec-2] c.yys.szcp.config.jwt.JwtInterceptor - 访问路径:/fund/getFundDataListOne
[INFO ] 14:55:10.525 [http-nio-7071-exec-6] c.yys.szcp.config.jwt.JwtInterceptor - 访问路径:/fund/addFundInfoList
[INFO ] 14:55:16.184 [http-nio-7071-exec-8] c.yys.szcp.config.jwt.JwtInterceptor - 访问路径:/fund/getFundDataListOne
[INFO ] 14:55:16.736 [http-nio-7071-exec-9] c.yys.szcp.config.jwt.JwtInterceptor - 访问路径:/fund/addFundInfoList
[INFO ] 14:55:22.173 [http-nio-7071-exec-5] c.yys.szcp.config.jwt.JwtInterceptor - 访问路径:/fund/getFundDataListOne
[INFO ] 14:55:22.655 [http-nio-7071-exec-1] c.yys.szcp.config.jwt.JwtInterceptor - 访问路径:/fund/addFundInfoList
[INFO ] 14:55:27.177 [http-nio-7071-exec-7] c.yys.szcp.config.jwt.JwtInterceptor - 访问路径:/fund/getFundDataListOne
[INFO ] 14:55:27.384 [http-nio-7071-exec-3] c.yys.szcp.config.jwt.JwtInterceptor - 访问路径:/fund/addFundInfoList
[INFO ] 14:55:32.189 [http-nio-7071-exec-4] c.yys.szcp.config.jwt.JwtInterceptor - 访问路径:/fund/getFundDataListOne
[INFO ] 14:55:32.326 [http-nio-7071-exec-10] c.yys.szcp.config.jwt.JwtInterceptor - 访问路径:/fund/addFundInfoList
[INFO ] 14:55:38.185 [http-nio-7071-exec-2] c.yys.szcp.config.jwt.JwtInterceptor - 访问路径:/fund/getFundDataListOne
[INFO ] 14:55:38.388 [http-nio-7071-exec-6] c.yys.szcp.config.jwt.JwtInterceptor - 访问路径:/fund/addFundInfoList
[INFO ] 14:55:44.185 [http-nio-7071-exec-8] c.yys.szcp.config.jwt.JwtInterceptor - 访问路径:/fund/getFundDataListOne
[INFO ] 14:55:44.387 [http-nio-7071-exec-9] c.yys.szcp.config.jwt.JwtInterceptor - 访问路径:/fund/addFundInfoList
[INFO ] 14:55:50.177 [http-nio-7071-exec-5] c.yys.szcp.config.jwt.JwtInterceptor - 访问路径:/fund/getFundDataListOne
[INFO ] 14:55:50.428 [http-nio-7071-exec-1] c.yys.szcp.config.jwt.JwtInterceptor - 访问路径:/fund/addFundInfoList
[INFO ] 14:55:55.188 [http-nio-7071-exec-7] c.yys.szcp.config.jwt.JwtInterceptor - 访问路径:/fund/getFundDataListOne
[INFO ] 14:55:55.302 [http-nio-7071-exec-3] c.yys.szcp.config.jwt.JwtInterceptor - 访问路径:/fund/addFundInfoList
[INFO ] 14:56:01.173 [http-nio-7071-exec-4] c.yys.szcp.config.jwt.JwtInterceptor - 访问路径:/fund/getFundDataListOne
[INFO ] 14:56:01.610 [http-nio-7071-exec-10] c.yys.szcp.config.jwt.JwtInterceptor - 访问路径:/fund/addFundInfoList
[INFO ] 14:56:06.186 [http-nio-7071-exec-2] c.yys.szcp.config.jwt.JwtInterceptor - 访问路径:/fund/getFundDataListOne
[INFO ] 14:56:06.426 [http-nio-7071-exec-6] c.yys.szcp.config.jwt.JwtInterceptor - 访问路径:/fund/addFundInfoList
[INFO ] 14:56:12.172 [http-nio-7071-exec-8] c.yys.szcp.config.jwt.JwtInterceptor - 访问路径:/fund/getFundDataListOne
[INFO ] 14:56:12.478 [http-nio-7071-exec-9] c.yys.szcp.config.jwt.JwtInterceptor - 访问路径:/fund/addFundInfoList
[INFO ] 14:56:17.174 [http-nio-7071-exec-5] c.yys.szcp.config.jwt.JwtInterceptor - 访问路径:/fund/getFundDataListOne
[INFO ] 14:56:17.309 [http-nio-7071-exec-1] c.yys.szcp.config.jwt.JwtInterceptor - 访问路径:/fund/addFundInfoList
[INFO ] 14:56:22.180 [http-nio-7071-exec-7] c.yys.szcp.config.jwt.JwtInterceptor - 访问路径:/fund/getFundDataListOne
[INFO ] 14:56:22.378 [http-nio-7071-exec-3] c.yys.szcp.config.jwt.JwtInterceptor - 访问路径:/fund/addFundInfoList
[INFO ] 14:56:25.323 [http-nio-7071-exec-4] c.yys.szcp.config.jwt.JwtInterceptor - 访问路径:/fund/fund
[INFO ] 14:56:25.607 [http-nio-7071-exec-10] c.yys.szcp.config.jwt.JwtInterceptor - 访问路径:/fund/findFundInfoListType
[INFO ] 14:56:25.607 [http-nio-7071-exec-2] c.yys.szcp.config.jwt.JwtInterceptor - 访问路径:/fund/findFundInfoInvestmentList
[INFO ] 14:56:26.286 [http-nio-7071-exec-6] c.yys.szcp.config.jwt.JwtInterceptor - 访问路径:/error
[INFO ] 14:56:26.286 [http-nio-7071-exec-6] c.yys.szcp.config.jwt.JwtInterceptor - ===== 用户未登录, 请先登录:/error
[INFO ] 14:56:27.185 [http-nio-7071-exec-8] c.yys.szcp.config.jwt.JwtInterceptor - 访问路径:/fund/getFundDataListOne
[INFO ] 14:56:27.371 [http-nio-7071-exec-9] c.yys.szcp.config.jwt.JwtInterceptor - 访问路径:/fund/addFundInfoList
[INFO ] 14:56:33.174 [http-nio-7071-exec-5] c.yys.szcp.config.jwt.JwtInterceptor - 访问路径:/fund/getFundDataListOne
[INFO ] 14:56:33.407 [http-nio-7071-exec-1] c.yys.szcp.config.jwt.JwtInterceptor - 访问路径:/fund/addFundInfoList
[INFO ] 14:56:38.184 [http-nio-7071-exec-7] c.yys.szcp.config.jwt.JwtInterceptor - 访问路径:/fund/getFundDataListOne
[INFO ] 14:56:38.449 [http-nio-7071-exec-3] c.yys.szcp.config.jwt.JwtInterceptor - 访问路径:/fund/addFundInfoList
[INFO ] 14:56:44.186 [http-nio-7071-exec-4] c.yys.szcp.config.jwt.JwtInterceptor - 访问路径:/fund/getFundDataListOne
[INFO ] 14:56:44.369 [http-nio-7071-exec-10] c.yys.szcp.config.jwt.JwtInterceptor - 访问路径:/fund/addFundInfoList
[INFO ] 14:56:50.173 [http-nio-7071-exec-6] c.yys.szcp.config.jwt.JwtInterceptor - 访问路径:/fund/getFundDataListOne
[INFO ] 14:56:50.312 [http-nio-7071-exec-8] c.yys.szcp.config.jwt.JwtInterceptor - 访问路径:/fund/addFundInfoList
[INFO ] 14:56:55.182 [http-nio-7071-exec-9] c.yys.szcp.config.jwt.JwtInterceptor - 访问路径:/fund/getFundDataListOne
[INFO ] 14:56:55.423 [http-nio-7071-exec-2] c.yys.szcp.config.jwt.JwtInterceptor - 访问路径:/fund/addFundInfoList
[INFO ] 14:57:00.198 [http-nio-7071-exec-5] c.yys.szcp.config.jwt.JwtInterceptor - 访问路径:/fund/getFundDataListOne
[INFO ] 14:57:00.404 [http-nio-7071-exec-1] c.yys.szcp.config.jwt.JwtInterceptor - 访问路径:/fund/addFundInfoList
[INFO ] 14:57:06.177 [http-nio-7071-exec-7] c.yys.szcp.config.jwt.JwtInterceptor - 访问路径:/fund/getFundDataListOne
[INFO ] 14:57:06.332 [http-nio-7071-exec-3] c.yys.szcp.config.jwt.JwtInterceptor - 访问路径:/fund/addFundInfoList
[INFO ] 14:57:11.192 [http-nio-7071-exec-4] c.yys.szcp.config.jwt.JwtInterceptor - 访问路径:/fund/getFundDataListOne
[INFO ] 14:57:11.350 [http-nio-7071-exec-10] c.yys.szcp.config.jwt.JwtInterceptor - 访问路径:/fund/addFundInfoList
[INFO ] 14:57:17.175 [http-nio-7071-exec-6] c.yys.szcp.config.jwt.JwtInterceptor - 访问路径:/fund/getFundDataListOne
[INFO ] 14:57:17.309 [http-nio-7071-exec-8] c.yys.szcp.config.jwt.JwtInterceptor - 访问路径:/fund/addFundInfoList
[INFO ] 14:57:22.182 [http-nio-7071-exec-9] c.yys.szcp.config.jwt.JwtInterceptor - 访问路径:/fund/getFundDataListOne
[INFO ] 14:57:22.354 [http-nio-7071-exec-2] c.yys.szcp.config.jwt.JwtInterceptor - 访问路径:/fund/addFundInfoList
[INFO ] 14:57:27.183 [http-nio-7071-exec-5] c.yys.szcp.config.jwt.JwtInterceptor - 访问路径:/fund/getFundDataListOne
[INFO ] 14:57:27.620 [http-nio-7071-exec-1] c.yys.szcp.config.jwt.JwtInterceptor - 访问路径:/fund/addFundInfoList
[INFO ] 14:57:33.186 [http-nio-7071-exec-3] c.yys.szcp.config.jwt.JwtInterceptor - 访问路径:/fund/getFundDataListOne
[INFO ] 14:57:33.349 [http-nio-7071-exec-4] c.yys.szcp.config.jwt.JwtInterceptor - 访问路径:/fund/addFundInfoList
[INFO ] 14:57:38.200 [http-nio-7071-exec-10] c.yys.szcp.config.jwt.JwtInterceptor - 访问路径:/fund/getFundDataListOne
[INFO ] 14:57:38.475 [http-nio-7071-exec-6] c.yys.szcp.config.jwt.JwtInterceptor - 访问路径:/fund/addFundInfoList
[INFO ] 14:57:44.176 [http-nio-7071-exec-8] c.yys.szcp.config.jwt.JwtInterceptor - 访问路径:/fund/getFundDataListOne
[INFO ] 14:57:44.443 [http-nio-7071-exec-9] c.yys.szcp.config.jwt.JwtInterceptor - 访问路径:/fund/addFundInfoList
[INFO ] 15:08:43.929 [http-nio-7071-exec-5] c.yys.szcp.config.jwt.JwtInterceptor - 访问路径:/fund/fund
[INFO ] 15:08:44.696 [http-nio-7071-exec-7] c.yys.szcp.config.jwt.JwtInterceptor - 访问路径:/fund/findFundInfoInvestmentList
[INFO ] 15:08:44.696 [http-nio-7071-exec-1] c.yys.szcp.config.jwt.JwtInterceptor - 访问路径:/fund/findFundInfoListType
[INFO ] 15:08:45.507 [http-nio-7071-exec-3] c.yys.szcp.config.jwt.JwtInterceptor - 访问路径:/error
[INFO ] 15:08:45.507 [http-nio-7071-exec-3] c.yys.szcp.config.jwt.JwtInterceptor - ===== 用户未登录, 请先登录:/error
[INFO ] 15:10:59.348 [SpringContextShutdownHook] o.s.s.c.ThreadPoolTaskScheduler - Shutting down ExecutorService 'taskScheduler'
[INFO ] 15:10:59.349 [SpringContextShutdownHook] o.s.s.c.ThreadPoolTaskExecutor - Shutting down ExecutorService 'applicationTaskExecutor'
[INFO ] 15:10:59.373 [SpringContextShutdownHook] c.alibaba.druid.pool.DruidDataSource - {dataSource-1} closed
[INFO ] 15:11:09.742 [main] o.s.b.t.c.SpringBootTestContextBootstrapper - Neither @ContextConfiguration nor @ContextHierarchy found for test class [com.yys.szcp.SzcpApplicationTests], using SpringBootContextLoader
[INFO ] 15:11:09.746 [main] o.s.t.c.s.AbstractContextLoader - Could not detect default resource locations for test class [com.yys.szcp.SzcpApplicationTests]: no resource found for suffixes {-context.xml, Context.groovy}.
[INFO ] 15:11:09.747 [main] o.s.t.c.s.AnnotationConfigContextLoaderUtils - Could not detect default configuration classes for test class [com.yys.szcp.SzcpApplicationTests]: SzcpApplicationTests does not declare any static, non-private, non-final, nested classes annotated with @Configuration.
[INFO ] 15:11:09.837 [main] o.s.b.t.c.SpringBootTestContextBootstrapper - Found @SpringBootConfiguration com.yys.szcp.SzcpApplication for test class com.yys.szcp.SzcpApplicationTests
[INFO ] 15:11:09.916 [main] o.s.b.t.c.SpringBootTestContextBootstrapper - Loaded default TestExecutionListener class names from location [META-INF/spring.factories]: [org.springframework.boot.test.mock.mockito.MockitoTestExecutionListener, org.springframework.boot.test.mock.mockito.ResetMocksTestExecutionListener, org.springframework.boot.test.autoconfigure.restdocs.RestDocsTestExecutionListener, org.springframework.boot.test.autoconfigure.web.client.MockRestServiceServerResetTestExecutionListener, org.springframework.boot.test.autoconfigure.web.servlet.MockMvcPrintOnlyOnFailureTestExecutionListener, org.springframework.boot.test.autoconfigure.web.servlet.WebDriverTestExecutionListener, org.springframework.test.context.web.ServletTestExecutionListener, org.springframework.test.context.support.DirtiesContextBeforeModesTestExecutionListener, org.springframework.test.context.support.DependencyInjectionTestExecutionListener, org.springframework.test.context.support.DirtiesContextTestExecutionListener, org.springframework.test.context.transaction.TransactionalTestExecutionListener, org.springframework.test.context.jdbc.SqlScriptsTestExecutionListener, org.springframework.test.context.event.EventPublishingTestExecutionListener]
[INFO ] 15:11:09.929 [main] o.s.b.t.c.SpringBootTestContextBootstrapper - Using TestExecutionListeners: [org.springframework.test.context.web.ServletTestExecutionListener@420a85c4, org.springframework.test.context.support.DirtiesContextBeforeModesTestExecutionListener@1c39680d, org.springframework.boot.test.mock.mockito.MockitoTestExecutionListener@62833051, org.springframework.boot.test.autoconfigure.SpringBootDependencyInjectionTestExecutionListener@1c852c0f, org.springframework.test.context.support.DirtiesContextTestExecutionListener@a37aefe, org.springframework.test.context.transaction.TransactionalTestExecutionListener@5d99c6b5, org.springframework.test.context.jdbc.SqlScriptsTestExecutionListener@266374ef, org.springframework.test.context.event.EventPublishingTestExecutionListener@13b3d178, org.springframework.boot.test.mock.mockito.ResetMocksTestExecutionListener@24c4ddae, org.springframework.boot.test.autoconfigure.restdocs.RestDocsTestExecutionListener@37fb0bed, org.springframework.boot.test.autoconfigure.web.client.MockRestServiceServerResetTestExecutionListener@a82c5f1, org.springframework.boot.test.autoconfigure.web.servlet.MockMvcPrintOnlyOnFailureTestExecutionListener@7b7fdc8, org.springframework.boot.test.autoconfigure.web.servlet.WebDriverTestExecutionListener@51c693d]
[INFO ] 15:11:10.207 [main] com.yys.szcp.SzcpApplicationTests - Starting SzcpApplicationTests on LAPTOP-T7DEB7H8 with PID 36552 (started by yangys in E:\MyGithubProject\blog996\szcp)
[INFO ] 15:11:10.208 [main] com.yys.szcp.SzcpApplicationTests - The following profiles are active: dev
[INFO ] 15:11:11.009 [main] o.s.d.r.c.RepositoryConfigurationDelegate - Multiple Spring Data modules found, entering strict repository configuration mode!
[INFO ] 15:11:11.011 [main] o.s.d.r.c.RepositoryConfigurationDelegate - Bootstrapping Spring Data Redis repositories in DEFAULT mode.
[INFO ] 15:11:11.036 [main] o.s.d.r.c.RepositoryConfigurationDelegate - Finished Spring Data repository scanning in 12ms. Found 0 Redis repository interfaces.
[INFO ] 15:11:11.456 [main] o.s.c.s.PostProcessorRegistrationDelegate$BeanPostProcessorChecker - Bean 'org.springframework.transaction.annotation.ProxyTransactionManagementConfiguration' of type [org.springframework.transaction.annotation.ProxyTransactionManagementConfiguration] is not eligible for getting processed by all BeanPostProcessors (for example: not eligible for auto-proxying)
[INFO ] 15:11:12.881 [main] c.alibaba.druid.pool.DruidDataSource - {dataSource-1} inited
[INFO ] 15:11:13.797 [main] s.d.s.w.PropertySourcedRequestMappingHandlerMapping - Mapped URL path [/v2/api-docs] onto method [springfox.documentation.swagger2.web.Swagger2Controller#getDocumentation(String, HttpServletRequest)]
[INFO ] 15:11:14.472 [main] o.s.s.c.ThreadPoolTaskExecutor - Initializing ExecutorService 'applicationTaskExecutor'
[INFO ] 15:11:14.969 [main] o.s.s.c.ThreadPoolTaskScheduler - Initializing ExecutorService 'taskScheduler'
[INFO ] 15:11:15.039 [main] s.d.s.w.p.DocumentationPluginsBootstrapper - Context refreshed
[INFO ] 15:11:15.062 [main] s.d.s.w.p.DocumentationPluginsBootstrapper - Found 1 custom documentation plugin(s)
[INFO ] 15:11:15.103 [main] s.d.s.w.s.ApiListingReferenceScanner - Scanning for api listing references
[INFO ] 15:11:15.726 [main] com.yys.szcp.SzcpApplicationTests - Started SzcpApplicationTests in 5.762 seconds (JVM running for 6.654)
[INFO ] 15:11:15.926 [SpringContextShutdownHook] o.s.s.c.ThreadPoolTaskScheduler - Shutting down ExecutorService 'taskScheduler'
[INFO ] 15:11:15.928 [SpringContextShutdownHook] o.s.s.c.ThreadPoolTaskExecutor - Shutting down ExecutorService 'applicationTaskExecutor'
[INFO ] 15:11:15.962 [SpringContextShutdownHook] c.alibaba.druid.pool.DruidDataSource - {dataSource-1} closed
