[ERROR] 00:01:58.581 [http-nio-7071-exec-6] c.y.s.controller.ArticleController - 查询基金信息错误: For input string: "null"
[ERROR] 00:02:29.424 [http-nio-7071-exec-1] c.y.s.controller.ArticleController - 查询基金信息错误: For input string: "null"
[ERROR] 00:03:26.374 [http-nio-7071-exec-3] c.y.s.controller.ArticleController - 查询基金信息错误: For input string: "null"
[ERROR] 00:04:42.859 [http-nio-7071-exec-4] c.y.s.controller.ArticleController - 查询基金信息错误: For input string: "null"
[ERROR] 00:05:25.345 [http-nio-7071-exec-3] c.y.s.controller.ArticleController - 查询基金信息错误: For input string: "null"
[ERROR] 00:08:55.819 [http-nio-7071-exec-2] c.y.s.controller.ArticleController - 查询基金信息错误: For input string: "null"
[ERROR] 11:53:25.643 [http-nio-7071-exec-1] c.y.s.controller.ArticleController - 查询基金信息错误: For input string: "null"
[ERROR] 11:53:43.819 [http-nio-7071-exec-7] c.y.s.controller.ArticleController - 查询基金信息错误: For input string: "null"
[ERROR] 11:55:40.836 [http-nio-7071-exec-9] c.y.s.controller.ArticleController - 查询基金信息错误: For input string: "null"
[ERROR] 11:58:23.484 [http-nio-7071-exec-8] c.y.s.controller.ArticleController - 查询基金信息错误: For input string: "null"
[ERROR] 12:01:41.986 [http-nio-7071-exec-3] c.y.s.controller.ArticleController - 查询基金信息错误: For input string: "null"
[ERROR] 12:17:12.023 [http-nio-7071-exec-3] c.y.s.controller.ArticleController - 查询基金信息错误: For input string: "null"
[ERROR] 12:21:32.290 [http-nio-7071-exec-3] c.y.s.controller.ArticleController - 查询基金信息错误: For input string: "null"
[ERROR] 12:21:57.809 [http-nio-7071-exec-7] c.y.s.controller.ArticleController - 查询基金信息错误: For input string: "null"
[ERROR] 12:33:22.083 [http-nio-7071-exec-8] c.y.s.controller.ArticleController - 查询基金信息错误: nested exception is org.apache.ibatis.exceptions.PersistenceException: 
### Error querying database.  Cause: org.springframework.jdbc.CannotGetJdbcConnectionException: Failed to obtain JDBC Connection; nested exception is com.alibaba.druid.pool.DataSourceClosedException: dataSource already closed at Tue Feb 08 12:33:21 CST 2022
### The error may exist in file [E:\MyGithubProject\blog996\szcp\target\classes\mapper\FFundInfoMapper.xml]
### The error may involve com.yys.szcp.mapper.FFundInfoMapper.findFundInfoByCode
### The error occurred while executing a query
### Cause: org.springframework.jdbc.CannotGetJdbcConnectionException: Failed to obtain JDBC Connection; nested exception is com.alibaba.druid.pool.DataSourceClosedException: dataSource already closed at Tue Feb 08 12:33:21 CST 2022
[ERROR] 15:03:35.049 [http-nio-7071-exec-7] c.y.s.controller.ArticleController - 查询基金信息错误: null
[ERROR] 18:33:47.670 [http-nio-7071-exec-7] c.y.s.s.impl.ArticleServiceImpl - markdown读取失败:java.io.FileNotFoundException: \usr\project\fullstackdevelopment\markdown\2021\09\22\1632317852192.md (系统找不到指定的路径。)
[ERROR] 18:33:47.687 [http-nio-7071-exec-7] c.y.s.c.e.GlobalExceptionHandler - NullPointerException:空指针异常:
java.lang.NullPointerException: null
	at com.yys.szcp.service.impl.ArticleServiceImpl.getMarkdown(ArticleServiceImpl.java:97)
	at com.yys.szcp.controller.ArticleController.getMarkdown(ArticleController.java:47)
	at sun.reflect.NativeMethodAccessorImpl.invoke0(Native Method)
	at sun.reflect.NativeMethodAccessorImpl.invoke(NativeMethodAccessorImpl.java:62)
	at sun.reflect.DelegatingMethodAccessorImpl.invoke(DelegatingMethodAccessorImpl.java:43)
	at java.lang.reflect.Method.invoke(Method.java:498)
	at org.springframework.web.method.support.InvocableHandlerMethod.doInvoke(InvocableHandlerMethod.java:190)
	at org.springframework.web.method.support.InvocableHandlerMethod.invokeForRequest(InvocableHandlerMethod.java:138)
	at org.springframework.web.servlet.mvc.method.annotation.ServletInvocableHandlerMethod.invokeAndHandle(ServletInvocableHandlerMethod.java:106)
	at org.springframework.web.servlet.mvc.method.annotation.RequestMappingHandlerAdapter.invokeHandlerMethod(RequestMappingHandlerAdapter.java:888)
	at org.springframework.web.servlet.mvc.method.annotation.RequestMappingHandlerAdapter.handleInternal(RequestMappingHandlerAdapter.java:793)
	at org.springframework.web.servlet.mvc.method.AbstractHandlerMethodAdapter.handle(AbstractHandlerMethodAdapter.java:87)
	at org.springframework.web.servlet.DispatcherServlet.doDispatch(DispatcherServlet.java:1040)
	at org.springframework.web.servlet.DispatcherServlet.doService(DispatcherServlet.java:943)
	at org.springframework.web.servlet.FrameworkServlet.processRequest(FrameworkServlet.java:1006)
	at org.springframework.web.servlet.FrameworkServlet.doPost(FrameworkServlet.java:909)
	at javax.servlet.http.HttpServlet.service(HttpServlet.java:660)
	at org.springframework.web.servlet.FrameworkServlet.service(FrameworkServlet.java:883)
	at javax.servlet.http.HttpServlet.service(HttpServlet.java:741)
	at org.apache.catalina.core.ApplicationFilterChain.internalDoFilter(ApplicationFilterChain.java:231)
	at org.apache.catalina.core.ApplicationFilterChain.doFilter(ApplicationFilterChain.java:166)
	at org.apache.tomcat.websocket.server.WsFilter.doFilter(WsFilter.java:53)
	at org.apache.catalina.core.ApplicationFilterChain.internalDoFilter(ApplicationFilterChain.java:193)
	at org.apache.catalina.core.ApplicationFilterChain.doFilter(ApplicationFilterChain.java:166)
	at com.yys.szcp.config.CORSFilter.doFilterInternal(CORSFilter.java:33)
	at org.apache.shiro.web.servlet.OncePerRequestFilter.doFilter(OncePerRequestFilter.java:125)
	at org.apache.catalina.core.ApplicationFilterChain.internalDoFilter(ApplicationFilterChain.java:193)
	at org.apache.catalina.core.ApplicationFilterChain.doFilter(ApplicationFilterChain.java:166)
	at com.alibaba.druid.support.http.WebStatFilter.doFilter(WebStatFilter.java:123)
	at org.apache.catalina.core.ApplicationFilterChain.internalDoFilter(ApplicationFilterChain.java:193)
	at org.apache.catalina.core.ApplicationFilterChain.doFilter(ApplicationFilterChain.java:166)
	at org.springframework.web.filter.RequestContextFilter.doFilterInternal(RequestContextFilter.java:100)
	at org.springframework.web.filter.OncePerRequestFilter.doFilter(OncePerRequestFilter.java:119)
	at org.apache.catalina.core.ApplicationFilterChain.internalDoFilter(ApplicationFilterChain.java:193)
	at org.apache.catalina.core.ApplicationFilterChain.doFilter(ApplicationFilterChain.java:166)
	at org.springframework.web.filter.FormContentFilter.doFilterInternal(FormContentFilter.java:93)
	at org.springframework.web.filter.OncePerRequestFilter.doFilter(OncePerRequestFilter.java:119)
	at org.apache.catalina.core.ApplicationFilterChain.internalDoFilter(ApplicationFilterChain.java:193)
	at org.apache.catalina.core.ApplicationFilterChain.doFilter(ApplicationFilterChain.java:166)
	at org.springframework.web.filter.CharacterEncodingFilter.doFilterInternal(CharacterEncodingFilter.java:201)
	at org.springframework.web.filter.OncePerRequestFilter.doFilter(OncePerRequestFilter.java:119)
	at org.apache.catalina.core.ApplicationFilterChain.internalDoFilter(ApplicationFilterChain.java:193)
	at org.apache.catalina.core.ApplicationFilterChain.doFilter(ApplicationFilterChain.java:166)
	at org.apache.catalina.core.StandardWrapperValve.invoke(StandardWrapperValve.java:202)
	at org.apache.catalina.core.StandardContextValve.invoke(StandardContextValve.java:96)
	at org.apache.catalina.authenticator.AuthenticatorBase.invoke(AuthenticatorBase.java:541)
	at org.apache.catalina.core.StandardHostValve.invoke(StandardHostValve.java:139)
	at org.apache.catalina.valves.ErrorReportValve.invoke(ErrorReportValve.java:92)
	at org.apache.catalina.core.StandardEngineValve.invoke(StandardEngineValve.java:74)
	at org.apache.catalina.connector.CoyoteAdapter.service(CoyoteAdapter.java:343)
	at org.apache.coyote.http11.Http11Processor.service(Http11Processor.java:367)
	at org.apache.coyote.AbstractProcessorLight.process(AbstractProcessorLight.java:65)
	at org.apache.coyote.AbstractProtocol$ConnectionHandler.process(AbstractProtocol.java:860)
	at org.apache.tomcat.util.net.NioEndpoint$SocketProcessor.doRun(NioEndpoint.java:1598)
	at org.apache.tomcat.util.net.SocketProcessorBase.run(SocketProcessorBase.java:49)
	at java.util.concurrent.ThreadPoolExecutor.runWorker(ThreadPoolExecutor.java:1149)
	at java.util.concurrent.ThreadPoolExecutor$Worker.run(ThreadPoolExecutor.java:624)
	at org.apache.tomcat.util.threads.TaskThread$WrappingRunnable.run(TaskThread.java:61)
	at java.lang.Thread.run(Thread.java:748)
[ERROR] 18:33:47.688 [http-nio-7071-exec-7] c.y.s.c.e.GlobalExceptionHandler - Capture Exception By GlobalExceptionHandler: Code: 502 Detail: null ExceptionTyepCode: 2 ExceptionTyep: NullPointerException reasonString: 空指针异常
