[WARN ] 14:37:31.646 [main] o.t.templatemode.TemplateMode - [THYMELEAF][main] Template Mode 'LEGACYHTML5' is deprecated. Using Template Mode 'HTML' instead.
[WARN ] 14:39:14.523 [http-nio-7071-exec-5] o.s.web.servlet.PageNotFound - No mapping for GET /favicon.ico
[WARN ] 14:54:12.821 [main] o.t.templatemode.TemplateMode - [THYMELEAF][main] Template Mode 'LEGACYHTML5' is deprecated. Using Template Mode 'HTML' instead.
[WARN ] 15:00:02.732 [http-nio-7071-exec-5] o.s.web.servlet.PageNotFound - No mapping for GET /favicon.ico
[WARN ] 15:22:30.134 [http-nio-7071-exec-10] o.s.web.servlet.PageNotFound - No mapping for GET /favicon.ico
[WARN ] 15:45:43.855 [http-nio-7071-exec-6] o.s.web.servlet.PageNotFound - No mapping for GET /favicon.ico
[WARN ] 15:46:23.103 [http-nio-7071-exec-10] o.s.web.servlet.PageNotFound - No mapping for GET /favicon.ico
[WARN ] 15:49:06.015 [main] o.t.templatemode.TemplateMode - [THYMELEAF][main] Template Mode 'LEGACYHTML5' is deprecated. Using Template Mode 'HTML' instead.
[WARN ] 15:49:09.129 [http-nio-7071-exec-6] o.s.web.servlet.PageNotFound - No mapping for GET /favicon.ico
[WARN ] 15:51:14.495 [http-nio-7071-exec-10] o.s.web.servlet.PageNotFound - No mapping for GET /favicon.ico
[WARN ] 15:51:44.952 [main] o.t.templatemode.TemplateMode - [THYMELEAF][main] Template Mode 'LEGACYHTML5' is deprecated. Using Template Mode 'HTML' instead.
[WARN ] 15:51:59.801 [http-nio-7071-exec-4] o.s.web.servlet.PageNotFound - No mapping for GET /favicon.ico
[WARN ] 15:53:22.529 [main] o.t.templatemode.TemplateMode - [THYMELEAF][main] Template Mode 'LEGACYHTML5' is deprecated. Using Template Mode 'HTML' instead.
[WARN ] 15:53:42.017 [http-nio-7071-exec-3] o.s.web.servlet.PageNotFound - No mapping for GET /favicon.ico
[WARN ] 15:54:35.301 [main] o.t.templatemode.TemplateMode - [THYMELEAF][main] Template Mode 'LEGACYHTML5' is deprecated. Using Template Mode 'HTML' instead.
[WARN ] 15:54:51.460 [http-nio-7071-exec-3] o.s.web.servlet.PageNotFound - No mapping for GET /favicon.ico
[WARN ] 15:57:52.527 [http-nio-7071-exec-1] o.s.web.servlet.PageNotFound - No mapping for GET /favicon.ico
[WARN ] 15:59:30.940 [main] o.t.templatemode.TemplateMode - [THYMELEAF][main] Template Mode 'LEGACYHTML5' is deprecated. Using Template Mode 'HTML' instead.
[WARN ] 16:00:47.624 [http-nio-7071-exec-3] o.s.web.servlet.PageNotFound - No mapping for GET /favicon.ico
[WARN ] 16:11:20.475 [http-nio-7071-exec-1] o.s.web.servlet.PageNotFound - No mapping for GET /favicon.ico
[WARN ] 16:11:44.030 [http-nio-7071-exec-5] o.s.web.servlet.PageNotFound - No mapping for GET /favicon.ico
[WARN ] 16:12:02.333 [http-nio-7071-exec-1] o.s.web.servlet.PageNotFound - No mapping for GET /favicon.ico
[WARN ] 16:12:28.717 [http-nio-7071-exec-5] o.s.web.servlet.PageNotFound - No mapping for GET /favicon.ico
[WARN ] 16:12:31.550 [http-nio-7071-exec-8] o.s.web.servlet.PageNotFound - No mapping for GET /favicon.ico
[WARN ] 16:13:34.200 [http-nio-7071-exec-2] o.s.web.servlet.PageNotFound - No mapping for GET /favicon.ico
[WARN ] 16:13:52.204 [http-nio-7071-exec-7] o.s.web.servlet.PageNotFound - No mapping for GET /favicon.ico
[WARN ] 16:14:42.619 [http-nio-7071-exec-3] o.s.web.servlet.PageNotFound - No mapping for GET /favicon.ico
[WARN ] 16:15:09.552 [http-nio-7071-exec-6] o.s.web.servlet.PageNotFound - No mapping for GET /favicon.ico
[WARN ] 16:15:18.095 [http-nio-7071-exec-9] o.s.web.servlet.PageNotFound - No mapping for GET /favicon.ico
[WARN ] 16:20:24.834 [main] o.t.templatemode.TemplateMode - [THYMELEAF][main] Template Mode 'LEGACYHTML5' is deprecated. Using Template Mode 'HTML' instead.
[WARN ] 16:20:33.132 [http-nio-7071-exec-4] o.s.web.servlet.PageNotFound - No mapping for GET /favicon.ico
[WARN ] 16:21:41.449 [main] o.t.templatemode.TemplateMode - [THYMELEAF][main] Template Mode 'LEGACYHTML5' is deprecated. Using Template Mode 'HTML' instead.
[WARN ] 16:22:07.442 [http-nio-7071-exec-5] o.s.web.servlet.PageNotFound - No mapping for GET /favicon.ico
[WARN ] 16:23:26.243 [main] o.t.templatemode.TemplateMode - [THYMELEAF][main] Template Mode 'LEGACYHTML5' is deprecated. Using Template Mode 'HTML' instead.
[WARN ] 16:30:30.216 [http-nio-7071-exec-4] o.s.web.servlet.PageNotFound - No mapping for GET /favicon.ico
[WARN ] 16:30:42.643 [http-nio-7071-exec-8] o.s.web.servlet.PageNotFound - No mapping for GET /favicon.ico
[WARN ] 16:34:18.709 [http-nio-7071-exec-4] o.s.web.servlet.PageNotFound - No mapping for GET /favicon.ico
[WARN ] 16:35:23.595 [http-nio-7071-exec-10] o.s.web.servlet.PageNotFound - No mapping for GET /favicon.ico
[WARN ] 16:36:53.002 [http-nio-7071-exec-6] o.s.web.servlet.PageNotFound - No mapping for GET /favicon.ico
[WARN ] 16:53:14.113 [main] o.t.templatemode.TemplateMode - [THYMELEAF][main] Template Mode 'LEGACYHTML5' is deprecated. Using Template Mode 'HTML' instead.
[WARN ] 16:53:14.515 [main] s.d.s.w.r.p.ParameterDataTypeReader - Trying to infer dataType java.util.List<java.util.Map>
[WARN ] 16:53:14.516 [main] s.d.s.w.r.p.ParameterDataTypeReader - Trying to infer dataType java.util.List<java.util.Map>
[WARN ] 16:53:14.516 [main] s.d.s.w.r.p.ParameterDataTypeReader - Trying to infer dataType java.util.List<java.util.Map>
[WARN ] 16:53:14.517 [main] s.d.s.w.r.p.ParameterDataTypeReader - Trying to infer dataType java.util.List<java.util.Map>
[WARN ] 16:53:14.517 [main] s.d.s.w.r.p.ParameterDataTypeReader - Trying to infer dataType java.util.List<java.util.Map>
[WARN ] 16:53:14.518 [main] s.d.s.w.r.p.ParameterDataTypeReader - Trying to infer dataType java.util.List<java.util.Map>
[WARN ] 16:53:14.518 [main] s.d.s.w.r.p.ParameterDataTypeReader - Trying to infer dataType java.util.List<java.util.Map>
[WARN ] 16:53:14.518 [main] s.d.s.w.r.p.ParameterDataTypeReader - Trying to infer dataType java.util.List<java.util.Map>
[WARN ] 16:54:04.100 [http-nio-7071-exec-4] o.s.web.servlet.PageNotFound - No mapping for GET /favicon.ico
[WARN ] 16:59:51.861 [main] o.t.templatemode.TemplateMode - [THYMELEAF][main] Template Mode 'LEGACYHTML5' is deprecated. Using Template Mode 'HTML' instead.
[WARN ] 16:59:52.266 [main] s.d.s.w.r.p.ParameterDataTypeReader - Trying to infer dataType java.util.List<java.util.List<java.lang.String>>
[WARN ] 16:59:52.267 [main] s.d.s.w.r.p.ParameterDataTypeReader - Trying to infer dataType java.util.List<java.util.List<java.lang.String>>
[WARN ] 16:59:52.268 [main] s.d.s.w.r.p.ParameterDataTypeReader - Trying to infer dataType java.util.List<java.util.List<java.lang.String>>
[WARN ] 16:59:52.268 [main] s.d.s.w.r.p.ParameterDataTypeReader - Trying to infer dataType java.util.List<java.util.List<java.lang.String>>
[WARN ] 16:59:52.269 [main] s.d.s.w.r.p.ParameterDataTypeReader - Trying to infer dataType java.util.List<java.util.List<java.lang.String>>
[WARN ] 16:59:52.269 [main] s.d.s.w.r.p.ParameterDataTypeReader - Trying to infer dataType java.util.List<java.util.List<java.lang.String>>
[WARN ] 16:59:52.270 [main] s.d.s.w.r.p.ParameterDataTypeReader - Trying to infer dataType java.util.List<java.util.List<java.lang.String>>
[WARN ] 16:59:52.270 [main] s.d.s.w.r.p.ParameterDataTypeReader - Trying to infer dataType java.util.List<java.util.List<java.lang.String>>
[WARN ] 17:02:09.254 [main] o.t.templatemode.TemplateMode - [THYMELEAF][main] Template Mode 'LEGACYHTML5' is deprecated. Using Template Mode 'HTML' instead.
[WARN ] 17:08:01.804 [main] o.t.templatemode.TemplateMode - [THYMELEAF][main] Template Mode 'LEGACYHTML5' is deprecated. Using Template Mode 'HTML' instead.
[WARN ] 18:08:19.046 [main] o.t.templatemode.TemplateMode - [THYMELEAF][main] Template Mode 'LEGACYHTML5' is deprecated. Using Template Mode 'HTML' instead.
[WARN ] 19:04:18.549 [http-nio-7071-exec-2] o.s.j.support.SQLErrorCodesFactory - Error while extracting database name - falling back to empty error codes
org.springframework.jdbc.support.MetaDataAccessException: Could not get Connection for extracting meta-data; nested exception is org.springframework.jdbc.CannotGetJdbcConnectionException: Failed to obtain JDBC Connection; nested exception is com.alibaba.druid.pool.DataSourceClosedException: dataSource already closed at Sat Feb 05 19:04:18 CST 2022
	at org.springframework.jdbc.support.JdbcUtils.extractDatabaseMetaData(JdbcUtils.java:345)
	at org.springframework.jdbc.support.JdbcUtils.extractDatabaseMetaData(JdbcUtils.java:373)
	at org.springframework.jdbc.support.SQLErrorCodesFactory.getErrorCodes(SQLErrorCodesFactory.java:215)
	at org.springframework.jdbc.support.SQLErrorCodeSQLExceptionTranslator.setDataSource(SQLErrorCodeSQLExceptionTranslator.java:137)
	at org.springframework.jdbc.support.SQLErrorCodeSQLExceptionTranslator.<init>(SQLErrorCodeSQLExceptionTranslator.java:100)
	at org.mybatis.spring.MyBatisExceptionTranslator.initExceptionTranslator(MyBatisExceptionTranslator.java:87)
	at org.mybatis.spring.MyBatisExceptionTranslator.translateExceptionIfPossible(MyBatisExceptionTranslator.java:72)
	at org.mybatis.spring.SqlSessionTemplate$SqlSessionInterceptor.invoke(SqlSessionTemplate.java:446)
	at com.sun.proxy.$Proxy77.insert(Unknown Source)
	at org.mybatis.spring.SqlSessionTemplate.insert(SqlSessionTemplate.java:278)
	at org.apache.ibatis.binding.MapperMethod.execute(MapperMethod.java:57)
	at org.apache.ibatis.binding.MapperProxy.invoke(MapperProxy.java:59)
	at com.sun.proxy.$Proxy85.addFundLevel(Unknown Source)
	at com.yys.szcp.service.impl.FFundInfoServiceImpl.addFundInfoList(FFundInfoServiceImpl.java:83)
	at com.yys.szcp.controller.FundController.addFundInfoList(FundController.java:119)
	at sun.reflect.NativeMethodAccessorImpl.invoke0(Native Method)
	at sun.reflect.NativeMethodAccessorImpl.invoke(NativeMethodAccessorImpl.java:62)
	at sun.reflect.DelegatingMethodAccessorImpl.invoke(DelegatingMethodAccessorImpl.java:43)
	at java.lang.reflect.Method.invoke(Method.java:498)
	at org.springframework.web.method.support.InvocableHandlerMethod.doInvoke(InvocableHandlerMethod.java:190)
	at org.springframework.web.method.support.InvocableHandlerMethod.invokeForRequest(InvocableHandlerMethod.java:138)
	at org.springframework.web.servlet.mvc.method.annotation.ServletInvocableHandlerMethod.invokeAndHandle(ServletInvocableHandlerMethod.java:106)
	at org.springframework.web.servlet.mvc.method.annotation.RequestMappingHandlerAdapter.invokeHandlerMethod(RequestMappingHandlerAdapter.java:888)
	at org.springframework.web.servlet.mvc.method.annotation.RequestMappingHandlerAdapter.handleInternal(RequestMappingHandlerAdapter.java:793)
	at org.springframework.web.servlet.mvc.method.AbstractHandlerMethodAdapter.handle(AbstractHandlerMethodAdapter.java:87)
	at org.springframework.web.servlet.DispatcherServlet.doDispatch(DispatcherServlet.java:1040)
	at org.springframework.web.servlet.DispatcherServlet.doService(DispatcherServlet.java:943)
	at org.springframework.web.servlet.FrameworkServlet.processRequest(FrameworkServlet.java:1006)
	at org.springframework.web.servlet.FrameworkServlet.doPost(FrameworkServlet.java:909)
	at javax.servlet.http.HttpServlet.service(HttpServlet.java:660)
	at org.springframework.web.servlet.FrameworkServlet.service(FrameworkServlet.java:883)
	at javax.servlet.http.HttpServlet.service(HttpServlet.java:741)
	at org.apache.catalina.core.ApplicationFilterChain.internalDoFilter(ApplicationFilterChain.java:231)
	at org.apache.catalina.core.ApplicationFilterChain.doFilter(ApplicationFilterChain.java:166)
	at org.apache.tomcat.websocket.server.WsFilter.doFilter(WsFilter.java:53)
	at org.apache.catalina.core.ApplicationFilterChain.internalDoFilter(ApplicationFilterChain.java:193)
	at org.apache.catalina.core.ApplicationFilterChain.doFilter(ApplicationFilterChain.java:166)
	at com.yys.szcp.config.CORSFilter.doFilterInternal(CORSFilter.java:33)
	at org.apache.shiro.web.servlet.OncePerRequestFilter.doFilter(OncePerRequestFilter.java:125)
	at org.apache.catalina.core.ApplicationFilterChain.internalDoFilter(ApplicationFilterChain.java:193)
	at org.apache.catalina.core.ApplicationFilterChain.doFilter(ApplicationFilterChain.java:166)
	at com.alibaba.druid.support.http.WebStatFilter.doFilter(WebStatFilter.java:123)
	at org.apache.catalina.core.ApplicationFilterChain.internalDoFilter(ApplicationFilterChain.java:193)
	at org.apache.catalina.core.ApplicationFilterChain.doFilter(ApplicationFilterChain.java:166)
	at org.springframework.web.filter.RequestContextFilter.doFilterInternal(RequestContextFilter.java:100)
	at org.springframework.web.filter.OncePerRequestFilter.doFilter(OncePerRequestFilter.java:119)
	at org.apache.catalina.core.ApplicationFilterChain.internalDoFilter(ApplicationFilterChain.java:193)
	at org.apache.catalina.core.ApplicationFilterChain.doFilter(ApplicationFilterChain.java:166)
	at org.springframework.web.filter.FormContentFilter.doFilterInternal(FormContentFilter.java:93)
	at org.springframework.web.filter.OncePerRequestFilter.doFilter(OncePerRequestFilter.java:119)
	at org.apache.catalina.core.ApplicationFilterChain.internalDoFilter(ApplicationFilterChain.java:193)
	at org.apache.catalina.core.ApplicationFilterChain.doFilter(ApplicationFilterChain.java:166)
	at org.springframework.web.filter.CharacterEncodingFilter.doFilterInternal(CharacterEncodingFilter.java:201)
	at org.springframework.web.filter.OncePerRequestFilter.doFilter(OncePerRequestFilter.java:119)
	at org.apache.catalina.core.ApplicationFilterChain.internalDoFilter(ApplicationFilterChain.java:193)
	at org.apache.catalina.core.ApplicationFilterChain.doFilter(ApplicationFilterChain.java:166)
	at org.apache.catalina.core.StandardWrapperValve.invoke(StandardWrapperValve.java:202)
	at org.apache.catalina.core.StandardContextValve.invoke(StandardContextValve.java:96)
	at org.apache.catalina.authenticator.AuthenticatorBase.invoke(AuthenticatorBase.java:541)
	at org.apache.catalina.core.StandardHostValve.invoke(StandardHostValve.java:139)
	at org.apache.catalina.valves.ErrorReportValve.invoke(ErrorReportValve.java:92)
	at org.apache.catalina.core.StandardEngineValve.invoke(StandardEngineValve.java:74)
	at org.apache.catalina.connector.CoyoteAdapter.service(CoyoteAdapter.java:343)
	at org.apache.coyote.http11.Http11Processor.service(Http11Processor.java:367)
	at org.apache.coyote.AbstractProcessorLight.process(AbstractProcessorLight.java:65)
	at org.apache.coyote.AbstractProtocol$ConnectionHandler.process(AbstractProtocol.java:860)
	at org.apache.tomcat.util.net.NioEndpoint$SocketProcessor.doRun(NioEndpoint.java:1598)
	at org.apache.tomcat.util.net.SocketProcessorBase.run(SocketProcessorBase.java:49)
	at java.util.concurrent.ThreadPoolExecutor.runWorker(ThreadPoolExecutor.java:1149)
	at java.util.concurrent.ThreadPoolExecutor$Worker.run(ThreadPoolExecutor.java:624)
	at org.apache.tomcat.util.threads.TaskThread$WrappingRunnable.run(TaskThread.java:61)
	at java.lang.Thread.run(Thread.java:748)
Caused by: org.springframework.jdbc.CannotGetJdbcConnectionException: Failed to obtain JDBC Connection; nested exception is com.alibaba.druid.pool.DataSourceClosedException: dataSource already closed at Sat Feb 05 19:04:18 CST 2022
	at org.springframework.jdbc.datasource.DataSourceUtils.getConnection(DataSourceUtils.java:82)
	at org.springframework.jdbc.support.JdbcUtils.extractDatabaseMetaData(JdbcUtils.java:336)
	... 71 common frames omitted
Caused by: com.alibaba.druid.pool.DataSourceClosedException: dataSource already closed at Sat Feb 05 19:04:18 CST 2022
	at com.alibaba.druid.pool.DruidDataSource.getConnectionInternal(DruidDataSource.java:1356)
	at com.alibaba.druid.pool.DruidDataSource.getConnectionDirect(DruidDataSource.java:1253)
	at com.alibaba.druid.filter.FilterChainImpl.dataSource_connect(FilterChainImpl.java:4619)
	at com.alibaba.druid.filter.FilterAdapter.dataSource_getConnection(FilterAdapter.java:2745)
	at com.alibaba.druid.filter.FilterChainImpl.dataSource_connect(FilterChainImpl.java:4615)
	at com.alibaba.druid.filter.stat.StatFilter.dataSource_getConnection(StatFilter.java:680)
	at com.alibaba.druid.filter.FilterChainImpl.dataSource_connect(FilterChainImpl.java:4615)
	at com.alibaba.druid.pool.DruidDataSource.getConnection(DruidDataSource.java:1231)
	at com.alibaba.druid.pool.DruidDataSource.getConnection(DruidDataSource.java:1223)
	at com.alibaba.druid.pool.DruidDataSource.getConnection(DruidDataSource.java:90)
	at org.springframework.jdbc.datasource.DataSourceUtils.fetchConnection(DataSourceUtils.java:158)
	at org.springframework.jdbc.datasource.DataSourceUtils.doGetConnection(DataSourceUtils.java:116)
	at org.springframework.jdbc.datasource.DataSourceUtils.getConnection(DataSourceUtils.java:79)
	... 72 common frames omitted
[WARN ] 19:04:44.268 [main] o.t.templatemode.TemplateMode - [THYMELEAF][main] Template Mode 'LEGACYHTML5' is deprecated. Using Template Mode 'HTML' instead.
[WARN ] 19:27:41.699 [http-nio-7071-exec-1] o.s.web.servlet.PageNotFound - No mapping for GET /favicon.ico
[WARN ] 19:33:55.683 [http-nio-7071-exec-7] o.s.web.servlet.PageNotFound - No mapping for GET /favicon.ico
[WARN ] 19:57:14.110 [main] o.t.templatemode.TemplateMode - [THYMELEAF][main] Template Mode 'LEGACYHTML5' is deprecated. Using Template Mode 'HTML' instead.
[WARN ] 19:58:59.611 [http-nio-7071-exec-10] o.s.web.servlet.PageNotFound - No mapping for GET /favicon.ico
[WARN ] 20:01:08.400 [http-nio-7071-exec-6] o.s.web.servlet.PageNotFound - No mapping for GET /favicon.ico
[WARN ] 20:23:50.993 [main] o.t.templatemode.TemplateMode - [THYMELEAF][main] Template Mode 'LEGACYHTML5' is deprecated. Using Template Mode 'HTML' instead.
[WARN ] 20:57:06.374 [http-nio-7071-exec-4] o.s.web.servlet.PageNotFound - No mapping for GET /favicon.ico
[WARN ] 21:00:45.793 [http-nio-7071-exec-3] o.s.web.servlet.PageNotFound - No mapping for GET /favicon.ico
[WARN ] 21:15:06.398 [main] o.t.templatemode.TemplateMode - [THYMELEAF][main] Template Mode 'LEGACYHTML5' is deprecated. Using Template Mode 'HTML' instead.
[WARN ] 21:21:17.053 [main] o.t.templatemode.TemplateMode - [THYMELEAF][main] Template Mode 'LEGACYHTML5' is deprecated. Using Template Mode 'HTML' instead.
[WARN ] 21:26:52.997 [main] o.t.templatemode.TemplateMode - [THYMELEAF][main] Template Mode 'LEGACYHTML5' is deprecated. Using Template Mode 'HTML' instead.
[WARN ] 21:28:07.509 [main] o.t.templatemode.TemplateMode - [THYMELEAF][main] Template Mode 'LEGACYHTML5' is deprecated. Using Template Mode 'HTML' instead.
[WARN ] 22:54:02.271 [main] o.t.templatemode.TemplateMode - [THYMELEAF][main] Template Mode 'LEGACYHTML5' is deprecated. Using Template Mode 'HTML' instead.
[WARN ] 23:36:16.962 [main] o.t.templatemode.TemplateMode - [THYMELEAF][main] Template Mode 'LEGACYHTML5' is deprecated. Using Template Mode 'HTML' instead.
[WARN ] 23:39:07.274 [main] o.t.templatemode.TemplateMode - [THYMELEAF][main] Template Mode 'LEGACYHTML5' is deprecated. Using Template Mode 'HTML' instead.
[WARN ] 23:41:38.096 [main] o.t.templatemode.TemplateMode - [THYMELEAF][main] Template Mode 'LEGACYHTML5' is deprecated. Using Template Mode 'HTML' instead.
[WARN ] 23:43:29.069 [main] o.t.templatemode.TemplateMode - [THYMELEAF][main] Template Mode 'LEGACYHTML5' is deprecated. Using Template Mode 'HTML' instead.
[WARN ] 23:46:07.880 [main] o.t.templatemode.TemplateMode - [THYMELEAF][main] Template Mode 'LEGACYHTML5' is deprecated. Using Template Mode 'HTML' instead.
[WARN ] 23:47:14.434 [main] o.t.templatemode.TemplateMode - [THYMELEAF][main] Template Mode 'LEGACYHTML5' is deprecated. Using Template Mode 'HTML' instead.
[WARN ] 23:48:30.043 [http-nio-7071-exec-6] o.s.web.servlet.PageNotFound - No mapping for GET /favicon.ico
