[INFO ] 09:44:37.144 [main] com.yys.szcp.SzcpApplication - Starting SzcpApplication on LAPTOP-T7DEB7H8 with PID 22424 (E:\MyGithubProject\blog996\szcp\target\classes started by yangys in E:\MyGithubProject\blog996\szcp)
[INFO ] 09:44:37.145 [main] com.yys.szcp.SzcpApplication - The following profiles are active: dev
[INFO ] 09:44:38.037 [main] o.s.d.r.c.RepositoryConfigurationDelegate - Multiple Spring Data modules found, entering strict repository configuration mode!
[INFO ] 09:44:38.041 [main] o.s.d.r.c.RepositoryConfigurationDelegate - Bootstrapping Spring Data Redis repositories in DEFAULT mode.
[INFO ] 09:44:38.072 [main] o.s.d.r.c.RepositoryConfigurationDelegate - Finished Spring Data repository scanning in 11ms. Found 0 Redis repository interfaces.
[INFO ] 09:44:38.369 [main] o.s.c.s.PostProcessorRegistrationDelegate$BeanPostProcessorChecker - Bean 'org.springframework.transaction.annotation.ProxyTransactionManagementConfiguration' of type [org.springframework.transaction.annotation.ProxyTransactionManagementConfiguration] is not eligible for getting processed by all BeanPostProcessors (for example: not eligible for auto-proxying)
[INFO ] 09:44:38.630 [main] o.s.b.w.e.tomcat.TomcatWebServer - Tomcat initialized with port(s): 7071 (http)
[INFO ] 09:44:38.637 [main] o.a.coyote.http11.Http11NioProtocol - Initializing ProtocolHandler ["http-nio-7071"]
[INFO ] 09:44:38.637 [main] o.a.catalina.core.StandardService - Starting service [Tomcat]
[INFO ] 09:44:38.637 [main] o.a.catalina.core.StandardEngine - Starting Servlet engine: [Apache Tomcat/9.0.30]
[INFO ] 09:44:38.758 [main] o.a.c.c.C.[Tomcat].[localhost].[/] - Initializing Spring embedded WebApplicationContext
[INFO ] 09:44:38.758 [main] o.s.web.context.ContextLoader - Root WebApplicationContext: initialization completed in 1558 ms
[INFO ] 09:44:38.825 [main] o.s.b.web.servlet.RegistrationBean - Servlet statViewServlet was not registered (possibly already registered?)
[INFO ] 09:44:38.829 [main] o.s.b.web.servlet.RegistrationBean - Filter webStatFilter was not registered (possibly already registered?)
[INFO ] 09:44:39.741 [main] c.alibaba.druid.pool.DruidDataSource - {dataSource-1} inited
[INFO ] 09:44:40.228 [main] s.d.s.w.PropertySourcedRequestMappingHandlerMapping - Mapped URL path [/v2/api-docs] onto method [springfox.documentation.swagger2.web.Swagger2Controller#getDocumentation(String, HttpServletRequest)]
[INFO ] 09:44:40.564 [main] o.s.s.c.ThreadPoolTaskExecutor - Initializing ExecutorService 'applicationTaskExecutor'
[INFO ] 09:44:40.793 [main] o.s.s.c.ThreadPoolTaskScheduler - Initializing ExecutorService 'taskScheduler'
[INFO ] 09:44:40.843 [main] s.d.s.w.p.DocumentationPluginsBootstrapper - Context refreshed
[INFO ] 09:44:40.863 [main] s.d.s.w.p.DocumentationPluginsBootstrapper - Found 1 custom documentation plugin(s)
[INFO ] 09:44:40.897 [main] s.d.s.w.s.ApiListingReferenceScanner - Scanning for api listing references
[INFO ] 09:44:41.220 [main] o.a.coyote.http11.Http11NioProtocol - Starting ProtocolHandler ["http-nio-7071"]
[INFO ] 09:44:41.239 [main] o.s.b.w.e.tomcat.TomcatWebServer - Tomcat started on port(s): 7071 (http) with context path ''
[INFO ] 09:44:41.247 [main] com.yys.szcp.SzcpApplication - Started SzcpApplication in 4.425 seconds (JVM running for 5.915)
[INFO ] 09:45:09.382 [http-nio-7071-exec-1] o.a.c.c.C.[Tomcat].[localhost].[/] - Initializing Spring DispatcherServlet 'dispatcherServlet'
[INFO ] 09:45:09.382 [http-nio-7071-exec-1] o.s.web.servlet.DispatcherServlet - Initializing Servlet 'dispatcherServlet'
[INFO ] 09:45:09.388 [http-nio-7071-exec-1] o.s.web.servlet.DispatcherServlet - Completed initialization in 6 ms
[INFO ] 09:45:09.405 [http-nio-7071-exec-1] c.yys.szcp.config.jwt.JwtInterceptor - 访问路径:/fund/index
[INFO ] 09:45:21.522 [http-nio-7071-exec-2] c.yys.szcp.config.jwt.JwtInterceptor - 访问路径:/fund/getFundDataListOne
[INFO ] 09:45:22.885 [http-nio-7071-exec-3] c.yys.szcp.config.jwt.JwtInterceptor - 访问路径:/fund/addFundInfoList
[INFO ] 09:45:26.547 [http-nio-7071-exec-4] c.yys.szcp.config.jwt.JwtInterceptor - 访问路径:/fund/getFundDataListOne
[INFO ] 09:45:26.749 [http-nio-7071-exec-5] c.yys.szcp.config.jwt.JwtInterceptor - 访问路径:/fund/addFundInfoList
[INFO ] 09:45:31.542 [http-nio-7071-exec-6] c.yys.szcp.config.jwt.JwtInterceptor - 访问路径:/fund/getFundDataListOne
[INFO ] 09:45:31.678 [http-nio-7071-exec-7] c.yys.szcp.config.jwt.JwtInterceptor - 访问路径:/fund/addFundInfoList
[INFO ] 09:45:36.569 [http-nio-7071-exec-9] c.yys.szcp.config.jwt.JwtInterceptor - 访问路径:/fund/getFundDataListOne
[INFO ] 09:45:36.689 [http-nio-7071-exec-8] c.yys.szcp.config.jwt.JwtInterceptor - 访问路径:/fund/addFundInfoList
[INFO ] 09:45:41.568 [http-nio-7071-exec-10] c.yys.szcp.config.jwt.JwtInterceptor - 访问路径:/fund/getFundDataListOne
[INFO ] 09:45:41.728 [http-nio-7071-exec-1] c.yys.szcp.config.jwt.JwtInterceptor - 访问路径:/fund/addFundInfoList
[INFO ] 09:45:47.301 [http-nio-7071-exec-2] c.yys.szcp.config.jwt.JwtInterceptor - 访问路径:/fund/getFundDataListOne
[INFO ] 09:45:47.566 [http-nio-7071-exec-3] c.yys.szcp.config.jwt.JwtInterceptor - 访问路径:/fund/addFundInfoList
[INFO ] 09:45:53.291 [http-nio-7071-exec-4] c.yys.szcp.config.jwt.JwtInterceptor - 访问路径:/fund/getFundDataListOne
[INFO ] 09:45:53.469 [http-nio-7071-exec-5] c.yys.szcp.config.jwt.JwtInterceptor - 访问路径:/fund/addFundInfoList
[INFO ] 09:45:58.307 [http-nio-7071-exec-6] c.yys.szcp.config.jwt.JwtInterceptor - 访问路径:/fund/getFundDataListOne
[INFO ] 09:45:58.478 [http-nio-7071-exec-7] c.yys.szcp.config.jwt.JwtInterceptor - 访问路径:/fund/addFundInfoList
[INFO ] 09:46:04.295 [http-nio-7071-exec-9] c.yys.szcp.config.jwt.JwtInterceptor - 访问路径:/fund/getFundDataListOne
[INFO ] 09:46:04.500 [http-nio-7071-exec-8] c.yys.szcp.config.jwt.JwtInterceptor - 访问路径:/fund/addFundInfoList
[INFO ] 09:46:09.321 [http-nio-7071-exec-10] c.yys.szcp.config.jwt.JwtInterceptor - 访问路径:/fund/getFundDataListOne
[INFO ] 09:46:09.493 [http-nio-7071-exec-2] c.yys.szcp.config.jwt.JwtInterceptor - 访问路径:/fund/addFundInfoList
[INFO ] 09:46:15.305 [http-nio-7071-exec-3] c.yys.szcp.config.jwt.JwtInterceptor - 访问路径:/fund/getFundDataListOne
[INFO ] 09:46:15.455 [http-nio-7071-exec-4] c.yys.szcp.config.jwt.JwtInterceptor - 访问路径:/fund/addFundInfoList
[INFO ] 09:46:20.309 [http-nio-7071-exec-5] c.yys.szcp.config.jwt.JwtInterceptor - 访问路径:/fund/getFundDataListOne
[INFO ] 09:46:20.495 [http-nio-7071-exec-6] c.yys.szcp.config.jwt.JwtInterceptor - 访问路径:/fund/addFundInfoList
[INFO ] 09:46:25.315 [http-nio-7071-exec-7] c.yys.szcp.config.jwt.JwtInterceptor - 访问路径:/fund/getFundDataListOne
[INFO ] 09:46:25.487 [http-nio-7071-exec-9] c.yys.szcp.config.jwt.JwtInterceptor - 访问路径:/fund/addFundInfoList
[INFO ] 09:46:31.295 [http-nio-7071-exec-8] c.yys.szcp.config.jwt.JwtInterceptor - 访问路径:/fund/getFundDataListOne
[INFO ] 09:46:31.813 [http-nio-7071-exec-10] c.yys.szcp.config.jwt.JwtInterceptor - 访问路径:/fund/addFundInfoList
[INFO ] 09:46:37.296 [http-nio-7071-exec-1] c.yys.szcp.config.jwt.JwtInterceptor - 访问路径:/fund/getFundDataListOne
[INFO ] 09:46:37.461 [http-nio-7071-exec-2] c.yys.szcp.config.jwt.JwtInterceptor - 访问路径:/fund/addFundInfoList
[INFO ] 09:46:42.312 [http-nio-7071-exec-3] c.yys.szcp.config.jwt.JwtInterceptor - 访问路径:/fund/getFundDataListOne
[INFO ] 09:46:42.455 [http-nio-7071-exec-4] c.yys.szcp.config.jwt.JwtInterceptor - 访问路径:/fund/addFundInfoList
[INFO ] 09:46:48.292 [http-nio-7071-exec-5] c.yys.szcp.config.jwt.JwtInterceptor - 访问路径:/fund/getFundDataListOne
[INFO ] 09:46:48.495 [http-nio-7071-exec-6] c.yys.szcp.config.jwt.JwtInterceptor - 访问路径:/fund/addFundInfoList
[INFO ] 09:46:53.306 [http-nio-7071-exec-7] c.yys.szcp.config.jwt.JwtInterceptor - 访问路径:/fund/getFundDataListOne
[INFO ] 09:46:53.433 [http-nio-7071-exec-9] c.yys.szcp.config.jwt.JwtInterceptor - 访问路径:/fund/addFundInfoList
[INFO ] 09:46:58.313 [http-nio-7071-exec-8] c.yys.szcp.config.jwt.JwtInterceptor - 访问路径:/fund/getFundDataListOne
[INFO ] 09:46:58.433 [http-nio-7071-exec-10] c.yys.szcp.config.jwt.JwtInterceptor - 访问路径:/fund/addFundInfoList
[INFO ] 09:47:03.320 [http-nio-7071-exec-1] c.yys.szcp.config.jwt.JwtInterceptor - 访问路径:/fund/getFundDataListOne
[INFO ] 09:47:03.463 [http-nio-7071-exec-2] c.yys.szcp.config.jwt.JwtInterceptor - 访问路径:/fund/addFundInfoList
[INFO ] 09:47:08.337 [http-nio-7071-exec-3] c.yys.szcp.config.jwt.JwtInterceptor - 访问路径:/fund/getFundDataListOne
[INFO ] 09:47:08.477 [http-nio-7071-exec-4] c.yys.szcp.config.jwt.JwtInterceptor - 访问路径:/fund/addFundInfoList
[INFO ] 09:47:13.341 [http-nio-7071-exec-5] c.yys.szcp.config.jwt.JwtInterceptor - 访问路径:/fund/getFundDataListOne
[INFO ] 09:47:13.468 [http-nio-7071-exec-6] c.yys.szcp.config.jwt.JwtInterceptor - 访问路径:/fund/addFundInfoList
[INFO ] 09:47:18.349 [http-nio-7071-exec-7] c.yys.szcp.config.jwt.JwtInterceptor - 访问路径:/fund/getFundDataListOne
[INFO ] 09:47:18.430 [http-nio-7071-exec-9] c.yys.szcp.config.jwt.JwtInterceptor - 访问路径:/fund/addFundInfoList
[INFO ] 09:47:23.359 [http-nio-7071-exec-8] c.yys.szcp.config.jwt.JwtInterceptor - 访问路径:/fund/getFundDataListOne
[INFO ] 09:47:23.478 [http-nio-7071-exec-10] c.yys.szcp.config.jwt.JwtInterceptor - 访问路径:/fund/addFundInfoList
[INFO ] 09:47:28.352 [http-nio-7071-exec-1] c.yys.szcp.config.jwt.JwtInterceptor - 访问路径:/fund/getFundDataListOne
[INFO ] 09:47:28.545 [http-nio-7071-exec-2] c.yys.szcp.config.jwt.JwtInterceptor - 访问路径:/fund/addFundInfoList
[INFO ] 09:47:33.371 [http-nio-7071-exec-3] c.yys.szcp.config.jwt.JwtInterceptor - 访问路径:/fund/getFundDataListOne
[INFO ] 09:47:33.560 [http-nio-7071-exec-4] c.yys.szcp.config.jwt.JwtInterceptor - 访问路径:/fund/addFundInfoList
[INFO ] 09:47:38.371 [http-nio-7071-exec-5] c.yys.szcp.config.jwt.JwtInterceptor - 访问路径:/fund/getFundDataListOne
[INFO ] 09:47:38.561 [http-nio-7071-exec-6] c.yys.szcp.config.jwt.JwtInterceptor - 访问路径:/fund/addFundInfoList
[INFO ] 09:47:43.386 [http-nio-7071-exec-7] c.yys.szcp.config.jwt.JwtInterceptor - 访问路径:/fund/getFundDataListOne
[INFO ] 09:47:43.576 [http-nio-7071-exec-9] c.yys.szcp.config.jwt.JwtInterceptor - 访问路径:/fund/addFundInfoList
[INFO ] 09:47:48.404 [http-nio-7071-exec-8] c.yys.szcp.config.jwt.JwtInterceptor - 访问路径:/fund/getFundDataListOne
[INFO ] 09:47:48.598 [http-nio-7071-exec-10] c.yys.szcp.config.jwt.JwtInterceptor - 访问路径:/fund/addFundInfoList
[INFO ] 09:47:53.417 [http-nio-7071-exec-1] c.yys.szcp.config.jwt.JwtInterceptor - 访问路径:/fund/getFundDataListOne
[INFO ] 09:47:53.610 [http-nio-7071-exec-2] c.yys.szcp.config.jwt.JwtInterceptor - 访问路径:/fund/addFundInfoList
[INFO ] 09:47:58.419 [http-nio-7071-exec-3] c.yys.szcp.config.jwt.JwtInterceptor - 访问路径:/fund/getFundDataListOne
[INFO ] 09:47:58.638 [http-nio-7071-exec-4] c.yys.szcp.config.jwt.JwtInterceptor - 访问路径:/fund/addFundInfoList
[INFO ] 09:48:03.422 [http-nio-7071-exec-5] c.yys.szcp.config.jwt.JwtInterceptor - 访问路径:/fund/getFundDataListOne
[INFO ] 09:48:03.574 [http-nio-7071-exec-6] c.yys.szcp.config.jwt.JwtInterceptor - 访问路径:/fund/addFundInfoList
[INFO ] 09:48:08.440 [http-nio-7071-exec-7] c.yys.szcp.config.jwt.JwtInterceptor - 访问路径:/fund/getFundDataListOne
[INFO ] 09:48:08.587 [http-nio-7071-exec-9] c.yys.szcp.config.jwt.JwtInterceptor - 访问路径:/fund/addFundInfoList
[INFO ] 09:48:13.452 [http-nio-7071-exec-8] c.yys.szcp.config.jwt.JwtInterceptor - 访问路径:/fund/getFundDataListOne
[INFO ] 09:48:13.631 [http-nio-7071-exec-10] c.yys.szcp.config.jwt.JwtInterceptor - 访问路径:/fund/addFundInfoList
[INFO ] 09:48:18.468 [http-nio-7071-exec-1] c.yys.szcp.config.jwt.JwtInterceptor - 访问路径:/fund/getFundDataListOne
[INFO ] 09:48:18.593 [http-nio-7071-exec-2] c.yys.szcp.config.jwt.JwtInterceptor - 访问路径:/fund/addFundInfoList
[INFO ] 09:48:23.479 [http-nio-7071-exec-3] c.yys.szcp.config.jwt.JwtInterceptor - 访问路径:/fund/getFundDataListOne
[INFO ] 09:48:23.606 [http-nio-7071-exec-4] c.yys.szcp.config.jwt.JwtInterceptor - 访问路径:/fund/addFundInfoList
[INFO ] 09:48:28.476 [http-nio-7071-exec-5] c.yys.szcp.config.jwt.JwtInterceptor - 访问路径:/fund/getFundDataListOne
[INFO ] 09:48:28.676 [http-nio-7071-exec-6] c.yys.szcp.config.jwt.JwtInterceptor - 访问路径:/fund/addFundInfoList
[INFO ] 09:48:33.487 [http-nio-7071-exec-7] c.yys.szcp.config.jwt.JwtInterceptor - 访问路径:/fund/getFundDataListOne
[INFO ] 09:48:33.673 [http-nio-7071-exec-9] c.yys.szcp.config.jwt.JwtInterceptor - 访问路径:/fund/addFundInfoList
[INFO ] 09:48:38.500 [http-nio-7071-exec-8] c.yys.szcp.config.jwt.JwtInterceptor - 访问路径:/fund/getFundDataListOne
[INFO ] 09:48:38.662 [http-nio-7071-exec-10] c.yys.szcp.config.jwt.JwtInterceptor - 访问路径:/fund/addFundInfoList
[INFO ] 09:48:43.507 [http-nio-7071-exec-1] c.yys.szcp.config.jwt.JwtInterceptor - 访问路径:/fund/getFundDataListOne
[INFO ] 09:48:43.634 [http-nio-7071-exec-2] c.yys.szcp.config.jwt.JwtInterceptor - 访问路径:/fund/addFundInfoList
[INFO ] 09:48:48.513 [http-nio-7071-exec-3] c.yys.szcp.config.jwt.JwtInterceptor - 访问路径:/fund/getFundDataListOne
[INFO ] 09:48:48.692 [http-nio-7071-exec-4] c.yys.szcp.config.jwt.JwtInterceptor - 访问路径:/fund/addFundInfoList
[INFO ] 09:48:53.519 [http-nio-7071-exec-5] c.yys.szcp.config.jwt.JwtInterceptor - 访问路径:/fund/getFundDataListOne
[INFO ] 09:48:53.696 [http-nio-7071-exec-6] c.yys.szcp.config.jwt.JwtInterceptor - 访问路径:/fund/addFundInfoList
[INFO ] 09:49:52.868 [http-nio-7071-exec-7] c.yys.szcp.config.jwt.JwtInterceptor - 访问路径:/fund/index
[INFO ] 09:49:55.709 [http-nio-7071-exec-9] c.yys.szcp.config.jwt.JwtInterceptor - 访问路径:/fund/fund
[INFO ] 09:49:56.055 [http-nio-7071-exec-8] c.yys.szcp.config.jwt.JwtInterceptor - 访问路径:/fund/findFundInfoInvestmentList
[INFO ] 09:49:56.056 [http-nio-7071-exec-10] c.yys.szcp.config.jwt.JwtInterceptor - 访问路径:/fund/findFundInfoListType
[INFO ] 09:49:56.386 [http-nio-7071-exec-1] c.yys.szcp.config.jwt.JwtInterceptor - 访问路径:/error
[INFO ] 09:49:56.390 [http-nio-7071-exec-1] c.yys.szcp.config.jwt.JwtInterceptor - ===== 用户未登录, 请先登录:/error
[INFO ] 09:51:04.930 [http-nio-7071-exec-4] c.yys.szcp.config.jwt.JwtInterceptor - 访问路径:/fund/fund
[INFO ] 09:51:05.284 [http-nio-7071-exec-5] c.yys.szcp.config.jwt.JwtInterceptor - 访问路径:/fund/findFundInfoListType
[INFO ] 09:51:05.284 [http-nio-7071-exec-6] c.yys.szcp.config.jwt.JwtInterceptor - 访问路径:/fund/findFundInfoInvestmentList
[INFO ] 09:51:06.348 [http-nio-7071-exec-7] c.yys.szcp.config.jwt.JwtInterceptor - 访问路径:/error
[INFO ] 09:51:06.349 [http-nio-7071-exec-7] c.yys.szcp.config.jwt.JwtInterceptor - ===== 用户未登录, 请先登录:/error
[INFO ] 10:05:58.096 [SpringContextShutdownHook] o.s.s.c.ThreadPoolTaskScheduler - Shutting down ExecutorService 'taskScheduler'
[INFO ] 10:05:58.097 [SpringContextShutdownHook] o.s.s.c.ThreadPoolTaskExecutor - Shutting down ExecutorService 'applicationTaskExecutor'
[INFO ] 10:05:58.122 [SpringContextShutdownHook] c.alibaba.druid.pool.DruidDataSource - {dataSource-1} closed
[INFO ] 10:06:20.455 [main] com.yys.szcp.SzcpApplication - Starting SzcpApplication on LAPTOP-T7DEB7H8 with PID 19060 (E:\MyGithubProject\blog996\szcp\target\classes started by yangys in E:\MyGithubProject\blog996\szcp)
[INFO ] 10:06:20.456 [main] com.yys.szcp.SzcpApplication - The following profiles are active: dev
[INFO ] 10:06:21.169 [main] o.s.d.r.c.RepositoryConfigurationDelegate - Multiple Spring Data modules found, entering strict repository configuration mode!
[INFO ] 10:06:21.171 [main] o.s.d.r.c.RepositoryConfigurationDelegate - Bootstrapping Spring Data Redis repositories in DEFAULT mode.
[INFO ] 10:06:21.194 [main] o.s.d.r.c.RepositoryConfigurationDelegate - Finished Spring Data repository scanning in 10ms. Found 0 Redis repository interfaces.
[INFO ] 10:06:21.450 [main] o.s.c.s.PostProcessorRegistrationDelegate$BeanPostProcessorChecker - Bean 'org.springframework.transaction.annotation.ProxyTransactionManagementConfiguration' of type [org.springframework.transaction.annotation.ProxyTransactionManagementConfiguration] is not eligible for getting processed by all BeanPostProcessors (for example: not eligible for auto-proxying)
[INFO ] 10:06:21.677 [main] o.s.b.w.e.tomcat.TomcatWebServer - Tomcat initialized with port(s): 7071 (http)
[INFO ] 10:06:21.685 [main] o.a.coyote.http11.Http11NioProtocol - Initializing ProtocolHandler ["http-nio-7071"]
[INFO ] 10:06:21.685 [main] o.a.catalina.core.StandardService - Starting service [Tomcat]
[INFO ] 10:06:21.685 [main] o.a.catalina.core.StandardEngine - Starting Servlet engine: [Apache Tomcat/9.0.30]
[INFO ] 10:06:21.788 [main] o.a.c.c.C.[Tomcat].[localhost].[/] - Initializing Spring embedded WebApplicationContext
[INFO ] 10:06:21.788 [main] o.s.web.context.ContextLoader - Root WebApplicationContext: initialization completed in 1299 ms
[INFO ] 10:06:21.848 [main] o.s.b.web.servlet.RegistrationBean - Servlet statViewServlet was not registered (possibly already registered?)
[INFO ] 10:06:21.850 [main] o.s.b.web.servlet.RegistrationBean - Filter webStatFilter was not registered (possibly already registered?)
[INFO ] 10:06:22.661 [main] c.alibaba.druid.pool.DruidDataSource - {dataSource-1} inited
[INFO ] 10:06:23.064 [main] s.d.s.w.PropertySourcedRequestMappingHandlerMapping - Mapped URL path [/v2/api-docs] onto method [springfox.documentation.swagger2.web.Swagger2Controller#getDocumentation(String, HttpServletRequest)]
[INFO ] 10:06:23.331 [main] o.s.s.c.ThreadPoolTaskExecutor - Initializing ExecutorService 'applicationTaskExecutor'
[INFO ] 10:06:23.525 [main] o.s.s.c.ThreadPoolTaskScheduler - Initializing ExecutorService 'taskScheduler'
[INFO ] 10:06:23.559 [main] s.d.s.w.p.DocumentationPluginsBootstrapper - Context refreshed
[INFO ] 10:06:23.587 [main] s.d.s.w.p.DocumentationPluginsBootstrapper - Found 1 custom documentation plugin(s)
[INFO ] 10:06:23.614 [main] s.d.s.w.s.ApiListingReferenceScanner - Scanning for api listing references
[INFO ] 10:06:23.900 [main] o.a.coyote.http11.Http11NioProtocol - Starting ProtocolHandler ["http-nio-7071"]
[INFO ] 10:06:23.918 [main] o.s.b.w.e.tomcat.TomcatWebServer - Tomcat started on port(s): 7071 (http) with context path ''
[INFO ] 10:06:23.921 [main] com.yys.szcp.SzcpApplication - Started SzcpApplication in 3.752 seconds (JVM running for 4.727)
[INFO ] 10:06:29.509 [http-nio-7071-exec-1] o.a.c.c.C.[Tomcat].[localhost].[/] - Initializing Spring DispatcherServlet 'dispatcherServlet'
[INFO ] 10:06:29.509 [http-nio-7071-exec-1] o.s.web.servlet.DispatcherServlet - Initializing Servlet 'dispatcherServlet'
[INFO ] 10:06:29.513 [http-nio-7071-exec-1] o.s.web.servlet.DispatcherServlet - Completed initialization in 4 ms
[INFO ] 10:06:29.526 [http-nio-7071-exec-1] c.yys.szcp.config.jwt.JwtInterceptor - 访问路径:/fund/fund
[INFO ] 10:06:30.493 [http-nio-7071-exec-2] c.yys.szcp.config.jwt.JwtInterceptor - 访问路径:/fund/findFundInfoListType
[INFO ] 10:06:30.493 [http-nio-7071-exec-3] c.yys.szcp.config.jwt.JwtInterceptor - 访问路径:/fund/findFundInfoInvestmentList
[INFO ] 10:06:33.012 [http-nio-7071-exec-5] c.yys.szcp.config.jwt.JwtInterceptor - 访问路径:/error
[INFO ] 10:06:33.015 [http-nio-7071-exec-5] c.yys.szcp.config.jwt.JwtInterceptor - ===== 用户未登录, 请先登录:/error
[INFO ] 10:08:46.395 [http-nio-7071-exec-7] c.yys.szcp.config.jwt.JwtInterceptor - 访问路径:/fund/fund
[INFO ] 10:08:46.762 [http-nio-7071-exec-8] c.yys.szcp.config.jwt.JwtInterceptor - 访问路径:/fund/findFundInfoListType
[INFO ] 10:08:46.762 [http-nio-7071-exec-9] c.yys.szcp.config.jwt.JwtInterceptor - 访问路径:/fund/findFundInfoInvestmentList
[INFO ] 10:08:47.357 [http-nio-7071-exec-10] c.yys.szcp.config.jwt.JwtInterceptor - 访问路径:/error
[INFO ] 10:08:47.357 [http-nio-7071-exec-10] c.yys.szcp.config.jwt.JwtInterceptor - ===== 用户未登录, 请先登录:/error
[INFO ] 10:10:30.502 [http-nio-7071-exec-5] c.yys.szcp.config.jwt.JwtInterceptor - 访问路径:/fund/fund
[INFO ] 10:10:30.815 [http-nio-7071-exec-4] c.yys.szcp.config.jwt.JwtInterceptor - 访问路径:/fund/findFundInfoInvestmentList
[INFO ] 10:10:30.815 [http-nio-7071-exec-3] c.yys.szcp.config.jwt.JwtInterceptor - 访问路径:/fund/findFundInfoListType
[INFO ] 10:10:31.480 [http-nio-7071-exec-6] c.yys.szcp.config.jwt.JwtInterceptor - 访问路径:/error
[INFO ] 10:10:31.480 [http-nio-7071-exec-6] c.yys.szcp.config.jwt.JwtInterceptor - ===== 用户未登录, 请先登录:/error
[INFO ] 10:12:28.897 [http-nio-7071-exec-10] c.yys.szcp.config.jwt.JwtInterceptor - 访问路径:/fund/fund
[INFO ] 10:12:29.248 [http-nio-7071-exec-1] c.yys.szcp.config.jwt.JwtInterceptor - 访问路径:/fund/findFundInfoInvestmentList
[INFO ] 10:12:29.248 [http-nio-7071-exec-9] c.yys.szcp.config.jwt.JwtInterceptor - 访问路径:/fund/findFundInfoListType
[INFO ] 10:12:30.388 [http-nio-7071-exec-2] c.yys.szcp.config.jwt.JwtInterceptor - 访问路径:/error
[INFO ] 10:12:30.388 [http-nio-7071-exec-2] c.yys.szcp.config.jwt.JwtInterceptor - ===== 用户未登录, 请先登录:/error
[INFO ] 10:17:11.209 [http-nio-7071-exec-6] c.yys.szcp.config.jwt.JwtInterceptor - 访问路径:/fund/fund
[INFO ] 10:17:11.550 [http-nio-7071-exec-7] c.yys.szcp.config.jwt.JwtInterceptor - 访问路径:/fund/findFundInfoInvestmentList
[INFO ] 10:17:11.550 [http-nio-7071-exec-4] c.yys.szcp.config.jwt.JwtInterceptor - 访问路径:/fund/findFundInfoListType
[INFO ] 10:17:13.565 [http-nio-7071-exec-8] c.yys.szcp.config.jwt.JwtInterceptor - 访问路径:/error
[INFO ] 10:17:13.565 [http-nio-7071-exec-8] c.yys.szcp.config.jwt.JwtInterceptor - ===== 用户未登录, 请先登录:/error
[INFO ] 10:17:34.951 [http-nio-7071-exec-10] c.yys.szcp.config.jwt.JwtInterceptor - 访问路径:/fund/fund
[INFO ] 10:17:35.296 [http-nio-7071-exec-9] c.yys.szcp.config.jwt.JwtInterceptor - 访问路径:/fund/findFundInfoListType
[INFO ] 10:17:35.296 [http-nio-7071-exec-2] c.yys.szcp.config.jwt.JwtInterceptor - 访问路径:/fund/findFundInfoInvestmentList
[INFO ] 10:17:35.617 [http-nio-7071-exec-1] c.yys.szcp.config.jwt.JwtInterceptor - 访问路径:/error
[INFO ] 10:17:35.617 [http-nio-7071-exec-1] c.yys.szcp.config.jwt.JwtInterceptor - ===== 用户未登录, 请先登录:/error
[INFO ] 10:17:51.959 [http-nio-7071-exec-5] c.yys.szcp.config.jwt.JwtInterceptor - 访问路径:/fund/fund
[INFO ] 10:17:52.252 [http-nio-7071-exec-3] c.yys.szcp.config.jwt.JwtInterceptor - 访问路径:/fund/findFundInfoListType
[INFO ] 10:17:52.252 [http-nio-7071-exec-6] c.yys.szcp.config.jwt.JwtInterceptor - 访问路径:/fund/findFundInfoInvestmentList
[INFO ] 10:17:52.594 [http-nio-7071-exec-4] c.yys.szcp.config.jwt.JwtInterceptor - 访问路径:/error
[INFO ] 10:17:52.594 [http-nio-7071-exec-4] c.yys.szcp.config.jwt.JwtInterceptor - ===== 用户未登录, 请先登录:/error
[INFO ] 10:18:03.344 [http-nio-7071-exec-8] c.yys.szcp.config.jwt.JwtInterceptor - 访问路径:/fund/fund
[INFO ] 10:18:04.713 [http-nio-7071-exec-10] c.yys.szcp.config.jwt.JwtInterceptor - 访问路径:/fund/findFundInfoInvestmentList
[INFO ] 10:18:04.713 [http-nio-7071-exec-7] c.yys.szcp.config.jwt.JwtInterceptor - 访问路径:/fund/findFundInfoListType
[INFO ] 10:18:05.014 [http-nio-7071-exec-9] c.yys.szcp.config.jwt.JwtInterceptor - 访问路径:/error
[INFO ] 10:18:05.014 [http-nio-7071-exec-9] c.yys.szcp.config.jwt.JwtInterceptor - ===== 用户未登录, 请先登录:/error
[INFO ] 10:18:42.515 [http-nio-7071-exec-1] c.yys.szcp.config.jwt.JwtInterceptor - 访问路径:/fund/fund
[INFO ] 10:18:42.865 [http-nio-7071-exec-5] c.yys.szcp.config.jwt.JwtInterceptor - 访问路径:/fund/findFundInfoInvestmentList
[INFO ] 10:18:42.865 [http-nio-7071-exec-2] c.yys.szcp.config.jwt.JwtInterceptor - 访问路径:/fund/findFundInfoListType
[INFO ] 10:18:43.199 [http-nio-7071-exec-3] c.yys.szcp.config.jwt.JwtInterceptor - 访问路径:/error
[INFO ] 10:18:43.199 [http-nio-7071-exec-3] c.yys.szcp.config.jwt.JwtInterceptor - ===== 用户未登录, 请先登录:/error
[INFO ] 10:20:30.758 [http-nio-7071-exec-8] c.yys.szcp.config.jwt.JwtInterceptor - 访问路径:/fund/fund
[INFO ] 10:20:31.103 [http-nio-7071-exec-9] c.yys.szcp.config.jwt.JwtInterceptor - 访问路径:/fund/findFundInfoInvestmentList
[INFO ] 10:20:31.103 [http-nio-7071-exec-7] c.yys.szcp.config.jwt.JwtInterceptor - 访问路径:/fund/findFundInfoListType
[INFO ] 10:20:32.367 [http-nio-7071-exec-10] c.yys.szcp.config.jwt.JwtInterceptor - 访问路径:/error
[INFO ] 10:20:32.367 [http-nio-7071-exec-10] c.yys.szcp.config.jwt.JwtInterceptor - ===== 用户未登录, 请先登录:/error
[INFO ] 10:20:48.534 [http-nio-7071-exec-1] c.yys.szcp.config.jwt.JwtInterceptor - 访问路径:/fund/fund
[INFO ] 10:20:48.877 [http-nio-7071-exec-2] c.yys.szcp.config.jwt.JwtInterceptor - 访问路径:/fund/findFundInfoListType
[INFO ] 10:20:48.878 [http-nio-7071-exec-3] c.yys.szcp.config.jwt.JwtInterceptor - 访问路径:/fund/findFundInfoInvestmentList
[INFO ] 10:20:49.232 [http-nio-7071-exec-5] c.yys.szcp.config.jwt.JwtInterceptor - 访问路径:/error
[INFO ] 10:20:49.232 [http-nio-7071-exec-5] c.yys.szcp.config.jwt.JwtInterceptor - ===== 用户未登录, 请先登录:/error
[INFO ] 10:21:04.365 [http-nio-7071-exec-4] c.yys.szcp.config.jwt.JwtInterceptor - 访问路径:/fund/fund
[INFO ] 10:21:04.669 [http-nio-7071-exec-6] c.yys.szcp.config.jwt.JwtInterceptor - 访问路径:/fund/findFundInfoListType
[INFO ] 10:21:04.669 [http-nio-7071-exec-8] c.yys.szcp.config.jwt.JwtInterceptor - 访问路径:/fund/findFundInfoInvestmentList
[INFO ] 10:21:05.024 [http-nio-7071-exec-7] c.yys.szcp.config.jwt.JwtInterceptor - 访问路径:/error
[INFO ] 10:21:05.024 [http-nio-7071-exec-7] c.yys.szcp.config.jwt.JwtInterceptor - ===== 用户未登录, 请先登录:/error
[INFO ] 10:22:07.982 [http-nio-7071-exec-9] c.yys.szcp.config.jwt.JwtInterceptor - 访问路径:/fund/fund
[INFO ] 10:22:08.283 [http-nio-7071-exec-1] c.yys.szcp.config.jwt.JwtInterceptor - 访问路径:/fund/findFundInfoListType
[INFO ] 10:22:08.283 [http-nio-7071-exec-2] c.yys.szcp.config.jwt.JwtInterceptor - 访问路径:/fund/findFundInfoInvestmentList
[INFO ] 10:22:09.114 [http-nio-7071-exec-5] c.yys.szcp.config.jwt.JwtInterceptor - 访问路径:/error
[INFO ] 10:22:09.114 [http-nio-7071-exec-5] c.yys.szcp.config.jwt.JwtInterceptor - ===== 用户未登录, 请先登录:/error
[INFO ] 10:22:37.413 [http-nio-7071-exec-3] c.yys.szcp.config.jwt.JwtInterceptor - 访问路径:/fund/fund
[INFO ] 10:22:37.722 [http-nio-7071-exec-4] c.yys.szcp.config.jwt.JwtInterceptor - 访问路径:/fund/findFundInfoListType
[INFO ] 10:22:37.723 [http-nio-7071-exec-6] c.yys.szcp.config.jwt.JwtInterceptor - 访问路径:/fund/findFundInfoInvestmentList
[INFO ] 10:22:38.040 [http-nio-7071-exec-7] c.yys.szcp.config.jwt.JwtInterceptor - 访问路径:/error
[INFO ] 10:22:38.040 [http-nio-7071-exec-7] c.yys.szcp.config.jwt.JwtInterceptor - ===== 用户未登录, 请先登录:/error
[INFO ] 10:24:10.248 [http-nio-7071-exec-9] c.yys.szcp.config.jwt.JwtInterceptor - 访问路径:/fund/fund
[INFO ] 10:24:10.589 [http-nio-7071-exec-5] c.yys.szcp.config.jwt.JwtInterceptor - 访问路径:/fund/findFundInfoInvestmentList
[INFO ] 10:24:10.589 [http-nio-7071-exec-1] c.yys.szcp.config.jwt.JwtInterceptor - 访问路径:/fund/findFundInfoListType
[INFO ] 10:24:10.921 [http-nio-7071-exec-2] c.yys.szcp.config.jwt.JwtInterceptor - 访问路径:/error
[INFO ] 10:24:10.921 [http-nio-7071-exec-2] c.yys.szcp.config.jwt.JwtInterceptor - ===== 用户未登录, 请先登录:/error
[INFO ] 10:24:58.943 [http-nio-7071-exec-3] c.yys.szcp.config.jwt.JwtInterceptor - 访问路径:/fund/fund
[INFO ] 10:24:59.265 [http-nio-7071-exec-4] c.yys.szcp.config.jwt.JwtInterceptor - 访问路径:/fund/findFundInfoListType
[INFO ] 10:24:59.265 [http-nio-7071-exec-7] c.yys.szcp.config.jwt.JwtInterceptor - 访问路径:/fund/findFundInfoInvestmentList
[INFO ] 10:24:59.661 [http-nio-7071-exec-6] c.yys.szcp.config.jwt.JwtInterceptor - 访问路径:/error
[INFO ] 10:24:59.661 [http-nio-7071-exec-6] c.yys.szcp.config.jwt.JwtInterceptor - ===== 用户未登录, 请先登录:/error
[INFO ] 10:27:15.224 [http-nio-7071-exec-9] c.yys.szcp.config.jwt.JwtInterceptor - 访问路径:/fund/getFundDataListOne
[INFO ] 10:27:16.652 [http-nio-7071-exec-1] c.yys.szcp.config.jwt.JwtInterceptor - 访问路径:/fund/addFundInfoList
[INFO ] 10:27:20.227 [http-nio-7071-exec-2] c.yys.szcp.config.jwt.JwtInterceptor - 访问路径:/fund/getFundDataListOne
[INFO ] 10:27:20.395 [http-nio-7071-exec-5] c.yys.szcp.config.jwt.JwtInterceptor - 访问路径:/fund/addFundInfoList
[INFO ] 10:27:25.229 [http-nio-7071-exec-3] c.yys.szcp.config.jwt.JwtInterceptor - 访问路径:/fund/getFundDataListOne
[INFO ] 10:27:25.368 [http-nio-7071-exec-4] c.yys.szcp.config.jwt.JwtInterceptor - 访问路径:/fund/addFundInfoList
[INFO ] 10:27:30.295 [http-nio-7071-exec-6] c.yys.szcp.config.jwt.JwtInterceptor - 访问路径:/fund/getFundDataListOne
[INFO ] 10:27:30.471 [http-nio-7071-exec-7] c.yys.szcp.config.jwt.JwtInterceptor - 访问路径:/fund/addFundInfoList
[INFO ] 10:27:36.290 [http-nio-7071-exec-8] c.yys.szcp.config.jwt.JwtInterceptor - 访问路径:/fund/getFundDataListOne
[INFO ] 10:27:36.484 [http-nio-7071-exec-10] c.yys.szcp.config.jwt.JwtInterceptor - 访问路径:/fund/addFundInfoList
[INFO ] 10:27:41.303 [http-nio-7071-exec-9] c.yys.szcp.config.jwt.JwtInterceptor - 访问路径:/fund/getFundDataListOne
[INFO ] 10:27:41.541 [http-nio-7071-exec-1] c.yys.szcp.config.jwt.JwtInterceptor - 访问路径:/fund/addFundInfoList
[INFO ] 10:27:47.295 [http-nio-7071-exec-2] c.yys.szcp.config.jwt.JwtInterceptor - 访问路径:/fund/getFundDataListOne
[INFO ] 10:27:47.522 [http-nio-7071-exec-5] c.yys.szcp.config.jwt.JwtInterceptor - 访问路径:/fund/addFundInfoList
[INFO ] 10:27:53.291 [http-nio-7071-exec-3] c.yys.szcp.config.jwt.JwtInterceptor - 访问路径:/fund/getFundDataListOne
[INFO ] 10:27:53.452 [http-nio-7071-exec-4] c.yys.szcp.config.jwt.JwtInterceptor - 访问路径:/fund/addFundInfoList
[INFO ] 10:27:59.296 [http-nio-7071-exec-6] c.yys.szcp.config.jwt.JwtInterceptor - 访问路径:/fund/getFundDataListOne
[INFO ] 10:27:59.547 [http-nio-7071-exec-7] c.yys.szcp.config.jwt.JwtInterceptor - 访问路径:/fund/addFundInfoList
[INFO ] 10:28:04.314 [http-nio-7071-exec-8] c.yys.szcp.config.jwt.JwtInterceptor - 访问路径:/fund/getFundDataListOne
[INFO ] 10:28:04.498 [http-nio-7071-exec-10] c.yys.szcp.config.jwt.JwtInterceptor - 访问路径:/fund/addFundInfoList
[INFO ] 10:28:10.298 [http-nio-7071-exec-9] c.yys.szcp.config.jwt.JwtInterceptor - 访问路径:/fund/getFundDataListOne
[INFO ] 10:28:10.421 [http-nio-7071-exec-1] c.yys.szcp.config.jwt.JwtInterceptor - 访问路径:/fund/addFundInfoList
[INFO ] 10:28:16.297 [http-nio-7071-exec-2] c.yys.szcp.config.jwt.JwtInterceptor - 访问路径:/fund/getFundDataListOne
[INFO ] 10:28:16.442 [http-nio-7071-exec-5] c.yys.szcp.config.jwt.JwtInterceptor - 访问路径:/fund/addFundInfoList
[INFO ] 10:28:22.297 [http-nio-7071-exec-3] c.yys.szcp.config.jwt.JwtInterceptor - 访问路径:/fund/getFundDataListOne
[INFO ] 10:28:22.772 [http-nio-7071-exec-4] c.yys.szcp.config.jwt.JwtInterceptor - 访问路径:/fund/addFundInfoList
[INFO ] 10:28:27.303 [http-nio-7071-exec-6] c.yys.szcp.config.jwt.JwtInterceptor - 访问路径:/fund/getFundDataListOne
[INFO ] 10:28:27.388 [http-nio-7071-exec-7] c.yys.szcp.config.jwt.JwtInterceptor - 访问路径:/fund/addFundInfoList
[INFO ] 10:28:33.302 [http-nio-7071-exec-8] c.yys.szcp.config.jwt.JwtInterceptor - 访问路径:/fund/getFundDataListOne
[INFO ] 10:28:33.473 [http-nio-7071-exec-10] c.yys.szcp.config.jwt.JwtInterceptor - 访问路径:/fund/addFundInfoList
[INFO ] 10:28:39.290 [http-nio-7071-exec-9] c.yys.szcp.config.jwt.JwtInterceptor - 访问路径:/fund/getFundDataListOne
[INFO ] 10:28:39.488 [http-nio-7071-exec-1] c.yys.szcp.config.jwt.JwtInterceptor - 访问路径:/fund/addFundInfoList
[INFO ] 10:28:44.302 [http-nio-7071-exec-2] c.yys.szcp.config.jwt.JwtInterceptor - 访问路径:/fund/getFundDataListOne
[INFO ] 10:28:44.418 [http-nio-7071-exec-5] c.yys.szcp.config.jwt.JwtInterceptor - 访问路径:/fund/addFundInfoList
[INFO ] 10:28:50.291 [http-nio-7071-exec-3] c.yys.szcp.config.jwt.JwtInterceptor - 访问路径:/fund/getFundDataListOne
[INFO ] 10:28:50.449 [http-nio-7071-exec-4] c.yys.szcp.config.jwt.JwtInterceptor - 访问路径:/fund/addFundInfoList
[INFO ] 10:28:55.312 [http-nio-7071-exec-6] c.yys.szcp.config.jwt.JwtInterceptor - 访问路径:/fund/getFundDataListOne
[INFO ] 10:28:55.459 [http-nio-7071-exec-7] c.yys.szcp.config.jwt.JwtInterceptor - 访问路径:/fund/addFundInfoList
[INFO ] 10:29:01.296 [http-nio-7071-exec-8] c.yys.szcp.config.jwt.JwtInterceptor - 访问路径:/fund/getFundDataListOne
[INFO ] 10:29:01.451 [http-nio-7071-exec-10] c.yys.szcp.config.jwt.JwtInterceptor - 访问路径:/fund/addFundInfoList
[INFO ] 10:29:07.301 [http-nio-7071-exec-9] c.yys.szcp.config.jwt.JwtInterceptor - 访问路径:/fund/getFundDataListOne
[INFO ] 10:29:07.448 [http-nio-7071-exec-1] c.yys.szcp.config.jwt.JwtInterceptor - 访问路径:/fund/addFundInfoList
[INFO ] 10:29:13.298 [http-nio-7071-exec-2] c.yys.szcp.config.jwt.JwtInterceptor - 访问路径:/fund/getFundDataListOne
[INFO ] 10:29:13.634 [http-nio-7071-exec-5] c.yys.szcp.config.jwt.JwtInterceptor - 访问路径:/fund/addFundInfoList
[INFO ] 10:29:19.301 [http-nio-7071-exec-3] c.yys.szcp.config.jwt.JwtInterceptor - 访问路径:/fund/getFundDataListOne
[INFO ] 10:29:19.407 [http-nio-7071-exec-4] c.yys.szcp.config.jwt.JwtInterceptor - 访问路径:/fund/addFundInfoList
[INFO ] 10:29:25.299 [http-nio-7071-exec-6] c.yys.szcp.config.jwt.JwtInterceptor - 访问路径:/fund/getFundDataListOne
[INFO ] 10:29:25.455 [http-nio-7071-exec-7] c.yys.szcp.config.jwt.JwtInterceptor - 访问路径:/fund/addFundInfoList
[INFO ] 10:29:31.297 [http-nio-7071-exec-8] c.yys.szcp.config.jwt.JwtInterceptor - 访问路径:/fund/getFundDataListOne
[INFO ] 10:29:31.541 [http-nio-7071-exec-10] c.yys.szcp.config.jwt.JwtInterceptor - 访问路径:/fund/addFundInfoList
[INFO ] 10:29:36.301 [http-nio-7071-exec-9] c.yys.szcp.config.jwt.JwtInterceptor - 访问路径:/fund/getFundDataListOne
[INFO ] 10:29:36.442 [http-nio-7071-exec-1] c.yys.szcp.config.jwt.JwtInterceptor - 访问路径:/fund/addFundInfoList
[INFO ] 10:29:41.306 [http-nio-7071-exec-2] c.yys.szcp.config.jwt.JwtInterceptor - 访问路径:/fund/getFundDataListOne
[INFO ] 10:29:41.487 [http-nio-7071-exec-5] c.yys.szcp.config.jwt.JwtInterceptor - 访问路径:/fund/addFundInfoList
[INFO ] 10:29:46.322 [http-nio-7071-exec-3] c.yys.szcp.config.jwt.JwtInterceptor - 访问路径:/fund/getFundDataListOne
[INFO ] 10:29:46.489 [http-nio-7071-exec-4] c.yys.szcp.config.jwt.JwtInterceptor - 访问路径:/fund/addFundInfoList
[INFO ] 10:29:51.326 [http-nio-7071-exec-6] c.yys.szcp.config.jwt.JwtInterceptor - 访问路径:/fund/getFundDataListOne
[INFO ] 10:29:51.550 [http-nio-7071-exec-7] c.yys.szcp.config.jwt.JwtInterceptor - 访问路径:/fund/addFundInfoList
[INFO ] 10:29:56.335 [http-nio-7071-exec-8] c.yys.szcp.config.jwt.JwtInterceptor - 访问路径:/fund/getFundDataListOne
[INFO ] 10:29:56.505 [http-nio-7071-exec-10] c.yys.szcp.config.jwt.JwtInterceptor - 访问路径:/fund/addFundInfoList
[INFO ] 10:30:01.338 [http-nio-7071-exec-9] c.yys.szcp.config.jwt.JwtInterceptor - 访问路径:/fund/getFundDataListOne
[INFO ] 10:30:01.526 [http-nio-7071-exec-1] c.yys.szcp.config.jwt.JwtInterceptor - 访问路径:/fund/addFundInfoList
[INFO ] 10:30:06.344 [http-nio-7071-exec-2] c.yys.szcp.config.jwt.JwtInterceptor - 访问路径:/fund/getFundDataListOne
[INFO ] 10:30:06.504 [http-nio-7071-exec-5] c.yys.szcp.config.jwt.JwtInterceptor - 访问路径:/fund/addFundInfoList
[INFO ] 10:30:11.346 [http-nio-7071-exec-3] c.yys.szcp.config.jwt.JwtInterceptor - 访问路径:/fund/getFundDataListOne
[INFO ] 10:30:11.466 [http-nio-7071-exec-4] c.yys.szcp.config.jwt.JwtInterceptor - 访问路径:/fund/addFundInfoList
[INFO ] 10:30:16.362 [http-nio-7071-exec-6] c.yys.szcp.config.jwt.JwtInterceptor - 访问路径:/fund/getFundDataListOne
[INFO ] 10:30:16.536 [http-nio-7071-exec-7] c.yys.szcp.config.jwt.JwtInterceptor - 访问路径:/fund/addFundInfoList
[INFO ] 10:30:21.371 [http-nio-7071-exec-8] c.yys.szcp.config.jwt.JwtInterceptor - 访问路径:/fund/getFundDataListOne
[INFO ] 10:30:21.511 [http-nio-7071-exec-10] c.yys.szcp.config.jwt.JwtInterceptor - 访问路径:/fund/addFundInfoList
[INFO ] 10:30:26.385 [http-nio-7071-exec-9] c.yys.szcp.config.jwt.JwtInterceptor - 访问路径:/fund/getFundDataListOne
[INFO ] 10:30:26.496 [http-nio-7071-exec-1] c.yys.szcp.config.jwt.JwtInterceptor - 访问路径:/fund/addFundInfoList
[INFO ] 10:30:31.394 [http-nio-7071-exec-2] c.yys.szcp.config.jwt.JwtInterceptor - 访问路径:/fund/getFundDataListOne
[INFO ] 10:30:31.595 [http-nio-7071-exec-5] c.yys.szcp.config.jwt.JwtInterceptor - 访问路径:/fund/addFundInfoList
[INFO ] 10:30:36.401 [http-nio-7071-exec-3] c.yys.szcp.config.jwt.JwtInterceptor - 访问路径:/fund/getFundDataListOne
[INFO ] 10:30:36.569 [http-nio-7071-exec-4] c.yys.szcp.config.jwt.JwtInterceptor - 访问路径:/fund/addFundInfoList
[INFO ] 10:30:41.414 [http-nio-7071-exec-6] c.yys.szcp.config.jwt.JwtInterceptor - 访问路径:/fund/getFundDataListOne
[INFO ] 10:30:41.576 [http-nio-7071-exec-7] c.yys.szcp.config.jwt.JwtInterceptor - 访问路径:/fund/addFundInfoList
[INFO ] 10:30:46.415 [http-nio-7071-exec-8] c.yys.szcp.config.jwt.JwtInterceptor - 访问路径:/fund/getFundDataListOne
[INFO ] 10:30:46.529 [http-nio-7071-exec-10] c.yys.szcp.config.jwt.JwtInterceptor - 访问路径:/fund/addFundInfoList
[INFO ] 10:30:51.431 [http-nio-7071-exec-9] c.yys.szcp.config.jwt.JwtInterceptor - 访问路径:/fund/getFundDataListOne
[INFO ] 10:30:51.632 [http-nio-7071-exec-1] c.yys.szcp.config.jwt.JwtInterceptor - 访问路径:/fund/addFundInfoList
[INFO ] 10:30:56.432 [http-nio-7071-exec-2] c.yys.szcp.config.jwt.JwtInterceptor - 访问路径:/fund/getFundDataListOne
[INFO ] 10:30:56.641 [http-nio-7071-exec-5] c.yys.szcp.config.jwt.JwtInterceptor - 访问路径:/fund/addFundInfoList
[INFO ] 10:31:03.712 [http-nio-7071-exec-3] c.yys.szcp.config.jwt.JwtInterceptor - 访问路径:/fund/index
[INFO ] 10:31:09.378 [http-nio-7071-exec-4] c.yys.szcp.config.jwt.JwtInterceptor - 访问路径:/fund/fund
[INFO ] 10:31:09.740 [http-nio-7071-exec-6] c.yys.szcp.config.jwt.JwtInterceptor - 访问路径:/fund/findFundInfoListType
[INFO ] 10:31:09.741 [http-nio-7071-exec-7] c.yys.szcp.config.jwt.JwtInterceptor - 访问路径:/fund/findFundInfoInvestmentList
[INFO ] 10:31:10.058 [http-nio-7071-exec-8] c.yys.szcp.config.jwt.JwtInterceptor - 访问路径:/error
[INFO ] 10:31:10.058 [http-nio-7071-exec-8] c.yys.szcp.config.jwt.JwtInterceptor - ===== 用户未登录, 请先登录:/error
[INFO ] 10:32:23.839 [http-nio-7071-exec-1] c.yys.szcp.config.jwt.JwtInterceptor - 访问路径:/fund/getFundDataListOne
[INFO ] 10:32:24.813 [http-nio-7071-exec-2] c.yys.szcp.config.jwt.JwtInterceptor - 访问路径:/fund/addFundInfoList
[INFO ] 10:32:26.543 [http-nio-7071-exec-5] c.yys.szcp.config.jwt.JwtInterceptor - 访问路径:/fund/getFundDataListOne
[INFO ] 10:32:26.748 [http-nio-7071-exec-3] c.yys.szcp.config.jwt.JwtInterceptor - 访问路径:/fund/addFundInfoList
[INFO ] 10:32:28.326 [http-nio-7071-exec-4] c.yys.szcp.config.jwt.JwtInterceptor - 访问路径:/fund/getFundDataListOne
[INFO ] 10:32:28.505 [http-nio-7071-exec-6] c.yys.szcp.config.jwt.JwtInterceptor - 访问路径:/fund/addFundInfoList
[INFO ] 10:32:30.006 [http-nio-7071-exec-8] c.yys.szcp.config.jwt.JwtInterceptor - 访问路径:/fund/getFundDataListOne
[INFO ] 10:32:30.140 [http-nio-7071-exec-7] c.yys.szcp.config.jwt.JwtInterceptor - 访问路径:/fund/addFundInfoList
[INFO ] 10:32:31.678 [http-nio-7071-exec-10] c.yys.szcp.config.jwt.JwtInterceptor - 访问路径:/fund/getFundDataListOne
[INFO ] 10:32:31.852 [http-nio-7071-exec-9] c.yys.szcp.config.jwt.JwtInterceptor - 访问路径:/fund/addFundInfoList
[INFO ] 10:32:33.214 [http-nio-7071-exec-1] c.yys.szcp.config.jwt.JwtInterceptor - 访问路径:/fund/getFundDataListOne
[INFO ] 10:32:33.587 [http-nio-7071-exec-2] c.yys.szcp.config.jwt.JwtInterceptor - 访问路径:/fund/addFundInfoList
[INFO ] 10:32:34.813 [http-nio-7071-exec-5] c.yys.szcp.config.jwt.JwtInterceptor - 访问路径:/fund/getFundDataListOne
[INFO ] 10:32:34.984 [http-nio-7071-exec-3] c.yys.szcp.config.jwt.JwtInterceptor - 访问路径:/fund/addFundInfoList
[INFO ] 10:32:36.367 [http-nio-7071-exec-4] c.yys.szcp.config.jwt.JwtInterceptor - 访问路径:/fund/getFundDataListOne
[INFO ] 10:32:36.572 [http-nio-7071-exec-6] c.yys.szcp.config.jwt.JwtInterceptor - 访问路径:/fund/addFundInfoList
[INFO ] 10:32:37.886 [http-nio-7071-exec-8] c.yys.szcp.config.jwt.JwtInterceptor - 访问路径:/fund/getFundDataListOne
[INFO ] 10:32:38.111 [http-nio-7071-exec-7] c.yys.szcp.config.jwt.JwtInterceptor - 访问路径:/fund/addFundInfoList
[INFO ] 10:32:40.198 [http-nio-7071-exec-10] c.yys.szcp.config.jwt.JwtInterceptor - 访问路径:/fund/fund
[INFO ] 10:32:41.479 [http-nio-7071-exec-9] c.yys.szcp.config.jwt.JwtInterceptor - 访问路径:/fund/findFundInfoListType
[INFO ] 10:32:41.479 [http-nio-7071-exec-1] c.yys.szcp.config.jwt.JwtInterceptor - 访问路径:/fund/findFundInfoInvestmentList
[INFO ] 10:32:42.421 [http-nio-7071-exec-2] c.yys.szcp.config.jwt.JwtInterceptor - 访问路径:/error
[INFO ] 10:32:42.421 [http-nio-7071-exec-2] c.yys.szcp.config.jwt.JwtInterceptor - ===== 用户未登录, 请先登录:/error
[INFO ] 10:33:01.128 [http-nio-7071-exec-5] c.yys.szcp.config.jwt.JwtInterceptor - 访问路径:/fund/getFundDataListOne
[INFO ] 10:33:01.311 [http-nio-7071-exec-3] c.yys.szcp.config.jwt.JwtInterceptor - 访问路径:/fund/addFundInfoList
[INFO ] 10:34:27.059 [http-nio-7071-exec-8] c.yys.szcp.config.jwt.JwtInterceptor - 访问路径:/fund/index
[INFO ] 10:34:29.678 [http-nio-7071-exec-7] c.yys.szcp.config.jwt.JwtInterceptor - 访问路径:/fund/getFundDataListOne
[INFO ] 10:34:30.670 [http-nio-7071-exec-10] c.yys.szcp.config.jwt.JwtInterceptor - 访问路径:/fund/addFundInfoList
[INFO ] 10:35:20.061 [http-nio-7071-exec-9] c.yys.szcp.config.jwt.JwtInterceptor - 访问路径:/fund/index
[INFO ] 10:35:26.870 [http-nio-7071-exec-2] c.yys.szcp.config.jwt.JwtInterceptor - 访问路径:/fund/getFundDataListOne
[INFO ] 10:35:27.098 [http-nio-7071-exec-5] c.yys.szcp.config.jwt.JwtInterceptor - 访问路径:/fund/addFundInfoList
[INFO ] 10:37:14.885 [http-nio-7071-exec-4] c.yys.szcp.config.jwt.JwtInterceptor - 访问路径:/fund/index
[INFO ] 10:37:16.950 [http-nio-7071-exec-6] c.yys.szcp.config.jwt.JwtInterceptor - 访问路径:/fund/getFundDataListOne
[INFO ] 10:37:17.648 [http-nio-7071-exec-8] c.yys.szcp.config.jwt.JwtInterceptor - 访问路径:/fund/addFundInfoList
[INFO ] 10:41:18.013 [http-nio-7071-exec-9] c.yys.szcp.config.jwt.JwtInterceptor - 访问路径:/fund/index
[INFO ] 10:41:20.813 [http-nio-7071-exec-2] c.yys.szcp.config.jwt.JwtInterceptor - 访问路径:/fund/getFundDataListOne
[INFO ] 10:41:21.960 [http-nio-7071-exec-1] c.yys.szcp.config.jwt.JwtInterceptor - 访问路径:/fund/addFundInfoList
[INFO ] 10:41:53.392 [http-nio-7071-exec-5] c.yys.szcp.config.jwt.JwtInterceptor - 访问路径:/fund/getFundDataListOne
[INFO ] 10:41:53.665 [http-nio-7071-exec-3] c.yys.szcp.config.jwt.JwtInterceptor - 访问路径:/fund/addFundInfoList
[INFO ] 10:42:44.383 [http-nio-7071-exec-6] c.yys.szcp.config.jwt.JwtInterceptor - 访问路径:/fund/index
[INFO ] 10:42:46.479 [http-nio-7071-exec-8] c.yys.szcp.config.jwt.JwtInterceptor - 访问路径:/fund/getFundDataListOne
[INFO ] 10:42:47.012 [http-nio-7071-exec-7] c.yys.szcp.config.jwt.JwtInterceptor - 访问路径:/fund/addFundInfoList
[INFO ] 10:43:07.358 [http-nio-7071-exec-10] c.yys.szcp.config.jwt.JwtInterceptor - 访问路径:/fund/getFundDataListOne
[INFO ] 10:43:07.569 [http-nio-7071-exec-9] c.yys.szcp.config.jwt.JwtInterceptor - 访问路径:/fund/addFundInfoList
[INFO ] 10:43:16.518 [http-nio-7071-exec-2] c.yys.szcp.config.jwt.JwtInterceptor - 访问路径:/fund/getFundDataListOne
[INFO ] 10:43:16.728 [http-nio-7071-exec-1] c.yys.szcp.config.jwt.JwtInterceptor - 访问路径:/fund/addFundInfoList
[INFO ] 10:43:24.792 [http-nio-7071-exec-5] c.yys.szcp.config.jwt.JwtInterceptor - 访问路径:/fund/getFundDataListOne
[INFO ] 10:43:25.037 [http-nio-7071-exec-3] c.yys.szcp.config.jwt.JwtInterceptor - 访问路径:/fund/addFundInfoList
[INFO ] 10:43:27.597 [http-nio-7071-exec-4] c.yys.szcp.config.jwt.JwtInterceptor - 访问路径:/fund/getFundDataListOne
[INFO ] 10:43:27.715 [http-nio-7071-exec-6] c.yys.szcp.config.jwt.JwtInterceptor - 访问路径:/fund/addFundInfoList
[INFO ] 10:44:04.876 [http-nio-7071-exec-7] c.yys.szcp.config.jwt.JwtInterceptor - 访问路径:/fund/index
[INFO ] 10:44:06.717 [http-nio-7071-exec-10] c.yys.szcp.config.jwt.JwtInterceptor - 访问路径:/fund/getFundDataListOne
[INFO ] 10:44:07.347 [http-nio-7071-exec-9] c.yys.szcp.config.jwt.JwtInterceptor - 访问路径:/fund/addFundInfoList
[INFO ] 10:44:14.342 [http-nio-7071-exec-2] c.yys.szcp.config.jwt.JwtInterceptor - 访问路径:/fund/getFundDataListOne
[INFO ] 10:44:14.475 [http-nio-7071-exec-1] c.yys.szcp.config.jwt.JwtInterceptor - 访问路径:/fund/addFundInfoList
[INFO ] 10:44:28.686 [http-nio-7071-exec-5] c.yys.szcp.config.jwt.JwtInterceptor - 访问路径:/fund/getFundDataListOne
[INFO ] 10:44:28.860 [http-nio-7071-exec-3] c.yys.szcp.config.jwt.JwtInterceptor - 访问路径:/fund/addFundInfoList
[INFO ] 10:44:32.278 [http-nio-7071-exec-4] c.yys.szcp.config.jwt.JwtInterceptor - 访问路径:/fund/getFundDataListOne
[INFO ] 10:44:32.435 [http-nio-7071-exec-6] c.yys.szcp.config.jwt.JwtInterceptor - 访问路径:/fund/addFundInfoList
[INFO ] 10:46:00.912 [http-nio-7071-exec-10] c.yys.szcp.config.jwt.JwtInterceptor - 访问路径:/fund/getFundDataListOne
[INFO ] 10:46:01.743 [http-nio-7071-exec-9] c.yys.szcp.config.jwt.JwtInterceptor - 访问路径:/fund/addFundInfoList
[INFO ] 10:46:03.078 [http-nio-7071-exec-2] c.yys.szcp.config.jwt.JwtInterceptor - 访问路径:/fund/getFundDataListOne
[INFO ] 10:46:03.287 [http-nio-7071-exec-1] c.yys.szcp.config.jwt.JwtInterceptor - 访问路径:/fund/addFundInfoList
[INFO ] 10:46:04.637 [http-nio-7071-exec-5] c.yys.szcp.config.jwt.JwtInterceptor - 访问路径:/fund/getFundDataListOne
[INFO ] 10:46:04.868 [http-nio-7071-exec-3] c.yys.szcp.config.jwt.JwtInterceptor - 访问路径:/fund/addFundInfoList
[INFO ] 10:46:05.565 [http-nio-7071-exec-4] c.yys.szcp.config.jwt.JwtInterceptor - 访问路径:/fund/index
[INFO ] 10:46:07.557 [http-nio-7071-exec-6] c.yys.szcp.config.jwt.JwtInterceptor - 访问路径:/fund/getFundDataListOne
[INFO ] 10:46:07.782 [http-nio-7071-exec-8] c.yys.szcp.config.jwt.JwtInterceptor - 访问路径:/fund/addFundInfoList
[INFO ] 10:46:09.886 [http-nio-7071-exec-7] c.yys.szcp.config.jwt.JwtInterceptor - 访问路径:/fund/getFundDataListOne
[INFO ] 10:46:10.027 [http-nio-7071-exec-10] c.yys.szcp.config.jwt.JwtInterceptor - 访问路径:/fund/addFundInfoList
[INFO ] 10:46:11.221 [http-nio-7071-exec-9] c.yys.szcp.config.jwt.JwtInterceptor - 访问路径:/fund/getFundDataListOne
[INFO ] 10:46:11.341 [http-nio-7071-exec-2] c.yys.szcp.config.jwt.JwtInterceptor - 访问路径:/fund/addFundInfoList
[INFO ] 10:46:15.536 [http-nio-7071-exec-1] c.yys.szcp.config.jwt.JwtInterceptor - 访问路径:/fund/fund
[INFO ] 10:46:15.886 [http-nio-7071-exec-5] c.yys.szcp.config.jwt.JwtInterceptor - 访问路径:/fund/findFundInfoListType
[INFO ] 10:46:15.886 [http-nio-7071-exec-3] c.yys.szcp.config.jwt.JwtInterceptor - 访问路径:/fund/findFundInfoInvestmentList
[INFO ] 10:46:16.185 [http-nio-7071-exec-4] c.yys.szcp.config.jwt.JwtInterceptor - 访问路径:/error
[INFO ] 10:46:16.185 [http-nio-7071-exec-4] c.yys.szcp.config.jwt.JwtInterceptor - ===== 用户未登录, 请先登录:/error
[INFO ] 10:51:38.863 [http-nio-7071-exec-7] c.yys.szcp.config.jwt.JwtInterceptor - 访问路径:/fund/fund
[INFO ] 10:51:39.151 [http-nio-7071-exec-10] c.yys.szcp.config.jwt.JwtInterceptor - 访问路径:/fund/findFundInfoListType
[INFO ] 10:51:39.152 [http-nio-7071-exec-9] c.yys.szcp.config.jwt.JwtInterceptor - 访问路径:/fund/findFundInfoInvestmentList
[INFO ] 10:51:40.063 [http-nio-7071-exec-2] c.yys.szcp.config.jwt.JwtInterceptor - 访问路径:/error
[INFO ] 10:51:40.063 [http-nio-7071-exec-2] c.yys.szcp.config.jwt.JwtInterceptor - ===== 用户未登录, 请先登录:/error
[INFO ] 10:51:55.712 [http-nio-7071-exec-1] c.yys.szcp.config.jwt.JwtInterceptor - 访问路径:/fund/getFundDataListOne
[INFO ] 10:51:56.686 [http-nio-7071-exec-5] c.yys.szcp.config.jwt.JwtInterceptor - 访问路径:/fund/addFundInfoList
[INFO ] 10:56:19.174 [http-nio-7071-exec-6] c.yys.szcp.config.jwt.JwtInterceptor - 访问路径:/fund/fund
[INFO ] 10:56:19.838 [http-nio-7071-exec-8] c.yys.szcp.config.jwt.JwtInterceptor - 访问路径:/fund/findFundInfoListType
[INFO ] 10:56:19.838 [http-nio-7071-exec-7] c.yys.szcp.config.jwt.JwtInterceptor - 访问路径:/fund/findFundInfoInvestmentList
[INFO ] 10:56:20.155 [http-nio-7071-exec-10] c.yys.szcp.config.jwt.JwtInterceptor - 访问路径:/error
[INFO ] 10:56:20.155 [http-nio-7071-exec-10] c.yys.szcp.config.jwt.JwtInterceptor - ===== 用户未登录, 请先登录:/error
[INFO ] 10:56:29.767 [http-nio-7071-exec-2] c.yys.szcp.config.jwt.JwtInterceptor - 访问路径:/fund/getFundDataListOne
[INFO ] 10:56:30.491 [http-nio-7071-exec-9] c.yys.szcp.config.jwt.JwtInterceptor - 访问路径:/fund/addFundInfoList
[INFO ] 10:56:31.254 [http-nio-7071-exec-1] c.yys.szcp.config.jwt.JwtInterceptor - 访问路径:/fund/getFundDataListOne
[INFO ] 10:56:31.363 [http-nio-7071-exec-5] c.yys.szcp.config.jwt.JwtInterceptor - 访问路径:/fund/addFundInfoList
[INFO ] 10:56:33.353 [http-nio-7071-exec-4] c.yys.szcp.config.jwt.JwtInterceptor - 访问路径:/fund/fund
[INFO ] 10:56:33.632 [http-nio-7071-exec-3] c.yys.szcp.config.jwt.JwtInterceptor - 访问路径:/fund/findFundInfoListType
[INFO ] 10:56:33.632 [http-nio-7071-exec-6] c.yys.szcp.config.jwt.JwtInterceptor - 访问路径:/fund/findFundInfoInvestmentList
[INFO ] 10:56:33.927 [http-nio-7071-exec-8] c.yys.szcp.config.jwt.JwtInterceptor - 访问路径:/error
[INFO ] 10:56:33.927 [http-nio-7071-exec-8] c.yys.szcp.config.jwt.JwtInterceptor - ===== 用户未登录, 请先登录:/error
[INFO ] 11:05:03.525 [http-nio-7071-exec-2] c.yys.szcp.config.jwt.JwtInterceptor - 访问路径:/fund/getFundDataListOne
[INFO ] 11:05:04.494 [http-nio-7071-exec-9] c.yys.szcp.config.jwt.JwtInterceptor - 访问路径:/fund/addFundInfoList
[INFO ] 11:48:45.531 [http-nio-7071-exec-5] c.yys.szcp.config.jwt.JwtInterceptor - 访问路径:/fund/getFundDataListOne
[INFO ] 11:48:46.508 [http-nio-7071-exec-4] c.yys.szcp.config.jwt.JwtInterceptor - 访问路径:/fund/addFundInfoList
[INFO ] 11:48:46.585 [http-nio-7071-exec-3] c.yys.szcp.config.jwt.JwtInterceptor - 访问路径:/fund/getFundDataListOne
[INFO ] 11:48:46.732 [http-nio-7071-exec-8] c.yys.szcp.config.jwt.JwtInterceptor - 访问路径:/fund/getFundDataListOne
[INFO ] 11:48:46.763 [http-nio-7071-exec-6] c.yys.szcp.config.jwt.JwtInterceptor - 访问路径:/fund/addFundInfoList
[INFO ] 11:48:50.521 [http-nio-7071-exec-10] c.yys.szcp.config.jwt.JwtInterceptor - 访问路径:/fund/addFundInfoList
[INFO ] 11:49:01.931 [http-nio-7071-exec-7] c.yys.szcp.config.jwt.JwtInterceptor - 访问路径:/fund/getFundDataListOne
[INFO ] 11:49:02.058 [http-nio-7071-exec-2] c.yys.szcp.config.jwt.JwtInterceptor - 访问路径:/fund/addFundInfoList
[INFO ] 11:49:02.106 [http-nio-7071-exec-9] c.yys.szcp.config.jwt.JwtInterceptor - 访问路径:/fund/getFundDataListOne
[INFO ] 11:49:02.211 [http-nio-7071-exec-1] c.yys.szcp.config.jwt.JwtInterceptor - 访问路径:/fund/addFundInfoList
[INFO ] 11:49:16.497 [http-nio-7071-exec-5] c.yys.szcp.config.jwt.JwtInterceptor - 访问路径:/fund/getFundDataListOne
[INFO ] 11:49:16.683 [http-nio-7071-exec-3] c.yys.szcp.config.jwt.JwtInterceptor - 访问路径:/fund/addFundInfoList
[INFO ] 11:49:18.849 [http-nio-7071-exec-8] c.yys.szcp.config.jwt.JwtInterceptor - 访问路径:/fund/getFundDataListOne
[INFO ] 11:49:18.970 [http-nio-7071-exec-4] c.yys.szcp.config.jwt.JwtInterceptor - 访问路径:/fund/addFundInfoList
[INFO ] 11:49:21.744 [http-nio-7071-exec-6] c.yys.szcp.config.jwt.JwtInterceptor - 访问路径:/fund/fund
[INFO ] 11:49:22.640 [http-nio-7071-exec-10] c.yys.szcp.config.jwt.JwtInterceptor - 访问路径:/fund/findFundInfoListType
[INFO ] 11:49:22.642 [http-nio-7071-exec-7] c.yys.szcp.config.jwt.JwtInterceptor - 访问路径:/fund/findFundInfoInvestmentList
[INFO ] 11:49:23.181 [http-nio-7071-exec-9] c.yys.szcp.config.jwt.JwtInterceptor - 访问路径:/error
[INFO ] 11:49:23.181 [http-nio-7071-exec-9] c.yys.szcp.config.jwt.JwtInterceptor - ===== 用户未登录, 请先登录:/error
[INFO ] 11:54:33.195 [http-nio-7071-exec-3] c.yys.szcp.config.jwt.JwtInterceptor - 访问路径:/fund/getFundDataListOne
[INFO ] 11:54:34.168 [http-nio-7071-exec-8] c.yys.szcp.config.jwt.JwtInterceptor - 访问路径:/fund/addFundInfoList
[INFO ] 11:54:35.944 [http-nio-7071-exec-4] c.yys.szcp.config.jwt.JwtInterceptor - 访问路径:/fund/getFundDataListOne
[INFO ] 11:54:36.091 [http-nio-7071-exec-6] c.yys.szcp.config.jwt.JwtInterceptor - 访问路径:/fund/addFundInfoList
[INFO ] 11:54:39.811 [http-nio-7071-exec-10] c.yys.szcp.config.jwt.JwtInterceptor - 访问路径:/fund/fund
[INFO ] 11:54:40.164 [http-nio-7071-exec-9] c.yys.szcp.config.jwt.JwtInterceptor - 访问路径:/fund/findFundInfoListType
[INFO ] 11:54:40.164 [http-nio-7071-exec-7] c.yys.szcp.config.jwt.JwtInterceptor - 访问路径:/fund/findFundInfoInvestmentList
[INFO ] 11:54:42.400 [http-nio-7071-exec-2] c.yys.szcp.config.jwt.JwtInterceptor - 访问路径:/error
[INFO ] 11:54:42.400 [http-nio-7071-exec-2] c.yys.szcp.config.jwt.JwtInterceptor - ===== 用户未登录, 请先登录:/error
[INFO ] 11:55:39.377 [http-nio-7071-exec-1] c.yys.szcp.config.jwt.JwtInterceptor - 访问路径:/fund/getFundDataListOne
[INFO ] 11:55:40.446 [http-nio-7071-exec-5] c.yys.szcp.config.jwt.JwtInterceptor - 访问路径:/fund/addFundInfoList
[INFO ] 11:55:44.712 [http-nio-7071-exec-8] c.yys.szcp.config.jwt.JwtInterceptor - 访问路径:/fund/getFundDataListOne
[INFO ] 11:55:44.806 [http-nio-7071-exec-4] c.yys.szcp.config.jwt.JwtInterceptor - 访问路径:/fund/addFundInfoList
[INFO ] 11:55:59.496 [http-nio-7071-exec-6] c.yys.szcp.config.jwt.JwtInterceptor - 访问路径:/fund/getFundDataListOne
[INFO ] 11:55:59.700 [http-nio-7071-exec-10] c.yys.szcp.config.jwt.JwtInterceptor - 访问路径:/fund/addFundInfoList
[INFO ] 11:58:43.399 [http-nio-7071-exec-2] c.yys.szcp.config.jwt.JwtInterceptor - 访问路径:/fund/index
[INFO ] 11:58:44.720 [http-nio-7071-exec-7] c.yys.szcp.config.jwt.JwtInterceptor - 访问路径:/fund/getFundDataListOne
[INFO ] 11:58:45.302 [http-nio-7071-exec-1] c.yys.szcp.config.jwt.JwtInterceptor - 访问路径:/fund/getFundDataListOne
[INFO ] 11:58:45.566 [http-nio-7071-exec-5] c.yys.szcp.config.jwt.JwtInterceptor - 访问路径:/fund/addFundInfoList
[INFO ] 11:58:46.506 [http-nio-7071-exec-3] c.yys.szcp.config.jwt.JwtInterceptor - 访问路径:/fund/getFundDataListOne
[INFO ] 11:58:46.647 [http-nio-7071-exec-8] c.yys.szcp.config.jwt.JwtInterceptor - 访问路径:/fund/addFundInfoList
[INFO ] 11:58:48.525 [http-nio-7071-exec-4] c.yys.szcp.config.jwt.JwtInterceptor - 访问路径:/fund/fund
[INFO ] 11:58:48.863 [http-nio-7071-exec-6] c.yys.szcp.config.jwt.JwtInterceptor - 访问路径:/fund/findFundInfoListType
[INFO ] 11:58:48.863 [http-nio-7071-exec-10] c.yys.szcp.config.jwt.JwtInterceptor - 访问路径:/fund/findFundInfoInvestmentList
[INFO ] 11:58:49.118 [http-nio-7071-exec-9] c.yys.szcp.config.jwt.JwtInterceptor - 访问路径:/error
[INFO ] 11:58:49.118 [http-nio-7071-exec-9] c.yys.szcp.config.jwt.JwtInterceptor - ===== 用户未登录, 请先登录:/error
[INFO ] 11:59:08.545 [http-nio-7071-exec-2] c.yys.szcp.config.jwt.JwtInterceptor - 访问路径:/fund/getFundDataListOne
[INFO ] 11:59:08.771 [http-nio-7071-exec-7] c.yys.szcp.config.jwt.JwtInterceptor - 访问路径:/fund/addFundInfoList
[INFO ] 16:18:39.457 [SpringContextShutdownHook] o.s.s.c.ThreadPoolTaskScheduler - Shutting down ExecutorService 'taskScheduler'
[INFO ] 16:18:39.458 [SpringContextShutdownHook] o.s.s.c.ThreadPoolTaskExecutor - Shutting down ExecutorService 'applicationTaskExecutor'
[INFO ] 16:18:39.479 [SpringContextShutdownHook] c.alibaba.druid.pool.DruidDataSource - {dataSource-1} closed
[INFO ] 16:18:50.400 [main] o.s.b.t.c.SpringBootTestContextBootstrapper - Neither @ContextConfiguration nor @ContextHierarchy found for test class [com.yys.szcp.SzcpApplicationTests], using SpringBootContextLoader
[INFO ] 16:18:50.405 [main] o.s.t.c.s.AbstractContextLoader - Could not detect default resource locations for test class [com.yys.szcp.SzcpApplicationTests]: no resource found for suffixes {-context.xml, Context.groovy}.
[INFO ] 16:18:50.405 [main] o.s.t.c.s.AnnotationConfigContextLoaderUtils - Could not detect default configuration classes for test class [com.yys.szcp.SzcpApplicationTests]: SzcpApplicationTests does not declare any static, non-private, non-final, nested classes annotated with @Configuration.
[INFO ] 16:18:50.492 [main] o.s.b.t.c.SpringBootTestContextBootstrapper - Found @SpringBootConfiguration com.yys.szcp.SzcpApplication for test class com.yys.szcp.SzcpApplicationTests
[INFO ] 16:18:50.580 [main] o.s.b.t.c.SpringBootTestContextBootstrapper - Loaded default TestExecutionListener class names from location [META-INF/spring.factories]: [org.springframework.boot.test.mock.mockito.MockitoTestExecutionListener, org.springframework.boot.test.mock.mockito.ResetMocksTestExecutionListener, org.springframework.boot.test.autoconfigure.restdocs.RestDocsTestExecutionListener, org.springframework.boot.test.autoconfigure.web.client.MockRestServiceServerResetTestExecutionListener, org.springframework.boot.test.autoconfigure.web.servlet.MockMvcPrintOnlyOnFailureTestExecutionListener, org.springframework.boot.test.autoconfigure.web.servlet.WebDriverTestExecutionListener, org.springframework.test.context.web.ServletTestExecutionListener, org.springframework.test.context.support.DirtiesContextBeforeModesTestExecutionListener, org.springframework.test.context.support.DependencyInjectionTestExecutionListener, org.springframework.test.context.support.DirtiesContextTestExecutionListener, org.springframework.test.context.transaction.TransactionalTestExecutionListener, org.springframework.test.context.jdbc.SqlScriptsTestExecutionListener, org.springframework.test.context.event.EventPublishingTestExecutionListener]
[INFO ] 16:18:50.596 [main] o.s.b.t.c.SpringBootTestContextBootstrapper - Using TestExecutionListeners: [org.springframework.test.context.web.ServletTestExecutionListener@420a85c4, org.springframework.test.context.support.DirtiesContextBeforeModesTestExecutionListener@1c39680d, org.springframework.boot.test.mock.mockito.MockitoTestExecutionListener@62833051, org.springframework.boot.test.autoconfigure.SpringBootDependencyInjectionTestExecutionListener@1c852c0f, org.springframework.test.context.support.DirtiesContextTestExecutionListener@a37aefe, org.springframework.test.context.transaction.TransactionalTestExecutionListener@5d99c6b5, org.springframework.test.context.jdbc.SqlScriptsTestExecutionListener@266374ef, org.springframework.test.context.event.EventPublishingTestExecutionListener@13b3d178, org.springframework.boot.test.mock.mockito.ResetMocksTestExecutionListener@24c4ddae, org.springframework.boot.test.autoconfigure.restdocs.RestDocsTestExecutionListener@37fb0bed, org.springframework.boot.test.autoconfigure.web.client.MockRestServiceServerResetTestExecutionListener@a82c5f1, org.springframework.boot.test.autoconfigure.web.servlet.MockMvcPrintOnlyOnFailureTestExecutionListener@7b7fdc8, org.springframework.boot.test.autoconfigure.web.servlet.WebDriverTestExecutionListener@51c693d]
[INFO ] 16:18:50.888 [main] com.yys.szcp.SzcpApplicationTests - Starting SzcpApplicationTests on LAPTOP-T7DEB7H8 with PID 17252 (started by yangys in E:\MyGithubProject\blog996\szcp)
[INFO ] 16:18:50.888 [main] com.yys.szcp.SzcpApplicationTests - The following profiles are active: dev
[INFO ] 16:18:51.753 [main] o.s.d.r.c.RepositoryConfigurationDelegate - Multiple Spring Data modules found, entering strict repository configuration mode!
[INFO ] 16:18:51.756 [main] o.s.d.r.c.RepositoryConfigurationDelegate - Bootstrapping Spring Data Redis repositories in DEFAULT mode.
[INFO ] 16:18:51.786 [main] o.s.d.r.c.RepositoryConfigurationDelegate - Finished Spring Data repository scanning in 12ms. Found 0 Redis repository interfaces.
[INFO ] 16:18:52.248 [main] o.s.c.s.PostProcessorRegistrationDelegate$BeanPostProcessorChecker - Bean 'org.springframework.transaction.annotation.ProxyTransactionManagementConfiguration' of type [org.springframework.transaction.annotation.ProxyTransactionManagementConfiguration] is not eligible for getting processed by all BeanPostProcessors (for example: not eligible for auto-proxying)
[INFO ] 16:18:53.447 [main] c.alibaba.druid.pool.DruidDataSource - {dataSource-1} inited
[INFO ] 16:18:54.429 [main] s.d.s.w.PropertySourcedRequestMappingHandlerMapping - Mapped URL path [/v2/api-docs] onto method [springfox.documentation.swagger2.web.Swagger2Controller#getDocumentation(String, HttpServletRequest)]
[INFO ] 16:18:55.235 [main] o.s.s.c.ThreadPoolTaskExecutor - Initializing ExecutorService 'applicationTaskExecutor'
[INFO ] 16:18:55.728 [main] o.s.s.c.ThreadPoolTaskScheduler - Initializing ExecutorService 'taskScheduler'
[INFO ] 16:18:55.806 [main] s.d.s.w.p.DocumentationPluginsBootstrapper - Context refreshed
[INFO ] 16:18:55.843 [main] s.d.s.w.p.DocumentationPluginsBootstrapper - Found 1 custom documentation plugin(s)
[INFO ] 16:18:55.889 [main] s.d.s.w.s.ApiListingReferenceScanner - Scanning for api listing references
[INFO ] 16:18:56.591 [main] com.yys.szcp.SzcpApplicationTests - Started SzcpApplicationTests in 5.956 seconds (JVM running for 6.9)
[INFO ] 16:18:56.808 [SpringContextShutdownHook] o.s.s.c.ThreadPoolTaskScheduler - Shutting down ExecutorService 'taskScheduler'
[INFO ] 16:18:56.809 [SpringContextShutdownHook] o.s.s.c.ThreadPoolTaskExecutor - Shutting down ExecutorService 'applicationTaskExecutor'
[INFO ] 16:18:56.832 [SpringContextShutdownHook] c.alibaba.druid.pool.DruidDataSource - {dataSource-1} closed
[INFO ] 16:55:09.624 [main] com.yys.szcp.SzcpApplication - Starting SzcpApplication on LAPTOP-T7DEB7H8 with PID 31264 (E:\MyGithubProject\blog996\szcp\target\classes started by yangys in E:\MyGithubProject\blog996\szcp)
[INFO ] 16:55:09.625 [main] com.yys.szcp.SzcpApplication - The following profiles are active: dev
[INFO ] 16:55:10.376 [main] o.s.d.r.c.RepositoryConfigurationDelegate - Multiple Spring Data modules found, entering strict repository configuration mode!
[INFO ] 16:55:10.378 [main] o.s.d.r.c.RepositoryConfigurationDelegate - Bootstrapping Spring Data Redis repositories in DEFAULT mode.
[INFO ] 16:55:10.405 [main] o.s.d.r.c.RepositoryConfigurationDelegate - Finished Spring Data repository scanning in 11ms. Found 0 Redis repository interfaces.
[INFO ] 16:55:10.710 [main] o.s.c.s.PostProcessorRegistrationDelegate$BeanPostProcessorChecker - Bean 'org.springframework.transaction.annotation.ProxyTransactionManagementConfiguration' of type [org.springframework.transaction.annotation.ProxyTransactionManagementConfiguration] is not eligible for getting processed by all BeanPostProcessors (for example: not eligible for auto-proxying)
[INFO ] 16:55:10.997 [main] o.s.b.w.e.tomcat.TomcatWebServer - Tomcat initialized with port(s): 7071 (http)
[INFO ] 16:55:11.005 [main] o.a.coyote.http11.Http11NioProtocol - Initializing ProtocolHandler ["http-nio-7071"]
[INFO ] 16:55:11.005 [main] o.a.catalina.core.StandardService - Starting service [Tomcat]
[INFO ] 16:55:11.005 [main] o.a.catalina.core.StandardEngine - Starting Servlet engine: [Apache Tomcat/9.0.30]
[INFO ] 16:55:11.135 [main] o.a.c.c.C.[Tomcat].[localhost].[/] - Initializing Spring embedded WebApplicationContext
[INFO ] 16:55:11.135 [main] o.s.web.context.ContextLoader - Root WebApplicationContext: initialization completed in 1478 ms
[INFO ] 16:55:11.200 [main] o.s.b.web.servlet.RegistrationBean - Servlet statViewServlet was not registered (possibly already registered?)
[INFO ] 16:55:11.202 [main] o.s.b.web.servlet.RegistrationBean - Filter webStatFilter was not registered (possibly already registered?)
[INFO ] 16:55:12.076 [main] c.alibaba.druid.pool.DruidDataSource - {dataSource-1} inited
[INFO ] 16:55:12.508 [main] s.d.s.w.PropertySourcedRequestMappingHandlerMapping - Mapped URL path [/v2/api-docs] onto method [springfox.documentation.swagger2.web.Swagger2Controller#getDocumentation(String, HttpServletRequest)]
[INFO ] 16:55:12.795 [main] o.s.s.c.ThreadPoolTaskExecutor - Initializing ExecutorService 'applicationTaskExecutor'
[INFO ] 16:55:12.997 [main] o.s.s.c.ThreadPoolTaskScheduler - Initializing ExecutorService 'taskScheduler'
[INFO ] 16:55:13.048 [main] s.d.s.w.p.DocumentationPluginsBootstrapper - Context refreshed
[INFO ] 16:55:13.062 [main] s.d.s.w.p.DocumentationPluginsBootstrapper - Found 1 custom documentation plugin(s)
[INFO ] 16:55:13.091 [main] s.d.s.w.s.ApiListingReferenceScanner - Scanning for api listing references
[INFO ] 16:55:13.399 [main] o.a.coyote.http11.Http11NioProtocol - Starting ProtocolHandler ["http-nio-7071"]
[INFO ] 16:55:13.419 [main] o.s.b.w.e.tomcat.TomcatWebServer - Tomcat started on port(s): 7071 (http) with context path ''
[INFO ] 16:55:13.422 [main] com.yys.szcp.SzcpApplication - Started SzcpApplication in 4.069 seconds (JVM running for 5.052)
[INFO ] 16:55:14.088 [http-nio-7071-exec-1] o.a.c.c.C.[Tomcat].[localhost].[/] - Initializing Spring DispatcherServlet 'dispatcherServlet'
[INFO ] 16:55:14.088 [http-nio-7071-exec-1] o.s.web.servlet.DispatcherServlet - Initializing Servlet 'dispatcherServlet'
[INFO ] 16:55:14.093 [http-nio-7071-exec-1] o.s.web.servlet.DispatcherServlet - Completed initialization in 5 ms
[INFO ] 16:55:14.107 [http-nio-7071-exec-1] c.yys.szcp.config.jwt.JwtInterceptor - 访问路径:/fund/index
[INFO ] 16:55:27.350 [http-nio-7071-exec-2] c.yys.szcp.config.jwt.JwtInterceptor - 访问路径:/fund/index
[INFO ] 16:55:31.109 [http-nio-7071-exec-3] c.yys.szcp.config.jwt.JwtInterceptor - 访问路径:/fund/getFundDataListOne
[INFO ] 16:55:31.903 [http-nio-7071-exec-4] c.yys.szcp.config.jwt.JwtInterceptor - 访问路径:/fund/addFundInfoList
[INFO ] 16:57:54.813 [http-nio-7071-exec-7] c.yys.szcp.config.jwt.JwtInterceptor - 访问路径:/fund/getFundDataListOne
[INFO ] 16:57:55.232 [http-nio-7071-exec-8] c.yys.szcp.config.jwt.JwtInterceptor - 访问路径:/fund/addFundInfoList
[INFO ] 16:57:57.093 [http-nio-7071-exec-6] c.yys.szcp.config.jwt.JwtInterceptor - 访问路径:/fund/getFundDataListOne
[INFO ] 16:57:57.325 [http-nio-7071-exec-10] c.yys.szcp.config.jwt.JwtInterceptor - 访问路径:/fund/addFundInfoList
[INFO ] 16:59:58.972 [http-nio-7071-exec-2] c.yys.szcp.config.jwt.JwtInterceptor - 访问路径:/fund/getFundDataListOne
[INFO ] 16:59:59.292 [http-nio-7071-exec-3] c.yys.szcp.config.jwt.JwtInterceptor - 访问路径:/fund/addFundInfoList
[INFO ] 20:48:22.737 [SpringContextShutdownHook] o.s.s.c.ThreadPoolTaskScheduler - Shutting down ExecutorService 'taskScheduler'
[INFO ] 20:48:22.738 [SpringContextShutdownHook] o.s.s.c.ThreadPoolTaskExecutor - Shutting down ExecutorService 'applicationTaskExecutor'
[INFO ] 20:48:22.759 [SpringContextShutdownHook] c.alibaba.druid.pool.DruidDataSource - {dataSource-1} closed
