[INFO ] 22:56:48.859 [main] com.yys.szcp.SzcpApplication - Starting SzcpApplication on LAPTOP-T7DEB7H8 with PID 33640 (E:\MyGithubProject\blog996\szcp\target\classes started by yangys in E:\MyGithubProject\blog996\szcp)
[INFO ] 22:56:48.860 [main] com.yys.szcp.SzcpApplication - The following profiles are active: dev
[INFO ] 22:56:50.127 [main] o.s.d.r.c.RepositoryConfigurationDelegate - Multiple Spring Data modules found, entering strict repository configuration mode!
[INFO ] 22:56:50.167 [main] o.s.d.r.c.RepositoryConfigurationDelegate - Bootstrapping Spring Data Redis repositories in DEFAULT mode.
[INFO ] 22:56:50.209 [main] o.s.d.r.c.RepositoryConfigurationDelegate - Finished Spring Data repository scanning in 16ms. Found 0 Redis repository interfaces.
[INFO ] 22:56:50.630 [main] o.s.c.s.PostProcessorRegistrationDelegate$BeanPostProcessorChecker - Bean 'org.springframework.transaction.annotation.ProxyTransactionManagementConfiguration' of type [org.springframework.transaction.annotation.ProxyTransactionManagementConfiguration] is not eligible for getting processed by all BeanPostProcessors (for example: not eligible for auto-proxying)
[INFO ] 22:56:50.911 [main] o.s.b.w.e.tomcat.TomcatWebServer - Tomcat initialized with port(s): 7071 (http)
[INFO ] 22:56:50.919 [main] o.a.coyote.http11.Http11NioProtocol - Initializing ProtocolHandler ["http-nio-7071"]
[INFO ] 22:56:50.920 [main] o.a.catalina.core.StandardService - Starting service [Tomcat]
[INFO ] 22:56:50.920 [main] o.a.catalina.core.StandardEngine - Starting Servlet engine: [Apache Tomcat/9.0.30]
[INFO ] 22:56:51.070 [main] o.a.c.c.C.[Tomcat].[localhost].[/] - Initializing Spring embedded WebApplicationContext
[INFO ] 22:56:51.070 [main] o.s.web.context.ContextLoader - Root WebApplicationContext: initialization completed in 2170 ms
[INFO ] 22:56:51.114 [main] o.s.b.web.servlet.RegistrationBean - Servlet statViewServlet was not registered (possibly already registered?)
[INFO ] 22:56:51.116 [main] o.s.b.web.servlet.RegistrationBean - Filter webStatFilter was not registered (possibly already registered?)
[INFO ] 22:56:52.036 [main] c.alibaba.druid.pool.DruidDataSource - {dataSource-1} inited
[INFO ] 22:56:52.802 [main] s.d.s.w.PropertySourcedRequestMappingHandlerMapping - Mapped URL path [/v2/api-docs] onto method [springfox.documentation.swagger2.web.Swagger2Controller#getDocumentation(String, HttpServletRequest)]
[INFO ] 22:56:53.193 [main] o.s.s.c.ThreadPoolTaskExecutor - Initializing ExecutorService 'applicationTaskExecutor'
[INFO ] 22:56:53.508 [main] o.s.s.c.ThreadPoolTaskScheduler - Initializing ExecutorService 'taskScheduler'
[INFO ] 22:56:53.583 [main] s.d.s.w.p.DocumentationPluginsBootstrapper - Context refreshed
[INFO ] 22:56:53.605 [main] s.d.s.w.p.DocumentationPluginsBootstrapper - Found 1 custom documentation plugin(s)
[INFO ] 22:56:53.665 [main] s.d.s.w.s.ApiListingReferenceScanner - Scanning for api listing references
[INFO ] 22:56:54.218 [main] o.a.coyote.http11.Http11NioProtocol - Starting ProtocolHandler ["http-nio-7071"]
[INFO ] 22:56:54.270 [main] o.s.b.w.e.tomcat.TomcatWebServer - Tomcat started on port(s): 7071 (http) with context path ''
[INFO ] 22:56:54.274 [main] com.yys.szcp.SzcpApplication - Started SzcpApplication in 5.788 seconds (JVM running for 6.927)
[INFO ] 22:57:43.038 [http-nio-7071-exec-1] o.a.c.c.C.[Tomcat].[localhost].[/] - Initializing Spring DispatcherServlet 'dispatcherServlet'
[INFO ] 22:57:43.038 [http-nio-7071-exec-1] o.s.web.servlet.DispatcherServlet - Initializing Servlet 'dispatcherServlet'
[INFO ] 22:57:43.044 [http-nio-7071-exec-1] o.s.web.servlet.DispatcherServlet - Completed initialization in 6 ms
[INFO ] 22:57:43.127 [http-nio-7071-exec-1] c.yys.szcp.config.jwt.JwtInterceptor - 访问路径:/sys/admin/findAdminUserInfo
[INFO ] 22:57:43.130 [http-nio-7071-exec-1] c.yys.szcp.config.jwt.JwtInterceptor - ===== 用户未登录, 请先登录:/sys/admin/findAdminUserInfo
[INFO ] 22:57:43.182 [http-nio-7071-exec-3] c.yys.szcp.config.jwt.JwtInterceptor - 访问路径:/sys/admin/findAdminUserInfo
[INFO ] 22:57:43.724 [http-nio-7071-exec-3] c.yys.szcp.config.jwt.JwtInterceptor - ===== token解析异常 =====
[INFO ] 22:57:43.834 [http-nio-7071-exec-2] c.yys.szcp.config.jwt.JwtInterceptor - 访问路径:/sys/articleMenu/findArticleMenuToArticleListForHome
[INFO ] 22:57:43.836 [http-nio-7071-exec-4] c.yys.szcp.config.jwt.JwtInterceptor - 访问路径:/sys/articleMenu/findArticleMenuToArticleListForHome
[INFO ] 22:57:45.212 [http-nio-7071-exec-6] c.yys.szcp.config.jwt.JwtInterceptor - 访问路径:/sys/article/markdown
[INFO ] 22:57:45.214 [http-nio-7071-exec-5] c.yys.szcp.config.jwt.JwtInterceptor - 访问路径:/sys/article/markdown
[INFO ] 23:02:31.252 [http-nio-7071-exec-9] c.yys.szcp.config.jwt.JwtInterceptor - 访问路径:/sys/admin/findAdminUserInfo
[INFO ] 23:02:31.254 [http-nio-7071-exec-9] c.yys.szcp.config.jwt.JwtInterceptor - ===== token解析异常 =====
[INFO ] 23:02:31.390 [http-nio-7071-exec-8] c.yys.szcp.config.jwt.JwtInterceptor - 访问路径:/sys/articleMenu/findArticleMenuToArticleListForHome
[INFO ] 23:02:35.141 [http-nio-7071-exec-10] c.yys.szcp.config.jwt.JwtInterceptor - 访问路径:/sys/article/markdown
[INFO ] 23:02:35.457 [http-nio-7071-exec-1] c.yys.szcp.config.jwt.JwtInterceptor - 访问路径:/sys/admin/findAdminUserInfo
[INFO ] 23:02:35.458 [http-nio-7071-exec-1] c.yys.szcp.config.jwt.JwtInterceptor - ===== token解析异常 =====
[INFO ] 23:02:35.594 [http-nio-7071-exec-3] c.yys.szcp.config.jwt.JwtInterceptor - 访问路径:/sys/articleMenu/findArticleMenuToArticleListForHome
[INFO ] 23:02:37.293 [http-nio-7071-exec-2] c.yys.szcp.config.jwt.JwtInterceptor - 访问路径:/sys/article/markdown
[INFO ] 23:02:39.404 [http-nio-7071-exec-4] c.yys.szcp.config.jwt.JwtInterceptor - 访问路径:/sys/article/markdown
[INFO ] 23:02:39.406 [http-nio-7071-exec-6] c.yys.szcp.config.jwt.JwtInterceptor - 访问路径:/sys/article/markdown
[INFO ] 23:02:41.167 [http-nio-7071-exec-5] c.yys.szcp.config.jwt.JwtInterceptor - 访问路径:/sys/article/markdown
[INFO ] 23:02:44.500 [http-nio-7071-exec-7] c.yys.szcp.config.jwt.JwtInterceptor - 访问路径:/sys/article/markdown
[INFO ] 23:15:53.336 [http-nio-7071-exec-8] c.yys.szcp.config.jwt.JwtInterceptor - 访问路径:/sys/articleMenu/findArticleMenuToArticleListForHome
[INFO ] 23:15:53.337 [http-nio-7071-exec-10] c.yys.szcp.config.jwt.JwtInterceptor - 访问路径:/sys/article/markdown
[INFO ] 23:20:39.216 [http-nio-7071-exec-2] c.yys.szcp.config.jwt.JwtInterceptor - 访问路径:/sys/admin/findAdminUserInfo
[INFO ] 23:20:39.217 [http-nio-7071-exec-2] c.yys.szcp.config.jwt.JwtInterceptor - ===== token解析异常 =====
[INFO ] 23:20:39.433 [http-nio-7071-exec-4] c.yys.szcp.config.jwt.JwtInterceptor - 访问路径:/sys/articleMenu/findArticleMenuToArticleListForHome
[INFO ] 23:20:39.435 [http-nio-7071-exec-6] c.yys.szcp.config.jwt.JwtInterceptor - 访问路径:/sys/article/markdown
[INFO ] 23:20:42.698 [http-nio-7071-exec-5] c.yys.szcp.config.jwt.JwtInterceptor - 访问路径:/sys/article/markdown
[INFO ] 23:21:30.347 [http-nio-7071-exec-7] c.yys.szcp.config.jwt.JwtInterceptor - 访问路径:/sys/admin/findAdminUserInfo
[INFO ] 23:21:30.348 [http-nio-7071-exec-7] c.yys.szcp.config.jwt.JwtInterceptor - ===== token解析异常 =====
[INFO ] 23:21:30.479 [http-nio-7071-exec-9] c.yys.szcp.config.jwt.JwtInterceptor - 访问路径:/sys/articleMenu/findArticleMenuToArticleListForHome
[INFO ] 23:21:30.479 [http-nio-7071-exec-10] c.yys.szcp.config.jwt.JwtInterceptor - 访问路径:/sys/article/markdown
[INFO ] 23:21:31.703 [http-nio-7071-exec-8] c.yys.szcp.config.jwt.JwtInterceptor - 访问路径:/sys/article/markdown
[INFO ] 23:23:42.117 [http-nio-7071-exec-2] c.yys.szcp.config.jwt.JwtInterceptor - 访问路径:/sys/articleMenu/findArticleMenuToArticleListForHome
[INFO ] 23:23:42.118 [http-nio-7071-exec-6] c.yys.szcp.config.jwt.JwtInterceptor - 访问路径:/sys/article/markdown
[INFO ] 23:25:35.622 [http-nio-7071-exec-7] c.yys.szcp.config.jwt.JwtInterceptor - 访问路径:/sys/articleMenu/findArticleMenuToArticleListForHome
[INFO ] 23:25:35.623 [http-nio-7071-exec-10] c.yys.szcp.config.jwt.JwtInterceptor - 访问路径:/sys/article/markdown
[INFO ] 23:34:00.619 [SpringContextShutdownHook] o.s.s.c.ThreadPoolTaskScheduler - Shutting down ExecutorService 'taskScheduler'
[INFO ] 23:34:00.619 [SpringContextShutdownHook] o.s.s.c.ThreadPoolTaskExecutor - Shutting down ExecutorService 'applicationTaskExecutor'
[INFO ] 23:34:00.640 [SpringContextShutdownHook] c.alibaba.druid.pool.DruidDataSource - {dataSource-1} closed
[INFO ] 23:34:04.871 [main] com.yys.szcp.SzcpApplication - Starting SzcpApplication on LAPTOP-T7DEB7H8 with PID 30536 (E:\MyGithubProject\blog996\szcp\target\classes started by yangys in E:\MyGithubProject\blog996\szcp)
[INFO ] 23:34:04.871 [main] com.yys.szcp.SzcpApplication - The following profiles are active: dev
[INFO ] 23:34:05.773 [main] o.s.d.r.c.RepositoryConfigurationDelegate - Multiple Spring Data modules found, entering strict repository configuration mode!
[INFO ] 23:34:05.778 [main] o.s.d.r.c.RepositoryConfigurationDelegate - Bootstrapping Spring Data Redis repositories in DEFAULT mode.
[INFO ] 23:34:05.806 [main] o.s.d.r.c.RepositoryConfigurationDelegate - Finished Spring Data repository scanning in 12ms. Found 0 Redis repository interfaces.
[INFO ] 23:34:06.122 [main] o.s.c.s.PostProcessorRegistrationDelegate$BeanPostProcessorChecker - Bean 'org.springframework.transaction.annotation.ProxyTransactionManagementConfiguration' of type [org.springframework.transaction.annotation.ProxyTransactionManagementConfiguration] is not eligible for getting processed by all BeanPostProcessors (for example: not eligible for auto-proxying)
[INFO ] 23:34:06.373 [main] o.s.b.w.e.tomcat.TomcatWebServer - Tomcat initialized with port(s): 7071 (http)
[INFO ] 23:34:06.379 [main] o.a.coyote.http11.Http11NioProtocol - Initializing ProtocolHandler ["http-nio-7071"]
[INFO ] 23:34:06.380 [main] o.a.catalina.core.StandardService - Starting service [Tomcat]
[INFO ] 23:34:06.380 [main] o.a.catalina.core.StandardEngine - Starting Servlet engine: [Apache Tomcat/9.0.30]
[INFO ] 23:34:06.516 [main] o.a.c.c.C.[Tomcat].[localhost].[/] - Initializing Spring embedded WebApplicationContext
[INFO ] 23:34:06.516 [main] o.s.web.context.ContextLoader - Root WebApplicationContext: initialization completed in 1604 ms
[INFO ] 23:34:06.550 [main] o.s.b.web.servlet.RegistrationBean - Servlet statViewServlet was not registered (possibly already registered?)
[INFO ] 23:34:06.559 [main] o.s.b.web.servlet.RegistrationBean - Filter webStatFilter was not registered (possibly already registered?)
[INFO ] 23:34:07.449 [main] c.alibaba.druid.pool.DruidDataSource - {dataSource-1} inited
[INFO ] 23:34:08.000 [main] s.d.s.w.PropertySourcedRequestMappingHandlerMapping - Mapped URL path [/v2/api-docs] onto method [springfox.documentation.swagger2.web.Swagger2Controller#getDocumentation(String, HttpServletRequest)]
[INFO ] 23:34:08.337 [main] o.s.s.c.ThreadPoolTaskExecutor - Initializing ExecutorService 'applicationTaskExecutor'
[INFO ] 23:34:08.590 [main] o.s.s.c.ThreadPoolTaskScheduler - Initializing ExecutorService 'taskScheduler'
[INFO ] 23:34:08.627 [main] s.d.s.w.p.DocumentationPluginsBootstrapper - Context refreshed
[INFO ] 23:34:08.655 [main] s.d.s.w.p.DocumentationPluginsBootstrapper - Found 1 custom documentation plugin(s)
[INFO ] 23:34:08.683 [main] s.d.s.w.s.ApiListingReferenceScanner - Scanning for api listing references
[INFO ] 23:34:09.068 [main] o.a.coyote.http11.Http11NioProtocol - Starting ProtocolHandler ["http-nio-7071"]
[INFO ] 23:34:09.085 [main] o.s.b.w.e.tomcat.TomcatWebServer - Tomcat started on port(s): 7071 (http) with context path ''
[INFO ] 23:34:09.087 [main] com.yys.szcp.SzcpApplication - Started SzcpApplication in 4.581 seconds (JVM running for 5.716)
[INFO ] 23:34:23.724 [http-nio-7071-exec-1] o.a.c.c.C.[Tomcat].[localhost].[/] - Initializing Spring DispatcherServlet 'dispatcherServlet'
[INFO ] 23:34:23.725 [http-nio-7071-exec-1] o.s.web.servlet.DispatcherServlet - Initializing Servlet 'dispatcherServlet'
[INFO ] 23:34:23.730 [http-nio-7071-exec-1] o.s.web.servlet.DispatcherServlet - Completed initialization in 5 ms
[INFO ] 23:34:23.745 [http-nio-7071-exec-1] c.yys.szcp.config.jwt.JwtInterceptor - 访问路径:/sys/admin/findAdminUserInfo
[INFO ] 23:34:24.436 [http-nio-7071-exec-1] c.yys.szcp.config.jwt.JwtInterceptor - ===== token解析异常 =====
[INFO ] 23:34:24.555 [http-nio-7071-exec-2] c.yys.szcp.config.jwt.JwtInterceptor - 访问路径:/sys/articleMenu/findArticleMenuToArticleListForHome
[INFO ] 23:34:24.558 [http-nio-7071-exec-3] c.yys.szcp.config.jwt.JwtInterceptor - 访问路径:/sys/article/markdown
[INFO ] 23:34:26.043 [http-nio-7071-exec-4] c.yys.szcp.config.jwt.JwtInterceptor - 访问路径:/sys/article/markdown
[INFO ] 23:34:42.956 [http-nio-7071-exec-5] c.yys.szcp.config.jwt.JwtInterceptor - 访问路径:/sys/article/findArticleListByName
[INFO ] 23:34:42.956 [http-nio-7071-exec-5] c.yys.szcp.config.jwt.JwtInterceptor - ===== 用户未登录, 请先登录:/sys/article/findArticleListByName
[INFO ] 23:34:42.958 [http-nio-7071-exec-6] c.yys.szcp.config.jwt.JwtInterceptor - 访问路径:/sys/article/findArticleListByName
[INFO ] 23:34:42.959 [http-nio-7071-exec-6] c.yys.szcp.config.jwt.JwtInterceptor - ===== token解析异常 =====
[INFO ] 23:34:43.062 [http-nio-7071-exec-7] c.yys.szcp.config.jwt.JwtInterceptor - 访问路径:/sys/article/findArticleListByName
[INFO ] 23:34:43.063 [http-nio-7071-exec-7] c.yys.szcp.config.jwt.JwtInterceptor - ===== token解析异常 =====
[INFO ] 23:34:43.177 [http-nio-7071-exec-8] c.yys.szcp.config.jwt.JwtInterceptor - 访问路径:/sys/article/findArticleListByName
[INFO ] 23:34:43.178 [http-nio-7071-exec-8] c.yys.szcp.config.jwt.JwtInterceptor - ===== token解析异常 =====
[INFO ] 23:34:43.590 [http-nio-7071-exec-9] c.yys.szcp.config.jwt.JwtInterceptor - 访问路径:/sys/article/findArticleListByName
[INFO ] 23:34:43.590 [http-nio-7071-exec-9] c.yys.szcp.config.jwt.JwtInterceptor - ===== token解析异常 =====
[INFO ] 23:34:44.018 [http-nio-7071-exec-10] c.yys.szcp.config.jwt.JwtInterceptor - 访问路径:/sys/article/findArticleListByName
[INFO ] 23:34:44.019 [http-nio-7071-exec-10] c.yys.szcp.config.jwt.JwtInterceptor - ===== token解析异常 =====
[INFO ] 23:34:44.178 [http-nio-7071-exec-1] c.yys.szcp.config.jwt.JwtInterceptor - 访问路径:/sys/article/findArticleListByName
[INFO ] 23:34:44.178 [http-nio-7071-exec-1] c.yys.szcp.config.jwt.JwtInterceptor - ===== token解析异常 =====
[INFO ] 23:34:44.304 [http-nio-7071-exec-3] c.yys.szcp.config.jwt.JwtInterceptor - 访问路径:/sys/article/findArticleListByName
[INFO ] 23:34:44.305 [http-nio-7071-exec-3] c.yys.szcp.config.jwt.JwtInterceptor - ===== token解析异常 =====
[INFO ] 23:34:45.737 [http-nio-7071-exec-2] c.yys.szcp.config.jwt.JwtInterceptor - 访问路径:/sys/article/findArticleListByName
[INFO ] 23:34:45.738 [http-nio-7071-exec-2] c.yys.szcp.config.jwt.JwtInterceptor - ===== token解析异常 =====
[INFO ] 23:35:45.020 [SpringContextShutdownHook] o.s.s.c.ThreadPoolTaskScheduler - Shutting down ExecutorService 'taskScheduler'
[INFO ] 23:35:45.021 [SpringContextShutdownHook] o.s.s.c.ThreadPoolTaskExecutor - Shutting down ExecutorService 'applicationTaskExecutor'
[INFO ] 23:35:45.053 [SpringContextShutdownHook] c.alibaba.druid.pool.DruidDataSource - {dataSource-1} closed
[INFO ] 23:36:20.306 [main] com.yys.szcp.SzcpApplication - Starting SzcpApplication on LAPTOP-T7DEB7H8 with PID 13192 (E:\MyGithubProject\blog996\szcp\target\classes started by yangys in E:\MyGithubProject\blog996\szcp)
[INFO ] 23:36:20.307 [main] com.yys.szcp.SzcpApplication - The following profiles are active: dev
[INFO ] 23:36:21.312 [main] o.s.d.r.c.RepositoryConfigurationDelegate - Multiple Spring Data modules found, entering strict repository configuration mode!
[INFO ] 23:36:21.341 [main] o.s.d.r.c.RepositoryConfigurationDelegate - Bootstrapping Spring Data Redis repositories in DEFAULT mode.
[INFO ] 23:36:21.363 [main] o.s.d.r.c.RepositoryConfigurationDelegate - Finished Spring Data repository scanning in 10ms. Found 0 Redis repository interfaces.
[INFO ] 23:36:21.683 [main] o.s.c.s.PostProcessorRegistrationDelegate$BeanPostProcessorChecker - Bean 'org.springframework.transaction.annotation.ProxyTransactionManagementConfiguration' of type [org.springframework.transaction.annotation.ProxyTransactionManagementConfiguration] is not eligible for getting processed by all BeanPostProcessors (for example: not eligible for auto-proxying)
[INFO ] 23:36:21.951 [main] o.s.b.w.e.tomcat.TomcatWebServer - Tomcat initialized with port(s): 7071 (http)
[INFO ] 23:36:21.958 [main] o.a.coyote.http11.Http11NioProtocol - Initializing ProtocolHandler ["http-nio-7071"]
[INFO ] 23:36:21.959 [main] o.a.catalina.core.StandardService - Starting service [Tomcat]
[INFO ] 23:36:21.959 [main] o.a.catalina.core.StandardEngine - Starting Servlet engine: [Apache Tomcat/9.0.30]
[INFO ] 23:36:22.114 [main] o.a.c.c.C.[Tomcat].[localhost].[/] - Initializing Spring embedded WebApplicationContext
[INFO ] 23:36:22.114 [main] o.s.web.context.ContextLoader - Root WebApplicationContext: initialization completed in 1762 ms
[INFO ] 23:36:22.154 [main] o.s.b.web.servlet.RegistrationBean - Servlet statViewServlet was not registered (possibly already registered?)
[INFO ] 23:36:22.156 [main] o.s.b.web.servlet.RegistrationBean - Filter webStatFilter was not registered (possibly already registered?)
[INFO ] 23:36:23.061 [main] c.alibaba.druid.pool.DruidDataSource - {dataSource-1} inited
[INFO ] 23:36:23.731 [main] s.d.s.w.PropertySourcedRequestMappingHandlerMapping - Mapped URL path [/v2/api-docs] onto method [springfox.documentation.swagger2.web.Swagger2Controller#getDocumentation(String, HttpServletRequest)]
[INFO ] 23:36:24.105 [main] o.s.s.c.ThreadPoolTaskExecutor - Initializing ExecutorService 'applicationTaskExecutor'
[INFO ] 23:36:24.407 [main] o.s.s.c.ThreadPoolTaskScheduler - Initializing ExecutorService 'taskScheduler'
[INFO ] 23:36:24.463 [main] s.d.s.w.p.DocumentationPluginsBootstrapper - Context refreshed
[INFO ] 23:36:24.479 [main] s.d.s.w.p.DocumentationPluginsBootstrapper - Found 1 custom documentation plugin(s)
[INFO ] 23:36:24.522 [main] s.d.s.w.s.ApiListingReferenceScanner - Scanning for api listing references
[INFO ] 23:36:24.968 [main] o.a.coyote.http11.Http11NioProtocol - Starting ProtocolHandler ["http-nio-7071"]
[INFO ] 23:36:24.986 [main] o.s.b.w.e.tomcat.TomcatWebServer - Tomcat started on port(s): 7071 (http) with context path ''
[INFO ] 23:36:24.989 [main] com.yys.szcp.SzcpApplication - Started SzcpApplication in 5.061 seconds (JVM running for 6.173)
[INFO ] 23:37:47.819 [http-nio-7071-exec-2] o.a.c.c.C.[Tomcat].[localhost].[/] - Initializing Spring DispatcherServlet 'dispatcherServlet'
[INFO ] 23:37:47.819 [http-nio-7071-exec-2] o.s.web.servlet.DispatcherServlet - Initializing Servlet 'dispatcherServlet'
[INFO ] 23:37:47.824 [http-nio-7071-exec-2] o.s.web.servlet.DispatcherServlet - Completed initialization in 5 ms
[INFO ] 23:37:47.839 [http-nio-7071-exec-2] c.yys.szcp.config.jwt.JwtInterceptor - 访问路径:/sys/articleMenu/findArticleMenuToArticleListForHome
[INFO ] 23:37:47.839 [http-nio-7071-exec-1] c.yys.szcp.config.jwt.JwtInterceptor - 访问路径:/sys/article/markdown
[INFO ] 23:37:57.870 [http-nio-7071-exec-3] c.yys.szcp.config.jwt.JwtInterceptor - 访问路径:/sys/article/findArticleListByName
[INFO ] 23:37:58.377 [http-nio-7071-exec-3] c.yys.szcp.config.jwt.JwtInterceptor - ===== token解析异常 =====
[INFO ] 23:37:59.992 [http-nio-7071-exec-4] c.yys.szcp.config.jwt.JwtInterceptor - 访问路径:/sys/article/findArticleListByName
[INFO ] 23:37:59.994 [http-nio-7071-exec-4] c.yys.szcp.config.jwt.JwtInterceptor - ===== token解析异常 =====
[INFO ] 23:39:03.389 [SpringContextShutdownHook] o.s.s.c.ThreadPoolTaskScheduler - Shutting down ExecutorService 'taskScheduler'
[INFO ] 23:39:03.390 [SpringContextShutdownHook] o.s.s.c.ThreadPoolTaskExecutor - Shutting down ExecutorService 'applicationTaskExecutor'
[INFO ] 23:39:03.434 [SpringContextShutdownHook] c.alibaba.druid.pool.DruidDataSource - {dataSource-1} closed
[INFO ] 23:39:09.451 [main] com.yys.szcp.SzcpApplication - Starting SzcpApplication on LAPTOP-T7DEB7H8 with PID 30676 (E:\MyGithubProject\blog996\szcp\target\classes started by yangys in E:\MyGithubProject\blog996\szcp)
[INFO ] 23:39:09.452 [main] com.yys.szcp.SzcpApplication - The following profiles are active: dev
[INFO ] 23:39:10.563 [main] o.s.d.r.c.RepositoryConfigurationDelegate - Multiple Spring Data modules found, entering strict repository configuration mode!
[INFO ] 23:39:10.568 [main] o.s.d.r.c.RepositoryConfigurationDelegate - Bootstrapping Spring Data Redis repositories in DEFAULT mode.
[INFO ] 23:39:10.600 [main] o.s.d.r.c.RepositoryConfigurationDelegate - Finished Spring Data repository scanning in 14ms. Found 0 Redis repository interfaces.
[INFO ] 23:39:10.982 [main] o.s.c.s.PostProcessorRegistrationDelegate$BeanPostProcessorChecker - Bean 'org.springframework.transaction.annotation.ProxyTransactionManagementConfiguration' of type [org.springframework.transaction.annotation.ProxyTransactionManagementConfiguration] is not eligible for getting processed by all BeanPostProcessors (for example: not eligible for auto-proxying)
[INFO ] 23:39:11.260 [main] o.s.b.w.e.tomcat.TomcatWebServer - Tomcat initialized with port(s): 7071 (http)
[INFO ] 23:39:11.269 [main] o.a.coyote.http11.Http11NioProtocol - Initializing ProtocolHandler ["http-nio-7071"]
[INFO ] 23:39:11.269 [main] o.a.catalina.core.StandardService - Starting service [Tomcat]
[INFO ] 23:39:11.270 [main] o.a.catalina.core.StandardEngine - Starting Servlet engine: [Apache Tomcat/9.0.30]
[INFO ] 23:39:11.444 [main] o.a.c.c.C.[Tomcat].[localhost].[/] - Initializing Spring embedded WebApplicationContext
[INFO ] 23:39:11.445 [main] o.s.web.context.ContextLoader - Root WebApplicationContext: initialization completed in 1945 ms
[INFO ] 23:39:11.479 [main] o.s.b.web.servlet.RegistrationBean - Servlet statViewServlet was not registered (possibly already registered?)
[INFO ] 23:39:11.482 [main] o.s.b.web.servlet.RegistrationBean - Filter webStatFilter was not registered (possibly already registered?)
[INFO ] 23:39:12.426 [main] c.alibaba.druid.pool.DruidDataSource - {dataSource-1} inited
[INFO ] 23:39:13.028 [main] s.d.s.w.PropertySourcedRequestMappingHandlerMapping - Mapped URL path [/v2/api-docs] onto method [springfox.documentation.swagger2.web.Swagger2Controller#getDocumentation(String, HttpServletRequest)]
[INFO ] 23:39:13.402 [main] o.s.s.c.ThreadPoolTaskExecutor - Initializing ExecutorService 'applicationTaskExecutor'
[INFO ] 23:39:13.662 [main] o.s.s.c.ThreadPoolTaskScheduler - Initializing ExecutorService 'taskScheduler'
[INFO ] 23:39:13.710 [main] s.d.s.w.p.DocumentationPluginsBootstrapper - Context refreshed
[INFO ] 23:39:13.725 [main] s.d.s.w.p.DocumentationPluginsBootstrapper - Found 1 custom documentation plugin(s)
[INFO ] 23:39:13.771 [main] s.d.s.w.s.ApiListingReferenceScanner - Scanning for api listing references
[INFO ] 23:39:14.230 [main] o.a.coyote.http11.Http11NioProtocol - Starting ProtocolHandler ["http-nio-7071"]
[INFO ] 23:39:14.265 [main] o.s.b.w.e.tomcat.TomcatWebServer - Tomcat started on port(s): 7071 (http) with context path ''
[INFO ] 23:39:14.268 [main] com.yys.szcp.SzcpApplication - Started SzcpApplication in 5.292 seconds (JVM running for 6.546)
[INFO ] 23:39:39.670 [http-nio-7071-exec-2] o.a.c.c.C.[Tomcat].[localhost].[/] - Initializing Spring DispatcherServlet 'dispatcherServlet'
[INFO ] 23:39:39.670 [http-nio-7071-exec-2] o.s.web.servlet.DispatcherServlet - Initializing Servlet 'dispatcherServlet'
[INFO ] 23:39:39.737 [http-nio-7071-exec-2] o.s.web.servlet.DispatcherServlet - Completed initialization in 67 ms
[INFO ] 23:39:39.752 [http-nio-7071-exec-1] c.yys.szcp.config.jwt.JwtInterceptor - 访问路径:/sys/article/markdown
[INFO ] 23:39:39.752 [http-nio-7071-exec-2] c.yys.szcp.config.jwt.JwtInterceptor - 访问路径:/sys/articleMenu/findArticleMenuToArticleListForHome
[INFO ] 23:41:09.195 [http-nio-7071-exec-5] c.yys.szcp.config.jwt.JwtInterceptor - 访问路径:/sys/articleMenu/findArticleMenuToArticleListForHome
[INFO ] 23:41:09.196 [http-nio-7071-exec-6] c.yys.szcp.config.jwt.JwtInterceptor - 访问路径:/sys/article/markdown
[INFO ] 23:41:13.524 [http-nio-7071-exec-7] c.yys.szcp.config.jwt.JwtInterceptor - 访问路径:/sys/admin/findAdminUserInfo
[INFO ] 23:41:14.198 [http-nio-7071-exec-7] c.yys.szcp.config.jwt.JwtInterceptor - ===== token解析异常 =====
[INFO ] 23:41:14.370 [http-nio-7071-exec-8] c.yys.szcp.config.jwt.JwtInterceptor - 访问路径:/sys/articleMenu/findArticleMenuToArticleListForHome
[INFO ] 23:41:14.370 [http-nio-7071-exec-9] c.yys.szcp.config.jwt.JwtInterceptor - 访问路径:/sys/article/markdown
[INFO ] 23:41:15.654 [http-nio-7071-exec-10] c.yys.szcp.config.jwt.JwtInterceptor - 访问路径:/sys/article/markdown
[INFO ] 23:41:22.370 [http-nio-7071-exec-1] c.yys.szcp.config.jwt.JwtInterceptor - 访问路径:/sys/article/findArticleListByName
[INFO ] 23:41:22.374 [http-nio-7071-exec-2] c.yys.szcp.config.jwt.JwtInterceptor - 访问路径:/sys/article/findArticleListByName
[INFO ] 23:41:54.860 [SpringContextShutdownHook] o.s.s.c.ThreadPoolTaskScheduler - Shutting down ExecutorService 'taskScheduler'
[INFO ] 23:41:54.861 [SpringContextShutdownHook] o.s.s.c.ThreadPoolTaskExecutor - Shutting down ExecutorService 'applicationTaskExecutor'
[INFO ] 23:41:54.924 [SpringContextShutdownHook] c.alibaba.druid.pool.DruidDataSource - {dataSource-1} closed
[INFO ] 23:42:00.901 [main] com.yys.szcp.SzcpApplication - Starting SzcpApplication on LAPTOP-T7DEB7H8 with PID 25024 (E:\MyGithubProject\blog996\szcp\target\classes started by yangys in E:\MyGithubProject\blog996\szcp)
[INFO ] 23:42:00.902 [main] com.yys.szcp.SzcpApplication - The following profiles are active: dev
[INFO ] 23:42:01.929 [main] o.s.d.r.c.RepositoryConfigurationDelegate - Multiple Spring Data modules found, entering strict repository configuration mode!
[INFO ] 23:42:01.936 [main] o.s.d.r.c.RepositoryConfigurationDelegate - Bootstrapping Spring Data Redis repositories in DEFAULT mode.
[INFO ] 23:42:01.964 [main] o.s.d.r.c.RepositoryConfigurationDelegate - Finished Spring Data repository scanning in 12ms. Found 0 Redis repository interfaces.
[INFO ] 23:42:02.306 [main] o.s.c.s.PostProcessorRegistrationDelegate$BeanPostProcessorChecker - Bean 'org.springframework.transaction.annotation.ProxyTransactionManagementConfiguration' of type [org.springframework.transaction.annotation.ProxyTransactionManagementConfiguration] is not eligible for getting processed by all BeanPostProcessors (for example: not eligible for auto-proxying)
[INFO ] 23:42:02.567 [main] o.s.b.w.e.tomcat.TomcatWebServer - Tomcat initialized with port(s): 7071 (http)
[INFO ] 23:42:02.574 [main] o.a.coyote.http11.Http11NioProtocol - Initializing ProtocolHandler ["http-nio-7071"]
[INFO ] 23:42:02.574 [main] o.a.catalina.core.StandardService - Starting service [Tomcat]
[INFO ] 23:42:02.574 [main] o.a.catalina.core.StandardEngine - Starting Servlet engine: [Apache Tomcat/9.0.30]
[INFO ] 23:42:02.730 [main] o.a.c.c.C.[Tomcat].[localhost].[/] - Initializing Spring embedded WebApplicationContext
[INFO ] 23:42:02.730 [main] o.s.web.context.ContextLoader - Root WebApplicationContext: initialization completed in 1784 ms
[INFO ] 23:42:02.763 [main] o.s.b.web.servlet.RegistrationBean - Servlet statViewServlet was not registered (possibly already registered?)
[INFO ] 23:42:02.766 [main] o.s.b.web.servlet.RegistrationBean - Filter webStatFilter was not registered (possibly already registered?)
[INFO ] 23:42:03.666 [main] c.alibaba.druid.pool.DruidDataSource - {dataSource-1} inited
[INFO ] 23:42:04.273 [main] s.d.s.w.PropertySourcedRequestMappingHandlerMapping - Mapped URL path [/v2/api-docs] onto method [springfox.documentation.swagger2.web.Swagger2Controller#getDocumentation(String, HttpServletRequest)]
[INFO ] 23:42:04.637 [main] o.s.s.c.ThreadPoolTaskExecutor - Initializing ExecutorService 'applicationTaskExecutor'
[INFO ] 23:42:04.931 [main] o.s.s.c.ThreadPoolTaskScheduler - Initializing ExecutorService 'taskScheduler'
[INFO ] 23:42:04.968 [main] s.d.s.w.p.DocumentationPluginsBootstrapper - Context refreshed
[INFO ] 23:42:04.984 [main] s.d.s.w.p.DocumentationPluginsBootstrapper - Found 1 custom documentation plugin(s)
[INFO ] 23:42:05.031 [main] s.d.s.w.s.ApiListingReferenceScanner - Scanning for api listing references
[INFO ] 23:42:05.436 [main] o.a.coyote.http11.Http11NioProtocol - Starting ProtocolHandler ["http-nio-7071"]
[INFO ] 23:42:05.457 [main] o.s.b.w.e.tomcat.TomcatWebServer - Tomcat started on port(s): 7071 (http) with context path ''
[INFO ] 23:42:05.459 [main] com.yys.szcp.SzcpApplication - Started SzcpApplication in 4.982 seconds (JVM running for 6.277)
[INFO ] 23:42:31.475 [http-nio-7071-exec-1] o.a.c.c.C.[Tomcat].[localhost].[/] - Initializing Spring DispatcherServlet 'dispatcherServlet'
[INFO ] 23:42:31.475 [http-nio-7071-exec-1] o.s.web.servlet.DispatcherServlet - Initializing Servlet 'dispatcherServlet'
[INFO ] 23:42:31.480 [http-nio-7071-exec-1] o.s.web.servlet.DispatcherServlet - Completed initialization in 5 ms
[INFO ] 23:42:31.510 [http-nio-7071-exec-1] c.yys.szcp.config.jwt.JwtInterceptor - 访问路径:/sys/admin/findAdminUserInfo
[INFO ] 23:42:32.171 [http-nio-7071-exec-1] c.yys.szcp.config.jwt.JwtInterceptor - ===== token解析异常 =====
[INFO ] 23:42:32.313 [http-nio-7071-exec-2] c.yys.szcp.config.jwt.JwtInterceptor - 访问路径:/sys/articleMenu/findArticleMenuToArticleListForHome
[INFO ] 23:42:32.315 [http-nio-7071-exec-3] c.yys.szcp.config.jwt.JwtInterceptor - 访问路径:/sys/article/markdown
[INFO ] 23:42:33.844 [http-nio-7071-exec-4] c.yys.szcp.config.jwt.JwtInterceptor - 访问路径:/sys/article/markdown
[INFO ] 23:42:41.708 [http-nio-7071-exec-5] c.yys.szcp.config.jwt.JwtInterceptor - 访问路径:/sys/article/findArticleListByName
[INFO ] 23:42:56.188 [http-nio-7071-exec-6] c.yys.szcp.config.jwt.JwtInterceptor - 访问路径:/sys/article/findArticleListByName
[INFO ] 23:42:56.192 [http-nio-7071-exec-7] c.yys.szcp.config.jwt.JwtInterceptor - 访问路径:/sys/article/findArticleListByName
[INFO ] 23:44:00.346 [http-nio-7071-exec-9] c.yys.szcp.config.jwt.JwtInterceptor - 访问路径:/sys/article/findArticleListByName
[INFO ] 23:44:04.461 [http-nio-7071-exec-10] c.yys.szcp.config.jwt.JwtInterceptor - 访问路径:/sys/article/findArticleListByName
[INFO ] 23:44:04.463 [http-nio-7071-exec-1] c.yys.szcp.config.jwt.JwtInterceptor - 访问路径:/sys/article/findArticleListByName
[INFO ] 23:44:05.499 [http-nio-7071-exec-3] c.yys.szcp.config.jwt.JwtInterceptor - 访问路径:/sys/article/findArticleListByName
[INFO ] 23:44:05.500 [http-nio-7071-exec-2] c.yys.szcp.config.jwt.JwtInterceptor - 访问路径:/sys/article/findArticleListByName
[INFO ] 23:44:07.330 [http-nio-7071-exec-4] c.yys.szcp.config.jwt.JwtInterceptor - 访问路径:/sys/article/findArticleListByName
[INFO ] 23:44:07.332 [http-nio-7071-exec-5] c.yys.szcp.config.jwt.JwtInterceptor - 访问路径:/sys/article/findArticleListByName
[INFO ] 23:44:09.937 [http-nio-7071-exec-6] c.yys.szcp.config.jwt.JwtInterceptor - 访问路径:/sys/article/findArticleListByName
[INFO ] 23:44:09.938 [http-nio-7071-exec-7] c.yys.szcp.config.jwt.JwtInterceptor - 访问路径:/sys/article/findArticleListByName
[INFO ] 23:44:10.961 [http-nio-7071-exec-8] c.yys.szcp.config.jwt.JwtInterceptor - 访问路径:/sys/article/findArticleListByName
[INFO ] 23:44:10.963 [http-nio-7071-exec-9] c.yys.szcp.config.jwt.JwtInterceptor - 访问路径:/sys/article/findArticleListByName
[INFO ] 23:44:17.953 [http-nio-7071-exec-10] c.yys.szcp.config.jwt.JwtInterceptor - 访问路径:/sys/article/findArticleListByName
[INFO ] 23:44:17.954 [http-nio-7071-exec-1] c.yys.szcp.config.jwt.JwtInterceptor - 访问路径:/sys/article/findArticleListByName
[INFO ] 23:45:26.757 [http-nio-7071-exec-2] c.yys.szcp.config.jwt.JwtInterceptor - 访问路径:/sys/article/findArticleListByName
[INFO ] 23:45:26.759 [http-nio-7071-exec-4] c.yys.szcp.config.jwt.JwtInterceptor - 访问路径:/sys/article/findArticleListByName
[INFO ] 23:45:33.144 [http-nio-7071-exec-5] c.yys.szcp.config.jwt.JwtInterceptor - 访问路径:/sys/article/findArticleListByName
[INFO ] 23:45:33.145 [http-nio-7071-exec-6] c.yys.szcp.config.jwt.JwtInterceptor - 访问路径:/sys/article/findArticleListByName
[INFO ] 23:45:33.659 [http-nio-7071-exec-7] c.yys.szcp.config.jwt.JwtInterceptor - 访问路径:/sys/article/findArticleListByName
[INFO ] 23:45:33.661 [http-nio-7071-exec-8] c.yys.szcp.config.jwt.JwtInterceptor - 访问路径:/sys/article/findArticleListByName
[INFO ] 23:45:33.690 [http-nio-7071-exec-9] c.yys.szcp.config.jwt.JwtInterceptor - 访问路径:/sys/article/findArticleListByName
[INFO ] 23:45:33.692 [http-nio-7071-exec-10] c.yys.szcp.config.jwt.JwtInterceptor - 访问路径:/sys/article/findArticleListByName
[INFO ] 23:45:33.718 [http-nio-7071-exec-1] c.yys.szcp.config.jwt.JwtInterceptor - 访问路径:/sys/article/findArticleListByName
[INFO ] 23:45:33.720 [http-nio-7071-exec-3] c.yys.szcp.config.jwt.JwtInterceptor - 访问路径:/sys/article/findArticleListByName
[INFO ] 23:45:33.752 [http-nio-7071-exec-2] c.yys.szcp.config.jwt.JwtInterceptor - 访问路径:/sys/article/findArticleListByName
[INFO ] 23:45:33.754 [http-nio-7071-exec-4] c.yys.szcp.config.jwt.JwtInterceptor - 访问路径:/sys/article/findArticleListByName
[INFO ] 23:45:33.781 [http-nio-7071-exec-5] c.yys.szcp.config.jwt.JwtInterceptor - 访问路径:/sys/article/findArticleListByName
[INFO ] 23:45:33.783 [http-nio-7071-exec-6] c.yys.szcp.config.jwt.JwtInterceptor - 访问路径:/sys/article/findArticleListByName
[INFO ] 23:45:33.808 [http-nio-7071-exec-7] c.yys.szcp.config.jwt.JwtInterceptor - 访问路径:/sys/article/findArticleListByName
[INFO ] 23:45:33.810 [http-nio-7071-exec-8] c.yys.szcp.config.jwt.JwtInterceptor - 访问路径:/sys/article/findArticleListByName
[INFO ] 23:45:33.839 [http-nio-7071-exec-9] c.yys.szcp.config.jwt.JwtInterceptor - 访问路径:/sys/article/findArticleListByName
[INFO ] 23:45:33.841 [http-nio-7071-exec-10] c.yys.szcp.config.jwt.JwtInterceptor - 访问路径:/sys/article/findArticleListByName
[INFO ] 23:45:33.868 [http-nio-7071-exec-1] c.yys.szcp.config.jwt.JwtInterceptor - 访问路径:/sys/article/findArticleListByName
[INFO ] 23:45:33.870 [http-nio-7071-exec-3] c.yys.szcp.config.jwt.JwtInterceptor - 访问路径:/sys/article/findArticleListByName
[INFO ] 23:45:33.897 [http-nio-7071-exec-2] c.yys.szcp.config.jwt.JwtInterceptor - 访问路径:/sys/article/findArticleListByName
[INFO ] 23:45:33.899 [http-nio-7071-exec-4] c.yys.szcp.config.jwt.JwtInterceptor - 访问路径:/sys/article/findArticleListByName
[INFO ] 23:45:33.929 [http-nio-7071-exec-5] c.yys.szcp.config.jwt.JwtInterceptor - 访问路径:/sys/article/findArticleListByName
[INFO ] 23:45:33.931 [http-nio-7071-exec-6] c.yys.szcp.config.jwt.JwtInterceptor - 访问路径:/sys/article/findArticleListByName
[INFO ] 23:45:33.958 [http-nio-7071-exec-7] c.yys.szcp.config.jwt.JwtInterceptor - 访问路径:/sys/article/findArticleListByName
[INFO ] 23:45:33.960 [http-nio-7071-exec-8] c.yys.szcp.config.jwt.JwtInterceptor - 访问路径:/sys/article/findArticleListByName
[INFO ] 23:45:33.990 [http-nio-7071-exec-9] c.yys.szcp.config.jwt.JwtInterceptor - 访问路径:/sys/article/findArticleListByName
[INFO ] 23:45:33.991 [http-nio-7071-exec-10] c.yys.szcp.config.jwt.JwtInterceptor - 访问路径:/sys/article/findArticleListByName
[INFO ] 23:45:34.030 [http-nio-7071-exec-1] c.yys.szcp.config.jwt.JwtInterceptor - 访问路径:/sys/article/findArticleListByName
[INFO ] 23:45:34.031 [http-nio-7071-exec-3] c.yys.szcp.config.jwt.JwtInterceptor - 访问路径:/sys/article/findArticleListByName
[INFO ] 23:45:40.715 [http-nio-7071-exec-2] c.yys.szcp.config.jwt.JwtInterceptor - 访问路径:/sys/article/findArticleListByName
[INFO ] 23:45:40.716 [http-nio-7071-exec-4] c.yys.szcp.config.jwt.JwtInterceptor - 访问路径:/sys/article/findArticleListByName
[INFO ] 23:45:40.974 [http-nio-7071-exec-5] c.yys.szcp.config.jwt.JwtInterceptor - 访问路径:/sys/article/findArticleListByName
[INFO ] 23:45:40.976 [http-nio-7071-exec-6] c.yys.szcp.config.jwt.JwtInterceptor - 访问路径:/sys/article/findArticleListByName
[INFO ] 23:45:43.073 [http-nio-7071-exec-7] c.yys.szcp.config.jwt.JwtInterceptor - 访问路径:/sys/article/findArticleListByName
[INFO ] 23:45:43.767 [http-nio-7071-exec-8] c.yys.szcp.config.jwt.JwtInterceptor - 访问路径:/sys/article/findArticleListByName
[INFO ] 23:45:43.768 [http-nio-7071-exec-9] c.yys.szcp.config.jwt.JwtInterceptor - 访问路径:/sys/article/findArticleListByName
[INFO ] 23:45:44.042 [http-nio-7071-exec-10] c.yys.szcp.config.jwt.JwtInterceptor - 访问路径:/sys/article/findArticleListByName
[INFO ] 23:45:44.043 [http-nio-7071-exec-1] c.yys.szcp.config.jwt.JwtInterceptor - 访问路径:/sys/article/findArticleListByName
[INFO ] 23:45:44.191 [http-nio-7071-exec-3] c.yys.szcp.config.jwt.JwtInterceptor - 访问路径:/sys/article/findArticleListByName
[INFO ] 23:45:44.192 [http-nio-7071-exec-2] c.yys.szcp.config.jwt.JwtInterceptor - 访问路径:/sys/article/findArticleListByName
[INFO ] 23:45:45.345 [http-nio-7071-exec-4] c.yys.szcp.config.jwt.JwtInterceptor - 访问路径:/sys/article/findArticleListByName
[INFO ] 23:45:45.471 [http-nio-7071-exec-5] c.yys.szcp.config.jwt.JwtInterceptor - 访问路径:/sys/article/findArticleListByName
[INFO ] 23:45:53.541 [http-nio-7071-exec-6] c.yys.szcp.config.jwt.JwtInterceptor - 访问路径:/sys/article/findArticleListByName
[INFO ] 23:45:53.542 [http-nio-7071-exec-7] c.yys.szcp.config.jwt.JwtInterceptor - 访问路径:/sys/article/findArticleListByName
[INFO ] 23:45:55.408 [http-nio-7071-exec-8] c.yys.szcp.config.jwt.JwtInterceptor - 访问路径:/sys/article/findArticleListByName
[INFO ] 23:45:55.409 [http-nio-7071-exec-9] c.yys.szcp.config.jwt.JwtInterceptor - 访问路径:/sys/article/findArticleListByName
[INFO ] 23:52:08.065 [http-nio-7071-exec-1] c.yys.szcp.config.jwt.JwtInterceptor - 访问路径:/sys/articleMenu/findArticleMenuToArticleListForHome
[INFO ] 23:52:08.065 [http-nio-7071-exec-3] c.yys.szcp.config.jwt.JwtInterceptor - 访问路径:/sys/article/markdown
[INFO ] 23:52:14.400 [http-nio-7071-exec-2] c.yys.szcp.config.jwt.JwtInterceptor - 访问路径:/sys/article/findArticleListByName
[INFO ] 23:52:15.683 [http-nio-7071-exec-4] c.yys.szcp.config.jwt.JwtInterceptor - 访问路径:/sys/article/findArticleListByName
[INFO ] 23:52:15.684 [http-nio-7071-exec-5] c.yys.szcp.config.jwt.JwtInterceptor - 访问路径:/sys/article/findArticleListByName
[INFO ] 23:52:21.775 [http-nio-7071-exec-6] c.yys.szcp.config.jwt.JwtInterceptor - 访问路径:/sys/article/findArticleListByName
[INFO ] 23:52:24.505 [http-nio-7071-exec-7] c.yys.szcp.config.jwt.JwtInterceptor - 访问路径:/sys/article/findArticleListByName
[INFO ] 23:52:24.507 [http-nio-7071-exec-8] c.yys.szcp.config.jwt.JwtInterceptor - 访问路径:/sys/article/findArticleListByName
[INFO ] 23:52:32.296 [http-nio-7071-exec-9] c.yys.szcp.config.jwt.JwtInterceptor - 访问路径:/sys/article/markdown
[INFO ] 23:52:38.203 [http-nio-7071-exec-10] c.yys.szcp.config.jwt.JwtInterceptor - 访问路径:/sys/article/findArticleListByName
[INFO ] 23:52:39.762 [http-nio-7071-exec-3] c.yys.szcp.config.jwt.JwtInterceptor - 访问路径:/sys/article/findArticleListByName
[INFO ] 23:52:39.764 [http-nio-7071-exec-1] c.yys.szcp.config.jwt.JwtInterceptor - 访问路径:/sys/article/findArticleListByName
[INFO ] 23:52:51.777 [http-nio-7071-exec-2] c.yys.szcp.config.jwt.JwtInterceptor - 访问路径:/sys/article/findArticleListByName
[INFO ] 23:54:35.813 [http-nio-7071-exec-6] c.yys.szcp.config.jwt.JwtInterceptor - 访问路径:/sys/articleMenu/findArticleMenuToArticleListForHome
[INFO ] 23:54:35.814 [http-nio-7071-exec-7] c.yys.szcp.config.jwt.JwtInterceptor - 访问路径:/sys/article/markdown
[INFO ] 23:54:39.317 [http-nio-7071-exec-8] c.yys.szcp.config.jwt.JwtInterceptor - 访问路径:/sys/admin/findAdminUserInfo
[INFO ] 23:54:39.318 [http-nio-7071-exec-8] c.yys.szcp.config.jwt.JwtInterceptor - ===== token解析异常 =====
[INFO ] 23:54:39.500 [http-nio-7071-exec-9] c.yys.szcp.config.jwt.JwtInterceptor - 访问路径:/sys/articleMenu/findArticleMenuToArticleListForHome
[INFO ] 23:54:39.500 [http-nio-7071-exec-10] c.yys.szcp.config.jwt.JwtInterceptor - 访问路径:/sys/article/markdown
[INFO ] 23:54:40.764 [http-nio-7071-exec-3] c.yys.szcp.config.jwt.JwtInterceptor - 访问路径:/sys/article/markdown
[INFO ] 23:54:43.320 [http-nio-7071-exec-1] c.yys.szcp.config.jwt.JwtInterceptor - 访问路径:/sys/article/findArticleListByName
[INFO ] 23:54:44.745 [http-nio-7071-exec-2] c.yys.szcp.config.jwt.JwtInterceptor - 访问路径:/sys/article/findArticleListByName
[INFO ] 23:54:50.914 [http-nio-7071-exec-4] c.yys.szcp.config.jwt.JwtInterceptor - 访问路径:/sys/article/findArticleListByName
[INFO ] 23:54:50.916 [http-nio-7071-exec-5] c.yys.szcp.config.jwt.JwtInterceptor - 访问路径:/sys/article/findArticleListByName
[INFO ] 23:54:52.787 [http-nio-7071-exec-7] c.yys.szcp.config.jwt.JwtInterceptor - 访问路径:/sys/article/findArticleListByName
[INFO ] 23:54:52.788 [http-nio-7071-exec-6] c.yys.szcp.config.jwt.JwtInterceptor - 访问路径:/sys/article/findArticleListByName
[INFO ] 23:55:27.343 [main] o.s.b.t.c.SpringBootTestContextBootstrapper - Neither @ContextConfiguration nor @ContextHierarchy found for test class [com.yys.szcp.SzcpApplicationTests], using SpringBootContextLoader
[INFO ] 23:55:27.348 [main] o.s.t.c.s.AbstractContextLoader - Could not detect default resource locations for test class [com.yys.szcp.SzcpApplicationTests]: no resource found for suffixes {-context.xml, Context.groovy}.
[INFO ] 23:55:27.348 [main] o.s.t.c.s.AnnotationConfigContextLoaderUtils - Could not detect default configuration classes for test class [com.yys.szcp.SzcpApplicationTests]: SzcpApplicationTests does not declare any static, non-private, non-final, nested classes annotated with @Configuration.
[INFO ] 23:55:27.439 [main] o.s.b.t.c.SpringBootTestContextBootstrapper - Found @SpringBootConfiguration com.yys.szcp.SzcpApplication for test class com.yys.szcp.SzcpApplicationTests
[INFO ] 23:55:27.529 [main] o.s.b.t.c.SpringBootTestContextBootstrapper - Loaded default TestExecutionListener class names from location [META-INF/spring.factories]: [org.springframework.boot.test.mock.mockito.MockitoTestExecutionListener, org.springframework.boot.test.mock.mockito.ResetMocksTestExecutionListener, org.springframework.boot.test.autoconfigure.restdocs.RestDocsTestExecutionListener, org.springframework.boot.test.autoconfigure.web.client.MockRestServiceServerResetTestExecutionListener, org.springframework.boot.test.autoconfigure.web.servlet.MockMvcPrintOnlyOnFailureTestExecutionListener, org.springframework.boot.test.autoconfigure.web.servlet.WebDriverTestExecutionListener, org.springframework.test.context.web.ServletTestExecutionListener, org.springframework.test.context.support.DirtiesContextBeforeModesTestExecutionListener, org.springframework.test.context.support.DependencyInjectionTestExecutionListener, org.springframework.test.context.support.DirtiesContextTestExecutionListener, org.springframework.test.context.transaction.TransactionalTestExecutionListener, org.springframework.test.context.jdbc.SqlScriptsTestExecutionListener, org.springframework.test.context.event.EventPublishingTestExecutionListener]
[INFO ] 23:55:27.549 [main] o.s.b.t.c.SpringBootTestContextBootstrapper - Using TestExecutionListeners: [org.springframework.test.context.web.ServletTestExecutionListener@1ba3fc4, org.springframework.test.context.support.DirtiesContextBeforeModesTestExecutionListener@bf48f6, org.springframework.boot.test.mock.mockito.MockitoTestExecutionListener@a85c4, org.springframework.boot.test.autoconfigure.SpringBootDependencyInjectionTestExecutionListener@39680d, org.springframework.test.context.support.DirtiesContextTestExecutionListener@833051, org.springframework.test.context.transaction.TransactionalTestExecutionListener@852c0f, org.springframework.test.context.jdbc.SqlScriptsTestExecutionListener@37aefe, org.springframework.test.context.event.EventPublishingTestExecutionListener@199c6b5, org.springframework.boot.test.mock.mockito.ResetMocksTestExecutionListener@6374ef, org.springframework.boot.test.autoconfigure.restdocs.RestDocsTestExecutionListener@1b3d178, org.springframework.boot.test.autoconfigure.web.client.MockRestServiceServerResetTestExecutionListener@c4ddae, org.springframework.boot.test.autoconfigure.web.servlet.MockMvcPrintOnlyOnFailureTestExecutionListener@1fb0bed, org.springframework.boot.test.autoconfigure.web.servlet.WebDriverTestExecutionListener@82c5f1]
[INFO ] 23:55:27.883 [main] com.yys.szcp.SzcpApplicationTests - Starting SzcpApplicationTests on LAPTOP-T7DEB7H8 with PID 10672 (started by yangys in E:\MyGithubProject\blog996\szcp)
[INFO ] 23:55:27.883 [main] com.yys.szcp.SzcpApplicationTests - The following profiles are active: dev
[INFO ] 23:55:28.799 [main] o.s.d.r.c.RepositoryConfigurationDelegate - Multiple Spring Data modules found, entering strict repository configuration mode!
[INFO ] 23:55:28.801 [main] o.s.d.r.c.RepositoryConfigurationDelegate - Bootstrapping Spring Data Redis repositories in DEFAULT mode.
[INFO ] 23:55:28.827 [main] o.s.d.r.c.RepositoryConfigurationDelegate - Finished Spring Data repository scanning in 11ms. Found 0 Redis repository interfaces.
[INFO ] 23:55:29.242 [main] o.s.c.s.PostProcessorRegistrationDelegate$BeanPostProcessorChecker - Bean 'org.springframework.transaction.annotation.ProxyTransactionManagementConfiguration' of type [org.springframework.transaction.annotation.ProxyTransactionManagementConfiguration] is not eligible for getting processed by all BeanPostProcessors (for example: not eligible for auto-proxying)
[INFO ] 23:55:30.426 [main] c.alibaba.druid.pool.DruidDataSource - {dataSource-1} inited
[INFO ] 23:55:31.220 [main] s.d.s.w.PropertySourcedRequestMappingHandlerMapping - Mapped URL path [/v2/api-docs] onto method [springfox.documentation.swagger2.web.Swagger2Controller#getDocumentation(String, HttpServletRequest)]
[INFO ] 23:55:31.863 [main] o.s.s.c.ThreadPoolTaskExecutor - Initializing ExecutorService 'applicationTaskExecutor'
[INFO ] 23:55:32.358 [main] o.s.s.c.ThreadPoolTaskScheduler - Initializing ExecutorService 'taskScheduler'
[INFO ] 23:55:32.416 [main] s.d.s.w.p.DocumentationPluginsBootstrapper - Context refreshed
[INFO ] 23:55:32.450 [main] s.d.s.w.p.DocumentationPluginsBootstrapper - Found 1 custom documentation plugin(s)
[INFO ] 23:55:32.478 [main] s.d.s.w.s.ApiListingReferenceScanner - Scanning for api listing references
[INFO ] 23:55:32.875 [main] com.yys.szcp.SzcpApplicationTests - Started SzcpApplicationTests in 5.265 seconds (JVM running for 6.296)
[INFO ] 23:55:33.181 [SpringContextShutdownHook] o.s.s.c.ThreadPoolTaskScheduler - Shutting down ExecutorService 'taskScheduler'
[INFO ] 23:55:33.182 [SpringContextShutdownHook] o.s.s.c.ThreadPoolTaskExecutor - Shutting down ExecutorService 'applicationTaskExecutor'
[INFO ] 23:55:33.216 [SpringContextShutdownHook] c.alibaba.druid.pool.DruidDataSource - {dataSource-1} closed
