[ERROR] 16:58:25.626 [http-nio-7071-exec-4] c.y.s.c.e.GlobalExceptionHandler - RuntimeException:运行时异常:
java.lang.IllegalStateException: No primary or default constructor found for interface java.util.List
	at org.springframework.web.method.annotation.ModelAttributeMethodProcessor.createAttribute(ModelAttributeMethodProcessor.java:219)
	at org.springframework.web.servlet.mvc.method.annotation.ServletModelAttributeMethodProcessor.createAttribute(ServletModelAttributeMethodProcessor.java:85)
	at org.springframework.web.method.annotation.ModelAttributeMethodProcessor.resolveArgument(ModelAttributeMethodProcessor.java:139)
	at org.springframework.web.method.support.HandlerMethodArgumentResolverComposite.resolveArgument(HandlerMethodArgumentResolverComposite.java:121)
	at org.springframework.web.method.support.InvocableHandlerMethod.getMethodArgumentValues(InvocableHandlerMethod.java:167)
	at org.springframework.web.method.support.InvocableHandlerMethod.invokeForRequest(InvocableHandlerMethod.java:134)
	at org.springframework.web.servlet.mvc.method.annotation.ServletInvocableHandlerMethod.invokeAndHandle(ServletInvocableHandlerMethod.java:106)
	at org.springframework.web.servlet.mvc.method.annotation.RequestMappingHandlerAdapter.invokeHandlerMethod(RequestMappingHandlerAdapter.java:888)
	at org.springframework.web.servlet.mvc.method.annotation.RequestMappingHandlerAdapter.handleInternal(RequestMappingHandlerAdapter.java:793)
	at org.springframework.web.servlet.mvc.method.AbstractHandlerMethodAdapter.handle(AbstractHandlerMethodAdapter.java:87)
	at org.springframework.web.servlet.DispatcherServlet.doDispatch(DispatcherServlet.java:1040)
	at org.springframework.web.servlet.DispatcherServlet.doService(DispatcherServlet.java:943)
	at org.springframework.web.servlet.FrameworkServlet.processRequest(FrameworkServlet.java:1006)
	at org.springframework.web.servlet.FrameworkServlet.doPost(FrameworkServlet.java:909)
	at javax.servlet.http.HttpServlet.service(HttpServlet.java:660)
	at org.springframework.web.servlet.FrameworkServlet.service(FrameworkServlet.java:883)
	at javax.servlet.http.HttpServlet.service(HttpServlet.java:741)
	at org.apache.catalina.core.ApplicationFilterChain.internalDoFilter(ApplicationFilterChain.java:231)
	at org.apache.catalina.core.ApplicationFilterChain.doFilter(ApplicationFilterChain.java:166)
	at org.apache.tomcat.websocket.server.WsFilter.doFilter(WsFilter.java:53)
	at org.apache.catalina.core.ApplicationFilterChain.internalDoFilter(ApplicationFilterChain.java:193)
	at org.apache.catalina.core.ApplicationFilterChain.doFilter(ApplicationFilterChain.java:166)
	at com.yys.szcp.config.CORSFilter.doFilterInternal(CORSFilter.java:33)
	at org.apache.shiro.web.servlet.OncePerRequestFilter.doFilter(OncePerRequestFilter.java:125)
	at org.apache.catalina.core.ApplicationFilterChain.internalDoFilter(ApplicationFilterChain.java:193)
	at org.apache.catalina.core.ApplicationFilterChain.doFilter(ApplicationFilterChain.java:166)
	at com.alibaba.druid.support.http.WebStatFilter.doFilter(WebStatFilter.java:123)
	at org.apache.catalina.core.ApplicationFilterChain.internalDoFilter(ApplicationFilterChain.java:193)
	at org.apache.catalina.core.ApplicationFilterChain.doFilter(ApplicationFilterChain.java:166)
	at org.springframework.web.filter.RequestContextFilter.doFilterInternal(RequestContextFilter.java:100)
	at org.springframework.web.filter.OncePerRequestFilter.doFilter(OncePerRequestFilter.java:119)
	at org.apache.catalina.core.ApplicationFilterChain.internalDoFilter(ApplicationFilterChain.java:193)
	at org.apache.catalina.core.ApplicationFilterChain.doFilter(ApplicationFilterChain.java:166)
	at org.springframework.web.filter.FormContentFilter.doFilterInternal(FormContentFilter.java:93)
	at org.springframework.web.filter.OncePerRequestFilter.doFilter(OncePerRequestFilter.java:119)
	at org.apache.catalina.core.ApplicationFilterChain.internalDoFilter(ApplicationFilterChain.java:193)
	at org.apache.catalina.core.ApplicationFilterChain.doFilter(ApplicationFilterChain.java:166)
	at org.springframework.web.filter.CharacterEncodingFilter.doFilterInternal(CharacterEncodingFilter.java:201)
	at org.springframework.web.filter.OncePerRequestFilter.doFilter(OncePerRequestFilter.java:119)
	at org.apache.catalina.core.ApplicationFilterChain.internalDoFilter(ApplicationFilterChain.java:193)
	at org.apache.catalina.core.ApplicationFilterChain.doFilter(ApplicationFilterChain.java:166)
	at org.apache.catalina.core.StandardWrapperValve.invoke(StandardWrapperValve.java:202)
	at org.apache.catalina.core.StandardContextValve.invoke(StandardContextValve.java:96)
	at org.apache.catalina.authenticator.AuthenticatorBase.invoke(AuthenticatorBase.java:541)
	at org.apache.catalina.core.StandardHostValve.invoke(StandardHostValve.java:139)
	at org.apache.catalina.valves.ErrorReportValve.invoke(ErrorReportValve.java:92)
	at org.apache.catalina.core.StandardEngineValve.invoke(StandardEngineValve.java:74)
	at org.apache.catalina.connector.CoyoteAdapter.service(CoyoteAdapter.java:343)
	at org.apache.coyote.http11.Http11Processor.service(Http11Processor.java:367)
	at org.apache.coyote.AbstractProcessorLight.process(AbstractProcessorLight.java:65)
	at org.apache.coyote.AbstractProtocol$ConnectionHandler.process(AbstractProtocol.java:860)
	at org.apache.tomcat.util.net.NioEndpoint$SocketProcessor.doRun(NioEndpoint.java:1598)
	at org.apache.tomcat.util.net.SocketProcessorBase.run(SocketProcessorBase.java:49)
	at java.util.concurrent.ThreadPoolExecutor.runWorker(ThreadPoolExecutor.java:1149)
	at java.util.concurrent.ThreadPoolExecutor$Worker.run(ThreadPoolExecutor.java:624)
	at org.apache.tomcat.util.threads.TaskThread$WrappingRunnable.run(TaskThread.java:61)
	at java.lang.Thread.run(Thread.java:748)
Caused by: java.lang.NoSuchMethodException: java.util.List.<init>()
	at java.lang.Class.getConstructor0(Class.java:3082)
	at java.lang.Class.getDeclaredConstructor(Class.java:2178)
	at org.springframework.web.method.annotation.ModelAttributeMethodProcessor.createAttribute(ModelAttributeMethodProcessor.java:216)
	... 56 common frames omitted
[ERROR] 16:58:25.626 [http-nio-7071-exec-4] c.y.s.c.e.GlobalExceptionHandler - Capture Exception By GlobalExceptionHandler: Code: 502 Detail: No primary or default constructor found for interface java.util.List ExceptionTyepCode: 1 ExceptionTyep: RuntimeException reasonString: 运行时异常
[ERROR] 17:00:02.046 [http-nio-7071-exec-6] c.y.s.c.e.GlobalExceptionHandler - RuntimeException:运行时异常:
java.lang.IllegalStateException: No primary or default constructor found for interface java.util.List
	at org.springframework.web.method.annotation.ModelAttributeMethodProcessor.createAttribute(ModelAttributeMethodProcessor.java:219)
	at org.springframework.web.servlet.mvc.method.annotation.ServletModelAttributeMethodProcessor.createAttribute(ServletModelAttributeMethodProcessor.java:85)
	at org.springframework.web.method.annotation.ModelAttributeMethodProcessor.resolveArgument(ModelAttributeMethodProcessor.java:139)
	at org.springframework.web.method.support.HandlerMethodArgumentResolverComposite.resolveArgument(HandlerMethodArgumentResolverComposite.java:121)
	at org.springframework.web.method.support.InvocableHandlerMethod.getMethodArgumentValues(InvocableHandlerMethod.java:167)
	at org.springframework.web.method.support.InvocableHandlerMethod.invokeForRequest(InvocableHandlerMethod.java:134)
	at org.springframework.web.servlet.mvc.method.annotation.ServletInvocableHandlerMethod.invokeAndHandle(ServletInvocableHandlerMethod.java:106)
	at org.springframework.web.servlet.mvc.method.annotation.RequestMappingHandlerAdapter.invokeHandlerMethod(RequestMappingHandlerAdapter.java:888)
	at org.springframework.web.servlet.mvc.method.annotation.RequestMappingHandlerAdapter.handleInternal(RequestMappingHandlerAdapter.java:793)
	at org.springframework.web.servlet.mvc.method.AbstractHandlerMethodAdapter.handle(AbstractHandlerMethodAdapter.java:87)
	at org.springframework.web.servlet.DispatcherServlet.doDispatch(DispatcherServlet.java:1040)
	at org.springframework.web.servlet.DispatcherServlet.doService(DispatcherServlet.java:943)
	at org.springframework.web.servlet.FrameworkServlet.processRequest(FrameworkServlet.java:1006)
	at org.springframework.web.servlet.FrameworkServlet.doPost(FrameworkServlet.java:909)
	at javax.servlet.http.HttpServlet.service(HttpServlet.java:660)
	at org.springframework.web.servlet.FrameworkServlet.service(FrameworkServlet.java:883)
	at javax.servlet.http.HttpServlet.service(HttpServlet.java:741)
	at org.apache.catalina.core.ApplicationFilterChain.internalDoFilter(ApplicationFilterChain.java:231)
	at org.apache.catalina.core.ApplicationFilterChain.doFilter(ApplicationFilterChain.java:166)
	at org.apache.tomcat.websocket.server.WsFilter.doFilter(WsFilter.java:53)
	at org.apache.catalina.core.ApplicationFilterChain.internalDoFilter(ApplicationFilterChain.java:193)
	at org.apache.catalina.core.ApplicationFilterChain.doFilter(ApplicationFilterChain.java:166)
	at com.yys.szcp.config.CORSFilter.doFilterInternal(CORSFilter.java:33)
	at org.apache.shiro.web.servlet.OncePerRequestFilter.doFilter(OncePerRequestFilter.java:125)
	at org.apache.catalina.core.ApplicationFilterChain.internalDoFilter(ApplicationFilterChain.java:193)
	at org.apache.catalina.core.ApplicationFilterChain.doFilter(ApplicationFilterChain.java:166)
	at com.alibaba.druid.support.http.WebStatFilter.doFilter(WebStatFilter.java:123)
	at org.apache.catalina.core.ApplicationFilterChain.internalDoFilter(ApplicationFilterChain.java:193)
	at org.apache.catalina.core.ApplicationFilterChain.doFilter(ApplicationFilterChain.java:166)
	at org.springframework.web.filter.RequestContextFilter.doFilterInternal(RequestContextFilter.java:100)
	at org.springframework.web.filter.OncePerRequestFilter.doFilter(OncePerRequestFilter.java:119)
	at org.apache.catalina.core.ApplicationFilterChain.internalDoFilter(ApplicationFilterChain.java:193)
	at org.apache.catalina.core.ApplicationFilterChain.doFilter(ApplicationFilterChain.java:166)
	at org.springframework.web.filter.FormContentFilter.doFilterInternal(FormContentFilter.java:93)
	at org.springframework.web.filter.OncePerRequestFilter.doFilter(OncePerRequestFilter.java:119)
	at org.apache.catalina.core.ApplicationFilterChain.internalDoFilter(ApplicationFilterChain.java:193)
	at org.apache.catalina.core.ApplicationFilterChain.doFilter(ApplicationFilterChain.java:166)
	at org.springframework.web.filter.CharacterEncodingFilter.doFilterInternal(CharacterEncodingFilter.java:201)
	at org.springframework.web.filter.OncePerRequestFilter.doFilter(OncePerRequestFilter.java:119)
	at org.apache.catalina.core.ApplicationFilterChain.internalDoFilter(ApplicationFilterChain.java:193)
	at org.apache.catalina.core.ApplicationFilterChain.doFilter(ApplicationFilterChain.java:166)
	at org.apache.catalina.core.StandardWrapperValve.invoke(StandardWrapperValve.java:202)
	at org.apache.catalina.core.StandardContextValve.invoke(StandardContextValve.java:96)
	at org.apache.catalina.authenticator.AuthenticatorBase.invoke(AuthenticatorBase.java:541)
	at org.apache.catalina.core.StandardHostValve.invoke(StandardHostValve.java:139)
	at org.apache.catalina.valves.ErrorReportValve.invoke(ErrorReportValve.java:92)
	at org.apache.catalina.core.StandardEngineValve.invoke(StandardEngineValve.java:74)
	at org.apache.catalina.connector.CoyoteAdapter.service(CoyoteAdapter.java:343)
	at org.apache.coyote.http11.Http11Processor.service(Http11Processor.java:367)
	at org.apache.coyote.AbstractProcessorLight.process(AbstractProcessorLight.java:65)
	at org.apache.coyote.AbstractProtocol$ConnectionHandler.process(AbstractProtocol.java:860)
	at org.apache.tomcat.util.net.NioEndpoint$SocketProcessor.doRun(NioEndpoint.java:1598)
	at org.apache.tomcat.util.net.SocketProcessorBase.run(SocketProcessorBase.java:49)
	at java.util.concurrent.ThreadPoolExecutor.runWorker(ThreadPoolExecutor.java:1149)
	at java.util.concurrent.ThreadPoolExecutor$Worker.run(ThreadPoolExecutor.java:624)
	at org.apache.tomcat.util.threads.TaskThread$WrappingRunnable.run(TaskThread.java:61)
	at java.lang.Thread.run(Thread.java:748)
Caused by: java.lang.NoSuchMethodException: java.util.List.<init>()
	at java.lang.Class.getConstructor0(Class.java:3082)
	at java.lang.Class.getDeclaredConstructor(Class.java:2178)
	at org.springframework.web.method.annotation.ModelAttributeMethodProcessor.createAttribute(ModelAttributeMethodProcessor.java:216)
	... 56 common frames omitted
[ERROR] 17:00:02.046 [http-nio-7071-exec-6] c.y.s.c.e.GlobalExceptionHandler - Capture Exception By GlobalExceptionHandler: Code: 502 Detail: No primary or default constructor found for interface java.util.List ExceptionTyepCode: 1 ExceptionTyep: RuntimeException reasonString: 运行时异常
[ERROR] 17:01:23.451 [http-nio-7071-exec-10] c.y.s.c.e.GlobalExceptionHandler - RuntimeException:运行时异常:
java.lang.IllegalStateException: No primary or default constructor found for interface java.util.List
	at org.springframework.web.method.annotation.ModelAttributeMethodProcessor.createAttribute(ModelAttributeMethodProcessor.java:219)
	at org.springframework.web.servlet.mvc.method.annotation.ServletModelAttributeMethodProcessor.createAttribute(ServletModelAttributeMethodProcessor.java:85)
	at org.springframework.web.method.annotation.ModelAttributeMethodProcessor.resolveArgument(ModelAttributeMethodProcessor.java:139)
	at org.springframework.web.method.support.HandlerMethodArgumentResolverComposite.resolveArgument(HandlerMethodArgumentResolverComposite.java:121)
	at org.springframework.web.method.support.InvocableHandlerMethod.getMethodArgumentValues(InvocableHandlerMethod.java:167)
	at org.springframework.web.method.support.InvocableHandlerMethod.invokeForRequest(InvocableHandlerMethod.java:134)
	at org.springframework.web.servlet.mvc.method.annotation.ServletInvocableHandlerMethod.invokeAndHandle(ServletInvocableHandlerMethod.java:106)
	at org.springframework.web.servlet.mvc.method.annotation.RequestMappingHandlerAdapter.invokeHandlerMethod(RequestMappingHandlerAdapter.java:888)
	at org.springframework.web.servlet.mvc.method.annotation.RequestMappingHandlerAdapter.handleInternal(RequestMappingHandlerAdapter.java:793)
	at org.springframework.web.servlet.mvc.method.AbstractHandlerMethodAdapter.handle(AbstractHandlerMethodAdapter.java:87)
	at org.springframework.web.servlet.DispatcherServlet.doDispatch(DispatcherServlet.java:1040)
	at org.springframework.web.servlet.DispatcherServlet.doService(DispatcherServlet.java:943)
	at org.springframework.web.servlet.FrameworkServlet.processRequest(FrameworkServlet.java:1006)
	at org.springframework.web.servlet.FrameworkServlet.doPost(FrameworkServlet.java:909)
	at javax.servlet.http.HttpServlet.service(HttpServlet.java:660)
	at org.springframework.web.servlet.FrameworkServlet.service(FrameworkServlet.java:883)
	at javax.servlet.http.HttpServlet.service(HttpServlet.java:741)
	at org.apache.catalina.core.ApplicationFilterChain.internalDoFilter(ApplicationFilterChain.java:231)
	at org.apache.catalina.core.ApplicationFilterChain.doFilter(ApplicationFilterChain.java:166)
	at org.apache.tomcat.websocket.server.WsFilter.doFilter(WsFilter.java:53)
	at org.apache.catalina.core.ApplicationFilterChain.internalDoFilter(ApplicationFilterChain.java:193)
	at org.apache.catalina.core.ApplicationFilterChain.doFilter(ApplicationFilterChain.java:166)
	at com.yys.szcp.config.CORSFilter.doFilterInternal(CORSFilter.java:33)
	at org.apache.shiro.web.servlet.OncePerRequestFilter.doFilter(OncePerRequestFilter.java:125)
	at org.apache.catalina.core.ApplicationFilterChain.internalDoFilter(ApplicationFilterChain.java:193)
	at org.apache.catalina.core.ApplicationFilterChain.doFilter(ApplicationFilterChain.java:166)
	at com.alibaba.druid.support.http.WebStatFilter.doFilter(WebStatFilter.java:123)
	at org.apache.catalina.core.ApplicationFilterChain.internalDoFilter(ApplicationFilterChain.java:193)
	at org.apache.catalina.core.ApplicationFilterChain.doFilter(ApplicationFilterChain.java:166)
	at org.springframework.web.filter.RequestContextFilter.doFilterInternal(RequestContextFilter.java:100)
	at org.springframework.web.filter.OncePerRequestFilter.doFilter(OncePerRequestFilter.java:119)
	at org.apache.catalina.core.ApplicationFilterChain.internalDoFilter(ApplicationFilterChain.java:193)
	at org.apache.catalina.core.ApplicationFilterChain.doFilter(ApplicationFilterChain.java:166)
	at org.springframework.web.filter.FormContentFilter.doFilterInternal(FormContentFilter.java:93)
	at org.springframework.web.filter.OncePerRequestFilter.doFilter(OncePerRequestFilter.java:119)
	at org.apache.catalina.core.ApplicationFilterChain.internalDoFilter(ApplicationFilterChain.java:193)
	at org.apache.catalina.core.ApplicationFilterChain.doFilter(ApplicationFilterChain.java:166)
	at org.springframework.web.filter.CharacterEncodingFilter.doFilterInternal(CharacterEncodingFilter.java:201)
	at org.springframework.web.filter.OncePerRequestFilter.doFilter(OncePerRequestFilter.java:119)
	at org.apache.catalina.core.ApplicationFilterChain.internalDoFilter(ApplicationFilterChain.java:193)
	at org.apache.catalina.core.ApplicationFilterChain.doFilter(ApplicationFilterChain.java:166)
	at org.apache.catalina.core.StandardWrapperValve.invoke(StandardWrapperValve.java:202)
	at org.apache.catalina.core.StandardContextValve.invoke(StandardContextValve.java:96)
	at org.apache.catalina.authenticator.AuthenticatorBase.invoke(AuthenticatorBase.java:541)
	at org.apache.catalina.core.StandardHostValve.invoke(StandardHostValve.java:139)
	at org.apache.catalina.valves.ErrorReportValve.invoke(ErrorReportValve.java:92)
	at org.apache.catalina.core.StandardEngineValve.invoke(StandardEngineValve.java:74)
	at org.apache.catalina.connector.CoyoteAdapter.service(CoyoteAdapter.java:343)
	at org.apache.coyote.http11.Http11Processor.service(Http11Processor.java:367)
	at org.apache.coyote.AbstractProcessorLight.process(AbstractProcessorLight.java:65)
	at org.apache.coyote.AbstractProtocol$ConnectionHandler.process(AbstractProtocol.java:860)
	at org.apache.tomcat.util.net.NioEndpoint$SocketProcessor.doRun(NioEndpoint.java:1598)
	at org.apache.tomcat.util.net.SocketProcessorBase.run(SocketProcessorBase.java:49)
	at java.util.concurrent.ThreadPoolExecutor.runWorker(ThreadPoolExecutor.java:1149)
	at java.util.concurrent.ThreadPoolExecutor$Worker.run(ThreadPoolExecutor.java:624)
	at org.apache.tomcat.util.threads.TaskThread$WrappingRunnable.run(TaskThread.java:61)
	at java.lang.Thread.run(Thread.java:748)
Caused by: java.lang.NoSuchMethodException: java.util.List.<init>()
	at java.lang.Class.getConstructor0(Class.java:3082)
	at java.lang.Class.getDeclaredConstructor(Class.java:2178)
	at org.springframework.web.method.annotation.ModelAttributeMethodProcessor.createAttribute(ModelAttributeMethodProcessor.java:216)
	... 56 common frames omitted
[ERROR] 17:01:23.451 [http-nio-7071-exec-10] c.y.s.c.e.GlobalExceptionHandler - Capture Exception By GlobalExceptionHandler: Code: 502 Detail: No primary or default constructor found for interface java.util.List ExceptionTyepCode: 1 ExceptionTyep: RuntimeException reasonString: 运行时异常
[ERROR] 19:04:18.551 [http-nio-7071-exec-3] c.y.s.controller.ArticleController - 查询基金信息错误: 
### Error updating database.  Cause: java.sql.SQLSyntaxErrorException: Unknown column 'level11' in 'field list'
### The error may involve com.yys.szcp.mapper.FFundInfoMapper.addFundLevel-Inline
### The error occurred while setting parameters
### SQL: insert into f_fund_level (fund_info_code, level1, level2,                                   level3,                                   level4, level5, level6, level7,                                   level8, level9, level10, level11,                                   level12, level13, level14, level15)         values (?,?,?, ?, ?, ?, ?,                 ?, ?, ?, ?,                 ?, ?,  ?, ?, ?);
### Cause: java.sql.SQLSyntaxErrorException: Unknown column 'level11' in 'field list'
; bad SQL grammar []; nested exception is java.sql.SQLSyntaxErrorException: Unknown column 'level11' in 'field list'
[ERROR] 19:04:18.551 [http-nio-7071-exec-2] c.y.s.controller.ArticleController - 查询基金信息错误: 
### Error updating database.  Cause: java.sql.SQLSyntaxErrorException: Unknown column 'level11' in 'field list'
### The error may involve com.yys.szcp.mapper.FFundInfoMapper.addFundLevel-Inline
### The error occurred while setting parameters
### SQL: insert into f_fund_level (fund_info_code, level1, level2,                                   level3,                                   level4, level5, level6, level7,                                   level8, level9, level10, level11,                                   level12, level13, level14, level15)         values (?,?,?, ?, ?, ?, ?,                 ?, ?, ?, ?,                 ?, ?,  ?, ?, ?);
### Cause: java.sql.SQLSyntaxErrorException: Unknown column 'level11' in 'field list'
; bad SQL grammar []; nested exception is java.sql.SQLSyntaxErrorException: Unknown column 'level11' in 'field list'
[ERROR] 20:25:44.203 [http-nio-7071-exec-5] c.y.s.controller.ArticleController - 查询基金信息错误: null
[ERROR] 20:26:03.225 [http-nio-7071-exec-1] c.y.s.controller.ArticleController - 查询基金信息错误: null
[ERROR] 20:27:43.274 [http-nio-7071-exec-4] c.y.s.controller.ArticleController - 查询基金信息错误: null
[ERROR] 20:29:17.879 [http-nio-7071-exec-9] c.y.s.controller.ArticleController - 查询基金信息错误: null
[ERROR] 20:29:20.237 [http-nio-7071-exec-6] c.y.s.controller.ArticleController - 查询基金信息错误: null
[ERROR] 20:29:20.433 [http-nio-7071-exec-10] c.y.s.controller.ArticleController - 查询基金信息错误: null
[ERROR] 20:29:34.432 [http-nio-7071-exec-3] c.y.s.controller.ArticleController - 查询基金信息错误: null
[ERROR] 20:57:59.898 [http-nio-7071-exec-9] c.y.s.controller.ArticleController - 查询基金信息错误: 
### Error updating database.  Cause: java.sql.SQLIntegrityConstraintViolationException: Duplicate entry '002943' for key 'PRIMARY'
### The error may involve com.yys.szcp.mapper.FFundInfoMapper.addFundLevel-Inline
### The error occurred while setting parameters
### SQL: insert into f_fund_level (fund_info_code, level1, level2,                                   level3,                                   level4, level5, level6, level7,                                   level8, level9, level10)         values (?,?,?, ?, ?, ?, ?,                 ?, ?, ?, ?);
### Cause: java.sql.SQLIntegrityConstraintViolationException: Duplicate entry '002943' for key 'PRIMARY'
; Duplicate entry '002943' for key 'PRIMARY'; nested exception is java.sql.SQLIntegrityConstraintViolationException: Duplicate entry '002943' for key 'PRIMARY'
[ERROR] 21:15:58.432 [http-nio-7071-exec-3] c.y.s.controller.ArticleController - 查询基金信息错误: nested exception is org.apache.ibatis.exceptions.PersistenceException: 
### Error updating database.  Cause: org.springframework.jdbc.CannotGetJdbcConnectionException: Failed to obtain JDBC Connection; nested exception is com.alibaba.druid.pool.DataSourceClosedException: dataSource already closed at Sat Feb 05 21:15:58 CST 2022
### Cause: org.springframework.jdbc.CannotGetJdbcConnectionException: Failed to obtain JDBC Connection; nested exception is com.alibaba.druid.pool.DataSourceClosedException: dataSource already closed at Sat Feb 05 21:15:58 CST 2022
[ERROR] 21:21:28.149 [http-nio-7071-exec-3] c.y.s.controller.ArticleController - 查询基金信息错误: 
### Error updating database.  Cause: java.sql.SQLIntegrityConstraintViolationException: Duplicate entry '002943-2016-12-31 00:00:00' for key 'f_fund_net_worth_pk'
### The error may involve com.yys.szcp.mapper.FFundInfoMapper.updateFundNetWorth-Inline
### The error occurred while setting parameters
### SQL: update f_fund_net_worth         set fund_day = ?            ,fund_net_worth = ?         where fund_info_code = ?
### Cause: java.sql.SQLIntegrityConstraintViolationException: Duplicate entry '002943-2016-12-31 00:00:00' for key 'f_fund_net_worth_pk'
; Duplicate entry '002943-2016-12-31 00:00:00' for key 'f_fund_net_worth_pk'; nested exception is java.sql.SQLIntegrityConstraintViolationException: Duplicate entry '002943-2016-12-31 00:00:00' for key 'f_fund_net_worth_pk'
[ERROR] 21:22:37.688 [http-nio-7071-exec-7] c.y.s.controller.ArticleController - 查询基金信息错误: 
### Error updating database.  Cause: java.sql.SQLIntegrityConstraintViolationException: Duplicate entry '002943-2016-12-30 00:00:00' for key 'f_fund_net_worth_pk'
### The error may involve com.yys.szcp.mapper.FFundInfoMapper.addFundNetWorth-Inline
### The error occurred while setting parameters
### SQL: insert into f_fund_net_worth (fund_info_code, fund_day, fund_net_worth)         values (?,?,?);
### Cause: java.sql.SQLIntegrityConstraintViolationException: Duplicate entry '002943-2016-12-30 00:00:00' for key 'f_fund_net_worth_pk'
; Duplicate entry '002943-2016-12-30 00:00:00' for key 'f_fund_net_worth_pk'; nested exception is java.sql.SQLIntegrityConstraintViolationException: Duplicate entry '002943-2016-12-30 00:00:00' for key 'f_fund_net_worth_pk'
[ERROR] 21:24:58.844 [http-nio-7071-exec-1] c.y.s.controller.ArticleController - 查询基金信息错误: 
### Error updating database.  Cause: java.sql.SQLIntegrityConstraintViolationException: Duplicate entry '002943-2016-12-30 00:00:00' for key 'f_fund_net_worth_pk_123'
### The error may involve com.yys.szcp.mapper.FFundInfoMapper.addFundNetWorth-Inline
### The error occurred while setting parameters
### SQL: insert into f_fund_net_worth (fund_info_code, fund_day, fund_net_worth)         values (?,?,?);
### Cause: java.sql.SQLIntegrityConstraintViolationException: Duplicate entry '002943-2016-12-30 00:00:00' for key 'f_fund_net_worth_pk_123'
; Duplicate entry '002943-2016-12-30 00:00:00' for key 'f_fund_net_worth_pk_123'; nested exception is java.sql.SQLIntegrityConstraintViolationException: Duplicate entry '002943-2016-12-30 00:00:00' for key 'f_fund_net_worth_pk_123'
[ERROR] 21:27:13.689 [http-nio-7071-exec-2] c.y.s.controller.ArticleController - 查询基金信息错误: 
### Error updating database.  Cause: java.sql.SQLIntegrityConstraintViolationException: Duplicate entry '002943-2016-12-30 00:00:00' for key 'f_fund_net_worth_pk_123'
### The error may involve com.yys.szcp.mapper.FFundInfoMapper.updateFundNetWorth-Inline
### The error occurred while setting parameters
### SQL: update f_fund_net_worth         set fund_day = ?            ,fund_net_worth = ?         where fund_info_code = ?
### Cause: java.sql.SQLIntegrityConstraintViolationException: Duplicate entry '002943-2016-12-30 00:00:00' for key 'f_fund_net_worth_pk_123'
; Duplicate entry '002943-2016-12-30 00:00:00' for key 'f_fund_net_worth_pk_123'; nested exception is java.sql.SQLIntegrityConstraintViolationException: Duplicate entry '002943-2016-12-30 00:00:00' for key 'f_fund_net_worth_pk_123'
[ERROR] 21:29:38.161 [http-nio-7071-exec-3] c.y.s.controller.ArticleController - 查询基金信息错误: 
### Error updating database.  Cause: java.sql.SQLIntegrityConstraintViolationException: Duplicate entry '002943' for key 'PRIMARY'
### The error may involve com.yys.szcp.mapper.FFundInfoMapper.addFundLevel-Inline
### The error occurred while setting parameters
### SQL: insert into f_fund_level (fund_info_code, level1, level2,                                   level3,                                   level4, level5, level6, level7,                                   level8, level9, level10)         values (?,?,?, ?, ?, ?, ?,                 ?, ?, ?, ?);
### Cause: java.sql.SQLIntegrityConstraintViolationException: Duplicate entry '002943' for key 'PRIMARY'
; Duplicate entry '002943' for key 'PRIMARY'; nested exception is java.sql.SQLIntegrityConstraintViolationException: Duplicate entry '002943' for key 'PRIMARY'
[ERROR] 21:31:12.584 [http-nio-7071-exec-6] c.y.s.controller.ArticleController - 查询基金信息错误: 
### Error updating database.  Cause: java.sql.SQLIntegrityConstraintViolationException: Duplicate entry '004235' for key 'PRIMARY'
### The error may involve com.yys.szcp.mapper.FFundInfoMapper.addFundLevel-Inline
### The error occurred while setting parameters
### SQL: insert into f_fund_level (fund_info_code, level1, level2,                                   level3,                                   level4, level5, level6, level7,                                   level8, level9, level10)         values (?,?,?, ?, ?, ?, ?,                 ?, ?, ?, ?);
### Cause: java.sql.SQLIntegrityConstraintViolationException: Duplicate entry '004235' for key 'PRIMARY'
; Duplicate entry '004235' for key 'PRIMARY'; nested exception is java.sql.SQLIntegrityConstraintViolationException: Duplicate entry '004235' for key 'PRIMARY'
[ERROR] 21:32:30.578 [http-nio-7071-exec-8] c.y.s.controller.ArticleController - 查询基金信息错误: 
### Error updating database.  Cause: java.sql.SQLIntegrityConstraintViolationException: Duplicate entry '007594' for key 'PRIMARY'
### The error may involve com.yys.szcp.mapper.FFundInfoMapper.addFundLevel-Inline
### The error occurred while setting parameters
### SQL: insert into f_fund_level (fund_info_code, level1, level2,                                   level3,                                   level4, level5, level6, level7,                                   level8, level9, level10)         values (?,?,?, ?, ?, ?, ?,                 ?, ?, ?, ?);
### Cause: java.sql.SQLIntegrityConstraintViolationException: Duplicate entry '007594' for key 'PRIMARY'
; Duplicate entry '007594' for key 'PRIMARY'; nested exception is java.sql.SQLIntegrityConstraintViolationException: Duplicate entry '007594' for key 'PRIMARY'
[ERROR] 21:32:45.256 [http-nio-7071-exec-10] c.y.s.controller.ArticleController - 查询基金信息错误: 
### Error updating database.  Cause: java.sql.SQLIntegrityConstraintViolationException: Duplicate entry '013116' for key 'PRIMARY'
### The error may involve com.yys.szcp.mapper.FFundInfoMapper.addFundLevel-Inline
### The error occurred while setting parameters
### SQL: insert into f_fund_level (fund_info_code, level1, level2,                                   level3,                                   level4, level5, level6, level7,                                   level8, level9, level10)         values (?,?,?, ?, ?, ?, ?,                 ?, ?, ?, ?);
### Cause: java.sql.SQLIntegrityConstraintViolationException: Duplicate entry '013116' for key 'PRIMARY'
; Duplicate entry '013116' for key 'PRIMARY'; nested exception is java.sql.SQLIntegrityConstraintViolationException: Duplicate entry '013116' for key 'PRIMARY'
[ERROR] 21:34:13.745 [http-nio-7071-exec-2] c.y.s.controller.ArticleController - 查询基金信息错误: 
### Error updating database.  Cause: java.sql.SQLIntegrityConstraintViolationException: Duplicate entry '006253' for key 'PRIMARY'
### The error may involve com.yys.szcp.mapper.FFundInfoMapper.addFundLevel-Inline
### The error occurred while setting parameters
### SQL: insert into f_fund_level (fund_info_code, level1, level2,                                   level3,                                   level4, level5, level6, level7,                                   level8, level9, level10)         values (?,?,?, ?, ?, ?, ?,                 ?, ?, ?, ?);
### Cause: java.sql.SQLIntegrityConstraintViolationException: Duplicate entry '006253' for key 'PRIMARY'
; Duplicate entry '006253' for key 'PRIMARY'; nested exception is java.sql.SQLIntegrityConstraintViolationException: Duplicate entry '006253' for key 'PRIMARY'
[ERROR] 21:38:32.541 [http-nio-7071-exec-3] c.y.s.controller.ArticleController - 查询基金信息错误: 
### Error updating database.  Cause: java.sql.SQLIntegrityConstraintViolationException: Duplicate entry '180012' for key 'PRIMARY'
### The error may involve com.yys.szcp.mapper.FFundInfoMapper.addFundLevel-Inline
### The error occurred while setting parameters
### SQL: insert into f_fund_level (fund_info_code, level1, level2,                                   level3,                                   level4, level5, level6, level7,                                   level8, level9, level10)         values (?,?,?, ?, ?, ?, ?,                 ?, ?, ?, ?);
### Cause: java.sql.SQLIntegrityConstraintViolationException: Duplicate entry '180012' for key 'PRIMARY'
; Duplicate entry '180012' for key 'PRIMARY'; nested exception is java.sql.SQLIntegrityConstraintViolationException: Duplicate entry '180012' for key 'PRIMARY'
[ERROR] 21:39:26.341 [http-nio-7071-exec-6] c.y.s.controller.ArticleController - 查询基金信息错误: 
### Error updating database.  Cause: java.sql.SQLIntegrityConstraintViolationException: Duplicate entry '006269' for key 'PRIMARY'
### The error may involve com.yys.szcp.mapper.FFundInfoMapper.addFundLevel-Inline
### The error occurred while setting parameters
### SQL: insert into f_fund_level (fund_info_code, level1, level2,                                   level3,                                   level4, level5, level6, level7,                                   level8, level9, level10)         values (?,?,?, ?, ?, ?, ?,                 ?, ?, ?, ?);
### Cause: java.sql.SQLIntegrityConstraintViolationException: Duplicate entry '006269' for key 'PRIMARY'
; Duplicate entry '006269' for key 'PRIMARY'; nested exception is java.sql.SQLIntegrityConstraintViolationException: Duplicate entry '006269' for key 'PRIMARY'
[ERROR] 21:41:25.878 [http-nio-7071-exec-8] c.y.s.controller.ArticleController - 查询基金信息错误: 
### Error updating database.  Cause: java.sql.SQLIntegrityConstraintViolationException: Duplicate entry '005969' for key 'PRIMARY'
### The error may involve com.yys.szcp.mapper.FFundInfoMapper.addFundLevel-Inline
### The error occurred while setting parameters
### SQL: insert into f_fund_level (fund_info_code, level1, level2,                                   level3,                                   level4, level5, level6, level7,                                   level8, level9, level10)         values (?,?,?, ?, ?, ?, ?,                 ?, ?, ?, ?);
### Cause: java.sql.SQLIntegrityConstraintViolationException: Duplicate entry '005969' for key 'PRIMARY'
; Duplicate entry '005969' for key 'PRIMARY'; nested exception is java.sql.SQLIntegrityConstraintViolationException: Duplicate entry '005969' for key 'PRIMARY'
[ERROR] 21:43:33.492 [http-nio-7071-exec-10] c.y.s.controller.ArticleController - 查询基金信息错误: 
### Error updating database.  Cause: java.sql.SQLIntegrityConstraintViolationException: Duplicate entry '001740' for key 'PRIMARY'
### The error may involve com.yys.szcp.mapper.FFundInfoMapper.addFundLevel-Inline
### The error occurred while setting parameters
### SQL: insert into f_fund_level (fund_info_code, level1, level2,                                   level3,                                   level4, level5, level6, level7,                                   level8, level9, level10)         values (?,?,?, ?, ?, ?, ?,                 ?, ?, ?, ?);
### Cause: java.sql.SQLIntegrityConstraintViolationException: Duplicate entry '001740' for key 'PRIMARY'
; Duplicate entry '001740' for key 'PRIMARY'; nested exception is java.sql.SQLIntegrityConstraintViolationException: Duplicate entry '001740' for key 'PRIMARY'
[ERROR] 21:46:39.754 [http-nio-7071-exec-4] c.y.s.controller.ArticleController - 查询基金信息错误: 
### Error updating database.  Cause: java.sql.SQLIntegrityConstraintViolationException: Duplicate entry '003096' for key 'PRIMARY'
### The error may involve com.yys.szcp.mapper.FFundInfoMapper.addFundLevel-Inline
### The error occurred while setting parameters
### SQL: insert into f_fund_level (fund_info_code, level1, level2,                                   level3,                                   level4, level5, level6, level7,                                   level8, level9, level10)         values (?,?,?, ?, ?, ?, ?,                 ?, ?, ?, ?);
### Cause: java.sql.SQLIntegrityConstraintViolationException: Duplicate entry '003096' for key 'PRIMARY'
; Duplicate entry '003096' for key 'PRIMARY'; nested exception is java.sql.SQLIntegrityConstraintViolationException: Duplicate entry '003096' for key 'PRIMARY'
[ERROR] 21:47:32.052 [http-nio-7071-exec-7] c.y.s.controller.ArticleController - 查询基金信息错误: 
### Error updating database.  Cause: java.sql.SQLIntegrityConstraintViolationException: Duplicate entry '012323' for key 'PRIMARY'
### The error may involve com.yys.szcp.mapper.FFundInfoMapper.addFundLevel-Inline
### The error occurred while setting parameters
### SQL: insert into f_fund_level (fund_info_code, level1, level2,                                   level3,                                   level4, level5, level6, level7,                                   level8, level9, level10)         values (?,?,?, ?, ?, ?, ?,                 ?, ?, ?, ?);
### Cause: java.sql.SQLIntegrityConstraintViolationException: Duplicate entry '012323' for key 'PRIMARY'
; Duplicate entry '012323' for key 'PRIMARY'; nested exception is java.sql.SQLIntegrityConstraintViolationException: Duplicate entry '012323' for key 'PRIMARY'
[ERROR] 21:48:07.077 [http-nio-7071-exec-5] c.y.s.controller.ArticleController - 查询基金信息错误: 
### Error updating database.  Cause: java.sql.SQLIntegrityConstraintViolationException: Duplicate entry '012323' for key 'PRIMARY'
### The error may involve com.yys.szcp.mapper.FFundInfoMapper.addFundLevel-Inline
### The error occurred while setting parameters
### SQL: insert into f_fund_level (fund_info_code, level1, level2,                                   level3,                                   level4, level5, level6, level7,                                   level8, level9, level10)         values (?,?,?, ?, ?, ?, ?,                 ?, ?, ?, ?);
### Cause: java.sql.SQLIntegrityConstraintViolationException: Duplicate entry '012323' for key 'PRIMARY'
; Duplicate entry '012323' for key 'PRIMARY'; nested exception is java.sql.SQLIntegrityConstraintViolationException: Duplicate entry '012323' for key 'PRIMARY'
[ERROR] 21:48:25.187 [http-nio-7071-exec-9] c.y.s.controller.ArticleController - 查询基金信息错误: 
### Error updating database.  Cause: java.sql.SQLIntegrityConstraintViolationException: Duplicate entry '012417' for key 'PRIMARY'
### The error may involve com.yys.szcp.mapper.FFundInfoMapper.addFundLevel-Inline
### The error occurred while setting parameters
### SQL: insert into f_fund_level (fund_info_code, level1, level2,                                   level3,                                   level4, level5, level6, level7,                                   level8, level9, level10)         values (?,?,?, ?, ?, ?, ?,                 ?, ?, ?, ?);
### Cause: java.sql.SQLIntegrityConstraintViolationException: Duplicate entry '012417' for key 'PRIMARY'
; Duplicate entry '012417' for key 'PRIMARY'; nested exception is java.sql.SQLIntegrityConstraintViolationException: Duplicate entry '012417' for key 'PRIMARY'
[ERROR] 21:48:42.921 [http-nio-7071-exec-1] c.y.s.controller.ArticleController - 查询基金信息错误: 
### Error updating database.  Cause: java.sql.SQLIntegrityConstraintViolationException: Duplicate entry '012414' for key 'PRIMARY'
### The error may involve com.yys.szcp.mapper.FFundInfoMapper.addFundLevel-Inline
### The error occurred while setting parameters
### SQL: insert into f_fund_level (fund_info_code, level1, level2,                                   level3,                                   level4, level5, level6, level7,                                   level8, level9, level10)         values (?,?,?, ?, ?, ?, ?,                 ?, ?, ?, ?);
### Cause: java.sql.SQLIntegrityConstraintViolationException: Duplicate entry '012414' for key 'PRIMARY'
; Duplicate entry '012414' for key 'PRIMARY'; nested exception is java.sql.SQLIntegrityConstraintViolationException: Duplicate entry '012414' for key 'PRIMARY'
[ERROR] 21:48:55.391 [http-nio-7071-exec-4] c.y.s.controller.ArticleController - 查询基金信息错误: 
### Error updating database.  Cause: java.sql.SQLIntegrityConstraintViolationException: Duplicate entry '012857' for key 'PRIMARY'
### The error may involve com.yys.szcp.mapper.FFundInfoMapper.addFundLevel-Inline
### The error occurred while setting parameters
### SQL: insert into f_fund_level (fund_info_code, level1, level2,                                   level3,                                   level4, level5, level6, level7,                                   level8, level9, level10)         values (?,?,?, ?, ?, ?, ?,                 ?, ?, ?, ?);
### Cause: java.sql.SQLIntegrityConstraintViolationException: Duplicate entry '012857' for key 'PRIMARY'
; Duplicate entry '012857' for key 'PRIMARY'; nested exception is java.sql.SQLIntegrityConstraintViolationException: Duplicate entry '012857' for key 'PRIMARY'
[ERROR] 21:49:32.559 [http-nio-7071-exec-7] c.y.s.controller.ArticleController - 查询基金信息错误: 
### Error updating database.  Cause: java.sql.SQLIntegrityConstraintViolationException: Duplicate entry '009180' for key 'PRIMARY'
### The error may involve com.yys.szcp.mapper.FFundInfoMapper.addFundLevel-Inline
### The error occurred while setting parameters
### SQL: insert into f_fund_level (fund_info_code, level1, level2,                                   level3,                                   level4, level5, level6, level7,                                   level8, level9, level10)         values (?,?,?, ?, ?, ?, ?,                 ?, ?, ?, ?);
### Cause: java.sql.SQLIntegrityConstraintViolationException: Duplicate entry '009180' for key 'PRIMARY'
; Duplicate entry '009180' for key 'PRIMARY'; nested exception is java.sql.SQLIntegrityConstraintViolationException: Duplicate entry '009180' for key 'PRIMARY'
[ERROR] 21:50:00.855 [http-nio-7071-exec-5] c.y.s.controller.ArticleController - 查询基金信息错误: 
### Error updating database.  Cause: java.sql.SQLIntegrityConstraintViolationException: Duplicate entry '009147' for key 'PRIMARY'
### The error may involve com.yys.szcp.mapper.FFundInfoMapper.addFundLevel-Inline
### The error occurred while setting parameters
### SQL: insert into f_fund_level (fund_info_code, level1, level2,                                   level3,                                   level4, level5, level6, level7,                                   level8, level9, level10)         values (?,?,?, ?, ?, ?, ?,                 ?, ?, ?, ?);
### Cause: java.sql.SQLIntegrityConstraintViolationException: Duplicate entry '009147' for key 'PRIMARY'
; Duplicate entry '009147' for key 'PRIMARY'; nested exception is java.sql.SQLIntegrityConstraintViolationException: Duplicate entry '009147' for key 'PRIMARY'
[ERROR] 21:50:16.511 [http-nio-7071-exec-9] c.y.s.controller.ArticleController - 查询基金信息错误: 
### Error updating database.  Cause: java.sql.SQLIntegrityConstraintViolationException: Duplicate entry '011513' for key 'PRIMARY'
### The error may involve com.yys.szcp.mapper.FFundInfoMapper.addFundLevel-Inline
### The error occurred while setting parameters
### SQL: insert into f_fund_level (fund_info_code, level1, level2,                                   level3,                                   level4, level5, level6, level7,                                   level8, level9, level10)         values (?,?,?, ?, ?, ?, ?,                 ?, ?, ?, ?);
### Cause: java.sql.SQLIntegrityConstraintViolationException: Duplicate entry '011513' for key 'PRIMARY'
; Duplicate entry '011513' for key 'PRIMARY'; nested exception is java.sql.SQLIntegrityConstraintViolationException: Duplicate entry '011513' for key 'PRIMARY'
[ERROR] 21:51:56.157 [http-nio-7071-exec-1] c.y.s.controller.ArticleController - 查询基金信息错误: 
### Error updating database.  Cause: java.sql.SQLIntegrityConstraintViolationException: Duplicate entry '007874' for key 'PRIMARY'
### The error may involve com.yys.szcp.mapper.FFundInfoMapper.addFundLevel-Inline
### The error occurred while setting parameters
### SQL: insert into f_fund_level (fund_info_code, level1, level2,                                   level3,                                   level4, level5, level6, level7,                                   level8, level9, level10)         values (?,?,?, ?, ?, ?, ?,                 ?, ?, ?, ?);
### Cause: java.sql.SQLIntegrityConstraintViolationException: Duplicate entry '007874' for key 'PRIMARY'
; Duplicate entry '007874' for key 'PRIMARY'; nested exception is java.sql.SQLIntegrityConstraintViolationException: Duplicate entry '007874' for key 'PRIMARY'
[ERROR] 21:52:50.583 [http-nio-7071-exec-4] c.y.s.controller.ArticleController - 查询基金信息错误: 
### Error updating database.  Cause: java.sql.SQLIntegrityConstraintViolationException: Duplicate entry '011103' for key 'PRIMARY'
### The error may involve com.yys.szcp.mapper.FFundInfoMapper.addFundLevel-Inline
### The error occurred while setting parameters
### SQL: insert into f_fund_level (fund_info_code, level1, level2,                                   level3,                                   level4, level5, level6, level7,                                   level8, level9, level10)         values (?,?,?, ?, ?, ?, ?,                 ?, ?, ?, ?);
### Cause: java.sql.SQLIntegrityConstraintViolationException: Duplicate entry '011103' for key 'PRIMARY'
; Duplicate entry '011103' for key 'PRIMARY'; nested exception is java.sql.SQLIntegrityConstraintViolationException: Duplicate entry '011103' for key 'PRIMARY'
[ERROR] 21:58:28.177 [http-nio-7071-exec-6] c.y.s.controller.ArticleController - 查询基金信息错误: 
### Error updating database.  Cause: java.sql.SQLIntegrityConstraintViolationException: Duplicate entry '008888' for key 'PRIMARY'
### The error may involve com.yys.szcp.mapper.FFundInfoMapper.addFundLevel-Inline
### The error occurred while setting parameters
### SQL: insert into f_fund_level (fund_info_code, level1, level2,                                   level3,                                   level4, level5, level6, level7,                                   level8, level9, level10)         values (?,?,?, ?, ?, ?, ?,                 ?, ?, ?, ?);
### Cause: java.sql.SQLIntegrityConstraintViolationException: Duplicate entry '008888' for key 'PRIMARY'
; Duplicate entry '008888' for key 'PRIMARY'; nested exception is java.sql.SQLIntegrityConstraintViolationException: Duplicate entry '008888' for key 'PRIMARY'
[ERROR] 22:00:58.468 [http-nio-7071-exec-9] c.y.s.controller.ArticleController - 查询基金信息错误: 
### Error updating database.  Cause: java.sql.SQLIntegrityConstraintViolationException: Duplicate entry '005693' for key 'PRIMARY'
### The error may involve com.yys.szcp.mapper.FFundInfoMapper.addFundLevel-Inline
### The error occurred while setting parameters
### SQL: insert into f_fund_level (fund_info_code, level1, level2,                                   level3,                                   level4, level5, level6, level7,                                   level8, level9, level10)         values (?,?,?, ?, ?, ?, ?,                 ?, ?, ?, ?);
### Cause: java.sql.SQLIntegrityConstraintViolationException: Duplicate entry '005693' for key 'PRIMARY'
; Duplicate entry '005693' for key 'PRIMARY'; nested exception is java.sql.SQLIntegrityConstraintViolationException: Duplicate entry '005693' for key 'PRIMARY'
[ERROR] 22:01:48.257 [http-nio-7071-exec-1] c.y.s.controller.ArticleController - 查询基金信息错误: 
### Error updating database.  Cause: java.sql.SQLIntegrityConstraintViolationException: Duplicate entry '010990' for key 'PRIMARY'
### The error may involve com.yys.szcp.mapper.FFundInfoMapper.addFundLevel-Inline
### The error occurred while setting parameters
### SQL: insert into f_fund_level (fund_info_code, level1, level2,                                   level3,                                   level4, level5, level6, level7,                                   level8, level9, level10)         values (?,?,?, ?, ?, ?, ?,                 ?, ?, ?, ?);
### Cause: java.sql.SQLIntegrityConstraintViolationException: Duplicate entry '010990' for key 'PRIMARY'
; Duplicate entry '010990' for key 'PRIMARY'; nested exception is java.sql.SQLIntegrityConstraintViolationException: Duplicate entry '010990' for key 'PRIMARY'
[ERROR] 22:02:03.437 [http-nio-7071-exec-4] c.y.s.controller.ArticleController - 查询基金信息错误: 
### Error updating database.  Cause: java.sql.SQLIntegrityConstraintViolationException: Duplicate entry '011036' for key 'PRIMARY'
### The error may involve com.yys.szcp.mapper.FFundInfoMapper.addFundLevel-Inline
### The error occurred while setting parameters
### SQL: insert into f_fund_level (fund_info_code, level1, level2,                                   level3,                                   level4, level5, level6, level7,                                   level8, level9, level10)         values (?,?,?, ?, ?, ?, ?,                 ?, ?, ?, ?);
### Cause: java.sql.SQLIntegrityConstraintViolationException: Duplicate entry '011036' for key 'PRIMARY'
; Duplicate entry '011036' for key 'PRIMARY'; nested exception is java.sql.SQLIntegrityConstraintViolationException: Duplicate entry '011036' for key 'PRIMARY'
[ERROR] 22:02:37.997 [http-nio-7071-exec-7] c.y.s.controller.ArticleController - 查询基金信息错误: 
### Error updating database.  Cause: java.sql.SQLIntegrityConstraintViolationException: Duplicate entry '008591' for key 'PRIMARY'
### The error may involve com.yys.szcp.mapper.FFundInfoMapper.addFundLevel-Inline
### The error occurred while setting parameters
### SQL: insert into f_fund_level (fund_info_code, level1, level2,                                   level3,                                   level4, level5, level6, level7,                                   level8, level9, level10)         values (?,?,?, ?, ?, ?, ?,                 ?, ?, ?, ?);
### Cause: java.sql.SQLIntegrityConstraintViolationException: Duplicate entry '008591' for key 'PRIMARY'
; Duplicate entry '008591' for key 'PRIMARY'; nested exception is java.sql.SQLIntegrityConstraintViolationException: Duplicate entry '008591' for key 'PRIMARY'
[ERROR] 22:03:27.757 [http-nio-7071-exec-5] c.y.s.controller.ArticleController - 查询基金信息错误: 
### Error updating database.  Cause: java.sql.SQLIntegrityConstraintViolationException: Duplicate entry '160424' for key 'PRIMARY'
### The error may involve com.yys.szcp.mapper.FFundInfoMapper.addFundLevel-Inline
### The error occurred while setting parameters
### SQL: insert into f_fund_level (fund_info_code, level1, level2,                                   level3,                                   level4, level5, level6, level7,                                   level8, level9, level10)         values (?,?,?, ?, ?, ?, ?,                 ?, ?, ?, ?);
### Cause: java.sql.SQLIntegrityConstraintViolationException: Duplicate entry '160424' for key 'PRIMARY'
; Duplicate entry '160424' for key 'PRIMARY'; nested exception is java.sql.SQLIntegrityConstraintViolationException: Duplicate entry '160424' for key 'PRIMARY'
[ERROR] 22:04:22.063 [http-nio-7071-exec-9] c.y.s.controller.ArticleController - 查询基金信息错误: 
### Error updating database.  Cause: java.sql.SQLIntegrityConstraintViolationException: Duplicate entry '006614' for key 'PRIMARY'
### The error may involve com.yys.szcp.mapper.FFundInfoMapper.addFundLevel-Inline
### The error occurred while setting parameters
### SQL: insert into f_fund_level (fund_info_code, level1, level2,                                   level3,                                   level4, level5, level6, level7,                                   level8, level9, level10)         values (?,?,?, ?, ?, ?, ?,                 ?, ?, ?, ?);
### Cause: java.sql.SQLIntegrityConstraintViolationException: Duplicate entry '006614' for key 'PRIMARY'
; Duplicate entry '006614' for key 'PRIMARY'; nested exception is java.sql.SQLIntegrityConstraintViolationException: Duplicate entry '006614' for key 'PRIMARY'
[ERROR] 22:05:33.935 [http-nio-7071-exec-1] c.y.s.controller.ArticleController - 查询基金信息错误: 
### Error updating database.  Cause: java.sql.SQLIntegrityConstraintViolationException: Duplicate entry '004753' for key 'PRIMARY'
### The error may involve com.yys.szcp.mapper.FFundInfoMapper.addFundLevel-Inline
### The error occurred while setting parameters
### SQL: insert into f_fund_level (fund_info_code, level1, level2,                                   level3,                                   level4, level5, level6, level7,                                   level8, level9, level10)         values (?,?,?, ?, ?, ?, ?,                 ?, ?, ?, ?);
### Cause: java.sql.SQLIntegrityConstraintViolationException: Duplicate entry '004753' for key 'PRIMARY'
; Duplicate entry '004753' for key 'PRIMARY'; nested exception is java.sql.SQLIntegrityConstraintViolationException: Duplicate entry '004753' for key 'PRIMARY'
[ERROR] 22:08:40.837 [http-nio-7071-exec-3] c.y.s.controller.ArticleController - 查询基金信息错误: 
### Error updating database.  Cause: java.sql.SQLIntegrityConstraintViolationException: Duplicate entry '001630' for key 'PRIMARY'
### The error may involve com.yys.szcp.mapper.FFundInfoMapper.addFundLevel-Inline
### The error occurred while setting parameters
### SQL: insert into f_fund_level (fund_info_code, level1, level2,                                   level3,                                   level4, level5, level6, level7,                                   level8, level9, level10)         values (?,?,?, ?, ?, ?, ?,                 ?, ?, ?, ?);
### Cause: java.sql.SQLIntegrityConstraintViolationException: Duplicate entry '001630' for key 'PRIMARY'
; Duplicate entry '001630' for key 'PRIMARY'; nested exception is java.sql.SQLIntegrityConstraintViolationException: Duplicate entry '001630' for key 'PRIMARY'
[ERROR] 22:12:37.921 [http-nio-7071-exec-5] c.y.s.controller.ArticleController - 查询基金信息错误: 
### Error updating database.  Cause: java.sql.SQLIntegrityConstraintViolationException: Duplicate entry '010419' for key 'PRIMARY'
### The error may involve com.yys.szcp.mapper.FFundInfoMapper.addFundLevel-Inline
### The error occurred while setting parameters
### SQL: insert into f_fund_level (fund_info_code, level1, level2,                                   level3,                                   level4, level5, level6, level7,                                   level8, level9, level10)         values (?,?,?, ?, ?, ?, ?,                 ?, ?, ?, ?);
### Cause: java.sql.SQLIntegrityConstraintViolationException: Duplicate entry '010419' for key 'PRIMARY'
; Duplicate entry '010419' for key 'PRIMARY'; nested exception is java.sql.SQLIntegrityConstraintViolationException: Duplicate entry '010419' for key 'PRIMARY'
[ERROR] 22:14:47.474 [http-nio-7071-exec-9] c.y.s.controller.ArticleController - 查询基金信息错误: 
### Error updating database.  Cause: java.sql.SQLIntegrityConstraintViolationException: Duplicate entry '001618' for key 'PRIMARY'
### The error may involve com.yys.szcp.mapper.FFundInfoMapper.addFundLevel-Inline
### The error occurred while setting parameters
### SQL: insert into f_fund_level (fund_info_code, level1, level2,                                   level3,                                   level4, level5, level6, level7,                                   level8, level9, level10)         values (?,?,?, ?, ?, ?, ?,                 ?, ?, ?, ?);
### Cause: java.sql.SQLIntegrityConstraintViolationException: Duplicate entry '001618' for key 'PRIMARY'
; Duplicate entry '001618' for key 'PRIMARY'; nested exception is java.sql.SQLIntegrityConstraintViolationException: Duplicate entry '001618' for key 'PRIMARY'
[ERROR] 22:17:16.761 [http-nio-7071-exec-4] c.y.s.controller.ArticleController - 查询基金信息错误: 
### Error updating database.  Cause: java.sql.SQLIntegrityConstraintViolationException: Duplicate entry '009881' for key 'PRIMARY'
### The error may involve com.yys.szcp.mapper.FFundInfoMapper.addFundLevel-Inline
### The error occurred while setting parameters
### SQL: insert into f_fund_level (fund_info_code, level1, level2,                                   level3,                                   level4, level5, level6, level7,                                   level8, level9, level10)         values (?,?,?, ?, ?, ?, ?,                 ?, ?, ?, ?);
### Cause: java.sql.SQLIntegrityConstraintViolationException: Duplicate entry '009881' for key 'PRIMARY'
; Duplicate entry '009881' for key 'PRIMARY'; nested exception is java.sql.SQLIntegrityConstraintViolationException: Duplicate entry '009881' for key 'PRIMARY'
[ERROR] 22:17:27.928 [http-nio-7071-exec-1] c.y.s.controller.ArticleController - 查询基金信息错误: 
### Error updating database.  Cause: java.sql.SQLIntegrityConstraintViolationException: Duplicate entry '001551' for key 'PRIMARY'
### The error may involve com.yys.szcp.mapper.FFundInfoMapper.addFundLevel-Inline
### The error occurred while setting parameters
### SQL: insert into f_fund_level (fund_info_code, level1, level2,                                   level3,                                   level4, level5, level6, level7,                                   level8, level9, level10)         values (?,?,?, ?, ?, ?, ?,                 ?, ?, ?, ?);
### Cause: java.sql.SQLIntegrityConstraintViolationException: Duplicate entry '001551' for key 'PRIMARY'
; Duplicate entry '001551' for key 'PRIMARY'; nested exception is java.sql.SQLIntegrityConstraintViolationException: Duplicate entry '001551' for key 'PRIMARY'
[ERROR] 22:18:15.667 [http-nio-7071-exec-7] c.y.s.controller.ArticleController - 查询基金信息错误: 
### Error updating database.  Cause: java.sql.SQLIntegrityConstraintViolationException: Duplicate entry '009881' for key 'PRIMARY'
### The error may involve com.yys.szcp.mapper.FFundInfoMapper.addFundLevel-Inline
### The error occurred while setting parameters
### SQL: insert into f_fund_level (fund_info_code, level1, level2,                                   level3,                                   level4, level5, level6, level7,                                   level8, level9, level10)         values (?,?,?, ?, ?, ?, ?,                 ?, ?, ?, ?);
### Cause: java.sql.SQLIntegrityConstraintViolationException: Duplicate entry '009881' for key 'PRIMARY'
; Duplicate entry '009881' for key 'PRIMARY'; nested exception is java.sql.SQLIntegrityConstraintViolationException: Duplicate entry '009881' for key 'PRIMARY'
[ERROR] 22:18:55.579 [http-nio-7071-exec-8] c.y.s.controller.ArticleController - 查询基金信息错误: 
### Error updating database.  Cause: java.sql.SQLIntegrityConstraintViolationException: Duplicate entry '008280' for key 'PRIMARY'
### The error may involve com.yys.szcp.mapper.FFundInfoMapper.addFundLevel-Inline
### The error occurred while setting parameters
### SQL: insert into f_fund_level (fund_info_code, level1, level2,                                   level3,                                   level4, level5, level6, level7,                                   level8, level9, level10)         values (?,?,?, ?, ?, ?, ?,                 ?, ?, ?, ?);
### Cause: java.sql.SQLIntegrityConstraintViolationException: Duplicate entry '008280' for key 'PRIMARY'
; Duplicate entry '008280' for key 'PRIMARY'; nested exception is java.sql.SQLIntegrityConstraintViolationException: Duplicate entry '008280' for key 'PRIMARY'
[ERROR] 22:19:57.292 [http-nio-7071-exec-3] c.y.s.controller.ArticleController - 查询基金信息错误: 
### Error updating database.  Cause: java.sql.SQLIntegrityConstraintViolationException: Duplicate entry '012857' for key 'PRIMARY'
### The error may involve com.yys.szcp.mapper.FFundInfoMapper.addFundLevel-Inline
### The error occurred while setting parameters
### SQL: insert into f_fund_level (fund_info_code, level1, level2,                                   level3,                                   level4, level5, level6, level7,                                   level8, level9, level10)         values (?,?,?, ?, ?, ?, ?,                 ?, ?, ?, ?);
### Cause: java.sql.SQLIntegrityConstraintViolationException: Duplicate entry '012857' for key 'PRIMARY'
; Duplicate entry '012857' for key 'PRIMARY'; nested exception is java.sql.SQLIntegrityConstraintViolationException: Duplicate entry '012857' for key 'PRIMARY'
[ERROR] 22:20:18.451 [http-nio-7071-exec-10] c.y.s.controller.ArticleController - 查询基金信息错误: 
### Error updating database.  Cause: java.sql.SQLIntegrityConstraintViolationException: Duplicate entry '005224' for key 'PRIMARY'
### The error may involve com.yys.szcp.mapper.FFundInfoMapper.addFundLevel-Inline
### The error occurred while setting parameters
### SQL: insert into f_fund_level (fund_info_code, level1, level2,                                   level3,                                   level4, level5, level6, level7,                                   level8, level9, level10)         values (?,?,?, ?, ?, ?, ?,                 ?, ?, ?, ?);
### Cause: java.sql.SQLIntegrityConstraintViolationException: Duplicate entry '005224' for key 'PRIMARY'
; Duplicate entry '005224' for key 'PRIMARY'; nested exception is java.sql.SQLIntegrityConstraintViolationException: Duplicate entry '005224' for key 'PRIMARY'
[ERROR] 22:21:06.260 [http-nio-7071-exec-2] c.y.s.controller.ArticleController - 查询基金信息错误: 
### Error updating database.  Cause: java.sql.SQLIntegrityConstraintViolationException: Duplicate entry '012810' for key 'PRIMARY'
### The error may involve com.yys.szcp.mapper.FFundInfoMapper.addFundLevel-Inline
### The error occurred while setting parameters
### SQL: insert into f_fund_level (fund_info_code, level1, level2,                                   level3,                                   level4, level5, level6, level7,                                   level8, level9, level10)         values (?,?,?, ?, ?, ?, ?,                 ?, ?, ?, ?);
### Cause: java.sql.SQLIntegrityConstraintViolationException: Duplicate entry '012810' for key 'PRIMARY'
; Duplicate entry '012810' for key 'PRIMARY'; nested exception is java.sql.SQLIntegrityConstraintViolationException: Duplicate entry '012810' for key 'PRIMARY'
[ERROR] 22:21:10.121 [http-nio-7071-exec-8] c.y.s.controller.ArticleController - 查询基金信息错误: 
### Error updating database.  Cause: java.sql.SQLIntegrityConstraintViolationException: Duplicate entry '010989' for key 'PRIMARY'
### The error may involve com.yys.szcp.mapper.FFundInfoMapper.addFundLevel-Inline
### The error occurred while setting parameters
### SQL: insert into f_fund_level (fund_info_code, level1, level2,                                   level3,                                   level4, level5, level6, level7,                                   level8, level9, level10)         values (?,?,?, ?, ?, ?, ?,                 ?, ?, ?, ?);
### Cause: java.sql.SQLIntegrityConstraintViolationException: Duplicate entry '010989' for key 'PRIMARY'
; Duplicate entry '010989' for key 'PRIMARY'; nested exception is java.sql.SQLIntegrityConstraintViolationException: Duplicate entry '010989' for key 'PRIMARY'
[ERROR] 22:21:17.859 [http-nio-7071-exec-4] c.y.s.controller.ArticleController - 查询基金信息错误: 
### Error updating database.  Cause: java.sql.SQLIntegrityConstraintViolationException: Duplicate entry '003096' for key 'PRIMARY'
### The error may involve com.yys.szcp.mapper.FFundInfoMapper.addFundLevel-Inline
### The error occurred while setting parameters
### SQL: insert into f_fund_level (fund_info_code, level1, level2,                                   level3,                                   level4, level5, level6, level7,                                   level8, level9, level10)         values (?,?,?, ?, ?, ?, ?,                 ?, ?, ?, ?);
### Cause: java.sql.SQLIntegrityConstraintViolationException: Duplicate entry '003096' for key 'PRIMARY'
; Duplicate entry '003096' for key 'PRIMARY'; nested exception is java.sql.SQLIntegrityConstraintViolationException: Duplicate entry '003096' for key 'PRIMARY'
[ERROR] 22:21:53.673 [http-nio-7071-exec-6] c.y.s.controller.ArticleController - 查询基金信息错误: 
### Error updating database.  Cause: java.sql.SQLIntegrityConstraintViolationException: Duplicate entry '005224' for key 'PRIMARY'
### The error may involve com.yys.szcp.mapper.FFundInfoMapper.addFundLevel-Inline
### The error occurred while setting parameters
### SQL: insert into f_fund_level (fund_info_code, level1, level2,                                   level3,                                   level4, level5, level6, level7,                                   level8, level9, level10)         values (?,?,?, ?, ?, ?, ?,                 ?, ?, ?, ?);
### Cause: java.sql.SQLIntegrityConstraintViolationException: Duplicate entry '005224' for key 'PRIMARY'
; Duplicate entry '005224' for key 'PRIMARY'; nested exception is java.sql.SQLIntegrityConstraintViolationException: Duplicate entry '005224' for key 'PRIMARY'
[ERROR] 22:50:04.498 [http-nio-7071-exec-9] c.y.s.controller.ArticleController - 查询基金信息错误: 
### Error updating database.  Cause: java.sql.SQLIntegrityConstraintViolationException: Duplicate entry '011513' for key 'PRIMARY'
### The error may involve com.yys.szcp.mapper.FFundInfoMapper.addFundLevel-Inline
### The error occurred while setting parameters
### SQL: insert into f_fund_level (fund_info_code, level1, level2,                                   level3,                                   level4, level5, level6, level7,                                   level8, level9, level10)         values (?,?,?, ?, ?, ?, ?,                 ?, ?, ?, ?);
### Cause: java.sql.SQLIntegrityConstraintViolationException: Duplicate entry '011513' for key 'PRIMARY'
; Duplicate entry '011513' for key 'PRIMARY'; nested exception is java.sql.SQLIntegrityConstraintViolationException: Duplicate entry '011513' for key 'PRIMARY'
[ERROR] 22:50:11.563 [http-nio-7071-exec-8] c.y.s.controller.ArticleController - 查询基金信息错误: 
### Error updating database.  Cause: java.sql.SQLIntegrityConstraintViolationException: Duplicate entry '005693' for key 'PRIMARY'
### The error may involve com.yys.szcp.mapper.FFundInfoMapper.addFundLevel-Inline
### The error occurred while setting parameters
### SQL: insert into f_fund_level (fund_info_code, level1, level2,                                   level3,                                   level4, level5, level6, level7,                                   level8, level9, level10)         values (?,?,?, ?, ?, ?, ?,                 ?, ?, ?, ?);
### Cause: java.sql.SQLIntegrityConstraintViolationException: Duplicate entry '005693' for key 'PRIMARY'
; Duplicate entry '005693' for key 'PRIMARY'; nested exception is java.sql.SQLIntegrityConstraintViolationException: Duplicate entry '005693' for key 'PRIMARY'
[ERROR] 22:53:31.911 [http-nio-7071-exec-1] c.y.s.controller.ArticleController - 查询基金信息错误: -1
[ERROR] 22:55:00.772 [http-nio-7071-exec-2] c.y.s.controller.ArticleController - 查询基金信息错误: -1
[ERROR] 23:05:21.431 [http-nio-7071-exec-5] c.y.s.controller.ArticleController - 查询基金信息错误: -1
[ERROR] 23:36:31.287 [http-nio-7071-exec-2] c.y.s.controller.ArticleController - 查询基金信息错误: java.lang.Long cannot be cast to java.lang.String
[ERROR] 23:36:54.940 [http-nio-7071-exec-4] c.y.s.controller.ArticleController - 查询基金信息错误: java.lang.Long cannot be cast to java.lang.String
[ERROR] 23:38:12.970 [http-nio-7071-exec-6] c.y.s.controller.ArticleController - 查询基金信息错误: java.lang.Long cannot be cast to java.lang.String
[ERROR] 23:39:28.410 [http-nio-7071-exec-3] c.y.s.controller.ArticleController - 查询基金信息错误: java.lang.Long cannot be cast to java.lang.String
[ERROR] 23:41:46.560 [http-nio-7071-exec-2] c.y.s.controller.ArticleController - 查询基金信息错误: java.lang.Long cannot be cast to java.lang.String
[ERROR] 23:45:02.888 [http-nio-7071-exec-2] c.y.s.controller.ArticleController - 查询基金信息错误: 
### Error updating database.  Cause: java.sql.SQLIntegrityConstraintViolationException: Duplicate entry '004753' for key 'PRIMARY'
### The error may involve com.yys.szcp.mapper.FFundInfoMapper.addFundLevel-Inline
### The error occurred while setting parameters
### SQL: insert into f_fund_level (fund_info_code, level1, level2,                                   level3,                                   level4, level5, level6, level7,                                   level8, level9, level10)         values (?,?,?, ?, ?, ?, ?,                 ?, ?, ?, ?);
### Cause: java.sql.SQLIntegrityConstraintViolationException: Duplicate entry '004753' for key 'PRIMARY'
; Duplicate entry '004753' for key 'PRIMARY'; nested exception is java.sql.SQLIntegrityConstraintViolationException: Duplicate entry '004753' for key 'PRIMARY'
[ERROR] 23:46:45.313 [http-nio-7071-exec-2] c.y.s.controller.ArticleController - 查询基金信息错误: java.lang.Long cannot be cast to java.lang.String
[ERROR] 23:48:00.700 [http-nio-7071-exec-2] c.y.s.controller.ArticleController - 查询基金信息错误: 
### Error updating database.  Cause: java.sql.SQLIntegrityConstraintViolationException: Duplicate entry '002943' for key 'PRIMARY'
### The error may involve com.yys.szcp.mapper.FFundInfoMapper.addFundLevel-Inline
### The error occurred while setting parameters
### SQL: insert into f_fund_level (fund_info_code, level1, level2,                                   level3,                                   level4, level5, level6, level7,                                   level8, level9, level10)         values (?,?,?, ?, ?, ?, ?,                 ?, ?, ?, ?);
### Cause: java.sql.SQLIntegrityConstraintViolationException: Duplicate entry '002943' for key 'PRIMARY'
; Duplicate entry '002943' for key 'PRIMARY'; nested exception is java.sql.SQLIntegrityConstraintViolationException: Duplicate entry '002943' for key 'PRIMARY'
