[ERROR] 21:20:12.853 [http-nio-7071-exec-3] c.y.s.controller.ArticleController - 查询基金信息错误: 
### Error updating database.  Cause: java.sql.SQLException: sql injection violation, syntax error: syntax error, error in :'mes,,investment_amount)
        val', expect RPAREN, actual IDENTIFIER pos 86, line 1, column 70, token IDENTIFIER investment_amount : insert into f_fund_day (fund_info_code, fund_day, now_holding_times,,investment_amount)
        values (?,?,?,?);
### SQL: insert into f_fund_day (fund_info_code, fund_day, now_holding_times,,investment_amount)         values (?,?,?,?);
### Cause: java.sql.SQLException: sql injection violation, syntax error: syntax error, error in :'mes,,investment_amount)
        val', expect RPAREN, actual IDENTIFIER pos 86, line 1, column 70, token IDENTIFIER investment_amount : insert into f_fund_day (fund_info_code, fund_day, now_holding_times,,investment_amount)
        values (?,?,?,?);
; uncategorized SQLException; SQL state [null]; error code [0]; sql injection violation, syntax error: syntax error, error in :'mes,,investment_amount)
        val', expect RPAREN, actual IDENTIFIER pos 86, line 1, column 70, token IDENTIFIER investment_amount : insert into f_fund_day (fund_info_code, fund_day, now_holding_times,,investment_amount)
        values (?,?,?,?);; nested exception is java.sql.SQLException: sql injection violation, syntax error: syntax error, error in :'mes,,investment_amount)
        val', expect RPAREN, actual IDENTIFIER pos 86, line 1, column 70, token IDENTIFIER investment_amount : insert into f_fund_day (fund_info_code, fund_day, now_holding_times,,investment_amount)
        values (?,?,?,?);
[ERROR] 23:17:13.536 [http-nio-7071-exec-4] c.y.s.controller.ArticleController - 查询基金信息错误: 
### Error updating database.  Cause: java.sql.SQLIntegrityConstraintViolationException: Duplicate entry '002943-2022-02-07 00:00:00' for key 'f_fund_day_pk'
### The error may involve com.yys.szcp.mapper.FFundInfoMapper.addFundDay-Inline
### The error occurred while setting parameters
### SQL: insert into f_fund_day (fund_info_code, fund_day, now_holding_times,investment_amount)         values (?,?,?,?);
### Cause: java.sql.SQLIntegrityConstraintViolationException: Duplicate entry '002943-2022-02-07 00:00:00' for key 'f_fund_day_pk'
; Duplicate entry '002943-2022-02-07 00:00:00' for key 'f_fund_day_pk'; nested exception is java.sql.SQLIntegrityConstraintViolationException: Duplicate entry '002943-2022-02-07 00:00:00' for key 'f_fund_day_pk'
