[INFO ] 08:22:52.085 [main] com.yys.szcp.SzcpApplication - Starting SzcpApplication on WINMICR-S3SJB84 with PID 10568 (H:\MyGitProject\blog996\szcp\target\classes started by Administrator in H:\MyGitProject\blog996\szcp)
[INFO ] 08:22:52.089 [main] com.yys.szcp.SzcpApplication - The following profiles are active: dev
[INFO ] 08:22:55.571 [main] o.s.d.r.c.RepositoryConfigurationDelegate - Multiple Spring Data modules found, entering strict repository configuration mode!
[INFO ] 08:22:55.580 [main] o.s.d.r.c.RepositoryConfigurationDelegate - Bootstrapping Spring Data Redis repositories in DEFAULT mode.
[INFO ] 08:22:55.669 [main] o.s.d.r.c.RepositoryConfigurationDelegate - Finished Spring Data repository scanning in 29ms. Found 0 Redis repository interfaces.
[INFO ] 08:22:56.884 [main] o.s.c.s.PostProcessorRegistrationDelegate$BeanPostProcessorChecker - Bean 'org.springframework.transaction.annotation.ProxyTransactionManagementConfiguration' of type [org.springframework.transaction.annotation.ProxyTransactionManagementConfiguration] is not eligible for getting processed by all BeanPostProcessors (for example: not eligible for auto-proxying)
[INFO ] 08:22:57.779 [main] o.s.b.w.e.tomcat.TomcatWebServer - Tomcat initialized with port(s): 7071 (http)
[INFO ] 08:22:57.804 [main] o.a.coyote.http11.Http11NioProtocol - Initializing ProtocolHandler ["http-nio-7071"]
[INFO ] 08:22:57.806 [main] o.a.catalina.core.StandardService - Starting service [Tomcat]
[INFO ] 08:22:57.807 [main] o.a.catalina.core.StandardEngine - Starting Servlet engine: [Apache Tomcat/9.0.30]
[INFO ] 08:22:58.123 [main] o.a.c.c.C.[Tomcat].[localhost].[/] - Initializing Spring embedded WebApplicationContext
[INFO ] 08:22:58.124 [main] o.s.web.context.ContextLoader - Root WebApplicationContext: initialization completed in 5870 ms
[INFO ] 08:22:58.263 [main] o.s.b.web.servlet.RegistrationBean - Servlet statViewServlet was not registered (possibly already registered?)
[INFO ] 08:22:58.272 [main] o.s.b.web.servlet.RegistrationBean - Filter webStatFilter was not registered (possibly already registered?)
[INFO ] 08:23:00.824 [main] c.alibaba.druid.pool.DruidDataSource - {dataSource-1} inited
[INFO ] 08:23:03.026 [main] s.d.s.w.PropertySourcedRequestMappingHandlerMapping - Mapped URL path [/v2/api-docs] onto method [springfox.documentation.swagger2.web.Swagger2Controller#getDocumentation(String, HttpServletRequest)]
[INFO ] 08:23:04.284 [main] o.s.s.c.ThreadPoolTaskExecutor - Initializing ExecutorService 'applicationTaskExecutor'
[INFO ] 08:23:05.286 [main] o.s.s.c.ThreadPoolTaskScheduler - Initializing ExecutorService 'taskScheduler'
[INFO ] 08:23:05.439 [main] s.d.s.w.p.DocumentationPluginsBootstrapper - Context refreshed
[INFO ] 08:23:05.499 [main] s.d.s.w.p.DocumentationPluginsBootstrapper - Found 1 custom documentation plugin(s)
[INFO ] 08:23:05.643 [main] s.d.s.w.s.ApiListingReferenceScanner - Scanning for api listing references
[INFO ] 08:23:07.156 [main] o.a.coyote.http11.Http11NioProtocol - Starting ProtocolHandler ["http-nio-7071"]
[INFO ] 08:23:07.276 [main] o.s.b.w.e.tomcat.TomcatWebServer - Tomcat started on port(s): 7071 (http) with context path ''
[INFO ] 08:23:07.285 [main] com.yys.szcp.SzcpApplication - Started SzcpApplication in 16.833 seconds (JVM running for 21.255)
[INFO ] 11:32:12.155 [SpringContextShutdownHook] o.s.s.c.ThreadPoolTaskScheduler - Shutting down ExecutorService 'taskScheduler'
[INFO ] 11:32:12.159 [SpringContextShutdownHook] o.s.s.c.ThreadPoolTaskExecutor - Shutting down ExecutorService 'applicationTaskExecutor'
[INFO ] 11:32:12.232 [SpringContextShutdownHook] c.alibaba.druid.pool.DruidDataSource - {dataSource-1} closed
