[WARN ] 07:46:06.761 [main] o.t.templatemode.TemplateMode - [THYMELEAF][main] Template Mode 'LEGACYHTML5' is deprecated. Using Template Mode 'HTML' instead.
[WARN ] 07:53:06.744 [main] o.t.templatemode.TemplateMode - [THYMELEAF][main] Template Mode 'LEGACYHTML5' is deprecated. Using Template Mode 'HTML' instead.
[WARN ] 07:54:19.809 [main] o.t.templatemode.TemplateMode - [THYMELEAF][main] Template Mode 'LEGACYHTML5' is deprecated. Using Template Mode 'HTML' instead.
[WARN ] 08:47:02.569 [main] o.t.templatemode.TemplateMode - [THYMELEAF][main] Template Mode 'LEGACYHTML5' is deprecated. Using Template Mode 'HTML' instead.
[WARN ] 08:58:37.687 [http-nio-7071-exec-6] o.s.web.servlet.PageNotFound - No mapping for GET /sys/uploadImg/downLoadBanner/20210404085837559_157689.jpg
[WARN ] 08:58:47.016 [http-nio-7071-exec-4] o.s.web.servlet.PageNotFound - No mapping for GET /sys/uploadImg/downLoadBanner/20210404085837559_157689.jpg
[WARN ] 09:00:47.664 [main] o.t.templatemode.TemplateMode - [THYMELEAF][main] Template Mode 'LEGACYHTML5' is deprecated. Using Template Mode 'HTML' instead.
[WARN ] 09:01:13.119 [http-nio-7071-exec-2] o.s.web.servlet.PageNotFound - No mapping for GET /sys/uploadImg/downLoadBanner/20210404085837559_157689.jpg
[WARN ] 09:01:30.016 [http-nio-7071-exec-9] o.s.web.servlet.PageNotFound - No mapping for GET /sys/uploadImg/downLoadBanner/20210404085837559_157689.jpg
[WARN ] 09:01:30.634 [http-nio-7071-exec-10] o.s.web.servlet.PageNotFound - No mapping for GET /favicon.ico
[WARN ] 09:02:49.487 [main] o.t.templatemode.TemplateMode - [THYMELEAF][main] Template Mode 'LEGACYHTML5' is deprecated. Using Template Mode 'HTML' instead.
[WARN ] 09:03:02.986 [http-nio-7071-exec-1] o.s.web.servlet.PageNotFound - No mapping for GET /sys/uploadImg/downLoadBanner/20210404085837559_157689.jpg
[WARN ] 09:03:14.619 [http-nio-7071-exec-3] o.s.web.servlet.PageNotFound - No mapping for GET /favicon.ico
[WARN ] 09:03:29.871 [http-nio-7071-exec-5] o.s.web.servlet.PageNotFound - No mapping for GET /sys/uploadImg/downLoadBanner/20210404085837559_157689.jpg
[WARN ] 09:03:41.309 [http-nio-7071-exec-7] o.s.web.servlet.PageNotFound - No mapping for GET /favicon.ico
[WARN ] 09:04:32.651 [http-nio-7071-exec-1] o.s.web.servlet.PageNotFound - No mapping for GET /sys/uploadImg/downLoadBanner/20210404085837559_157689.jpg
[WARN ] 09:04:41.792 [http-nio-7071-exec-4] o.s.web.servlet.PageNotFound - No mapping for GET /favicon.ico
[WARN ] 09:06:53.671 [main] o.t.templatemode.TemplateMode - [THYMELEAF][main] Template Mode 'LEGACYHTML5' is deprecated. Using Template Mode 'HTML' instead.
[WARN ] 09:07:26.266 [http-nio-7071-exec-1] o.s.web.servlet.PageNotFound - No mapping for GET /sys/uploadImg/downLoadBanner/20210404085837559_157689.jpg
[WARN ] 09:08:14.771 [http-nio-7071-exec-3] o.s.web.servlet.PageNotFound - No mapping for GET /favicon.ico
[WARN ] 09:08:43.594 [main] o.t.templatemode.TemplateMode - [THYMELEAF][main] Template Mode 'LEGACYHTML5' is deprecated. Using Template Mode 'HTML' instead.
[WARN ] 09:10:08.353 [http-nio-7071-exec-3] o.s.web.servlet.PageNotFound - No mapping for GET /sys/uploadImg/downLoadBanner/20210404085837559_157689.jpg
[WARN ] 09:10:17.329 [http-nio-7071-exec-5] o.s.web.servlet.PageNotFound - No mapping for GET /sys/uploadImg/downLoadBanner/20210404085837559_157689.jpg
[WARN ] 09:10:17.550 [http-nio-7071-exec-8] o.s.web.servlet.PageNotFound - No mapping for GET /sys/image/downLoadBanner/20210404091017466_822851.jpg
[WARN ] 09:10:17.554 [http-nio-7071-exec-10] o.s.web.servlet.PageNotFound - No mapping for GET /sys/uploadImg/downLoadBanner/20210404085837559_157689.jpg
[WARN ] 09:10:41.031 [http-nio-7071-exec-2] o.s.web.servlet.PageNotFound - No mapping for GET /sys/image/downLoadBanner/20210404091017466_822851.jpg
[WARN ] 09:10:41.250 [http-nio-7071-exec-4] o.s.web.servlet.PageNotFound - No mapping for GET /sys/uploadImg/downLoadBanner/20210404085837559_157689.jpg
[WARN ] 09:10:41.380 [http-nio-7071-exec-8] o.s.web.servlet.PageNotFound - No mapping for GET /sys/image/downLoadBanner/20210404091017466_822851.jpg
[WARN ] 09:10:41.385 [http-nio-7071-exec-10] o.s.web.servlet.PageNotFound - No mapping for GET /sys/image/downLoadBanner/20210404091041275_675794.jpg
[WARN ] 09:10:41.394 [http-nio-7071-exec-9] o.s.web.servlet.PageNotFound - No mapping for GET /sys/uploadImg/downLoadBanner/20210404085837559_157689.jpg
[WARN ] 09:10:59.082 [http-nio-7071-exec-1] o.s.web.servlet.PageNotFound - No mapping for GET /sys/uploadImg/downLoadBanner/20210404085837559_157689.jpg
[WARN ] 09:11:12.748 [http-nio-7071-exec-4] o.s.web.servlet.PageNotFound - No mapping for GET /sys/uploadImg/downLoadBanner/20210404085837559_157689.jpg
[WARN ] 09:11:12.893 [http-nio-7071-exec-7] o.s.web.servlet.PageNotFound - No mapping for GET /sys/image/downLoadBanner/20210404091112787_953916.jpg
[WARN ] 09:11:18.963 [http-nio-7071-exec-3] o.s.web.servlet.PageNotFound - No mapping for GET /sys/uploadImg/downLoadBanner/20210404085837559_157689.jpg
[WARN ] 09:11:18.963 [http-nio-7071-exec-9] o.s.web.servlet.PageNotFound - No mapping for GET /sys/image/downLoadBanner/20210404091112787_953916.jpg
[WARN ] 09:11:35.585 [http-nio-7071-exec-6] o.s.web.servlet.PageNotFound - No mapping for GET /sys/image/downLoadBanner/20210404091112787_953916.jpg
[WARN ] 09:11:36.286 [http-nio-7071-exec-8] o.s.web.servlet.PageNotFound - No mapping for GET /favicon.ico
[WARN ] 09:11:58.770 [http-nio-7071-exec-9] o.s.web.servlet.PageNotFound - No mapping for GET /sys/image/downLoadBanner/20210404091112787_953916.jpg
[WARN ] 09:11:58.823 [http-nio-7071-exec-5] o.s.web.servlet.PageNotFound - No mapping for GET /favicon.ico
[WARN ] 09:12:39.068 [http-nio-7071-exec-7] o.s.web.servlet.PageNotFound - No mapping for GET /sys/image/downLoadBanner/20210404091112787_953916.jpg
[WARN ] 09:12:42.156 [http-nio-7071-exec-6] o.s.web.servlet.PageNotFound - No mapping for GET /favicon.ico
[WARN ] 09:13:04.721 [http-nio-7071-exec-10] o.s.web.servlet.PageNotFound - No mapping for GET /sys/image/downLoadBanner/20210404091112787_953916.jpg
[WARN ] 09:13:07.133 [http-nio-7071-exec-1] o.s.web.servlet.PageNotFound - No mapping for GET /favicon.ico
[WARN ] 09:13:40.168 [http-nio-7071-exec-2] o.s.web.servlet.PageNotFound - No mapping for GET /sys/image/downLoadBanner/20210404091112787_953916.jpg
[WARN ] 09:14:18.680 [http-nio-7071-exec-4] o.s.web.servlet.PageNotFound - No mapping for GET /sys/image/downLoadBanner/20210404091112787_953916.jpg
[WARN ] 09:14:20.065 [http-nio-7071-exec-8] o.s.web.servlet.PageNotFound - No mapping for GET /favicon.ico
[WARN ] 09:14:20.792 [http-nio-7071-exec-1] o.s.web.servlet.PageNotFound - No mapping for GET /sys/image/downLoadBanner/20210404091112787_953916.jpg
[WARN ] 09:14:21.682 [http-nio-7071-exec-10] o.s.web.servlet.PageNotFound - No mapping for GET /sys/uploadImg/downLoadBanner/20210404085837559_157689.jpg
[WARN ] 09:14:47.140 [http-nio-7071-exec-7] o.s.web.servlet.PageNotFound - No mapping for GET /sys/image/downLoadBanner/20210404091112787_953916.jpg
[WARN ] 09:15:11.800 [http-nio-7071-exec-8] o.s.web.servlet.PageNotFound - No mapping for GET /sys/image/downLoadBanner/20210404091112787_953916.jpg
[WARN ] 09:15:12.545 [http-nio-7071-exec-9] o.s.web.servlet.PageNotFound - No mapping for GET /favicon.ico
[WARN ] 09:17:06.713 [main] o.t.templatemode.TemplateMode - [THYMELEAF][main] Template Mode 'LEGACYHTML5' is deprecated. Using Template Mode 'HTML' instead.
[WARN ] 09:17:13.935 [http-nio-7071-exec-1] o.s.web.servlet.PageNotFound - No mapping for GET /sys/image/downLoadBanner/20210404091112787_953916.jpg
[WARN ] 09:17:14.282 [http-nio-7071-exec-2] o.s.web.servlet.PageNotFound - No mapping for GET /favicon.ico
[WARN ] 09:20:09.516 [main] o.t.templatemode.TemplateMode - [THYMELEAF][main] Template Mode 'LEGACYHTML5' is deprecated. Using Template Mode 'HTML' instead.
[WARN ] 09:20:29.200 [http-nio-7071-exec-1] o.s.web.servlet.PageNotFound - No mapping for GET /sys/image/downLoadBanner/20210404091112787_953916.jpg
[WARN ] 09:20:29.531 [http-nio-7071-exec-2] o.s.web.servlet.PageNotFound - No mapping for GET /favicon.ico
[WARN ] 09:20:31.013 [http-nio-7071-exec-4] o.s.web.servlet.PageNotFound - No mapping for GET /sys/image/downLoadBanner/20210404091112787_953916.jpg
[WARN ] 09:20:31.081 [http-nio-7071-exec-5] o.s.web.servlet.PageNotFound - No mapping for GET /favicon.ico
[WARN ] 09:20:48.182 [http-nio-7071-exec-9] o.s.web.servlet.PageNotFound - No mapping for GET /sys/image/downLoadBanner/20210404091112787_953916.jpg
[WARN ] 09:20:48.257 [http-nio-7071-exec-10] o.s.web.servlet.PageNotFound - No mapping for GET /favicon.ico
[WARN ] 09:21:02.528 [http-nio-7071-exec-1] o.s.web.servlet.PageNotFound - No mapping for GET /sys/uploadImg/downLoadBanner/20210404085837559_157689.jpg
[WARN ] 09:21:03.363 [http-nio-7071-exec-5] o.s.web.servlet.PageNotFound - No mapping for GET /sys/uploadImg/downLoadBanner/20210404085837559_157689.jpg
[WARN ] 09:21:19.421 [http-nio-7071-exec-8] o.s.web.servlet.PageNotFound - No mapping for GET /sys/uploadImg/downLoadBanner/20210404085837559_157689.jpg
[WARN ] 09:21:51.140 [http-nio-7071-exec-1] o.s.web.servlet.PageNotFound - No mapping for GET /sys/uploadImg/downLoadBanner/20210404085837559_157689.jpg
[WARN ] 09:22:03.790 [http-nio-7071-exec-8] o.s.web.servlet.PageNotFound - No mapping for GET /sys/uploadImg/downLoadBanner/20210404085837559_157689.jpg
[WARN ] 10:03:13.442 [main] o.t.templatemode.TemplateMode - [THYMELEAF][main] Template Mode 'LEGACYHTML5' is deprecated. Using Template Mode 'HTML' instead.
[WARN ] 10:49:55.508 [main] o.t.templatemode.TemplateMode - [THYMELEAF][main] Template Mode 'LEGACYHTML5' is deprecated. Using Template Mode 'HTML' instead.
[WARN ] 10:55:38.396 [main] o.t.templatemode.TemplateMode - [THYMELEAF][main] Template Mode 'LEGACYHTML5' is deprecated. Using Template Mode 'HTML' instead.
[WARN ] 11:02:10.045 [main] o.t.templatemode.TemplateMode - [THYMELEAF][main] Template Mode 'LEGACYHTML5' is deprecated. Using Template Mode 'HTML' instead.
[WARN ] 11:04:48.979 [main] o.t.templatemode.TemplateMode - [THYMELEAF][main] Template Mode 'LEGACYHTML5' is deprecated. Using Template Mode 'HTML' instead.
[WARN ] 11:14:18.206 [main] o.s.b.t.j.DuplicateJsonObjectContextCustomizerFactory$DuplicateJsonObjectContextCustomizer - 

Found multiple occurrences of org.json.JSONObject on the class path:

	jar:file:/H:/mavenRo/org/json/json/20170516/json-20170516.jar!/org/json/JSONObject.class
	jar:file:/H:/mavenRo/com/vaadin/external/google/android-json/0.0.20131108.vaadin1/android-json-0.0.20131108.vaadin1.jar!/org/json/JSONObject.class

You may wish to exclude one of them to ensure predictable runtime behavior

[WARN ] 11:14:33.919 [main] o.t.templatemode.TemplateMode - [THYMELEAF][main] Template Mode 'LEGACYHTML5' is deprecated. Using Template Mode 'HTML' instead.
[WARN ] 11:48:59.420 [main] o.t.templatemode.TemplateMode - [THYMELEAF][main] Template Mode 'LEGACYHTML5' is deprecated. Using Template Mode 'HTML' instead.
[WARN ] 13:30:28.315 [http-nio-7071-exec-7] o.s.web.servlet.PageNotFound - No mapping for GET /favicon.ico
[WARN ] 14:55:41.764 [main] o.t.templatemode.TemplateMode - [THYMELEAF][main] Template Mode 'LEGACYHTML5' is deprecated. Using Template Mode 'HTML' instead.
[WARN ] 15:01:44.772 [main] o.t.templatemode.TemplateMode - [THYMELEAF][main] Template Mode 'LEGACYHTML5' is deprecated. Using Template Mode 'HTML' instead.
[WARN ] 15:13:05.028 [main] o.t.templatemode.TemplateMode - [THYMELEAF][main] Template Mode 'LEGACYHTML5' is deprecated. Using Template Mode 'HTML' instead.
[WARN ] 15:15:57.154 [main] o.t.templatemode.TemplateMode - [THYMELEAF][main] Template Mode 'LEGACYHTML5' is deprecated. Using Template Mode 'HTML' instead.
[WARN ] 15:25:24.252 [main] o.t.templatemode.TemplateMode - [THYMELEAF][main] Template Mode 'LEGACYHTML5' is deprecated. Using Template Mode 'HTML' instead.
[WARN ] 15:33:23.895 [main] o.t.templatemode.TemplateMode - [THYMELEAF][main] Template Mode 'LEGACYHTML5' is deprecated. Using Template Mode 'HTML' instead.
[WARN ] 15:37:35.108 [main] o.t.templatemode.TemplateMode - [THYMELEAF][main] Template Mode 'LEGACYHTML5' is deprecated. Using Template Mode 'HTML' instead.
[WARN ] 15:45:22.289 [main] o.t.templatemode.TemplateMode - [THYMELEAF][main] Template Mode 'LEGACYHTML5' is deprecated. Using Template Mode 'HTML' instead.
[WARN ] 15:51:28.230 [main] o.s.b.t.j.DuplicateJsonObjectContextCustomizerFactory$DuplicateJsonObjectContextCustomizer - 

Found multiple occurrences of org.json.JSONObject on the class path:

	jar:file:/H:/mavenRo/org/json/json/20170516/json-20170516.jar!/org/json/JSONObject.class
	jar:file:/H:/mavenRo/com/vaadin/external/google/android-json/0.0.20131108.vaadin1/android-json-0.0.20131108.vaadin1.jar!/org/json/JSONObject.class

You may wish to exclude one of them to ensure predictable runtime behavior

[WARN ] 15:51:42.002 [main] o.t.templatemode.TemplateMode - [THYMELEAF][main] Template Mode 'LEGACYHTML5' is deprecated. Using Template Mode 'HTML' instead.
[WARN ] 17:18:05.707 [main] o.t.templatemode.TemplateMode - [THYMELEAF][main] Template Mode 'LEGACYHTML5' is deprecated. Using Template Mode 'HTML' instead.
