[INFO ] 21:53:10.081 [main] com.yys.szcp.SzcpApplication - Starting SzcpApplication on WINMICR-S3SJB84 with PID 18256 (H:\MyGitProject\blog996\szcp\target\classes started by Administrator in H:\MyGitProject\blog996\szcp)
[INFO ] 21:53:10.091 [main] com.yys.szcp.SzcpApplication - The following profiles are active: dev
[INFO ] 21:53:16.365 [main] o.s.d.r.c.RepositoryConfigurationDelegate - Multiple Spring Data modules found, entering strict repository configuration mode!
[INFO ] 21:53:16.388 [main] o.s.d.r.c.RepositoryConfigurationDelegate - Bootstrapping Spring Data Redis repositories in DEFAULT mode.
[INFO ] 21:53:16.557 [main] o.s.d.r.c.RepositoryConfigurationDelegate - Finished Spring Data repository scanning in 62ms. Found 0 Redis repository interfaces.
[INFO ] 21:53:19.708 [main] o.s.c.s.PostProcessorRegistrationDelegate$BeanPostProcessorChecker - Bean 'org.springframework.transaction.annotation.ProxyTransactionManagementConfiguration' of type [org.springframework.transaction.annotation.ProxyTransactionManagementConfiguration] is not eligible for getting processed by all BeanPostProcessors (for example: not eligible for auto-proxying)
[INFO ] 21:53:21.358 [main] o.s.b.w.e.tomcat.TomcatWebServer - Tomcat initialized with port(s): 7071 (http)
[INFO ] 21:53:21.407 [main] o.a.coyote.http11.Http11NioProtocol - Initializing ProtocolHandler ["http-nio-7071"]
[INFO ] 21:53:21.409 [main] o.a.catalina.core.StandardService - Starting service [Tomcat]
[INFO ] 21:53:21.410 [main] o.a.catalina.core.StandardEngine - Starting Servlet engine: [Apache Tomcat/9.0.30]
[INFO ] 21:53:22.135 [main] o.a.c.c.C.[Tomcat].[localhost].[/] - Initializing Spring embedded WebApplicationContext
[INFO ] 21:53:22.136 [main] o.s.web.context.ContextLoader - Root WebApplicationContext: initialization completed in 11612 ms
[INFO ] 21:53:22.392 [main] o.s.b.web.servlet.RegistrationBean - Servlet statViewServlet was not registered (possibly already registered?)
[INFO ] 21:53:22.414 [main] o.s.b.web.servlet.RegistrationBean - Filter webStatFilter was not registered (possibly already registered?)
[INFO ] 21:53:26.039 [main] c.alibaba.druid.pool.DruidDataSource - {dataSource-1} inited
[INFO ] 21:53:29.995 [main] s.d.s.w.PropertySourcedRequestMappingHandlerMapping - Mapped URL path [/v2/api-docs] onto method [springfox.documentation.swagger2.web.Swagger2Controller#getDocumentation(String, HttpServletRequest)]
[INFO ] 21:53:32.692 [main] o.s.s.c.ThreadPoolTaskExecutor - Initializing ExecutorService 'applicationTaskExecutor'
[INFO ] 21:53:34.936 [main] o.s.s.c.ThreadPoolTaskScheduler - Initializing ExecutorService 'taskScheduler'
[INFO ] 21:53:35.321 [main] s.d.s.w.p.DocumentationPluginsBootstrapper - Context refreshed
[INFO ] 21:53:35.458 [main] s.d.s.w.p.DocumentationPluginsBootstrapper - Found 1 custom documentation plugin(s)
[INFO ] 21:53:35.828 [main] s.d.s.w.s.ApiListingReferenceScanner - Scanning for api listing references
[INFO ] 21:53:40.453 [main] o.a.coyote.http11.Http11NioProtocol - Starting ProtocolHandler ["http-nio-7071"]
[INFO ] 21:53:40.683 [main] o.s.b.w.e.tomcat.TomcatWebServer - Tomcat started on port(s): 7071 (http) with context path ''
[INFO ] 21:53:40.715 [main] com.yys.szcp.SzcpApplication - Started SzcpApplication in 32.868 seconds (JVM running for 40.991)
[INFO ] 23:51:24.364 [SpringContextShutdownHook] o.s.s.c.ThreadPoolTaskScheduler - Shutting down ExecutorService 'taskScheduler'
[INFO ] 23:51:24.665 [SpringContextShutdownHook] o.s.s.c.ThreadPoolTaskExecutor - Shutting down ExecutorService 'applicationTaskExecutor'
[INFO ] 23:51:28.320 [SpringContextShutdownHook] c.alibaba.druid.pool.DruidDataSource - {dataSource-1} closed
[INFO ] 23:51:50.363 [main] com.yys.szcp.SzcpApplication - Starting SzcpApplication on WINMICR-S3SJB84 with PID 8072 (H:\MyGitProject\blog996\szcp\target\classes started by Administrator in H:\MyGitProject\blog996\szcp)
[INFO ] 23:51:50.378 [main] com.yys.szcp.SzcpApplication - The following profiles are active: dev
[INFO ] 23:51:54.690 [main] o.s.d.r.c.RepositoryConfigurationDelegate - Multiple Spring Data modules found, entering strict repository configuration mode!
[INFO ] 23:51:54.716 [main] o.s.d.r.c.RepositoryConfigurationDelegate - Bootstrapping Spring Data Redis repositories in DEFAULT mode.
[INFO ] 23:51:54.843 [main] o.s.d.r.c.RepositoryConfigurationDelegate - Finished Spring Data repository scanning in 53ms. Found 0 Redis repository interfaces.
[INFO ] 23:51:56.484 [main] o.s.c.s.PostProcessorRegistrationDelegate$BeanPostProcessorChecker - Bean 'org.springframework.transaction.annotation.ProxyTransactionManagementConfiguration' of type [org.springframework.transaction.annotation.ProxyTransactionManagementConfiguration] is not eligible for getting processed by all BeanPostProcessors (for example: not eligible for auto-proxying)
[INFO ] 23:51:57.688 [main] o.s.b.w.e.tomcat.TomcatWebServer - Tomcat initialized with port(s): 7071 (http)
[INFO ] 23:51:57.733 [main] o.a.coyote.http11.Http11NioProtocol - Initializing ProtocolHandler ["http-nio-7071"]
[INFO ] 23:51:57.735 [main] o.a.catalina.core.StandardService - Starting service [Tomcat]
[INFO ] 23:51:57.736 [main] o.a.catalina.core.StandardEngine - Starting Servlet engine: [Apache Tomcat/9.0.30]
[INFO ] 23:51:58.179 [main] o.a.c.c.C.[Tomcat].[localhost].[/] - Initializing Spring embedded WebApplicationContext
[INFO ] 23:51:58.180 [main] o.s.web.context.ContextLoader - Root WebApplicationContext: initialization completed in 7622 ms
[INFO ] 23:51:58.356 [main] o.s.b.web.servlet.RegistrationBean - Servlet statViewServlet was not registered (possibly already registered?)
[INFO ] 23:51:58.368 [main] o.s.b.web.servlet.RegistrationBean - Filter webStatFilter was not registered (possibly already registered?)
[INFO ] 23:52:00.146 [main] c.alibaba.druid.pool.DruidDataSource - {dataSource-1} inited
[INFO ] 23:52:02.693 [main] s.d.s.w.PropertySourcedRequestMappingHandlerMapping - Mapped URL path [/v2/api-docs] onto method [springfox.documentation.swagger2.web.Swagger2Controller#getDocumentation(String, HttpServletRequest)]
[INFO ] 23:52:04.374 [main] o.s.s.c.ThreadPoolTaskExecutor - Initializing ExecutorService 'applicationTaskExecutor'
[INFO ] 23:52:05.641 [main] o.s.s.c.ThreadPoolTaskScheduler - Initializing ExecutorService 'taskScheduler'
[INFO ] 23:52:05.831 [main] s.d.s.w.p.DocumentationPluginsBootstrapper - Context refreshed
[INFO ] 23:52:05.901 [main] s.d.s.w.p.DocumentationPluginsBootstrapper - Found 1 custom documentation plugin(s)
[INFO ] 23:52:06.100 [main] s.d.s.w.s.ApiListingReferenceScanner - Scanning for api listing references
[INFO ] 23:52:08.394 [main] o.a.coyote.http11.Http11NioProtocol - Starting ProtocolHandler ["http-nio-7071"]
[INFO ] 23:52:08.500 [main] o.s.b.w.e.tomcat.TomcatWebServer - Tomcat started on port(s): 7071 (http) with context path ''
[INFO ] 23:52:08.512 [main] com.yys.szcp.SzcpApplication - Started SzcpApplication in 20.046 seconds (JVM running for 24.984)
