[INFO ] 22:25:27.795 [main] com.yys.szcp.SzcpApplication - Starting SzcpApplication on LAPTOP-T7DEB7H8 with PID 18052 (E:\MyGithubProject\blog996\szcp\target\classes started by yangys in E:\MyGithubProject\blog996\szcp)
[INFO ] 22:25:27.796 [main] com.yys.szcp.SzcpApplication - The following profiles are active: dev
[INFO ] 22:25:28.676 [main] o.s.d.r.c.RepositoryConfigurationDelegate - Multiple Spring Data modules found, entering strict repository configuration mode!
[INFO ] 22:25:28.678 [main] o.s.d.r.c.RepositoryConfigurationDelegate - Bootstrapping Spring Data Redis repositories in DEFAULT mode.
[INFO ] 22:25:28.707 [main] o.s.d.r.c.RepositoryConfigurationDelegate - Finished Spring Data repository scanning in 10ms. Found 0 Redis repository interfaces.
[INFO ] 22:25:28.993 [main] o.s.c.s.PostProcessorRegistrationDelegate$BeanPostProcessorChecker - Bean 'org.springframework.transaction.annotation.ProxyTransactionManagementConfiguration' of type [org.springframework.transaction.annotation.ProxyTransactionManagementConfiguration] is not eligible for getting processed by all BeanPostProcessors (for example: not eligible for auto-proxying)
[INFO ] 22:25:29.278 [main] o.s.b.w.e.tomcat.TomcatWebServer - Tomcat initialized with port(s): 7071 (http)
[INFO ] 22:25:29.289 [main] o.a.coyote.http11.Http11NioProtocol - Initializing ProtocolHandler ["http-nio-7071"]
[INFO ] 22:25:29.289 [main] o.a.catalina.core.StandardService - Starting service [Tomcat]
[INFO ] 22:25:29.289 [main] o.a.catalina.core.StandardEngine - Starting Servlet engine: [Apache Tomcat/9.0.30]
[INFO ] 22:25:29.417 [main] o.a.c.c.C.[Tomcat].[localhost].[/] - Initializing Spring embedded WebApplicationContext
[INFO ] 22:25:29.417 [main] o.s.web.context.ContextLoader - Root WebApplicationContext: initialization completed in 1547 ms
[INFO ] 22:25:29.490 [main] o.s.b.web.servlet.RegistrationBean - Servlet statViewServlet was not registered (possibly already registered?)
[INFO ] 22:25:29.493 [main] o.s.b.web.servlet.RegistrationBean - Filter webStatFilter was not registered (possibly already registered?)
[INFO ] 22:25:33.274 [main] c.alibaba.druid.pool.DruidDataSource - {dataSource-1} inited
[INFO ] 22:25:33.807 [main] s.d.s.w.PropertySourcedRequestMappingHandlerMapping - Mapped URL path [/v2/api-docs] onto method [springfox.documentation.swagger2.web.Swagger2Controller#getDocumentation(String, HttpServletRequest)]
[INFO ] 22:25:34.140 [main] o.s.s.c.ThreadPoolTaskExecutor - Initializing ExecutorService 'applicationTaskExecutor'
[INFO ] 22:25:34.387 [main] o.s.s.c.ThreadPoolTaskScheduler - Initializing ExecutorService 'taskScheduler'
[INFO ] 22:25:34.434 [main] s.d.s.w.p.DocumentationPluginsBootstrapper - Context refreshed
[INFO ] 22:25:34.488 [main] s.d.s.w.p.DocumentationPluginsBootstrapper - Found 1 custom documentation plugin(s)
[INFO ] 22:25:34.524 [main] s.d.s.w.s.ApiListingReferenceScanner - Scanning for api listing references
[INFO ] 22:25:34.847 [main] o.a.coyote.http11.Http11NioProtocol - Starting ProtocolHandler ["http-nio-7071"]
[INFO ] 22:25:34.867 [main] o.s.b.w.e.tomcat.TomcatWebServer - Tomcat started on port(s): 7071 (http) with context path ''
[INFO ] 22:25:34.876 [main] com.yys.szcp.SzcpApplication - Started SzcpApplication in 7.437 seconds (JVM running for 8.943)
[INFO ] 22:26:42.079 [http-nio-7071-exec-1] o.a.c.c.C.[Tomcat].[localhost].[/] - Initializing Spring DispatcherServlet 'dispatcherServlet'
[INFO ] 22:26:42.079 [http-nio-7071-exec-1] o.s.web.servlet.DispatcherServlet - Initializing Servlet 'dispatcherServlet'
[INFO ] 22:26:42.086 [http-nio-7071-exec-1] o.s.web.servlet.DispatcherServlet - Completed initialization in 7 ms
[INFO ] 22:26:42.104 [http-nio-7071-exec-1] c.yys.szcp.config.jwt.JwtInterceptor - 访问路径:/fund/fund
[INFO ] 22:26:48.226 [http-nio-7071-exec-2] c.yys.szcp.config.jwt.JwtInterceptor - 访问路径:/error
[INFO ] 22:26:48.232 [http-nio-7071-exec-2] c.yys.szcp.config.jwt.JwtInterceptor - ===== 用户未登录, 请先登录:/error
[INFO ] 23:39:25.214 [SpringContextShutdownHook] o.s.s.c.ThreadPoolTaskScheduler - Shutting down ExecutorService 'taskScheduler'
[INFO ] 23:39:25.216 [SpringContextShutdownHook] o.s.s.c.ThreadPoolTaskExecutor - Shutting down ExecutorService 'applicationTaskExecutor'
[INFO ] 23:39:25.239 [SpringContextShutdownHook] c.alibaba.druid.pool.DruidDataSource - {dataSource-1} closed
[INFO ] 23:39:52.700 [main] com.yys.szcp.SzcpApplication - Starting SzcpApplication on LAPTOP-T7DEB7H8 with PID 8516 (E:\MyGithubProject\blog996\szcp\target\classes started by yangys in E:\MyGithubProject\blog996\szcp)
[INFO ] 23:39:52.701 [main] com.yys.szcp.SzcpApplication - The following profiles are active: dev
[INFO ] 23:39:53.428 [main] o.s.d.r.c.RepositoryConfigurationDelegate - Multiple Spring Data modules found, entering strict repository configuration mode!
[INFO ] 23:39:53.430 [main] o.s.d.r.c.RepositoryConfigurationDelegate - Bootstrapping Spring Data Redis repositories in DEFAULT mode.
[INFO ] 23:39:53.453 [main] o.s.d.r.c.RepositoryConfigurationDelegate - Finished Spring Data repository scanning in 10ms. Found 0 Redis repository interfaces.
[INFO ] 23:39:53.711 [main] o.s.c.s.PostProcessorRegistrationDelegate$BeanPostProcessorChecker - Bean 'org.springframework.transaction.annotation.ProxyTransactionManagementConfiguration' of type [org.springframework.transaction.annotation.ProxyTransactionManagementConfiguration] is not eligible for getting processed by all BeanPostProcessors (for example: not eligible for auto-proxying)
[INFO ] 23:39:53.941 [main] o.s.b.w.e.tomcat.TomcatWebServer - Tomcat initialized with port(s): 7071 (http)
[INFO ] 23:39:53.949 [main] o.a.coyote.http11.Http11NioProtocol - Initializing ProtocolHandler ["http-nio-7071"]
[INFO ] 23:39:53.950 [main] o.a.catalina.core.StandardService - Starting service [Tomcat]
[INFO ] 23:39:53.950 [main] o.a.catalina.core.StandardEngine - Starting Servlet engine: [Apache Tomcat/9.0.30]
[INFO ] 23:39:54.058 [main] o.a.c.c.C.[Tomcat].[localhost].[/] - Initializing Spring embedded WebApplicationContext
[INFO ] 23:39:54.058 [main] o.s.web.context.ContextLoader - Root WebApplicationContext: initialization completed in 1323 ms
[INFO ] 23:39:54.118 [main] o.s.b.web.servlet.RegistrationBean - Servlet statViewServlet was not registered (possibly already registered?)
[INFO ] 23:39:54.120 [main] o.s.b.web.servlet.RegistrationBean - Filter webStatFilter was not registered (possibly already registered?)
[INFO ] 23:39:57.854 [main] c.alibaba.druid.pool.DruidDataSource - {dataSource-1} inited
[INFO ] 23:39:58.038 [main] c.alibaba.druid.pool.DruidDataSource - {dataSource-1} closed
[INFO ] 23:39:58.040 [main] o.a.catalina.core.StandardService - Stopping service [Tomcat]
[INFO ] 23:40:30.474 [main] com.yys.szcp.SzcpApplication - Starting SzcpApplication on LAPTOP-T7DEB7H8 with PID 2572 (E:\MyGithubProject\blog996\szcp\target\classes started by yangys in E:\MyGithubProject\blog996\szcp)
[INFO ] 23:40:30.475 [main] com.yys.szcp.SzcpApplication - The following profiles are active: dev
[INFO ] 23:40:31.201 [main] o.s.d.r.c.RepositoryConfigurationDelegate - Multiple Spring Data modules found, entering strict repository configuration mode!
[INFO ] 23:40:31.203 [main] o.s.d.r.c.RepositoryConfigurationDelegate - Bootstrapping Spring Data Redis repositories in DEFAULT mode.
[INFO ] 23:40:31.228 [main] o.s.d.r.c.RepositoryConfigurationDelegate - Finished Spring Data repository scanning in 10ms. Found 0 Redis repository interfaces.
[INFO ] 23:40:31.483 [main] o.s.c.s.PostProcessorRegistrationDelegate$BeanPostProcessorChecker - Bean 'org.springframework.transaction.annotation.ProxyTransactionManagementConfiguration' of type [org.springframework.transaction.annotation.ProxyTransactionManagementConfiguration] is not eligible for getting processed by all BeanPostProcessors (for example: not eligible for auto-proxying)
[INFO ] 23:40:31.719 [main] o.s.b.w.e.tomcat.TomcatWebServer - Tomcat initialized with port(s): 7071 (http)
[INFO ] 23:40:31.726 [main] o.a.coyote.http11.Http11NioProtocol - Initializing ProtocolHandler ["http-nio-7071"]
[INFO ] 23:40:31.727 [main] o.a.catalina.core.StandardService - Starting service [Tomcat]
[INFO ] 23:40:31.727 [main] o.a.catalina.core.StandardEngine - Starting Servlet engine: [Apache Tomcat/9.0.30]
[INFO ] 23:40:31.830 [main] o.a.c.c.C.[Tomcat].[localhost].[/] - Initializing Spring embedded WebApplicationContext
[INFO ] 23:40:31.831 [main] o.s.web.context.ContextLoader - Root WebApplicationContext: initialization completed in 1325 ms
[INFO ] 23:40:31.894 [main] o.s.b.web.servlet.RegistrationBean - Servlet statViewServlet was not registered (possibly already registered?)
[INFO ] 23:40:31.896 [main] o.s.b.web.servlet.RegistrationBean - Filter webStatFilter was not registered (possibly already registered?)
[INFO ] 23:40:35.662 [main] c.alibaba.druid.pool.DruidDataSource - {dataSource-1} inited
[INFO ] 23:40:36.079 [main] s.d.s.w.PropertySourcedRequestMappingHandlerMapping - Mapped URL path [/v2/api-docs] onto method [springfox.documentation.swagger2.web.Swagger2Controller#getDocumentation(String, HttpServletRequest)]
[INFO ] 23:40:36.348 [main] o.s.s.c.ThreadPoolTaskExecutor - Initializing ExecutorService 'applicationTaskExecutor'
[INFO ] 23:40:36.559 [main] o.s.s.c.ThreadPoolTaskScheduler - Initializing ExecutorService 'taskScheduler'
[INFO ] 23:40:36.592 [main] s.d.s.w.p.DocumentationPluginsBootstrapper - Context refreshed
[INFO ] 23:40:36.607 [main] s.d.s.w.p.DocumentationPluginsBootstrapper - Found 1 custom documentation plugin(s)
[INFO ] 23:40:36.634 [main] s.d.s.w.s.ApiListingReferenceScanner - Scanning for api listing references
[INFO ] 23:40:36.923 [main] o.a.coyote.http11.Http11NioProtocol - Starting ProtocolHandler ["http-nio-7071"]
[INFO ] 23:40:36.942 [main] o.s.b.w.e.tomcat.TomcatWebServer - Tomcat started on port(s): 7071 (http) with context path ''
[INFO ] 23:40:36.944 [main] com.yys.szcp.SzcpApplication - Started SzcpApplication in 6.726 seconds (JVM running for 7.654)
[INFO ] 23:40:37.018 [http-nio-7071-exec-1] o.a.c.c.C.[Tomcat].[localhost].[/] - Initializing Spring DispatcherServlet 'dispatcherServlet'
[INFO ] 23:40:37.018 [http-nio-7071-exec-1] o.s.web.servlet.DispatcherServlet - Initializing Servlet 'dispatcherServlet'
[INFO ] 23:40:37.024 [http-nio-7071-exec-1] o.s.web.servlet.DispatcherServlet - Completed initialization in 6 ms
[INFO ] 23:40:37.039 [http-nio-7071-exec-1] c.yys.szcp.config.jwt.JwtInterceptor - 访问路径:/fund/fund
[INFO ] 23:40:41.151 [http-nio-7071-exec-2] c.yys.szcp.config.jwt.JwtInterceptor - 访问路径:/error
[INFO ] 23:40:41.155 [http-nio-7071-exec-2] c.yys.szcp.config.jwt.JwtInterceptor - ===== 用户未登录, 请先登录:/error
[INFO ] 23:40:52.225 [http-nio-7071-exec-3] c.yys.szcp.config.jwt.JwtInterceptor - 访问路径:/fund/fund
[INFO ] 23:40:53.497 [http-nio-7071-exec-4] c.yys.szcp.config.jwt.JwtInterceptor - 访问路径:/error
[INFO ] 23:40:53.498 [http-nio-7071-exec-4] c.yys.szcp.config.jwt.JwtInterceptor - ===== 用户未登录, 请先登录:/error
[INFO ] 23:41:11.513 [http-nio-7071-exec-5] c.yys.szcp.config.jwt.JwtInterceptor - 访问路径:/fund/fund
[INFO ] 23:41:12.178 [http-nio-7071-exec-6] c.yys.szcp.config.jwt.JwtInterceptor - 访问路径:/fund/findFundInfoListType
[INFO ] 23:41:14.162 [http-nio-7071-exec-7] c.yys.szcp.config.jwt.JwtInterceptor - 访问路径:/error
[INFO ] 23:41:14.162 [http-nio-7071-exec-7] c.yys.szcp.config.jwt.JwtInterceptor - ===== 用户未登录, 请先登录:/error
[INFO ] 23:41:20.485 [http-nio-7071-exec-1] c.yys.szcp.config.jwt.JwtInterceptor - 访问路径:/fund/fund
[INFO ] 23:41:21.841 [http-nio-7071-exec-2] c.yys.szcp.config.jwt.JwtInterceptor - 访问路径:/fund/findFundInfoListType
[INFO ] 23:41:23.169 [http-nio-7071-exec-3] c.yys.szcp.config.jwt.JwtInterceptor - 访问路径:/error
[INFO ] 23:41:23.169 [http-nio-7071-exec-3] c.yys.szcp.config.jwt.JwtInterceptor - ===== 用户未登录, 请先登录:/error
[INFO ] 23:42:01.792 [http-nio-7071-exec-4] c.yys.szcp.config.jwt.JwtInterceptor - 访问路径:/fund/fund
[INFO ] 23:42:02.229 [http-nio-7071-exec-5] c.yys.szcp.config.jwt.JwtInterceptor - 访问路径:/fund/findFundInfoListType
[INFO ] 23:42:02.996 [http-nio-7071-exec-6] c.yys.szcp.config.jwt.JwtInterceptor - 访问路径:/error
[INFO ] 23:42:02.997 [http-nio-7071-exec-6] c.yys.szcp.config.jwt.JwtInterceptor - ===== 用户未登录, 请先登录:/error
[INFO ] 23:42:05.389 [SpringContextShutdownHook] o.s.s.c.ThreadPoolTaskScheduler - Shutting down ExecutorService 'taskScheduler'
[INFO ] 23:42:05.390 [SpringContextShutdownHook] o.s.s.c.ThreadPoolTaskExecutor - Shutting down ExecutorService 'applicationTaskExecutor'
[INFO ] 23:42:05.413 [SpringContextShutdownHook] c.alibaba.druid.pool.DruidDataSource - {dataSource-1} closed
[INFO ] 23:42:26.168 [main] com.yys.szcp.SzcpApplication - Starting SzcpApplication on LAPTOP-T7DEB7H8 with PID 18668 (E:\MyGithubProject\blog996\szcp\target\classes started by yangys in E:\MyGithubProject\blog996\szcp)
[INFO ] 23:42:26.170 [main] com.yys.szcp.SzcpApplication - The following profiles are active: dev
[INFO ] 23:42:26.880 [main] o.s.d.r.c.RepositoryConfigurationDelegate - Multiple Spring Data modules found, entering strict repository configuration mode!
[INFO ] 23:42:26.882 [main] o.s.d.r.c.RepositoryConfigurationDelegate - Bootstrapping Spring Data Redis repositories in DEFAULT mode.
[INFO ] 23:42:26.907 [main] o.s.d.r.c.RepositoryConfigurationDelegate - Finished Spring Data repository scanning in 11ms. Found 0 Redis repository interfaces.
[INFO ] 23:42:27.162 [main] o.s.c.s.PostProcessorRegistrationDelegate$BeanPostProcessorChecker - Bean 'org.springframework.transaction.annotation.ProxyTransactionManagementConfiguration' of type [org.springframework.transaction.annotation.ProxyTransactionManagementConfiguration] is not eligible for getting processed by all BeanPostProcessors (for example: not eligible for auto-proxying)
[INFO ] 23:42:27.383 [main] o.s.b.w.e.tomcat.TomcatWebServer - Tomcat initialized with port(s): 7071 (http)
[INFO ] 23:42:27.389 [main] o.a.coyote.http11.Http11NioProtocol - Initializing ProtocolHandler ["http-nio-7071"]
[INFO ] 23:42:27.390 [main] o.a.catalina.core.StandardService - Starting service [Tomcat]
[INFO ] 23:42:27.390 [main] o.a.catalina.core.StandardEngine - Starting Servlet engine: [Apache Tomcat/9.0.30]
[INFO ] 23:42:27.498 [main] o.a.c.c.C.[Tomcat].[localhost].[/] - Initializing Spring embedded WebApplicationContext
[INFO ] 23:42:27.498 [main] o.s.web.context.ContextLoader - Root WebApplicationContext: initialization completed in 1297 ms
[INFO ] 23:42:27.565 [main] o.s.b.web.servlet.RegistrationBean - Servlet statViewServlet was not registered (possibly already registered?)
[INFO ] 23:42:27.567 [main] o.s.b.web.servlet.RegistrationBean - Filter webStatFilter was not registered (possibly already registered?)
[INFO ] 23:42:31.244 [main] c.alibaba.druid.pool.DruidDataSource - {dataSource-1} inited
[INFO ] 23:42:31.660 [main] s.d.s.w.PropertySourcedRequestMappingHandlerMapping - Mapped URL path [/v2/api-docs] onto method [springfox.documentation.swagger2.web.Swagger2Controller#getDocumentation(String, HttpServletRequest)]
[INFO ] 23:42:31.942 [main] o.s.s.c.ThreadPoolTaskExecutor - Initializing ExecutorService 'applicationTaskExecutor'
[INFO ] 23:42:32.156 [main] o.s.s.c.ThreadPoolTaskScheduler - Initializing ExecutorService 'taskScheduler'
[INFO ] 23:42:32.194 [main] s.d.s.w.p.DocumentationPluginsBootstrapper - Context refreshed
[INFO ] 23:42:32.210 [main] s.d.s.w.p.DocumentationPluginsBootstrapper - Found 1 custom documentation plugin(s)
[INFO ] 23:42:32.238 [main] s.d.s.w.s.ApiListingReferenceScanner - Scanning for api listing references
[INFO ] 23:42:32.531 [main] o.a.coyote.http11.Http11NioProtocol - Starting ProtocolHandler ["http-nio-7071"]
[INFO ] 23:42:32.551 [main] o.s.b.w.e.tomcat.TomcatWebServer - Tomcat started on port(s): 7071 (http) with context path ''
[INFO ] 23:42:32.554 [main] com.yys.szcp.SzcpApplication - Started SzcpApplication in 6.644 seconds (JVM running for 7.597)
[INFO ] 23:42:51.575 [http-nio-7071-exec-1] o.a.c.c.C.[Tomcat].[localhost].[/] - Initializing Spring DispatcherServlet 'dispatcherServlet'
[INFO ] 23:42:51.575 [http-nio-7071-exec-1] o.s.web.servlet.DispatcherServlet - Initializing Servlet 'dispatcherServlet'
[INFO ] 23:42:51.582 [http-nio-7071-exec-1] o.s.web.servlet.DispatcherServlet - Completed initialization in 7 ms
[INFO ] 23:42:51.595 [http-nio-7071-exec-1] c.yys.szcp.config.jwt.JwtInterceptor - 访问路径:/fund/fund
[INFO ] 23:42:52.569 [http-nio-7071-exec-2] c.yys.szcp.config.jwt.JwtInterceptor - 访问路径:/fund/findFundInfoListType
[INFO ] 23:42:53.344 [http-nio-7071-exec-3] c.yys.szcp.config.jwt.JwtInterceptor - 访问路径:/error
[INFO ] 23:42:53.346 [http-nio-7071-exec-3] c.yys.szcp.config.jwt.JwtInterceptor - ===== 用户未登录, 请先登录:/error
[INFO ] 23:44:18.876 [SpringContextShutdownHook] o.s.s.c.ThreadPoolTaskScheduler - Shutting down ExecutorService 'taskScheduler'
[INFO ] 23:44:18.878 [SpringContextShutdownHook] o.s.s.c.ThreadPoolTaskExecutor - Shutting down ExecutorService 'applicationTaskExecutor'
[INFO ] 23:44:18.897 [SpringContextShutdownHook] c.alibaba.druid.pool.DruidDataSource - {dataSource-1} closed
[INFO ] 23:44:24.186 [main] com.yys.szcp.SzcpApplication - Starting SzcpApplication on LAPTOP-T7DEB7H8 with PID 9988 (E:\MyGithubProject\blog996\szcp\target\classes started by yangys in E:\MyGithubProject\blog996\szcp)
[INFO ] 23:44:24.187 [main] com.yys.szcp.SzcpApplication - The following profiles are active: dev
[INFO ] 23:44:24.891 [main] o.s.d.r.c.RepositoryConfigurationDelegate - Multiple Spring Data modules found, entering strict repository configuration mode!
[INFO ] 23:44:24.893 [main] o.s.d.r.c.RepositoryConfigurationDelegate - Bootstrapping Spring Data Redis repositories in DEFAULT mode.
[INFO ] 23:44:24.918 [main] o.s.d.r.c.RepositoryConfigurationDelegate - Finished Spring Data repository scanning in 11ms. Found 0 Redis repository interfaces.
[INFO ] 23:44:25.182 [main] o.s.c.s.PostProcessorRegistrationDelegate$BeanPostProcessorChecker - Bean 'org.springframework.transaction.annotation.ProxyTransactionManagementConfiguration' of type [org.springframework.transaction.annotation.ProxyTransactionManagementConfiguration] is not eligible for getting processed by all BeanPostProcessors (for example: not eligible for auto-proxying)
[INFO ] 23:44:25.414 [main] o.s.b.w.e.tomcat.TomcatWebServer - Tomcat initialized with port(s): 7071 (http)
[INFO ] 23:44:25.422 [main] o.a.coyote.http11.Http11NioProtocol - Initializing ProtocolHandler ["http-nio-7071"]
[INFO ] 23:44:25.423 [main] o.a.catalina.core.StandardService - Starting service [Tomcat]
[INFO ] 23:44:25.423 [main] o.a.catalina.core.StandardEngine - Starting Servlet engine: [Apache Tomcat/9.0.30]
[INFO ] 23:44:25.536 [main] o.a.c.c.C.[Tomcat].[localhost].[/] - Initializing Spring embedded WebApplicationContext
[INFO ] 23:44:25.536 [main] o.s.web.context.ContextLoader - Root WebApplicationContext: initialization completed in 1317 ms
[INFO ] 23:44:25.597 [main] o.s.b.web.servlet.RegistrationBean - Servlet statViewServlet was not registered (possibly already registered?)
[INFO ] 23:44:25.600 [main] o.s.b.web.servlet.RegistrationBean - Filter webStatFilter was not registered (possibly already registered?)
[INFO ] 23:44:29.156 [main] c.alibaba.druid.pool.DruidDataSource - {dataSource-1} inited
[INFO ] 23:44:29.567 [main] s.d.s.w.PropertySourcedRequestMappingHandlerMapping - Mapped URL path [/v2/api-docs] onto method [springfox.documentation.swagger2.web.Swagger2Controller#getDocumentation(String, HttpServletRequest)]
[INFO ] 23:44:29.896 [main] o.s.s.c.ThreadPoolTaskExecutor - Initializing ExecutorService 'applicationTaskExecutor'
[INFO ] 23:44:30.119 [main] o.s.s.c.ThreadPoolTaskScheduler - Initializing ExecutorService 'taskScheduler'
[INFO ] 23:44:30.169 [main] s.d.s.w.p.DocumentationPluginsBootstrapper - Context refreshed
[INFO ] 23:44:30.184 [main] s.d.s.w.p.DocumentationPluginsBootstrapper - Found 1 custom documentation plugin(s)
[INFO ] 23:44:30.211 [main] s.d.s.w.s.ApiListingReferenceScanner - Scanning for api listing references
[INFO ] 23:44:30.510 [main] o.a.coyote.http11.Http11NioProtocol - Starting ProtocolHandler ["http-nio-7071"]
[INFO ] 23:44:30.530 [main] o.s.b.w.e.tomcat.TomcatWebServer - Tomcat started on port(s): 7071 (http) with context path ''
[INFO ] 23:44:30.532 [main] com.yys.szcp.SzcpApplication - Started SzcpApplication in 6.621 seconds (JVM running for 7.565)
[INFO ] 23:44:34.211 [http-nio-7071-exec-1] o.a.c.c.C.[Tomcat].[localhost].[/] - Initializing Spring DispatcherServlet 'dispatcherServlet'
[INFO ] 23:44:34.211 [http-nio-7071-exec-1] o.s.web.servlet.DispatcherServlet - Initializing Servlet 'dispatcherServlet'
[INFO ] 23:44:34.217 [http-nio-7071-exec-1] o.s.web.servlet.DispatcherServlet - Completed initialization in 6 ms
[INFO ] 23:44:34.231 [http-nio-7071-exec-1] c.yys.szcp.config.jwt.JwtInterceptor - 访问路径:/fund/fund
[INFO ] 23:44:35.691 [http-nio-7071-exec-2] c.yys.szcp.config.jwt.JwtInterceptor - 访问路径:/fund/findFundInfoListType
[INFO ] 23:44:37.004 [http-nio-7071-exec-3] c.yys.szcp.config.jwt.JwtInterceptor - 访问路径:/error
[INFO ] 23:44:37.007 [http-nio-7071-exec-3] c.yys.szcp.config.jwt.JwtInterceptor - ===== 用户未登录, 请先登录:/error
[INFO ] 23:45:49.555 [http-nio-7071-exec-5] c.yys.szcp.config.jwt.JwtInterceptor - 访问路径:/fund/fund
[INFO ] 23:45:51.820 [http-nio-7071-exec-7] c.yys.szcp.config.jwt.JwtInterceptor - 访问路径:/fund/findFundInfoListType
[INFO ] 23:45:52.604 [http-nio-7071-exec-8] c.yys.szcp.config.jwt.JwtInterceptor - 访问路径:/error
[INFO ] 23:45:52.604 [http-nio-7071-exec-8] c.yys.szcp.config.jwt.JwtInterceptor - ===== 用户未登录, 请先登录:/error
[INFO ] 23:46:00.845 [SpringContextShutdownHook] o.s.s.c.ThreadPoolTaskScheduler - Shutting down ExecutorService 'taskScheduler'
[INFO ] 23:46:00.846 [SpringContextShutdownHook] o.s.s.c.ThreadPoolTaskExecutor - Shutting down ExecutorService 'applicationTaskExecutor'
[INFO ] 23:46:00.868 [SpringContextShutdownHook] c.alibaba.druid.pool.DruidDataSource - {dataSource-1} closed
[INFO ] 23:47:52.506 [main] com.yys.szcp.SzcpApplication - Starting SzcpApplication on LAPTOP-T7DEB7H8 with PID 18560 (E:\MyGithubProject\blog996\szcp\target\classes started by yangys in E:\MyGithubProject\blog996\szcp)
[INFO ] 23:47:52.506 [main] com.yys.szcp.SzcpApplication - The following profiles are active: dev
[INFO ] 23:47:53.284 [main] o.s.d.r.c.RepositoryConfigurationDelegate - Multiple Spring Data modules found, entering strict repository configuration mode!
[INFO ] 23:47:53.285 [main] o.s.d.r.c.RepositoryConfigurationDelegate - Bootstrapping Spring Data Redis repositories in DEFAULT mode.
[INFO ] 23:47:53.310 [main] o.s.d.r.c.RepositoryConfigurationDelegate - Finished Spring Data repository scanning in 10ms. Found 0 Redis repository interfaces.
[INFO ] 23:47:53.565 [main] o.s.c.s.PostProcessorRegistrationDelegate$BeanPostProcessorChecker - Bean 'org.springframework.transaction.annotation.ProxyTransactionManagementConfiguration' of type [org.springframework.transaction.annotation.ProxyTransactionManagementConfiguration] is not eligible for getting processed by all BeanPostProcessors (for example: not eligible for auto-proxying)
[INFO ] 23:47:53.825 [main] o.s.b.w.e.tomcat.TomcatWebServer - Tomcat initialized with port(s): 7071 (http)
[INFO ] 23:47:53.833 [main] o.a.coyote.http11.Http11NioProtocol - Initializing ProtocolHandler ["http-nio-7071"]
[INFO ] 23:47:53.834 [main] o.a.catalina.core.StandardService - Starting service [Tomcat]
[INFO ] 23:47:53.834 [main] o.a.catalina.core.StandardEngine - Starting Servlet engine: [Apache Tomcat/9.0.30]
[INFO ] 23:47:53.955 [main] o.a.c.c.C.[Tomcat].[localhost].[/] - Initializing Spring embedded WebApplicationContext
[INFO ] 23:47:53.955 [main] o.s.web.context.ContextLoader - Root WebApplicationContext: initialization completed in 1414 ms
[INFO ] 23:47:54.036 [main] o.s.b.web.servlet.RegistrationBean - Servlet statViewServlet was not registered (possibly already registered?)
[INFO ] 23:47:54.039 [main] o.s.b.web.servlet.RegistrationBean - Filter webStatFilter was not registered (possibly already registered?)
[INFO ] 23:47:57.685 [main] c.alibaba.druid.pool.DruidDataSource - {dataSource-1} inited
[INFO ] 23:47:58.088 [main] s.d.s.w.PropertySourcedRequestMappingHandlerMapping - Mapped URL path [/v2/api-docs] onto method [springfox.documentation.swagger2.web.Swagger2Controller#getDocumentation(String, HttpServletRequest)]
[INFO ] 23:47:58.357 [main] o.s.s.c.ThreadPoolTaskExecutor - Initializing ExecutorService 'applicationTaskExecutor'
[INFO ] 23:47:58.551 [main] o.s.s.c.ThreadPoolTaskScheduler - Initializing ExecutorService 'taskScheduler'
[INFO ] 23:47:58.595 [main] s.d.s.w.p.DocumentationPluginsBootstrapper - Context refreshed
[INFO ] 23:47:58.608 [main] s.d.s.w.p.DocumentationPluginsBootstrapper - Found 1 custom documentation plugin(s)
[INFO ] 23:47:58.637 [main] s.d.s.w.s.ApiListingReferenceScanner - Scanning for api listing references
[INFO ] 23:47:58.940 [main] o.a.coyote.http11.Http11NioProtocol - Starting ProtocolHandler ["http-nio-7071"]
[INFO ] 23:47:58.958 [main] o.s.b.w.e.tomcat.TomcatWebServer - Tomcat started on port(s): 7071 (http) with context path ''
[INFO ] 23:47:58.960 [main] com.yys.szcp.SzcpApplication - Started SzcpApplication in 6.729 seconds (JVM running for 7.68)
[INFO ] 23:48:40.021 [http-nio-7071-exec-1] o.a.c.c.C.[Tomcat].[localhost].[/] - Initializing Spring DispatcherServlet 'dispatcherServlet'
[INFO ] 23:48:40.021 [http-nio-7071-exec-1] o.s.web.servlet.DispatcherServlet - Initializing Servlet 'dispatcherServlet'
[INFO ] 23:48:40.028 [http-nio-7071-exec-1] o.s.web.servlet.DispatcherServlet - Completed initialization in 7 ms
[INFO ] 23:48:40.042 [http-nio-7071-exec-1] c.yys.szcp.config.jwt.JwtInterceptor - 访问路径:/fund/fund
[INFO ] 23:48:43.349 [http-nio-7071-exec-2] c.yys.szcp.config.jwt.JwtInterceptor - 访问路径:/fund/findFundInfoListType
[INFO ] 23:48:44.752 [http-nio-7071-exec-3] c.yys.szcp.config.jwt.JwtInterceptor - 访问路径:/error
[INFO ] 23:48:44.755 [http-nio-7071-exec-3] c.yys.szcp.config.jwt.JwtInterceptor - ===== 用户未登录, 请先登录:/error
[INFO ] 23:49:25.089 [SpringContextShutdownHook] o.s.s.c.ThreadPoolTaskScheduler - Shutting down ExecutorService 'taskScheduler'
[INFO ] 23:49:25.090 [SpringContextShutdownHook] o.s.s.c.ThreadPoolTaskExecutor - Shutting down ExecutorService 'applicationTaskExecutor'
[INFO ] 23:49:25.110 [SpringContextShutdownHook] c.alibaba.druid.pool.DruidDataSource - {dataSource-1} closed
[INFO ] 23:49:30.504 [main] com.yys.szcp.SzcpApplication - Starting SzcpApplication on LAPTOP-T7DEB7H8 with PID 18388 (E:\MyGithubProject\blog996\szcp\target\classes started by yangys in E:\MyGithubProject\blog996\szcp)
[INFO ] 23:49:30.504 [main] com.yys.szcp.SzcpApplication - The following profiles are active: dev
[INFO ] 23:49:31.206 [main] o.s.d.r.c.RepositoryConfigurationDelegate - Multiple Spring Data modules found, entering strict repository configuration mode!
[INFO ] 23:49:31.208 [main] o.s.d.r.c.RepositoryConfigurationDelegate - Bootstrapping Spring Data Redis repositories in DEFAULT mode.
[INFO ] 23:49:31.231 [main] o.s.d.r.c.RepositoryConfigurationDelegate - Finished Spring Data repository scanning in 10ms. Found 0 Redis repository interfaces.
[INFO ] 23:49:31.484 [main] o.s.c.s.PostProcessorRegistrationDelegate$BeanPostProcessorChecker - Bean 'org.springframework.transaction.annotation.ProxyTransactionManagementConfiguration' of type [org.springframework.transaction.annotation.ProxyTransactionManagementConfiguration] is not eligible for getting processed by all BeanPostProcessors (for example: not eligible for auto-proxying)
[INFO ] 23:49:31.700 [main] o.s.b.w.e.tomcat.TomcatWebServer - Tomcat initialized with port(s): 7071 (http)
[INFO ] 23:49:31.707 [main] o.a.coyote.http11.Http11NioProtocol - Initializing ProtocolHandler ["http-nio-7071"]
[INFO ] 23:49:31.707 [main] o.a.catalina.core.StandardService - Starting service [Tomcat]
[INFO ] 23:49:31.708 [main] o.a.catalina.core.StandardEngine - Starting Servlet engine: [Apache Tomcat/9.0.30]
[INFO ] 23:49:31.809 [main] o.a.c.c.C.[Tomcat].[localhost].[/] - Initializing Spring embedded WebApplicationContext
[INFO ] 23:49:31.809 [main] o.s.web.context.ContextLoader - Root WebApplicationContext: initialization completed in 1274 ms
[INFO ] 23:49:31.871 [main] o.s.b.web.servlet.RegistrationBean - Servlet statViewServlet was not registered (possibly already registered?)
[INFO ] 23:49:31.874 [main] o.s.b.web.servlet.RegistrationBean - Filter webStatFilter was not registered (possibly already registered?)
[INFO ] 23:49:35.626 [main] c.alibaba.druid.pool.DruidDataSource - {dataSource-1} inited
[INFO ] 23:49:36.024 [main] s.d.s.w.PropertySourcedRequestMappingHandlerMapping - Mapped URL path [/v2/api-docs] onto method [springfox.documentation.swagger2.web.Swagger2Controller#getDocumentation(String, HttpServletRequest)]
[INFO ] 23:49:36.287 [main] o.s.s.c.ThreadPoolTaskExecutor - Initializing ExecutorService 'applicationTaskExecutor'
[INFO ] 23:49:36.490 [main] o.s.s.c.ThreadPoolTaskScheduler - Initializing ExecutorService 'taskScheduler'
[INFO ] 23:49:36.521 [main] s.d.s.w.p.DocumentationPluginsBootstrapper - Context refreshed
[INFO ] 23:49:36.536 [main] s.d.s.w.p.DocumentationPluginsBootstrapper - Found 1 custom documentation plugin(s)
[INFO ] 23:49:36.566 [main] s.d.s.w.s.ApiListingReferenceScanner - Scanning for api listing references
[INFO ] 23:49:36.848 [main] o.a.coyote.http11.Http11NioProtocol - Starting ProtocolHandler ["http-nio-7071"]
[INFO ] 23:49:36.864 [main] o.s.b.w.e.tomcat.TomcatWebServer - Tomcat started on port(s): 7071 (http) with context path ''
[INFO ] 23:49:36.865 [main] com.yys.szcp.SzcpApplication - Started SzcpApplication in 6.62 seconds (JVM running for 7.559)
[INFO ] 23:49:43.361 [http-nio-7071-exec-1] o.a.c.c.C.[Tomcat].[localhost].[/] - Initializing Spring DispatcherServlet 'dispatcherServlet'
[INFO ] 23:49:43.361 [http-nio-7071-exec-1] o.s.web.servlet.DispatcherServlet - Initializing Servlet 'dispatcherServlet'
[INFO ] 23:49:43.368 [http-nio-7071-exec-1] o.s.web.servlet.DispatcherServlet - Completed initialization in 7 ms
[INFO ] 23:49:43.384 [http-nio-7071-exec-1] c.yys.szcp.config.jwt.JwtInterceptor - 访问路径:/fund/fund
[INFO ] 23:50:00.636 [http-nio-7071-exec-2] c.yys.szcp.config.jwt.JwtInterceptor - 访问路径:/fund/findFundInfoListType
[INFO ] 23:50:01.271 [http-nio-7071-exec-5] c.yys.szcp.config.jwt.JwtInterceptor - 访问路径:/error
[INFO ] 23:50:01.274 [http-nio-7071-exec-5] c.yys.szcp.config.jwt.JwtInterceptor - ===== 用户未登录, 请先登录:/error
[INFO ] 23:53:40.019 [http-nio-7071-exec-6] c.yys.szcp.config.jwt.JwtInterceptor - 访问路径:/fund/fund
[INFO ] 23:53:41.980 [http-nio-7071-exec-7] c.yys.szcp.config.jwt.JwtInterceptor - 访问路径:/fund/findFundInfoListType
[INFO ] 23:53:43.368 [http-nio-7071-exec-8] c.yys.szcp.config.jwt.JwtInterceptor - 访问路径:/error
[INFO ] 23:53:43.368 [http-nio-7071-exec-8] c.yys.szcp.config.jwt.JwtInterceptor - ===== 用户未登录, 请先登录:/error
[INFO ] 23:54:03.720 [http-nio-7071-exec-9] c.yys.szcp.config.jwt.JwtInterceptor - 访问路径:/fund/fund
[INFO ] 23:54:04.814 [http-nio-7071-exec-10] c.yys.szcp.config.jwt.JwtInterceptor - 访问路径:/fund/findFundInfoListType
[INFO ] 23:54:05.367 [http-nio-7071-exec-1] c.yys.szcp.config.jwt.JwtInterceptor - 访问路径:/error
[INFO ] 23:54:05.367 [http-nio-7071-exec-1] c.yys.szcp.config.jwt.JwtInterceptor - ===== 用户未登录, 请先登录:/error
